[2017-07-14 02:04:13,823] INFO [Group Metadata Manager on Broker 0]: Removed 0 expired offsets in 1 milliseconds. (kafka.coordinator.GroupMetadataManager)
[2017-07-14 02:14:13,823] INFO [Group Metadata Manager on Broker 0]: Removed 0 expired offsets in 1 milliseconds. (kafka.coordinator.GroupMetadataManager)
[2017-07-14 02:24:13,822] INFO [Group Metadata Manager on Broker 0]: Removed 0 expired offsets in 0 milliseconds. (kafka.coordinator.GroupMetadataManager)
[2017-07-14 02:34:13,823] INFO [Group Metadata Manager on Broker 0]: Removed 0 expired offsets in 0 milliseconds. (kafka.coordinator.GroupMetadataManager)
[2017-07-14 02:41:07,091] INFO [Kafka Server 0], shutting down (kafka.server.KafkaServer)
[2017-07-14 02:41:07,152] INFO [Kafka Server 0], Starting controlled shutdown (kafka.server.KafkaServer)
[2017-07-14 02:41:07,661] INFO [Kafka Server 0], Controlled shutdown succeeded (kafka.server.KafkaServer)
[2017-07-14 02:41:07,693] INFO [Socket Server on Broker 0], Shutting down (kafka.network.SocketServer)
[2017-07-14 02:41:07,812] INFO [Socket Server on Broker 0], Shutdown completed (kafka.network.SocketServer)
[2017-07-14 02:41:07,891] INFO [Kafka Request Handler on Broker 0], shutting down (kafka.server.KafkaRequestHandlerPool)
[2017-07-14 02:41:07,932] INFO [Kafka Request Handler on Broker 0], shut down completely (kafka.server.KafkaRequestHandlerPool)
[2017-07-14 02:41:08,036] INFO [ThrottledRequestReaper-Produce], Shutting down (kafka.server.ClientQuotaManager$ThrottledRequestReaper)
[2017-07-14 02:41:08,320] INFO [ThrottledRequestReaper-Produce], Stopped  (kafka.server.ClientQuotaManager$ThrottledRequestReaper)
[2017-07-14 02:41:08,321] INFO [ThrottledRequestReaper-Produce], Shutdown completed (kafka.server.ClientQuotaManager$ThrottledRequestReaper)
[2017-07-14 02:41:08,321] INFO [ThrottledRequestReaper-Fetch], Shutting down (kafka.server.ClientQuotaManager$ThrottledRequestReaper)
[2017-07-14 02:41:09,322] INFO [ThrottledRequestReaper-Fetch], Stopped  (kafka.server.ClientQuotaManager$ThrottledRequestReaper)
[2017-07-14 02:41:09,322] INFO [ThrottledRequestReaper-Fetch], Shutdown completed (kafka.server.ClientQuotaManager$ThrottledRequestReaper)
[2017-07-14 02:41:09,324] INFO [KafkaApi-0] Shutdown complete. (kafka.server.KafkaApis)
[2017-07-14 02:41:09,342] INFO [Replica Manager on Broker 0]: Shutting down (kafka.server.ReplicaManager)
[2017-07-14 02:41:09,389] INFO [ReplicaFetcherManager on broker 0] shutting down (kafka.server.ReplicaFetcherManager)
[2017-07-14 02:41:09,429] INFO [ReplicaFetcherManager on broker 0] shutdown completed (kafka.server.ReplicaFetcherManager)
[2017-07-14 02:41:09,430] INFO [ExpirationReaper-0], Shutting down (kafka.server.DelayedOperationPurgatory$ExpiredOperationReaper)
[2017-07-14 02:41:09,451] INFO [ExpirationReaper-0], Stopped  (kafka.server.DelayedOperationPurgatory$ExpiredOperationReaper)
[2017-07-14 02:41:09,451] INFO [ExpirationReaper-0], Shutdown completed (kafka.server.DelayedOperationPurgatory$ExpiredOperationReaper)
[2017-07-14 02:41:09,458] INFO [ExpirationReaper-0], Shutting down (kafka.server.DelayedOperationPurgatory$ExpiredOperationReaper)
[2017-07-14 02:41:09,487] INFO [ExpirationReaper-0], Stopped  (kafka.server.DelayedOperationPurgatory$ExpiredOperationReaper)
[2017-07-14 02:41:09,487] INFO [ExpirationReaper-0], Shutdown completed (kafka.server.DelayedOperationPurgatory$ExpiredOperationReaper)
[2017-07-14 02:41:09,509] INFO [Replica Manager on Broker 0]: Shut down completely (kafka.server.ReplicaManager)
[2017-07-14 02:41:09,517] INFO Shutting down. (kafka.log.LogManager)
[2017-07-14 02:41:10,036] INFO Shutdown complete. (kafka.log.LogManager)
[2017-07-14 02:41:10,046] INFO [GroupCoordinator 0]: Shutting down. (kafka.coordinator.GroupCoordinator)
[2017-07-14 02:41:10,051] INFO [ExpirationReaper-0], Shutting down (kafka.server.DelayedOperationPurgatory$ExpiredOperationReaper)
[2017-07-14 02:41:10,070] INFO [ExpirationReaper-0], Stopped  (kafka.server.DelayedOperationPurgatory$ExpiredOperationReaper)
[2017-07-14 02:41:10,070] INFO [ExpirationReaper-0], Shutdown completed (kafka.server.DelayedOperationPurgatory$ExpiredOperationReaper)
[2017-07-14 02:41:10,071] INFO [ExpirationReaper-0], Shutting down (kafka.server.DelayedOperationPurgatory$ExpiredOperationReaper)
[2017-07-14 02:41:10,270] INFO [ExpirationReaper-0], Stopped  (kafka.server.DelayedOperationPurgatory$ExpiredOperationReaper)
[2017-07-14 02:41:10,271] INFO [ExpirationReaper-0], Shutdown completed (kafka.server.DelayedOperationPurgatory$ExpiredOperationReaper)
[2017-07-14 02:41:10,272] INFO [GroupCoordinator 0]: Shutdown complete. (kafka.coordinator.GroupCoordinator)
[2017-07-14 02:41:10,503] INFO [Kafka Server 0], shut down completed (kafka.server.KafkaServer)
