[03:41:24,798][INFO][main][IgniteKernal] 

>>>    __________  ________________  
>>>   /  _/ ___/ |/ /  _/_  __/ __/  
>>>  _/ // (7 7    // /  / / / _/    
>>> /___/\___/_/|_/___/ /_/ /___/   
>>> 
>>> ver. 2.0.0#20170430-sha1:d4eef3c6
>>> 2017 Copyright(C) Apache Software Foundation
>>> 
>>> Ignite documentation: http://ignite.apache.org

[03:41:24,804][INFO][main][IgniteKernal] Config URL: file:/opt/apache-ignite-fabric-2.0.0-bin/examples/config/example-ignite.xml
[03:41:24,805][INFO][main][IgniteKernal] Daemon mode: off
[03:41:24,806][INFO][main][IgniteKernal] OS: Linux 4.4.0-31-generic amd64
[03:41:24,806][INFO][main][IgniteKernal] OS user: shravya
[03:41:24,807][INFO][main][IgniteKernal] PID: 17177
[03:41:24,809][INFO][main][IgniteKernal] Language runtime: Java Platform API Specification ver. 1.8
[03:41:24,809][INFO][main][IgniteKernal] VM information: Java(TM) SE Runtime Environment 1.8.0_131-b11 Oracle Corporation Java HotSpot(TM) 64-Bit Server VM 25.131-b11
[03:41:24,813][INFO][main][IgniteKernal] VM total memory: 0.97GB
[03:41:24,813][INFO][main][IgniteKernal] Remote Management [restart: on, REST: on, JMX (remote: on, port: 49117, auth: off, ssl: off)]
[03:41:24,814][INFO][main][IgniteKernal] IGNITE_HOME=/opt/apache-ignite-fabric-2.0.0-bin
[03:41:24,814][INFO][main][IgniteKernal] VM arguments: [-Xms1g, -Xmx1g, -XX:+AggressiveOpts, -XX:MaxMetaspaceSize=256m, -DIGNITE_QUIET=true, -DIGNITE_SUCCESS_FILE=/opt/apache-ignite-fabric-2.0.0-bin/work/ignite_success_56f4cc57-0063-4264-81af-743f956d07f3, -Dcom.sun.management.jmxremote, -Dcom.sun.management.jmxremote.port=49117, -Dcom.sun.management.jmxremote.authenticate=false, -Dcom.sun.management.jmxremote.ssl=false, -DIGNITE_HOME=/opt/apache-ignite-fabric-2.0.0-bin, -DIGNITE_PROG_NAME=bin/ignite.sh]
[03:41:24,815][INFO][main][IgniteKernal] System cache's MemoryPolicy size is configured to 40 MB. Use MemoryConfiguration.systemCacheMemorySize property to change the setting.
[03:41:24,816][INFO][main][IgniteKernal] Configured caches [in 'default' memoryPolicy: ['ignite-sys-cache', 'ignite-atomics-sys-cache']]
[03:41:24,816][WARNING][main][IgniteKernal] Peer class loading is enabled (disable it in production for performance and deployment consistency reasons)
[03:41:24,913][INFO][main][IgniteKernal] 3-rd party licenses can be found at: /opt/apache-ignite-fabric-2.0.0-bin/libs/licenses
[03:41:25,226][INFO][main][IgnitePluginProcessor] Configured plugins:
[03:41:25,227][INFO][main][IgnitePluginProcessor]   ^-- None
[03:41:25,227][INFO][main][IgnitePluginProcessor] 
[03:41:25,515][INFO][main][TcpCommunicationSpi] Successfully bound communication NIO server to TCP port [port=47101, locHost=0.0.0.0/0.0.0.0, selectorsCnt=4, selectorSpins=0, pairedConn=false]
[03:41:25,666][WARNING][main][TcpCommunicationSpi] Message queue limit is set to 0 which may lead to potential OOMEs when running cache operations in FULL_ASYNC or PRIMARY_SYNC modes due to message queues growth on sender and receiver sides.
[03:41:25,835][WARNING][main][NoopCheckpointSpi] Checkpoints are disabled (to enable configure any GridCheckpointSpi implementation)
[03:41:25,940][WARNING][main][GridCollisionManager] Collision resolution is disabled (all jobs will be activated upon arrival).
[03:41:25,941][INFO][main][IgniteKernal] Security status [authentication=off, tls/ssl=off]
[03:41:27,164][WARNING][main][IgniteCacheDatabaseSharedManager] No user-defined default MemoryPolicy found; system default of 1GB size will be used.
[03:41:27,608][WARNING][main][IgniteH2Indexing] Serialization of Java objects in H2 was enabled.
[03:41:27,983][INFO][main][GridTcpRestProtocol] Command protocol successfully started [name=TCP binary, host=0.0.0.0/0.0.0.0, port=11212]
[03:41:28,233][INFO][main][IgniteKernal] Non-loopback local IPs: 10.0.2.15, fe80:0:0:0:a00:27ff:fef7:15ba%eth0
[03:41:28,233][INFO][main][IgniteKernal] Enabled local MACs: 080027F715BA
[03:41:28,477][INFO][main][TcpDiscoverySpi] Successfully bound to TCP port [port=47501, localHost=0.0.0.0/0.0.0.0, locNodeId=ed1245ac-bb79-4fff-8069-5e2e5408431d]
[03:41:31,988][INFO][main][GridCacheProcessor] Started cache [name=cacheName, memoryPolicyName=null, mode=PARTITIONED]
[03:41:32,043][INFO][main][GridCacheProcessor] Started cache [name=ignite-sys-cache, memoryPolicyName=sysMemPlc, mode=REPLICATED]
[03:41:32,047][INFO][main][GridCacheProcessor] Started cache [name=ignite-atomics-sys-cache, memoryPolicyName=sysMemPlc, mode=PARTITIONED]
[03:41:32,502][INFO][grid-nio-worker-tcp-comm-0-#17%null%][TcpCommunicationSpi] Established outgoing communication connection [locAddr=/0:0:0:0:0:0:0:1:51946, rmtAddr=/0:0:0:0:0:0:0:1%lo:47100]
[03:41:34,978][INFO][exchange-worker-#27%null%][GridCachePartitionExchangeManager] Rebalancing scheduled [order=[ignite-sys-cache, ignite-atomics-sys-cache, cacheName]]
[03:41:34,979][INFO][exchange-worker-#27%null%][GridCachePartitionExchangeManager] Rebalancing started [top=AffinityTopologyVersion [topVer=2, minorTopVer=0], evt=NODE_JOINED, node=ed1245ac-bb79-4fff-8069-5e2e5408431d]
[03:41:34,980][INFO][exchange-worker-#27%null%][GridDhtPartitionDemander] <ignite-sys-cache> Starting rebalancing [mode=SYNC, fromNode=636a4de2-bf35-4bf1-be6e-cec7aef69bc7, partitionsCount=100, topology=AffinityTopologyVersion [topVer=2, minorTopVer=0], updateSeq=1]
[03:41:35,120][INFO][utility-#30%null%][GridDhtPartitionDemander] <ignite-sys-cache> Completed (final) rebalancing [fromNode=636a4de2-bf35-4bf1-be6e-cec7aef69bc7, topology=AffinityTopologyVersion [topVer=2, minorTopVer=0], time=142 ms]
[03:41:35,136][INFO][utility-#30%null%][GridDhtPartitionDemander] <ignite-atomics-sys-cache> Starting rebalancing [mode=SYNC, fromNode=636a4de2-bf35-4bf1-be6e-cec7aef69bc7, partitionsCount=535, topology=AffinityTopologyVersion [topVer=2, minorTopVer=0], updateSeq=1]
[03:41:35,251][INFO][sys-#31%null%][GridDhtPartitionDemander] <ignite-atomics-sys-cache> Completed (final) rebalancing [fromNode=636a4de2-bf35-4bf1-be6e-cec7aef69bc7, topology=AffinityTopologyVersion [topVer=2, minorTopVer=0], time=121 ms]
[03:41:35,258][INFO][sys-#31%null%][GridDhtPartitionDemander] <cacheName> Starting rebalancing [mode=ASYNC, fromNode=636a4de2-bf35-4bf1-be6e-cec7aef69bc7, partitionsCount=535, topology=AffinityTopologyVersion [topVer=2, minorTopVer=0], updateSeq=1]
[03:41:35,937][INFO][main][IgniteKernal] Performance suggestions for grid  (fix if possible)
[03:41:35,938][INFO][main][IgniteKernal] To disable, set -DIGNITE_PERFORMANCE_SUGGESTIONS_DISABLED=true
[03:41:35,938][INFO][main][IgniteKernal]   ^-- Disable grid events (remove 'includeEventTypes' from configuration)
[03:41:35,942][INFO][main][IgniteKernal]   ^-- Enable G1 Garbage Collector (add '-XX:+UseG1GC' to JVM options)
[03:41:35,943][INFO][main][IgniteKernal]   ^-- Set max direct memory size if getting 'OOME: Direct buffer memory' (add '-XX:MaxDirectMemorySize=<size>[g|G|m|M|k|K]' to JVM options)
[03:41:35,944][INFO][main][IgniteKernal]   ^-- Disable processing of calls to System.gc() (add '-XX:+DisableExplicitGC' to JVM options)
[03:41:35,960][INFO][main][IgniteKernal] Refer to this page for more performance suggestions: https://apacheignite.readme.io/docs/jvm-and-system-tuning
[03:41:35,969][INFO][main][IgniteKernal] 
[03:41:35,972][INFO][main][IgniteKernal] To start Console Management & Monitoring run ignitevisorcmd.{sh|bat}
[03:41:35,981][INFO][main][IgniteKernal] 
[03:41:36,073][INFO][main][IgniteKernal] 

>>> +----------------------------------------------------------------------+
>>> Ignite ver. 2.0.0#20170430-sha1:d4eef3c68ff116ee34bc13648cd82c640b3ea072
>>> +----------------------------------------------------------------------+
>>> OS name: Linux 4.4.0-31-generic amd64
>>> CPU(s): 1
>>> Heap: 1.0GB
>>> VM name: 17177@shravya-VirtualBox
>>> Local node [ID=ED1245AC-BB79-4FFF-8069-5E2E5408431D, order=2, clientMode=false]
>>> Local node addresses: [10.0.2.15/0:0:0:0:0:0:0:1%lo, /10.0.2.15, /127.0.0.1]
>>> Local ports: TCP:11212 TCP:47101 UDP:47400 TCP:47501 

[03:41:36,089][INFO][main][GridDiscoveryManager] Topology snapshot [ver=2, servers=2, clients=0, CPUs=1, heap=1.5GB]
[03:41:50,308][INFO][sys-#35%null%][GridDhtPartitionDemander] <cacheName> Completed (final) rebalancing [fromNode=636a4de2-bf35-4bf1-be6e-cec7aef69bc7, topology=AffinityTopologyVersion [topVer=2, minorTopVer=0], time=15054 ms]
[03:41:55,922][INFO][exchange-worker-#27%null%][GridCachePartitionExchangeManager] Skipping rebalancing (nothing scheduled) [top=AffinityTopologyVersion [topVer=2, minorTopVer=1], evt=DISCOVERY_CUSTOM_EVT, node=636a4de2-bf35-4bf1-be6e-cec7aef69bc7]
[03:42:35,986][INFO][grid-timeout-worker-#15%null%][IgniteKernal] 
Metrics for local node (to disable set 'metricsLogFrequency' to 0)
    ^-- Node [id=ed1245ac, name=null, uptime=00:01:00:085]
    ^-- H/N/C [hosts=1, nodes=2, CPUs=1]
    ^-- CPU [cur=2.33%, avg=20.02%, GC=0%]
    ^-- PageMemory [pages=48751]
    ^-- Heap [used=173MB, free=82.44%, comm=989MB]
    ^-- Non heap [used=47MB, free=96.88%, comm=48MB]
    ^-- Public thread pool [active=0, idle=0, qSize=0]
    ^-- System thread pool [active=0, idle=8, qSize=0]
    ^-- Outbound messages queue [size=0]
[03:42:35,989][INFO][grid-timeout-worker-#15%null%][IgniteKernal] FreeList [name=null, buckets=256, dataPages=40214, reusePages=0]
[03:42:39,393][INFO][Thread-2][G] Invoking shutdown hook...
