[20:29:16,193][INFO][pool-2-thread-1][IgniteKernal] 

>>>    __________  ________________  
>>>   /  _/ ___/ |/ /  _/_  __/ __/  
>>>  _/ // (7 7    // /  / / / _/    
>>> /___/\___/_/|_/___/ /_/ /___/   
>>> 
>>> ver. 2.0.0#20170430-sha1:d4eef3c6
>>> 2017 Copyright(C) Apache Software Foundation
>>> 
>>> Ignite documentation: http://ignite.apache.org

[20:29:16,208][INFO][pool-2-thread-1][IgniteKernal] Config URL: file:/opt/apache-ignite-fabric-2.0.0-bin/examples/config/kaf-ignite.xml
[20:29:16,209][INFO][pool-2-thread-1][IgniteKernal] Daemon mode: off
[20:29:16,209][INFO][pool-2-thread-1][IgniteKernal] OS: Linux 4.4.0-31-generic amd64
[20:29:16,210][INFO][pool-2-thread-1][IgniteKernal] OS user: shravya
[20:29:16,210][INFO][pool-2-thread-1][IgniteKernal] PID: 4817
[20:29:16,211][INFO][pool-2-thread-1][IgniteKernal] Language runtime: Java Platform API Specification ver. 1.8
[20:29:16,212][INFO][pool-2-thread-1][IgniteKernal] VM information: Java(TM) SE Runtime Environment 1.8.0_131-b11 Oracle Corporation Java HotSpot(TM) 64-Bit Server VM 25.131-b11
[20:29:16,214][INFO][pool-2-thread-1][IgniteKernal] VM total memory: 0.25GB
[20:29:16,214][INFO][pool-2-thread-1][IgniteKernal] Remote Management [restart: off, REST: on, JMX (remote: on, port: <n/a>, auth: off, ssl: off)]
[20:29:16,214][INFO][pool-2-thread-1][IgniteKernal] IGNITE_HOME=/opt/apache-ignite-fabric-2.0.0-bin
[20:29:16,214][INFO][pool-2-thread-1][IgniteKernal] VM arguments: [-Xmx256M, -XX:+UseG1GC, -XX:MaxGCPauseMillis=20, -XX:InitiatingHeapOccupancyPercent=35, -XX:+DisableExplicitGC, -Djava.awt.headless=true, -Dcom.sun.management.jmxremote, -Dcom.sun.management.jmxremote.authenticate=false, -Dcom.sun.management.jmxremote.ssl=false, -Dkafka.logs.dir=bin/../logs, -Dlog4j.configuration=file:bin/../config/connect-log4j.properties]
[20:29:16,214][INFO][pool-2-thread-1][IgniteKernal] System cache's MemoryPolicy size is configured to 40 MB. Use MemoryConfiguration.systemCacheMemorySize property to change the setting.
[20:29:16,220][INFO][pool-2-thread-1][IgniteKernal] Configured caches [in 'default' memoryPolicy: ['ignite-sys-cache', 'ignite-atomics-sys-cache', 'connCache']]
[20:29:16,243][WARNING][pool-2-thread-1][IgniteKernal] Peer class loading is enabled (disable it in production for performance and deployment consistency reasons)
[20:29:16,319][INFO][pool-2-thread-1][IgniteKernal] 3-rd party licenses can be found at: /opt/apache-ignite-fabric-2.0.0-bin/libs/licenses
[20:29:16,316][WARNING][pub-#13%null%][GridDiagnostic] JMX remote management is enabled but JMX port is either not set or invalid. Check system property 'com.sun.management.jmxremote.port' to make sure it specifies valid TCP/IP port.
[20:29:16,333][WARNING][pub-#14%null%][GridDiagnostic] Initial heap size is 32MB (should be no less than 512MB, use -Xms512m -Xmx512m).
[20:29:16,687][INFO][pool-2-thread-1][IgnitePluginProcessor] Configured plugins:
[20:29:16,689][INFO][pool-2-thread-1][IgnitePluginProcessor]   ^-- None
[20:29:16,689][INFO][pool-2-thread-1][IgnitePluginProcessor] 
[20:29:16,989][INFO][pool-2-thread-1][TcpCommunicationSpi] Successfully bound communication NIO server to TCP port [port=47100, locHost=0.0.0.0/0.0.0.0, selectorsCnt=4, selectorSpins=0, pairedConn=false]
[20:29:17,037][WARNING][pool-2-thread-1][TcpCommunicationSpi] Message queue limit is set to 0 which may lead to potential OOMEs when running cache operations in FULL_ASYNC or PRIMARY_SYNC modes due to message queues growth on sender and receiver sides.
[20:29:17,132][WARNING][pool-2-thread-1][NoopCheckpointSpi] Checkpoints are disabled (to enable configure any GridCheckpointSpi implementation)
[20:29:17,257][WARNING][pool-2-thread-1][GridCollisionManager] Collision resolution is disabled (all jobs will be activated upon arrival).
[20:29:17,266][INFO][pool-2-thread-1][IgniteKernal] Security status [authentication=off, tls/ssl=off]
[20:29:18,117][WARNING][pool-2-thread-1][IgniteCacheDatabaseSharedManager] No user-defined default MemoryPolicy found; system default of 1GB size will be used.
[20:29:18,764][INFO][pool-2-thread-1][GridTcpRestProtocol] Command protocol successfully started [name=TCP binary, host=0.0.0.0/0.0.0.0, port=11211]
[20:29:18,993][INFO][pool-2-thread-1][IgniteKernal] Non-loopback local IPs: 10.0.2.15, fe80:0:0:0:a00:27ff:fef7:15ba%eth0
[20:29:18,993][INFO][pool-2-thread-1][IgniteKernal] Enabled local MACs: 080027F715BA
[20:29:19,134][INFO][pool-2-thread-1][TcpDiscoverySpi] Successfully bound to TCP port [port=47500, localHost=0.0.0.0/0.0.0.0, locNodeId=a28379b6-255d-459b-8557-9853beab5c3a]
[20:29:20,735][INFO][pool-2-thread-1][GridCacheProcessor] Started cache [name=ignite-sys-cache, memoryPolicyName=sysMemPlc, mode=REPLICATED]
[20:29:20,768][INFO][pool-2-thread-1][GridCacheProcessor] Started cache [name=ignite-atomics-sys-cache, memoryPolicyName=sysMemPlc, mode=PARTITIONED]
[20:29:20,884][INFO][pool-2-thread-1][GridCacheProcessor] Started cache [name=connCache, memoryPolicyName=null, mode=PARTITIONED]
[20:29:21,293][INFO][exchange-worker-#27%null%][GridCachePartitionExchangeManager] Skipping rebalancing (nothing scheduled) [top=AffinityTopologyVersion [topVer=1, minorTopVer=0], evt=NODE_JOINED, node=a28379b6-255d-459b-8557-9853beab5c3a]
[20:29:21,395][INFO][pool-2-thread-1][IgniteKernal] Performance suggestions for grid  (fix if possible)
[20:29:21,396][INFO][pool-2-thread-1][IgniteKernal] To disable, set -DIGNITE_PERFORMANCE_SUGGESTIONS_DISABLED=true
[20:29:21,396][INFO][pool-2-thread-1][IgniteKernal]   ^-- Disable grid events (remove 'includeEventTypes' from configuration)
[20:29:21,400][INFO][pool-2-thread-1][IgniteKernal]   ^-- Set max direct memory size if getting 'OOME: Direct buffer memory' (add '-XX:MaxDirectMemorySize=<size>[g|G|m|M|k|K]' to JVM options)
[20:29:21,403][INFO][pool-2-thread-1][IgniteKernal] Refer to this page for more performance suggestions: https://apacheignite.readme.io/docs/jvm-and-system-tuning
[20:29:21,403][INFO][pool-2-thread-1][IgniteKernal] 
[20:29:21,404][INFO][pool-2-thread-1][IgniteKernal] To start Console Management & Monitoring run ignitevisorcmd.{sh|bat}
[20:29:21,408][INFO][pool-2-thread-1][IgniteKernal] 
[20:29:21,415][INFO][pool-2-thread-1][IgniteKernal] 

>>> +----------------------------------------------------------------------+
>>> Ignite ver. 2.0.0#20170430-sha1:d4eef3c68ff116ee34bc13648cd82c640b3ea072
>>> +----------------------------------------------------------------------+
>>> OS name: Linux 4.4.0-31-generic amd64
>>> CPU(s): 1
>>> Heap: 0.25GB
>>> VM name: 4817@shravya-VirtualBox
>>> Local node [ID=A28379B6-255D-459B-8557-9853BEAB5C3A, order=1, clientMode=false]
>>> Local node addresses: [10.0.2.15/0:0:0:0:0:0:0:1%lo, /10.0.2.15, /127.0.0.1]
>>> Local ports: TCP:11211 TCP:47100 UDP:47400 TCP:47500 

[20:29:21,426][INFO][pool-2-thread-1][GridDiscoveryManager] Topology snapshot [ver=1, servers=1, clients=0, CPUs=1, heap=0.25GB]
[20:30:21,434][INFO][grid-timeout-worker-#15%null%][IgniteKernal] 
Metrics for local node (to disable set 'metricsLogFrequency' to 0)
    ^-- Node [id=a28379b6, name=null, uptime=00:01:00:016]
    ^-- H/N/C [hosts=1, nodes=1, CPUs=1]
    ^-- CPU [cur=7.33%, avg=4.78%, GC=0%]
    ^-- PageMemory [pages=4298]
    ^-- Heap [used=76MB, free=70.12%, comm=241MB]
    ^-- Non heap [used=54MB, free=-1%, comm=55MB]
    ^-- Public thread pool [active=0, idle=0, qSize=0]
    ^-- System thread pool [active=0, idle=6, qSize=0]
    ^-- Outbound messages queue [size=0]
[20:30:30,575][INFO][ignite-update-notifier-timer][GridUpdateNotifier] Update status is not available.
[20:30:58,037][INFO][Thread-13][G] Invoking shutdown hook...
