[22:04:12,481][INFO][pool-2-thread-1][IgniteKernal] 

>>>    __________  ________________  
>>>   /  _/ ___/ |/ /  _/_  __/ __/  
>>>  _/ // (7 7    // /  / / / _/    
>>> /___/\___/_/|_/___/ /_/ /___/   
>>> 
>>> ver. 2.0.0#20170430-sha1:d4eef3c6
>>> 2017 Copyright(C) Apache Software Foundation
>>> 
>>> Ignite documentation: http://ignite.apache.org

[22:04:12,511][INFO][pool-2-thread-1][IgniteKernal] Config URL: file:/opt/apache-ignite-fabric-2.0.0-bin/examples/config/example-ignite.xml
[22:04:12,512][INFO][pool-2-thread-1][IgniteKernal] Daemon mode: off
[22:04:12,512][INFO][pool-2-thread-1][IgniteKernal] OS: Linux 4.4.0-31-generic amd64
[22:04:12,512][INFO][pool-2-thread-1][IgniteKernal] OS user: shravya
[22:04:12,512][INFO][pool-2-thread-1][IgniteKernal] PID: 2631
[22:04:12,512][INFO][pool-2-thread-1][IgniteKernal] Language runtime: Java Platform API Specification ver. 1.8
[22:04:12,512][INFO][pool-2-thread-1][IgniteKernal] VM information: Java(TM) SE Runtime Environment 1.8.0_131-b11 Oracle Corporation Java HotSpot(TM) 64-Bit Server VM 25.131-b11
[22:04:12,514][INFO][pool-2-thread-1][IgniteKernal] VM total memory: 0.25GB
[22:04:12,514][INFO][pool-2-thread-1][IgniteKernal] Remote Management [restart: off, REST: on, JMX (remote: on, port: <n/a>, auth: off, ssl: off)]
[22:04:12,514][INFO][pool-2-thread-1][IgniteKernal] IGNITE_HOME=/opt/apache-ignite-fabric-2.0.0-bin
[22:04:12,514][INFO][pool-2-thread-1][IgniteKernal] VM arguments: [-Xmx256M, -XX:+UseG1GC, -XX:MaxGCPauseMillis=20, -XX:InitiatingHeapOccupancyPercent=35, -XX:+DisableExplicitGC, -Djava.awt.headless=true, -Dcom.sun.management.jmxremote, -Dcom.sun.management.jmxremote.authenticate=false, -Dcom.sun.management.jmxremote.ssl=false, -Dkafka.logs.dir=bin/../logs, -Dlog4j.configuration=file:bin/../config/connect-log4j.properties]
[22:04:12,514][INFO][pool-2-thread-1][IgniteKernal] System cache's MemoryPolicy size is configured to 40 MB. Use MemoryConfiguration.systemCacheMemorySize property to change the setting.
[22:04:12,515][INFO][pool-2-thread-1][IgniteKernal] Configured caches [in 'default' memoryPolicy: ['ignite-sys-cache', 'ignite-atomics-sys-cache']]
[22:04:12,515][WARNING][pool-2-thread-1][IgniteKernal] Peer class loading is enabled (disable it in production for performance and deployment consistency reasons)
[22:04:12,521][INFO][pool-2-thread-1][IgniteKernal] 3-rd party licenses can be found at: /opt/apache-ignite-fabric-2.0.0-bin/libs/licenses
[22:04:12,520][WARNING][pub-#13%null%][GridDiagnostic] JMX remote management is enabled but JMX port is either not set or invalid. Check system property 'com.sun.management.jmxremote.port' to make sure it specifies valid TCP/IP port.
[22:04:12,554][WARNING][pub-#14%null%][GridDiagnostic] Initial heap size is 32MB (should be no less than 512MB, use -Xms512m -Xmx512m).
[22:04:12,864][INFO][pool-2-thread-1][IgnitePluginProcessor] Configured plugins:
[22:04:12,864][INFO][pool-2-thread-1][IgnitePluginProcessor]   ^-- None
[22:04:12,864][INFO][pool-2-thread-1][IgnitePluginProcessor] 
[22:04:13,150][INFO][pool-2-thread-1][TcpCommunicationSpi] Successfully bound communication NIO server to TCP port [port=47100, locHost=0.0.0.0/0.0.0.0, selectorsCnt=4, selectorSpins=0, pairedConn=false]
[22:04:13,363][WARNING][pool-2-thread-1][TcpCommunicationSpi] Message queue limit is set to 0 which may lead to potential OOMEs when running cache operations in FULL_ASYNC or PRIMARY_SYNC modes due to message queues growth on sender and receiver sides.
[22:04:13,455][WARNING][pool-2-thread-1][NoopCheckpointSpi] Checkpoints are disabled (to enable configure any GridCheckpointSpi implementation)
[22:04:13,608][WARNING][pool-2-thread-1][GridCollisionManager] Collision resolution is disabled (all jobs will be activated upon arrival).
[22:04:13,616][INFO][pool-2-thread-1][IgniteKernal] Security status [authentication=off, tls/ssl=off]
[22:04:14,495][WARNING][pool-2-thread-1][IgniteCacheDatabaseSharedManager] No user-defined default MemoryPolicy found; system default of 1GB size will be used.
[22:04:14,991][INFO][pool-2-thread-1][GridTcpRestProtocol] Command protocol successfully started [name=TCP binary, host=0.0.0.0/0.0.0.0, port=11211]
[22:04:15,245][INFO][pool-2-thread-1][IgniteKernal] Non-loopback local IPs: 10.0.2.15, fe80:0:0:0:a00:27ff:fef7:15ba%eth0
[22:04:15,245][INFO][pool-2-thread-1][IgniteKernal] Enabled local MACs: 080027F715BA
[22:04:15,386][INFO][pool-2-thread-1][TcpDiscoverySpi] Successfully bound to TCP port [port=47500, localHost=0.0.0.0/0.0.0.0, locNodeId=3fe88b5f-78bf-42a8-a7f9-70135644f56c]
[22:04:17,217][INFO][pool-2-thread-1][GridCacheProcessor] Started cache [name=ignite-sys-cache, memoryPolicyName=sysMemPlc, mode=REPLICATED]
[22:04:17,247][INFO][pool-2-thread-1][GridCacheProcessor] Started cache [name=ignite-atomics-sys-cache, memoryPolicyName=sysMemPlc, mode=PARTITIONED]
[22:04:17,520][INFO][exchange-worker-#26%null%][GridCachePartitionExchangeManager] Skipping rebalancing (nothing scheduled) [top=AffinityTopologyVersion [topVer=1, minorTopVer=0], evt=NODE_JOINED, node=3fe88b5f-78bf-42a8-a7f9-70135644f56c]
[22:04:17,673][INFO][pool-2-thread-1][IgniteKernal] Performance suggestions for grid  (fix if possible)
[22:04:17,674][INFO][pool-2-thread-1][IgniteKernal] To disable, set -DIGNITE_PERFORMANCE_SUGGESTIONS_DISABLED=true
[22:04:17,674][INFO][pool-2-thread-1][IgniteKernal]   ^-- Disable grid events (remove 'includeEventTypes' from configuration)
[22:04:17,674][INFO][pool-2-thread-1][IgniteKernal]   ^-- Set max direct memory size if getting 'OOME: Direct buffer memory' (add '-XX:MaxDirectMemorySize=<size>[g|G|m|M|k|K]' to JVM options)
[22:04:17,674][INFO][pool-2-thread-1][IgniteKernal] Refer to this page for more performance suggestions: https://apacheignite.readme.io/docs/jvm-and-system-tuning
[22:04:17,674][INFO][pool-2-thread-1][IgniteKernal] 
[22:04:17,674][INFO][pool-2-thread-1][IgniteKernal] To start Console Management & Monitoring run ignitevisorcmd.{sh|bat}
[22:04:17,675][INFO][pool-2-thread-1][IgniteKernal] 
[22:04:17,675][INFO][pool-2-thread-1][IgniteKernal] 

>>> +----------------------------------------------------------------------+
>>> Ignite ver. 2.0.0#20170430-sha1:d4eef3c68ff116ee34bc13648cd82c640b3ea072
>>> +----------------------------------------------------------------------+
>>> OS name: Linux 4.4.0-31-generic amd64
>>> CPU(s): 1
>>> Heap: 0.25GB
>>> VM name: 2631@shravya-VirtualBox
>>> Local node [ID=3FE88B5F-78BF-42A8-A7F9-70135644F56C, order=1, clientMode=false]
>>> Local node addresses: [10.0.2.15/0:0:0:0:0:0:0:1%lo, /10.0.2.15, /127.0.0.1]
>>> Local ports: TCP:11211 TCP:47100 UDP:47400 TCP:47500 

[22:04:17,690][INFO][pool-2-thread-1][GridDiscoveryManager] Topology snapshot [ver=1, servers=1, clients=0, CPUs=1, heap=0.25GB]
[22:05:17,707][INFO][grid-timeout-worker-#15%null%][IgniteKernal] 
Metrics for local node (to disable set 'metricsLogFrequency' to 0)
    ^-- Node [id=3fe88b5f, name=null, uptime=00:01:00:006]
    ^-- H/N/C [hosts=1, nodes=1, CPUs=1]
    ^-- CPU [cur=6.67%, avg=6.77%, GC=0%]
    ^-- PageMemory [pages=2248]
    ^-- Heap [used=48MB, free=81.05%, comm=159MB]
    ^-- Non heap [used=52MB, free=-1%, comm=54MB]
    ^-- Public thread pool [active=0, idle=0, qSize=0]
    ^-- System thread pool [active=0, idle=6, qSize=0]
    ^-- Outbound messages queue [size=0]
[22:05:26,990][INFO][ignite-update-notifier-timer][GridUpdateNotifier] Update status is not available.
[22:06:17,718][INFO][grid-timeout-worker-#15%null%][IgniteKernal] 
Metrics for local node (to disable set 'metricsLogFrequency' to 0)
    ^-- Node [id=3fe88b5f, name=null, uptime=00:02:00:054]
    ^-- H/N/C [hosts=1, nodes=1, CPUs=1]
    ^-- CPU [cur=3.33%, avg=5.24%, GC=0%]
    ^-- PageMemory [pages=2248]
    ^-- Heap [used=45MB, free=82.42%, comm=159MB]
    ^-- Non heap [used=53MB, free=-1%, comm=54MB]
    ^-- Public thread pool [active=0, idle=0, qSize=0]
    ^-- System thread pool [active=0, idle=6, qSize=0]
    ^-- Outbound messages queue [size=0]
[22:07:17,725][INFO][grid-timeout-worker-#15%null%][IgniteKernal] 
Metrics for local node (to disable set 'metricsLogFrequency' to 0)
    ^-- Node [id=3fe88b5f, name=null, uptime=00:03:00:065]
    ^-- H/N/C [hosts=1, nodes=1, CPUs=1]
    ^-- CPU [cur=3%, avg=4.68%, GC=0%]
    ^-- PageMemory [pages=2248]
    ^-- Heap [used=40MB, free=84.37%, comm=159MB]
    ^-- Non heap [used=53MB, free=-1%, comm=54MB]
    ^-- Public thread pool [active=0, idle=0, qSize=0]
    ^-- System thread pool [active=0, idle=6, qSize=0]
    ^-- Outbound messages queue [size=0]
[22:08:17,735][INFO][grid-timeout-worker-#15%null%][IgniteKernal] 
Metrics for local node (to disable set 'metricsLogFrequency' to 0)
    ^-- Node [id=3fe88b5f, name=null, uptime=00:04:00:071]
    ^-- H/N/C [hosts=1, nodes=1, CPUs=1]
    ^-- CPU [cur=2%, avg=4.32%, GC=0%]
    ^-- PageMemory [pages=2248]
    ^-- Heap [used=44MB, free=82.81%, comm=159MB]
    ^-- Non heap [used=53MB, free=-1%, comm=54MB]
    ^-- Public thread pool [active=0, idle=0, qSize=0]
    ^-- System thread pool [active=0, idle=5, qSize=0]
    ^-- Outbound messages queue [size=0]
[22:09:17,740][INFO][grid-timeout-worker-#15%null%][IgniteKernal] 
Metrics for local node (to disable set 'metricsLogFrequency' to 0)
    ^-- Node [id=3fe88b5f, name=null, uptime=00:05:00:078]
    ^-- H/N/C [hosts=1, nodes=1, CPUs=1]
    ^-- CPU [cur=2.67%, avg=4.39%, GC=0%]
    ^-- PageMemory [pages=2248]
    ^-- Heap [used=41MB, free=83.69%, comm=159MB]
    ^-- Non heap [used=53MB, free=-1%, comm=55MB]
    ^-- Public thread pool [active=0, idle=0, qSize=0]
    ^-- System thread pool [active=0, idle=6, qSize=0]
    ^-- Outbound messages queue [size=0]
[22:10:17,743][INFO][grid-timeout-worker-#15%null%][IgniteKernal] 
Metrics for local node (to disable set 'metricsLogFrequency' to 0)
    ^-- Node [id=3fe88b5f, name=null, uptime=00:06:00:084]
    ^-- H/N/C [hosts=1, nodes=1, CPUs=1]
    ^-- CPU [cur=2.67%, avg=4.31%, GC=0%]
    ^-- PageMemory [pages=2248]
    ^-- Heap [used=40MB, free=84.11%, comm=159MB]
    ^-- Non heap [used=54MB, free=-1%, comm=55MB]
    ^-- Public thread pool [active=0, idle=0, qSize=0]
    ^-- System thread pool [active=0, idle=6, qSize=0]
    ^-- Outbound messages queue [size=0]
[22:11:17,754][INFO][grid-timeout-worker-#15%null%][IgniteKernal] 
Metrics for local node (to disable set 'metricsLogFrequency' to 0)
    ^-- Node [id=3fe88b5f, name=null, uptime=00:07:00:090]
    ^-- H/N/C [hosts=1, nodes=1, CPUs=1]
    ^-- CPU [cur=3.67%, avg=4.14%, GC=0%]
    ^-- PageMemory [pages=2248]
    ^-- Heap [used=39MB, free=84.57%, comm=159MB]
    ^-- Non heap [used=54MB, free=-1%, comm=55MB]
    ^-- Public thread pool [active=0, idle=0, qSize=0]
    ^-- System thread pool [active=0, idle=6, qSize=0]
    ^-- Outbound messages queue [size=0]
[22:12:17,758][INFO][grid-timeout-worker-#15%null%][IgniteKernal] 
Metrics for local node (to disable set 'metricsLogFrequency' to 0)
    ^-- Node [id=3fe88b5f, name=null, uptime=00:08:00:098]
    ^-- H/N/C [hosts=1, nodes=1, CPUs=1]
    ^-- CPU [cur=3%, avg=3.94%, GC=0.5%]
    ^-- PageMemory [pages=2248]
    ^-- Heap [used=38MB, free=84.94%, comm=159MB]
    ^-- Non heap [used=54MB, free=-1%, comm=55MB]
    ^-- Public thread pool [active=0, idle=0, qSize=0]
    ^-- System thread pool [active=0, idle=6, qSize=0]
    ^-- Outbound messages queue [size=0]
[22:16:51,652][INFO][grid-timeout-worker-#15%null%][IgniteKernal] 
Metrics for local node (to disable set 'metricsLogFrequency' to 0)
    ^-- Node [id=3fe88b5f, name=null, uptime=00:12:33:988]
    ^-- H/N/C [hosts=1, nodes=1, CPUs=1]
    ^-- CPU [cur=2%, avg=3.79%, GC=0%]
    ^-- PageMemory [pages=2248]
    ^-- Heap [used=41MB, free=83.77%, comm=159MB]
    ^-- Non heap [used=54MB, free=-1%, comm=55MB]
    ^-- Public thread pool [active=0, idle=0, qSize=0]
    ^-- System thread pool [active=1, idle=6, qSize=0]
    ^-- Outbound messages queue [size=0]
[22:17:51,659][INFO][grid-timeout-worker-#15%null%][IgniteKernal] 
Metrics for local node (to disable set 'metricsLogFrequency' to 0)
    ^-- Node [id=3fe88b5f, name=null, uptime=00:13:33:991]
    ^-- H/N/C [hosts=1, nodes=1, CPUs=1]
    ^-- CPU [cur=2.33%, avg=3.59%, GC=0%]
    ^-- PageMemory [pages=2248]
    ^-- Heap [used=40MB, free=84.15%, comm=159MB]
    ^-- Non heap [used=54MB, free=-1%, comm=56MB]
    ^-- Public thread pool [active=0, idle=0, qSize=0]
    ^-- System thread pool [active=0, idle=5, qSize=0]
    ^-- Outbound messages queue [size=0]
[22:18:51,663][INFO][grid-timeout-worker-#15%null%][IgniteKernal] 
Metrics for local node (to disable set 'metricsLogFrequency' to 0)
    ^-- Node [id=3fe88b5f, name=null, uptime=00:14:34:003]
    ^-- H/N/C [hosts=1, nodes=1, CPUs=1]
    ^-- CPU [cur=3%, avg=3.49%, GC=0%]
    ^-- PageMemory [pages=2248]
    ^-- Heap [used=44MB, free=82.59%, comm=159MB]
    ^-- Non heap [used=54MB, free=-1%, comm=56MB]
    ^-- Public thread pool [active=0, idle=0, qSize=0]
    ^-- System thread pool [active=0, idle=6, qSize=0]
    ^-- Outbound messages queue [size=0]
[22:19:51,671][INFO][grid-timeout-worker-#15%null%][IgniteKernal] 
Metrics for local node (to disable set 'metricsLogFrequency' to 0)
    ^-- Node [id=3fe88b5f, name=null, uptime=00:15:34:007]
    ^-- H/N/C [hosts=1, nodes=1, CPUs=1]
    ^-- CPU [cur=2.67%, avg=3.43%, GC=0%]
    ^-- PageMemory [pages=2248]
    ^-- Heap [used=40MB, free=84.01%, comm=159MB]
    ^-- Non heap [used=54MB, free=-1%, comm=56MB]
    ^-- Public thread pool [active=0, idle=0, qSize=0]
    ^-- System thread pool [active=0, idle=6, qSize=0]
    ^-- Outbound messages queue [size=0]
[22:20:51,673][INFO][grid-timeout-worker-#15%null%][IgniteKernal] 
Metrics for local node (to disable set 'metricsLogFrequency' to 0)
    ^-- Node [id=3fe88b5f, name=null, uptime=00:16:34:010]
    ^-- H/N/C [hosts=1, nodes=1, CPUs=1]
    ^-- CPU [cur=2.67%, avg=3.36%, GC=0%]
    ^-- PageMemory [pages=2248]
    ^-- Heap [used=45MB, free=82.06%, comm=159MB]
    ^-- Non heap [used=54MB, free=-1%, comm=56MB]
    ^-- Public thread pool [active=0, idle=0, qSize=0]
    ^-- System thread pool [active=0, idle=6, qSize=0]
    ^-- Outbound messages queue [size=0]
[22:21:51,677][INFO][grid-timeout-worker-#15%null%][IgniteKernal] 
Metrics for local node (to disable set 'metricsLogFrequency' to 0)
    ^-- Node [id=3fe88b5f, name=null, uptime=00:17:34:015]
    ^-- H/N/C [hosts=1, nodes=1, CPUs=1]
    ^-- CPU [cur=2.33%, avg=3.32%, GC=0%]
    ^-- PageMemory [pages=2248]
    ^-- Heap [used=49MB, free=80.5%, comm=159MB]
    ^-- Non heap [used=55MB, free=-1%, comm=56MB]
    ^-- Public thread pool [active=0, idle=0, qSize=0]
    ^-- System thread pool [active=0, idle=6, qSize=0]
    ^-- Outbound messages queue [size=0]
[22:22:51,682][INFO][grid-timeout-worker-#15%null%][IgniteKernal] 
Metrics for local node (to disable set 'metricsLogFrequency' to 0)
    ^-- Node [id=3fe88b5f, name=null, uptime=00:18:34:017]
    ^-- H/N/C [hosts=1, nodes=1, CPUs=1]
    ^-- CPU [cur=2%, avg=3.27%, GC=0%]
    ^-- PageMemory [pages=2248]
    ^-- Heap [used=41MB, free=83.74%, comm=159MB]
    ^-- Non heap [used=55MB, free=-1%, comm=56MB]
    ^-- Public thread pool [active=0, idle=0, qSize=0]
    ^-- System thread pool [active=0, idle=6, qSize=0]
    ^-- Outbound messages queue [size=0]
[22:23:51,681][INFO][grid-timeout-worker-#15%null%][IgniteKernal] 
Metrics for local node (to disable set 'metricsLogFrequency' to 0)
    ^-- Node [id=3fe88b5f, name=null, uptime=00:19:34:019]
    ^-- H/N/C [hosts=1, nodes=1, CPUs=1]
    ^-- CPU [cur=2.67%, avg=3.22%, GC=0%]
    ^-- PageMemory [pages=2248]
    ^-- Heap [used=45MB, free=82.18%, comm=159MB]
    ^-- Non heap [used=55MB, free=-1%, comm=56MB]
    ^-- Public thread pool [active=0, idle=0, qSize=0]
    ^-- System thread pool [active=0, idle=6, qSize=0]
    ^-- Outbound messages queue [size=0]
[22:24:51,684][INFO][grid-timeout-worker-#15%null%][IgniteKernal] 
Metrics for local node (to disable set 'metricsLogFrequency' to 0)
    ^-- Node [id=3fe88b5f, name=null, uptime=00:20:34:023]
    ^-- H/N/C [hosts=1, nodes=1, CPUs=1]
    ^-- CPU [cur=2%, avg=3.18%, GC=0%]
    ^-- PageMemory [pages=2248]
    ^-- Heap [used=50MB, free=80.23%, comm=159MB]
    ^-- Non heap [used=55MB, free=-1%, comm=56MB]
    ^-- Public thread pool [active=0, idle=0, qSize=0]
    ^-- System thread pool [active=0, idle=6, qSize=0]
    ^-- Outbound messages queue [size=0]
[22:25:51,693][INFO][grid-timeout-worker-#15%null%][IgniteKernal] 
Metrics for local node (to disable set 'metricsLogFrequency' to 0)
    ^-- Node [id=3fe88b5f, name=null, uptime=00:21:34:032]
    ^-- H/N/C [hosts=1, nodes=1, CPUs=1]
    ^-- CPU [cur=2.67%, avg=3.13%, GC=0%]
    ^-- PageMemory [pages=2248]
    ^-- Heap [used=55MB, free=78.27%, comm=159MB]
    ^-- Non heap [used=55MB, free=-1%, comm=56MB]
    ^-- Public thread pool [active=0, idle=0, qSize=0]
    ^-- System thread pool [active=0, idle=6, qSize=0]
    ^-- Outbound messages queue [size=0]
[22:26:51,698][INFO][grid-timeout-worker-#15%null%][IgniteKernal] 
Metrics for local node (to disable set 'metricsLogFrequency' to 0)
    ^-- Node [id=3fe88b5f, name=null, uptime=00:22:34:037]
    ^-- H/N/C [hosts=1, nodes=1, CPUs=1]
    ^-- CPU [cur=2.67%, avg=3.07%, GC=0%]
    ^-- PageMemory [pages=2248]
    ^-- Heap [used=60MB, free=76.32%, comm=159MB]
    ^-- Non heap [used=55MB, free=-1%, comm=57MB]
    ^-- Public thread pool [active=0, idle=0, qSize=0]
    ^-- System thread pool [active=0, idle=6, qSize=0]
    ^-- Outbound messages queue [size=0]
[22:27:51,708][INFO][grid-timeout-worker-#15%null%][IgniteKernal] 
Metrics for local node (to disable set 'metricsLogFrequency' to 0)
    ^-- Node [id=3fe88b5f, name=null, uptime=00:23:34:045]
    ^-- H/N/C [hosts=1, nodes=1, CPUs=1]
    ^-- CPU [cur=2.33%, avg=3.02%, GC=0%]
    ^-- PageMemory [pages=2248]
    ^-- Heap [used=65MB, free=74.37%, comm=159MB]
    ^-- Non heap [used=55MB, free=-1%, comm=57MB]
    ^-- Public thread pool [active=0, idle=0, qSize=0]
    ^-- System thread pool [active=0, idle=6, qSize=0]
    ^-- Outbound messages queue [size=0]
[22:28:51,706][INFO][grid-timeout-worker-#15%null%][IgniteKernal] 
Metrics for local node (to disable set 'metricsLogFrequency' to 0)
    ^-- Node [id=3fe88b5f, name=null, uptime=00:24:34:045]
    ^-- H/N/C [hosts=1, nodes=1, CPUs=1]
    ^-- CPU [cur=1.67%, avg=2.97%, GC=0%]
    ^-- PageMemory [pages=2248]
    ^-- Heap [used=70MB, free=72.41%, comm=159MB]
    ^-- Non heap [used=55MB, free=-1%, comm=57MB]
    ^-- Public thread pool [active=0, idle=0, qSize=0]
    ^-- System thread pool [active=0, idle=6, qSize=0]
    ^-- Outbound messages queue [size=0]
[22:29:51,719][INFO][grid-timeout-worker-#15%null%][IgniteKernal] 
Metrics for local node (to disable set 'metricsLogFrequency' to 0)
    ^-- Node [id=3fe88b5f, name=null, uptime=00:25:34:047]
    ^-- H/N/C [hosts=1, nodes=1, CPUs=1]
    ^-- CPU [cur=3%, avg=2.93%, GC=0%]
    ^-- PageMemory [pages=2248]
    ^-- Heap [used=76MB, free=70.07%, comm=159MB]
    ^-- Non heap [used=55MB, free=-1%, comm=57MB]
    ^-- Public thread pool [active=0, idle=0, qSize=0]
    ^-- System thread pool [active=0, idle=6, qSize=0]
    ^-- Outbound messages queue [size=0]
[22:30:51,718][INFO][grid-timeout-worker-#15%null%][IgniteKernal] 
Metrics for local node (to disable set 'metricsLogFrequency' to 0)
    ^-- Node [id=3fe88b5f, name=null, uptime=00:26:34:052]
    ^-- H/N/C [hosts=1, nodes=1, CPUs=1]
    ^-- CPU [cur=1.67%, avg=2.9%, GC=0%]
    ^-- PageMemory [pages=2248]
    ^-- Heap [used=80MB, free=68.51%, comm=159MB]
    ^-- Non heap [used=55MB, free=-1%, comm=57MB]
    ^-- Public thread pool [active=0, idle=0, qSize=0]
    ^-- System thread pool [active=0, idle=6, qSize=0]
    ^-- Outbound messages queue [size=0]
[22:31:51,722][INFO][grid-timeout-worker-#15%null%][IgniteKernal] 
Metrics for local node (to disable set 'metricsLogFrequency' to 0)
    ^-- Node [id=3fe88b5f, name=null, uptime=00:27:34:062]
    ^-- H/N/C [hosts=1, nodes=1, CPUs=1]
    ^-- CPU [cur=1.67%, avg=2.86%, GC=0%]
    ^-- PageMemory [pages=2248]
    ^-- Heap [used=85MB, free=66.55%, comm=159MB]
    ^-- Non heap [used=55MB, free=-1%, comm=57MB]
    ^-- Public thread pool [active=0, idle=0, qSize=0]
    ^-- System thread pool [active=0, idle=6, qSize=0]
    ^-- Outbound messages queue [size=0]
[22:32:51,729][INFO][grid-timeout-worker-#15%null%][IgniteKernal] 
Metrics for local node (to disable set 'metricsLogFrequency' to 0)
    ^-- Node [id=3fe88b5f, name=null, uptime=00:28:34:069]
    ^-- H/N/C [hosts=1, nodes=1, CPUs=1]
    ^-- CPU [cur=1.67%, avg=2.83%, GC=0%]
    ^-- PageMemory [pages=2248]
    ^-- Heap [used=90MB, free=64.6%, comm=159MB]
    ^-- Non heap [used=55MB, free=-1%, comm=57MB]
    ^-- Public thread pool [active=0, idle=0, qSize=0]
    ^-- System thread pool [active=0, idle=6, qSize=0]
    ^-- Outbound messages queue [size=0]
[22:33:51,739][INFO][grid-timeout-worker-#15%null%][IgniteKernal] 
Metrics for local node (to disable set 'metricsLogFrequency' to 0)
    ^-- Node [id=3fe88b5f, name=null, uptime=00:29:34:071]
    ^-- H/N/C [hosts=1, nodes=1, CPUs=1]
    ^-- CPU [cur=2%, avg=2.81%, GC=0%]
    ^-- PageMemory [pages=2248]
    ^-- Heap [used=95MB, free=62.65%, comm=159MB]
    ^-- Non heap [used=55MB, free=-1%, comm=57MB]
    ^-- Public thread pool [active=0, idle=0, qSize=0]
    ^-- System thread pool [active=0, idle=6, qSize=0]
    ^-- Outbound messages queue [size=0]
[22:34:51,740][INFO][grid-timeout-worker-#15%null%][IgniteKernal] 
Metrics for local node (to disable set 'metricsLogFrequency' to 0)
    ^-- Node [id=3fe88b5f, name=null, uptime=00:30:34:077]
    ^-- H/N/C [hosts=1, nodes=1, CPUs=1]
    ^-- CPU [cur=2.33%, avg=2.78%, GC=0%]
    ^-- PageMemory [pages=2248]
    ^-- Heap [used=100MB, free=60.69%, comm=159MB]
    ^-- Non heap [used=55MB, free=-1%, comm=57MB]
    ^-- Public thread pool [active=0, idle=0, qSize=0]
    ^-- System thread pool [active=0, idle=6, qSize=0]
    ^-- Outbound messages queue [size=0]
[22:35:51,746][INFO][grid-timeout-worker-#15%null%][IgniteKernal] 
Metrics for local node (to disable set 'metricsLogFrequency' to 0)
    ^-- Node [id=3fe88b5f, name=null, uptime=00:31:34:081]
    ^-- H/N/C [hosts=1, nodes=1, CPUs=1]
    ^-- CPU [cur=2.33%, avg=2.76%, GC=0%]
    ^-- PageMemory [pages=2248]
    ^-- Heap [used=105MB, free=58.74%, comm=159MB]
    ^-- Non heap [used=55MB, free=-1%, comm=57MB]
    ^-- Public thread pool [active=0, idle=0, qSize=0]
    ^-- System thread pool [active=0, idle=6, qSize=0]
    ^-- Outbound messages queue [size=0]
[22:36:51,751][INFO][grid-timeout-worker-#15%null%][IgniteKernal] 
Metrics for local node (to disable set 'metricsLogFrequency' to 0)
    ^-- Node [id=3fe88b5f, name=null, uptime=00:32:34:086]
    ^-- H/N/C [hosts=1, nodes=1, CPUs=1]
    ^-- CPU [cur=2.67%, avg=2.74%, GC=0%]
    ^-- PageMemory [pages=2248]
    ^-- Heap [used=110MB, free=56.79%, comm=159MB]
    ^-- Non heap [used=55MB, free=-1%, comm=57MB]
    ^-- Public thread pool [active=0, idle=0, qSize=0]
    ^-- System thread pool [active=0, idle=6, qSize=0]
    ^-- Outbound messages queue [size=0]
[22:37:51,755][INFO][grid-timeout-worker-#15%null%][IgniteKernal] 
Metrics for local node (to disable set 'metricsLogFrequency' to 0)
    ^-- Node [id=3fe88b5f, name=null, uptime=00:33:34:088]
    ^-- H/N/C [hosts=1, nodes=1, CPUs=1]
    ^-- CPU [cur=3%, avg=2.73%, GC=0%]
    ^-- PageMemory [pages=2248]
    ^-- Heap [used=115MB, free=54.84%, comm=159MB]
    ^-- Non heap [used=55MB, free=-1%, comm=57MB]
    ^-- Public thread pool [active=0, idle=0, qSize=0]
    ^-- System thread pool [active=0, idle=6, qSize=0]
    ^-- Outbound messages queue [size=0]
[22:38:51,750][INFO][grid-timeout-worker-#15%null%][IgniteKernal] 
Metrics for local node (to disable set 'metricsLogFrequency' to 0)
    ^-- Node [id=3fe88b5f, name=null, uptime=00:34:34:088]
    ^-- H/N/C [hosts=1, nodes=1, CPUs=1]
    ^-- CPU [cur=2%, avg=2.71%, GC=0%]
    ^-- PageMemory [pages=2248]
    ^-- Heap [used=120MB, free=52.88%, comm=159MB]
    ^-- Non heap [used=55MB, free=-1%, comm=57MB]
    ^-- Public thread pool [active=0, idle=0, qSize=0]
    ^-- System thread pool [active=0, idle=6, qSize=0]
    ^-- Outbound messages queue [size=0]
[22:39:51,758][INFO][grid-timeout-worker-#15%null%][IgniteKernal] 
Metrics for local node (to disable set 'metricsLogFrequency' to 0)
    ^-- Node [id=3fe88b5f, name=null, uptime=00:35:34:088]
    ^-- H/N/C [hosts=1, nodes=1, CPUs=1]
    ^-- CPU [cur=2.33%, avg=2.69%, GC=0%]
    ^-- PageMemory [pages=2248]
    ^-- Heap [used=124MB, free=51.32%, comm=159MB]
    ^-- Non heap [used=55MB, free=-1%, comm=57MB]
    ^-- Public thread pool [active=0, idle=0, qSize=0]
    ^-- System thread pool [active=0, idle=6, qSize=0]
    ^-- Outbound messages queue [size=0]
[22:40:51,752][INFO][grid-timeout-worker-#15%null%][IgniteKernal] 
Metrics for local node (to disable set 'metricsLogFrequency' to 0)
    ^-- Node [id=3fe88b5f, name=null, uptime=00:36:34:088]
    ^-- H/N/C [hosts=1, nodes=1, CPUs=1]
    ^-- CPU [cur=3%, avg=2.68%, GC=0%]
    ^-- PageMemory [pages=2248]
    ^-- Heap [used=129MB, free=49.37%, comm=159MB]
    ^-- Non heap [used=56MB, free=-1%, comm=57MB]
    ^-- Public thread pool [active=0, idle=0, qSize=0]
    ^-- System thread pool [active=0, idle=6, qSize=0]
    ^-- Outbound messages queue [size=0]
[22:41:51,752][INFO][grid-timeout-worker-#15%null%][IgniteKernal] 
Metrics for local node (to disable set 'metricsLogFrequency' to 0)
    ^-- Node [id=3fe88b5f, name=null, uptime=00:37:34:090]
    ^-- H/N/C [hosts=1, nodes=1, CPUs=1]
    ^-- CPU [cur=2.67%, avg=2.66%, GC=0%]
    ^-- PageMemory [pages=2248]
    ^-- Heap [used=41MB, free=83.73%, comm=159MB]
    ^-- Non heap [used=56MB, free=-1%, comm=57MB]
    ^-- Public thread pool [active=0, idle=0, qSize=0]
    ^-- System thread pool [active=0, idle=6, qSize=0]
    ^-- Outbound messages queue [size=0]
[22:42:51,760][INFO][grid-timeout-worker-#15%null%][IgniteKernal] 
Metrics for local node (to disable set 'metricsLogFrequency' to 0)
    ^-- Node [id=3fe88b5f, name=null, uptime=00:38:34:099]
    ^-- H/N/C [hosts=1, nodes=1, CPUs=1]
    ^-- CPU [cur=1.67%, avg=2.64%, GC=0%]
    ^-- PageMemory [pages=2248]
    ^-- Heap [used=46MB, free=81.78%, comm=159MB]
    ^-- Non heap [used=56MB, free=-1%, comm=57MB]
    ^-- Public thread pool [active=0, idle=0, qSize=0]
    ^-- System thread pool [active=0, idle=6, qSize=0]
    ^-- Outbound messages queue [size=0]
[22:43:51,766][INFO][grid-timeout-worker-#15%null%][IgniteKernal] 
Metrics for local node (to disable set 'metricsLogFrequency' to 0)
    ^-- Node [id=3fe88b5f, name=null, uptime=00:39:34:104]
    ^-- H/N/C [hosts=1, nodes=1, CPUs=1]
    ^-- CPU [cur=1.67%, avg=2.62%, GC=0%]
    ^-- PageMemory [pages=2248]
    ^-- Heap [used=51MB, free=79.82%, comm=159MB]
    ^-- Non heap [used=56MB, free=-1%, comm=57MB]
    ^-- Public thread pool [active=0, idle=0, qSize=0]
    ^-- System thread pool [active=0, idle=6, qSize=0]
    ^-- Outbound messages queue [size=0]
[22:44:51,773][INFO][grid-timeout-worker-#15%null%][IgniteKernal] 
Metrics for local node (to disable set 'metricsLogFrequency' to 0)
    ^-- Node [id=3fe88b5f, name=null, uptime=00:40:34:111]
    ^-- H/N/C [hosts=1, nodes=1, CPUs=1]
    ^-- CPU [cur=2%, avg=2.6%, GC=0%]
    ^-- PageMemory [pages=2248]
    ^-- Heap [used=56MB, free=77.87%, comm=159MB]
    ^-- Non heap [used=56MB, free=-1%, comm=57MB]
    ^-- Public thread pool [active=0, idle=0, qSize=0]
    ^-- System thread pool [active=0, idle=6, qSize=0]
    ^-- Outbound messages queue [size=0]
[22:45:51,780][INFO][grid-timeout-worker-#15%null%][IgniteKernal] 
Metrics for local node (to disable set 'metricsLogFrequency' to 0)
    ^-- Node [id=3fe88b5f, name=null, uptime=00:41:34:120]
    ^-- H/N/C [hosts=1, nodes=1, CPUs=1]
    ^-- CPU [cur=2%, avg=2.58%, GC=0%]
    ^-- PageMemory [pages=2248]
    ^-- Heap [used=61MB, free=75.92%, comm=159MB]
    ^-- Non heap [used=56MB, free=-1%, comm=57MB]
    ^-- Public thread pool [active=0, idle=0, qSize=0]
    ^-- System thread pool [active=0, idle=6, qSize=0]
    ^-- Outbound messages queue [size=0]
[22:46:51,788][INFO][grid-timeout-worker-#15%null%][IgniteKernal] 
Metrics for local node (to disable set 'metricsLogFrequency' to 0)
    ^-- Node [id=3fe88b5f, name=null, uptime=00:42:34:120]
    ^-- H/N/C [hosts=1, nodes=1, CPUs=1]
    ^-- CPU [cur=1.67%, avg=2.56%, GC=0%]
    ^-- PageMemory [pages=2248]
    ^-- Heap [used=65MB, free=74.35%, comm=159MB]
    ^-- Non heap [used=56MB, free=-1%, comm=57MB]
    ^-- Public thread pool [active=0, idle=0, qSize=0]
    ^-- System thread pool [active=0, idle=6, qSize=0]
    ^-- Outbound messages queue [size=0]
[22:47:51,790][INFO][grid-timeout-worker-#15%null%][IgniteKernal] 
Metrics for local node (to disable set 'metricsLogFrequency' to 0)
    ^-- Node [id=3fe88b5f, name=null, uptime=00:43:34:126]
    ^-- H/N/C [hosts=1, nodes=1, CPUs=1]
    ^-- CPU [cur=2.33%, avg=2.55%, GC=0%]
    ^-- PageMemory [pages=2248]
    ^-- Heap [used=70MB, free=72.4%, comm=159MB]
    ^-- Non heap [used=56MB, free=-1%, comm=57MB]
    ^-- Public thread pool [active=0, idle=0, qSize=0]
    ^-- System thread pool [active=0, idle=6, qSize=0]
    ^-- Outbound messages queue [size=0]
[22:48:51,793][INFO][grid-timeout-worker-#15%null%][IgniteKernal] 
Metrics for local node (to disable set 'metricsLogFrequency' to 0)
    ^-- Node [id=3fe88b5f, name=null, uptime=00:44:34:133]
    ^-- H/N/C [hosts=1, nodes=1, CPUs=1]
    ^-- CPU [cur=1.33%, avg=2.53%, GC=0%]
    ^-- PageMemory [pages=2248]
    ^-- Heap [used=75MB, free=70.45%, comm=159MB]
    ^-- Non heap [used=56MB, free=-1%, comm=57MB]
    ^-- Public thread pool [active=0, idle=0, qSize=0]
    ^-- System thread pool [active=0, idle=6, qSize=0]
    ^-- Outbound messages queue [size=0]
[22:49:51,809][INFO][grid-timeout-worker-#15%null%][IgniteKernal] 
Metrics for local node (to disable set 'metricsLogFrequency' to 0)
    ^-- Node [id=3fe88b5f, name=null, uptime=00:45:34:140]
    ^-- H/N/C [hosts=1, nodes=1, CPUs=1]
    ^-- CPU [cur=1.33%, avg=2.52%, GC=0%]
    ^-- PageMemory [pages=2248]
    ^-- Heap [used=80MB, free=68.49%, comm=159MB]
    ^-- Non heap [used=56MB, free=-1%, comm=57MB]
    ^-- Public thread pool [active=0, idle=0, qSize=0]
    ^-- System thread pool [active=0, idle=6, qSize=0]
    ^-- Outbound messages queue [size=0]
[22:50:51,816][INFO][grid-timeout-worker-#15%null%][IgniteKernal] 
Metrics for local node (to disable set 'metricsLogFrequency' to 0)
    ^-- Node [id=3fe88b5f, name=null, uptime=00:46:34:141]
    ^-- H/N/C [hosts=1, nodes=1, CPUs=1]
    ^-- CPU [cur=1.67%, avg=2.51%, GC=0%]
    ^-- PageMemory [pages=2248]
    ^-- Heap [used=85MB, free=66.54%, comm=159MB]
    ^-- Non heap [used=56MB, free=-1%, comm=57MB]
    ^-- Public thread pool [active=0, idle=0, qSize=0]
    ^-- System thread pool [active=0, idle=6, qSize=0]
    ^-- Outbound messages queue [size=0]
[22:51:51,828][INFO][grid-timeout-worker-#15%null%][IgniteKernal] 
Metrics for local node (to disable set 'metricsLogFrequency' to 0)
    ^-- Node [id=3fe88b5f, name=null, uptime=00:47:34:165]
    ^-- H/N/C [hosts=1, nodes=1, CPUs=1]
    ^-- CPU [cur=1.67%, avg=2.49%, GC=0%]
    ^-- PageMemory [pages=2248]
    ^-- Heap [used=90MB, free=64.59%, comm=159MB]
    ^-- Non heap [used=56MB, free=-1%, comm=57MB]
    ^-- Public thread pool [active=0, idle=0, qSize=0]
    ^-- System thread pool [active=0, idle=6, qSize=0]
    ^-- Outbound messages queue [size=0]
[22:52:51,836][INFO][grid-timeout-worker-#15%null%][IgniteKernal] 
Metrics for local node (to disable set 'metricsLogFrequency' to 0)
    ^-- Node [id=3fe88b5f, name=null, uptime=00:48:34:170]
    ^-- H/N/C [hosts=1, nodes=1, CPUs=1]
    ^-- CPU [cur=1.67%, avg=2.49%, GC=0%]
    ^-- PageMemory [pages=2248]
    ^-- Heap [used=95MB, free=62.64%, comm=159MB]
    ^-- Non heap [used=56MB, free=-1%, comm=57MB]
    ^-- Public thread pool [active=0, idle=0, qSize=0]
    ^-- System thread pool [active=0, idle=6, qSize=0]
    ^-- Outbound messages queue [size=0]
[22:53:51,837][INFO][grid-timeout-worker-#15%null%][IgniteKernal] 
Metrics for local node (to disable set 'metricsLogFrequency' to 0)
    ^-- Node [id=3fe88b5f, name=null, uptime=00:49:34:173]
    ^-- H/N/C [hosts=1, nodes=1, CPUs=1]
    ^-- CPU [cur=1.67%, avg=2.47%, GC=0%]
    ^-- PageMemory [pages=2248]
    ^-- Heap [used=99MB, free=61.07%, comm=159MB]
    ^-- Non heap [used=56MB, free=-1%, comm=57MB]
    ^-- Public thread pool [active=0, idle=0, qSize=0]
    ^-- System thread pool [active=0, idle=6, qSize=0]
    ^-- Outbound messages queue [size=0]
[22:54:51,844][INFO][grid-timeout-worker-#15%null%][IgniteKernal] 
Metrics for local node (to disable set 'metricsLogFrequency' to 0)
    ^-- Node [id=3fe88b5f, name=null, uptime=00:50:34:179]
    ^-- H/N/C [hosts=1, nodes=1, CPUs=1]
    ^-- CPU [cur=1.67%, avg=2.46%, GC=0%]
    ^-- PageMemory [pages=2248]
    ^-- Heap [used=104MB, free=59.12%, comm=159MB]
    ^-- Non heap [used=56MB, free=-1%, comm=57MB]
    ^-- Public thread pool [active=0, idle=0, qSize=0]
    ^-- System thread pool [active=0, idle=6, qSize=0]
    ^-- Outbound messages queue [size=0]
[22:55:26,640][INFO][Thread-13][G] Invoking shutdown hook...
