[23:15:33,619][INFO][pool-2-thread-1][IgniteKernal] 

>>>    __________  ________________  
>>>   /  _/ ___/ |/ /  _/_  __/ __/  
>>>  _/ // (7 7    // /  / / / _/    
>>> /___/\___/_/|_/___/ /_/ /___/   
>>> 
>>> ver. 2.0.0#20170430-sha1:d4eef3c6
>>> 2017 Copyright(C) Apache Software Foundation
>>> 
>>> Ignite documentation: http://ignite.apache.org

[23:15:33,645][INFO][pool-2-thread-1][IgniteKernal] Config URL: file:/opt/apache-ignite-fabric-2.0.0-bin/examples/config/kaf-ignite.xml
[23:15:33,645][INFO][pool-2-thread-1][IgniteKernal] Daemon mode: off
[23:15:33,645][INFO][pool-2-thread-1][IgniteKernal] OS: Linux 4.4.0-31-generic amd64
[23:15:33,645][INFO][pool-2-thread-1][IgniteKernal] OS user: shravya
[23:15:33,645][INFO][pool-2-thread-1][IgniteKernal] PID: 5012
[23:15:33,646][INFO][pool-2-thread-1][IgniteKernal] Language runtime: Java Platform API Specification ver. 1.8
[23:15:33,646][INFO][pool-2-thread-1][IgniteKernal] VM information: Java(TM) SE Runtime Environment 1.8.0_131-b11 Oracle Corporation Java HotSpot(TM) 64-Bit Server VM 25.131-b11
[23:15:33,648][INFO][pool-2-thread-1][IgniteKernal] VM total memory: 0.25GB
[23:15:33,648][INFO][pool-2-thread-1][IgniteKernal] Remote Management [restart: off, REST: on, JMX (remote: on, port: <n/a>, auth: off, ssl: off)]
[23:15:33,655][INFO][pool-2-thread-1][IgniteKernal] IGNITE_HOME=/opt/apache-ignite-fabric-2.0.0-bin
[23:15:33,656][INFO][pool-2-thread-1][IgniteKernal] VM arguments: [-Xmx256M, -XX:+UseG1GC, -XX:MaxGCPauseMillis=20, -XX:InitiatingHeapOccupancyPercent=35, -XX:+DisableExplicitGC, -Djava.awt.headless=true, -Dcom.sun.management.jmxremote, -Dcom.sun.management.jmxremote.authenticate=false, -Dcom.sun.management.jmxremote.ssl=false, -Dkafka.logs.dir=bin/../logs, -Dlog4j.configuration=file:bin/../config/connect-log4j.properties]
[23:15:33,656][INFO][pool-2-thread-1][IgniteKernal] System cache's MemoryPolicy size is configured to 40 MB. Use MemoryConfiguration.systemCacheMemorySize property to change the setting.
[23:15:33,656][INFO][pool-2-thread-1][IgniteKernal] Configured caches [in 'default' memoryPolicy: ['ignite-sys-cache', 'ignite-atomics-sys-cache', 'connCache']]
[23:15:33,656][WARNING][pool-2-thread-1][IgniteKernal] Peer class loading is enabled (disable it in production for performance and deployment consistency reasons)
[23:15:33,704][INFO][pool-2-thread-1][IgniteKernal] 3-rd party licenses can be found at: /opt/apache-ignite-fabric-2.0.0-bin/libs/licenses
[23:15:33,735][WARNING][pub-#14%null%][GridDiagnostic] Initial heap size is 32MB (should be no less than 512MB, use -Xms512m -Xmx512m).
[23:15:33,704][WARNING][pub-#13%null%][GridDiagnostic] JMX remote management is enabled but JMX port is either not set or invalid. Check system property 'com.sun.management.jmxremote.port' to make sure it specifies valid TCP/IP port.
[23:15:34,038][INFO][pool-2-thread-1][IgnitePluginProcessor] Configured plugins:
[23:15:34,039][INFO][pool-2-thread-1][IgnitePluginProcessor]   ^-- None
[23:15:34,039][INFO][pool-2-thread-1][IgnitePluginProcessor] 
[23:15:34,414][INFO][pool-2-thread-1][TcpCommunicationSpi] Successfully bound communication NIO server to TCP port [port=47100, locHost=0.0.0.0/0.0.0.0, selectorsCnt=4, selectorSpins=0, pairedConn=false]
[23:15:34,523][WARNING][pool-2-thread-1][TcpCommunicationSpi] Message queue limit is set to 0 which may lead to potential OOMEs when running cache operations in FULL_ASYNC or PRIMARY_SYNC modes due to message queues growth on sender and receiver sides.
[23:15:34,596][WARNING][pool-2-thread-1][NoopCheckpointSpi] Checkpoints are disabled (to enable configure any GridCheckpointSpi implementation)
[23:15:34,760][WARNING][pool-2-thread-1][GridCollisionManager] Collision resolution is disabled (all jobs will be activated upon arrival).
[23:15:34,763][INFO][pool-2-thread-1][IgniteKernal] Security status [authentication=off, tls/ssl=off]
[23:15:35,555][WARNING][pool-2-thread-1][IgniteCacheDatabaseSharedManager] No user-defined default MemoryPolicy found; system default of 1GB size will be used.
[23:15:36,160][INFO][pool-2-thread-1][GridTcpRestProtocol] Command protocol successfully started [name=TCP binary, host=0.0.0.0/0.0.0.0, port=11211]
[23:15:36,407][INFO][pool-2-thread-1][IgniteKernal] Non-loopback local IPs: 10.0.2.15, fe80:0:0:0:a00:27ff:fef7:15ba%eth0
[23:15:36,407][INFO][pool-2-thread-1][IgniteKernal] Enabled local MACs: 080027F715BA
[23:15:36,535][INFO][pool-2-thread-1][TcpDiscoverySpi] Successfully bound to TCP port [port=47500, localHost=0.0.0.0/0.0.0.0, locNodeId=2e78ea3a-4027-4afc-b8b7-34e41399257a]
[23:15:38,270][INFO][pool-2-thread-1][GridCacheProcessor] Started cache [name=ignite-sys-cache, memoryPolicyName=sysMemPlc, mode=REPLICATED]
[23:15:38,297][INFO][pool-2-thread-1][GridCacheProcessor] Started cache [name=ignite-atomics-sys-cache, memoryPolicyName=sysMemPlc, mode=PARTITIONED]
[23:15:38,401][INFO][pool-2-thread-1][GridCacheProcessor] Started cache [name=connCache, memoryPolicyName=null, mode=PARTITIONED]
[23:15:38,738][INFO][exchange-worker-#27%null%][GridCachePartitionExchangeManager] Skipping rebalancing (nothing scheduled) [top=AffinityTopologyVersion [topVer=1, minorTopVer=0], evt=NODE_JOINED, node=2e78ea3a-4027-4afc-b8b7-34e41399257a]
[23:15:38,834][INFO][pool-2-thread-1][IgniteKernal] Performance suggestions for grid  (fix if possible)
[23:15:38,834][INFO][pool-2-thread-1][IgniteKernal] To disable, set -DIGNITE_PERFORMANCE_SUGGESTIONS_DISABLED=true
[23:15:38,834][INFO][pool-2-thread-1][IgniteKernal]   ^-- Disable grid events (remove 'includeEventTypes' from configuration)
[23:15:38,839][INFO][pool-2-thread-1][IgniteKernal]   ^-- Set max direct memory size if getting 'OOME: Direct buffer memory' (add '-XX:MaxDirectMemorySize=<size>[g|G|m|M|k|K]' to JVM options)
[23:15:38,839][INFO][pool-2-thread-1][IgniteKernal] Refer to this page for more performance suggestions: https://apacheignite.readme.io/docs/jvm-and-system-tuning
[23:15:38,847][INFO][pool-2-thread-1][IgniteKernal] 
[23:15:38,852][INFO][pool-2-thread-1][IgniteKernal] To start Console Management & Monitoring run ignitevisorcmd.{sh|bat}
[23:15:38,859][INFO][pool-2-thread-1][IgniteKernal] 
[23:15:38,860][INFO][pool-2-thread-1][IgniteKernal] 

>>> +----------------------------------------------------------------------+
>>> Ignite ver. 2.0.0#20170430-sha1:d4eef3c68ff116ee34bc13648cd82c640b3ea072
>>> +----------------------------------------------------------------------+
>>> OS name: Linux 4.4.0-31-generic amd64
>>> CPU(s): 1
>>> Heap: 0.25GB
>>> VM name: 5012@shravya-VirtualBox
>>> Local node [ID=2E78EA3A-4027-4AFC-B8B7-34E41399257A, order=1, clientMode=false]
>>> Local node addresses: [10.0.2.15/0:0:0:0:0:0:0:1%lo, /10.0.2.15, /127.0.0.1]
>>> Local ports: TCP:11211 TCP:47100 UDP:47400 TCP:47500 

[23:15:38,877][INFO][pool-2-thread-1][GridDiscoveryManager] Topology snapshot [ver=1, servers=1, clients=0, CPUs=1, heap=0.25GB]
[23:16:38,860][INFO][grid-timeout-worker-#15%null%][IgniteKernal] 
Metrics for local node (to disable set 'metricsLogFrequency' to 0)
    ^-- Node [id=2e78ea3a, name=null, uptime=00:01:00:020]
    ^-- H/N/C [hosts=1, nodes=1, CPUs=1]
    ^-- CPU [cur=6.33%, avg=5.23%, GC=0%]
    ^-- PageMemory [pages=4298]
    ^-- Heap [used=100MB, free=60.94%, comm=134MB]
    ^-- Non heap [used=53MB, free=-1%, comm=55MB]
    ^-- Public thread pool [active=0, idle=0, qSize=0]
    ^-- System thread pool [active=0, idle=6, qSize=0]
    ^-- Outbound messages queue [size=0]
[23:16:48,095][INFO][ignite-update-notifier-timer][GridUpdateNotifier] Update status is not available.
[23:17:38,868][INFO][grid-timeout-worker-#15%null%][IgniteKernal] 
Metrics for local node (to disable set 'metricsLogFrequency' to 0)
    ^-- Node [id=2e78ea3a, name=null, uptime=00:02:00:045]
    ^-- H/N/C [hosts=1, nodes=1, CPUs=1]
    ^-- CPU [cur=1.67%, avg=3.7%, GC=0%]
    ^-- PageMemory [pages=4298]
    ^-- Heap [used=105MB, free=58.98%, comm=134MB]
    ^-- Non heap [used=54MB, free=-1%, comm=55MB]
    ^-- Public thread pool [active=0, idle=0, qSize=0]
    ^-- System thread pool [active=0, idle=6, qSize=0]
    ^-- Outbound messages queue [size=0]
[23:18:38,873][INFO][grid-timeout-worker-#15%null%][IgniteKernal] 
Metrics for local node (to disable set 'metricsLogFrequency' to 0)
    ^-- Node [id=2e78ea3a, name=null, uptime=00:03:00:048]
    ^-- H/N/C [hosts=1, nodes=1, CPUs=1]
    ^-- CPU [cur=2%, avg=3.18%, GC=0%]
    ^-- PageMemory [pages=4298]
    ^-- Heap [used=110MB, free=57.03%, comm=134MB]
    ^-- Non heap [used=54MB, free=-1%, comm=55MB]
    ^-- Public thread pool [active=0, idle=0, qSize=0]
    ^-- System thread pool [active=0, idle=5, qSize=0]
    ^-- Outbound messages queue [size=0]
[23:19:38,878][INFO][grid-timeout-worker-#15%null%][IgniteKernal] 
Metrics for local node (to disable set 'metricsLogFrequency' to 0)
    ^-- Node [id=2e78ea3a, name=null, uptime=00:04:00:061]
    ^-- H/N/C [hosts=1, nodes=1, CPUs=1]
    ^-- CPU [cur=2%, avg=2.88%, GC=0%]
    ^-- PageMemory [pages=4298]
    ^-- Heap [used=114MB, free=55.47%, comm=134MB]
    ^-- Non heap [used=54MB, free=-1%, comm=55MB]
    ^-- Public thread pool [active=0, idle=0, qSize=0]
    ^-- System thread pool [active=0, idle=6, qSize=0]
    ^-- Outbound messages queue [size=0]
[23:20:38,886][INFO][grid-timeout-worker-#15%null%][IgniteKernal] 
Metrics for local node (to disable set 'metricsLogFrequency' to 0)
    ^-- Node [id=2e78ea3a, name=null, uptime=00:05:00:068]
    ^-- H/N/C [hosts=1, nodes=1, CPUs=1]
    ^-- CPU [cur=1.33%, avg=2.64%, GC=0%]
    ^-- PageMemory [pages=4298]
    ^-- Heap [used=41MB, free=83.79%, comm=134MB]
    ^-- Non heap [used=54MB, free=-1%, comm=56MB]
    ^-- Public thread pool [active=0, idle=0, qSize=0]
    ^-- System thread pool [active=0, idle=6, qSize=0]
    ^-- Outbound messages queue [size=0]
[23:21:38,890][INFO][grid-timeout-worker-#15%null%][IgniteKernal] 
Metrics for local node (to disable set 'metricsLogFrequency' to 0)
    ^-- Node [id=2e78ea3a, name=null, uptime=00:06:00:072]
    ^-- H/N/C [hosts=1, nodes=1, CPUs=1]
    ^-- CPU [cur=1.67%, avg=2.51%, GC=0%]
    ^-- PageMemory [pages=4298]
    ^-- Heap [used=37MB, free=85.35%, comm=134MB]
    ^-- Non heap [used=54MB, free=-1%, comm=56MB]
    ^-- Public thread pool [active=0, idle=0, qSize=0]
    ^-- System thread pool [active=0, idle=6, qSize=0]
    ^-- Outbound messages queue [size=0]
[23:22:38,902][INFO][grid-timeout-worker-#15%null%][IgniteKernal] 
Metrics for local node (to disable set 'metricsLogFrequency' to 0)
    ^-- Node [id=2e78ea3a, name=null, uptime=00:07:00:081]
    ^-- H/N/C [hosts=1, nodes=1, CPUs=1]
    ^-- CPU [cur=1.67%, avg=2.47%, GC=0%]
    ^-- PageMemory [pages=4298]
    ^-- Heap [used=41MB, free=83.79%, comm=134MB]
    ^-- Non heap [used=55MB, free=-1%, comm=56MB]
    ^-- Public thread pool [active=0, idle=0, qSize=0]
    ^-- System thread pool [active=0, idle=6, qSize=0]
    ^-- Outbound messages queue [size=0]
[23:23:25,214][WARNING][disco-event-worker-#25%null%][GridDiscoveryManager] Remote node has peer class loading enabled flag different from local [locId8=2e78ea3a, locPeerClassLoading=true, rmtId8=3e98a34f, rmtPeerClassLoading=false, rmtAddrs=[10.0.2.15/0:0:0:0:0:0:0:1%lo, /10.0.2.15, /127.0.0.1]]
[23:23:25,215][INFO][disco-event-worker-#25%null%][GridDiscoveryManager] Added new node to topology: TcpDiscoveryNode [id=3e98a34f-eba4-4b99-9266-bf94f8e869b9, addrs=[0:0:0:0:0:0:0:1%lo, 10.0.2.15, 127.0.0.1], sockAddrs=[/10.0.2.15:47501, /0:0:0:0:0:0:0:1%lo:47501, /127.0.0.1:47501], discPort=47501, order=2, intOrder=2, lastExchangeTime=1500054804955, loc=false, ver=2.0.0#20170430-sha1:d4eef3c6, isClient=false]
[23:23:25,216][INFO][disco-event-worker-#25%null%][GridDiscoveryManager] Topology snapshot [ver=2, servers=2, clients=0, CPUs=1, heap=1.3GB]
[23:23:25,492][INFO][disco-event-worker-#25%null%][GridDiscoveryManager] Node left topology: TcpDiscoveryNode [id=3e98a34f-eba4-4b99-9266-bf94f8e869b9, addrs=[0:0:0:0:0:0:0:1%lo, 10.0.2.15, 127.0.0.1], sockAddrs=[/10.0.2.15:47501, /0:0:0:0:0:0:0:1%lo:47501, /127.0.0.1:47501], discPort=47501, order=2, intOrder=2, lastExchangeTime=1500054804955, loc=false, ver=2.0.0#20170430-sha1:d4eef3c6, isClient=false]
[23:23:25,494][INFO][disco-event-worker-#25%null%][GridDiscoveryManager] Topology snapshot [ver=3, servers=1, clients=0, CPUs=1, heap=0.25GB]
[23:23:25,572][INFO][exchange-worker-#27%null%][GridCachePartitionExchangeManager] Skipping rebalancing (nothing scheduled) [top=AffinityTopologyVersion [topVer=2, minorTopVer=0], evt=NODE_JOINED, node=3e98a34f-eba4-4b99-9266-bf94f8e869b9]
[23:23:25,882][INFO][exchange-worker-#27%null%][GridCachePartitionExchangeManager] Skipping rebalancing (nothing scheduled) [top=AffinityTopologyVersion [topVer=3, minorTopVer=0], evt=NODE_LEFT, node=3e98a34f-eba4-4b99-9266-bf94f8e869b9]
[23:23:38,904][INFO][grid-timeout-worker-#15%null%][IgniteKernal] 
Metrics for local node (to disable set 'metricsLogFrequency' to 0)
    ^-- Node [id=2e78ea3a, name=null, uptime=00:08:00:087]
    ^-- H/N/C [hosts=1, nodes=1, CPUs=1]
    ^-- CPU [cur=2.33%, avg=2.49%, GC=0%]
    ^-- PageMemory [pages=4298]
    ^-- Heap [used=65MB, free=74.59%, comm=134MB]
    ^-- Non heap [used=56MB, free=-1%, comm=57MB]
    ^-- Public thread pool [active=0, idle=2, qSize=0]
    ^-- System thread pool [active=0, idle=7, qSize=0]
    ^-- Outbound messages queue [size=0]
[23:24:38,912][INFO][grid-timeout-worker-#15%null%][IgniteKernal] 
Metrics for local node (to disable set 'metricsLogFrequency' to 0)
    ^-- Node [id=2e78ea3a, name=null, uptime=00:09:00:091]
    ^-- H/N/C [hosts=1, nodes=1, CPUs=1]
    ^-- CPU [cur=1.33%, avg=2.54%, GC=0%]
    ^-- PageMemory [pages=4298]
    ^-- Heap [used=69MB, free=73.03%, comm=134MB]
    ^-- Non heap [used=57MB, free=-1%, comm=58MB]
    ^-- Public thread pool [active=0, idle=0, qSize=0]
    ^-- System thread pool [active=0, idle=6, qSize=0]
    ^-- Outbound messages queue [size=0]
[23:25:38,914][INFO][grid-timeout-worker-#15%null%][IgniteKernal] 
Metrics for local node (to disable set 'metricsLogFrequency' to 0)
    ^-- Node [id=2e78ea3a, name=null, uptime=00:10:00:095]
    ^-- H/N/C [hosts=1, nodes=1, CPUs=1]
    ^-- CPU [cur=1.67%, avg=2.49%, GC=0%]
    ^-- PageMemory [pages=4298]
    ^-- Heap [used=73MB, free=71.47%, comm=134MB]
    ^-- Non heap [used=57MB, free=-1%, comm=58MB]
    ^-- Public thread pool [active=0, idle=0, qSize=0]
    ^-- System thread pool [active=0, idle=6, qSize=0]
    ^-- Outbound messages queue [size=0]
[23:26:18,478][INFO][disco-event-worker-#25%null%][GridDiscoveryManager] Added new node to topology: TcpDiscoveryNode [id=c1df9b89-bf45-4c63-a75b-368d76555756, addrs=[0:0:0:0:0:0:0:1%lo, 10.0.2.15, 127.0.0.1], sockAddrs=[/10.0.2.15:47501, /0:0:0:0:0:0:0:1%lo:47501, /127.0.0.1:47501], discPort=47501, order=4, intOrder=3, lastExchangeTime=1500054978287, loc=false, ver=2.0.0#20170430-sha1:d4eef3c6, isClient=false]
[23:26:18,485][INFO][disco-event-worker-#25%null%][GridDiscoveryManager] Topology snapshot [ver=4, servers=2, clients=0, CPUs=1, heap=1.3GB]
[23:26:19,718][INFO][grid-nio-worker-tcp-comm-0-#17%null%][TcpCommunicationSpi] Accepted incoming communication connection [locAddr=/0:0:0:0:0:0:0:1:47100, rmtAddr=/0:0:0:0:0:0:0:1:41260]
[23:26:20,453][INFO][exchange-worker-#27%null%][GridCachePartitionExchangeManager] Skipping rebalancing (nothing scheduled) [top=AffinityTopologyVersion [topVer=4, minorTopVer=0], evt=NODE_JOINED, node=c1df9b89-bf45-4c63-a75b-368d76555756]
[23:26:22,620][INFO][exchange-worker-#27%null%][GridCachePartitionExchangeManager] Skipping rebalancing (nothing scheduled) [top=AffinityTopologyVersion [topVer=4, minorTopVer=1], evt=DISCOVERY_CUSTOM_EVT, node=2e78ea3a-4027-4afc-b8b7-34e41399257a]
[23:26:38,915][INFO][grid-timeout-worker-#15%null%][IgniteKernal] 
Metrics for local node (to disable set 'metricsLogFrequency' to 0)
    ^-- Node [id=2e78ea3a, name=null, uptime=00:11:00:098]
    ^-- H/N/C [hosts=1, nodes=2, CPUs=1]
    ^-- CPU [cur=2.33%, avg=2.54%, GC=0%]
    ^-- PageMemory [pages=4300]
    ^-- Heap [used=47MB, free=81.57%, comm=134MB]
    ^-- Non heap [used=59MB, free=-1%, comm=60MB]
    ^-- Public thread pool [active=0, idle=0, qSize=0]
    ^-- System thread pool [active=0, idle=8, qSize=0]
    ^-- Outbound messages queue [size=0]
[23:27:38,917][INFO][grid-timeout-worker-#15%null%][IgniteKernal] 
Metrics for local node (to disable set 'metricsLogFrequency' to 0)
    ^-- Node [id=2e78ea3a, name=null, uptime=00:12:00:099]
    ^-- H/N/C [hosts=1, nodes=2, CPUs=1]
    ^-- CPU [cur=1.33%, avg=2.5%, GC=0%]
    ^-- PageMemory [pages=4300]
    ^-- Heap [used=53MB, free=79.22%, comm=134MB]
    ^-- Non heap [used=59MB, free=-1%, comm=61MB]
    ^-- Public thread pool [active=0, idle=0, qSize=0]
    ^-- System thread pool [active=0, idle=6, qSize=0]
    ^-- Outbound messages queue [size=0]
[23:28:38,924][INFO][grid-timeout-worker-#15%null%][IgniteKernal] 
Metrics for local node (to disable set 'metricsLogFrequency' to 0)
    ^-- Node [id=2e78ea3a, name=null, uptime=00:13:00:104]
    ^-- H/N/C [hosts=1, nodes=2, CPUs=1]
    ^-- CPU [cur=1%, avg=2.43%, GC=0%]
    ^-- PageMemory [pages=4300]
    ^-- Heap [used=59MB, free=76.88%, comm=134MB]
    ^-- Non heap [used=59MB, free=-1%, comm=61MB]
    ^-- Public thread pool [active=0, idle=0, qSize=0]
    ^-- System thread pool [active=0, idle=6, qSize=0]
    ^-- Outbound messages queue [size=0]
[23:29:38,929][INFO][grid-timeout-worker-#15%null%][IgniteKernal] 
Metrics for local node (to disable set 'metricsLogFrequency' to 0)
    ^-- Node [id=2e78ea3a, name=null, uptime=00:14:00:108]
    ^-- H/N/C [hosts=1, nodes=2, CPUs=1]
    ^-- CPU [cur=2.67%, avg=2.6%, GC=0%]
    ^-- PageMemory [pages=4300]
    ^-- Heap [used=66MB, free=74.15%, comm=134MB]
    ^-- Non heap [used=60MB, free=-1%, comm=62MB]
    ^-- Public thread pool [active=0, idle=0, qSize=0]
    ^-- System thread pool [active=0, idle=6, qSize=0]
    ^-- Outbound messages queue [size=0]
[23:30:38,935][INFO][grid-timeout-worker-#15%null%][IgniteKernal] 
Metrics for local node (to disable set 'metricsLogFrequency' to 0)
    ^-- Node [id=2e78ea3a, name=null, uptime=00:15:00:116]
    ^-- H/N/C [hosts=1, nodes=2, CPUs=1]
    ^-- CPU [cur=3%, avg=3.01%, GC=0.6%]
    ^-- PageMemory [pages=4301]
    ^-- Heap [used=35MB, free=86.23%, comm=134MB]
    ^-- Non heap [used=62MB, free=-1%, comm=63MB]
    ^-- Public thread pool [active=0, idle=0, qSize=0]
    ^-- System thread pool [active=0, idle=6, qSize=0]
    ^-- Outbound messages queue [size=0]
[23:30:38,936][INFO][grid-timeout-worker-#15%null%][IgniteKernal] FreeList [name=null, buckets=256, dataPages=1, reusePages=1068]
[23:31:38,940][INFO][grid-timeout-worker-#15%null%][IgniteKernal] 
Metrics for local node (to disable set 'metricsLogFrequency' to 0)
    ^-- Node [id=2e78ea3a, name=null, uptime=00:16:00:124]
    ^-- H/N/C [hosts=1, nodes=2, CPUs=1]
    ^-- CPU [cur=2%, avg=2.94%, GC=0%]
    ^-- PageMemory [pages=4301]
    ^-- Heap [used=35MB, free=86.07%, comm=134MB]
    ^-- Non heap [used=62MB, free=-1%, comm=64MB]
    ^-- Public thread pool [active=0, idle=0, qSize=0]
    ^-- System thread pool [active=0, idle=6, qSize=0]
    ^-- Outbound messages queue [size=0]
[23:31:38,951][INFO][grid-timeout-worker-#15%null%][IgniteKernal] FreeList [name=null, buckets=256, dataPages=1, reusePages=1068]
[23:32:38,951][INFO][grid-timeout-worker-#15%null%][IgniteKernal] 
Metrics for local node (to disable set 'metricsLogFrequency' to 0)
    ^-- Node [id=2e78ea3a, name=null, uptime=00:17:00:134]
    ^-- H/N/C [hosts=1, nodes=2, CPUs=1]
    ^-- CPU [cur=1.67%, avg=2.9%, GC=4.6%]
    ^-- PageMemory [pages=4301]
    ^-- Heap [used=27MB, free=89.21%, comm=134MB]
    ^-- Non heap [used=62MB, free=-1%, comm=64MB]
    ^-- Public thread pool [active=0, idle=0, qSize=0]
    ^-- System thread pool [active=0, idle=6, qSize=0]
    ^-- Outbound messages queue [size=0]
[23:32:38,971][INFO][grid-timeout-worker-#15%null%][IgniteKernal] FreeList [name=null, buckets=256, dataPages=1, reusePages=1068]
[23:33:38,973][INFO][grid-timeout-worker-#15%null%][IgniteKernal] 
Metrics for local node (to disable set 'metricsLogFrequency' to 0)
    ^-- Node [id=2e78ea3a, name=null, uptime=00:18:00:157]
    ^-- H/N/C [hosts=1, nodes=2, CPUs=1]
    ^-- CPU [cur=1.33%, avg=2.82%, GC=0%]
    ^-- PageMemory [pages=4301]
    ^-- Heap [used=28MB, free=88.92%, comm=134MB]
    ^-- Non heap [used=63MB, free=-1%, comm=64MB]
    ^-- Public thread pool [active=0, idle=0, qSize=0]
    ^-- System thread pool [active=0, idle=6, qSize=0]
    ^-- Outbound messages queue [size=0]
[23:33:39,023][INFO][grid-timeout-worker-#15%null%][IgniteKernal] FreeList [name=null, buckets=256, dataPages=1, reusePages=1068]
[23:34:39,031][INFO][grid-timeout-worker-#15%null%][IgniteKernal] 
Metrics for local node (to disable set 'metricsLogFrequency' to 0)
    ^-- Node [id=2e78ea3a, name=null, uptime=00:19:00:213]
    ^-- H/N/C [hosts=1, nodes=2, CPUs=1]
    ^-- CPU [cur=2.67%, avg=2.77%, GC=0%]
    ^-- PageMemory [pages=4301]
    ^-- Heap [used=29MB, free=88.55%, comm=134MB]
    ^-- Non heap [used=62MB, free=-1%, comm=64MB]
    ^-- Public thread pool [active=0, idle=0, qSize=0]
    ^-- System thread pool [active=0, idle=6, qSize=0]
    ^-- Outbound messages queue [size=0]
[23:34:39,072][INFO][grid-timeout-worker-#15%null%][IgniteKernal] FreeList [name=null, buckets=256, dataPages=1, reusePages=1068]
[23:35:39,079][INFO][grid-timeout-worker-#15%null%][IgniteKernal] 
Metrics for local node (to disable set 'metricsLogFrequency' to 0)
    ^-- Node [id=2e78ea3a, name=null, uptime=00:20:00:256]
    ^-- H/N/C [hosts=1, nodes=2, CPUs=1]
    ^-- CPU [cur=1.67%, avg=2.74%, GC=0%]
    ^-- PageMemory [pages=4301]
    ^-- Heap [used=29MB, free=88.53%, comm=134MB]
    ^-- Non heap [used=62MB, free=-1%, comm=64MB]
    ^-- Public thread pool [active=0, idle=0, qSize=0]
    ^-- System thread pool [active=0, idle=6, qSize=0]
    ^-- Outbound messages queue [size=0]
[23:35:39,079][INFO][grid-timeout-worker-#15%null%][IgniteKernal] FreeList [name=null, buckets=256, dataPages=1, reusePages=1068]
[23:36:39,083][INFO][grid-timeout-worker-#15%null%][IgniteKernal] 
Metrics for local node (to disable set 'metricsLogFrequency' to 0)
    ^-- Node [id=2e78ea3a, name=null, uptime=00:21:00:265]
    ^-- H/N/C [hosts=1, nodes=2, CPUs=1]
    ^-- CPU [cur=2%, avg=2.69%, GC=0%]
    ^-- PageMemory [pages=4301]
    ^-- Heap [used=30MB, free=88.14%, comm=134MB]
    ^-- Non heap [used=62MB, free=-1%, comm=64MB]
    ^-- Public thread pool [active=0, idle=0, qSize=0]
    ^-- System thread pool [active=0, idle=6, qSize=0]
    ^-- Outbound messages queue [size=0]
[23:36:39,084][INFO][grid-timeout-worker-#15%null%][IgniteKernal] FreeList [name=null, buckets=256, dataPages=1, reusePages=1068]
[23:37:39,086][INFO][grid-timeout-worker-#15%null%][IgniteKernal] 
Metrics for local node (to disable set 'metricsLogFrequency' to 0)
    ^-- Node [id=2e78ea3a, name=null, uptime=00:22:00:265]
    ^-- H/N/C [hosts=1, nodes=2, CPUs=1]
    ^-- CPU [cur=10%, avg=2.72%, GC=0%]
    ^-- PageMemory [pages=4301]
    ^-- Heap [used=31MB, free=87.72%, comm=134MB]
    ^-- Non heap [used=63MB, free=-1%, comm=64MB]
    ^-- Public thread pool [active=0, idle=0, qSize=0]
    ^-- System thread pool [active=0, idle=6, qSize=0]
    ^-- Outbound messages queue [size=0]
[23:37:39,087][INFO][grid-timeout-worker-#15%null%][IgniteKernal] FreeList [name=null, buckets=256, dataPages=1, reusePages=1068]
[23:38:39,091][INFO][grid-timeout-worker-#15%null%][IgniteKernal] 
Metrics for local node (to disable set 'metricsLogFrequency' to 0)
    ^-- Node [id=2e78ea3a, name=null, uptime=00:23:00:271]
    ^-- H/N/C [hosts=1, nodes=2, CPUs=1]
    ^-- CPU [cur=1%, avg=2.65%, GC=0%]
    ^-- PageMemory [pages=4301]
    ^-- Heap [used=27MB, free=89.27%, comm=134MB]
    ^-- Non heap [used=63MB, free=-1%, comm=64MB]
    ^-- Public thread pool [active=0, idle=0, qSize=0]
    ^-- System thread pool [active=0, idle=6, qSize=0]
    ^-- Outbound messages queue [size=0]
[23:38:39,091][INFO][grid-timeout-worker-#15%null%][IgniteKernal] FreeList [name=null, buckets=256, dataPages=1, reusePages=1068]
[23:39:39,096][INFO][grid-timeout-worker-#15%null%][IgniteKernal] 
Metrics for local node (to disable set 'metricsLogFrequency' to 0)
    ^-- Node [id=2e78ea3a, name=null, uptime=00:24:00:279]
    ^-- H/N/C [hosts=1, nodes=2, CPUs=1]
    ^-- CPU [cur=1%, avg=2.59%, GC=0%]
    ^-- PageMemory [pages=4301]
    ^-- Heap [used=27MB, free=89.29%, comm=134MB]
    ^-- Non heap [used=63MB, free=-1%, comm=64MB]
    ^-- Public thread pool [active=0, idle=0, qSize=0]
    ^-- System thread pool [active=0, idle=6, qSize=0]
    ^-- Outbound messages queue [size=0]
[23:39:39,110][INFO][grid-timeout-worker-#15%null%][IgniteKernal] FreeList [name=null, buckets=256, dataPages=1, reusePages=1068]
[23:40:39,114][INFO][grid-timeout-worker-#15%null%][IgniteKernal] 
Metrics for local node (to disable set 'metricsLogFrequency' to 0)
    ^-- Node [id=2e78ea3a, name=null, uptime=00:25:00:298]
    ^-- H/N/C [hosts=1, nodes=2, CPUs=1]
    ^-- CPU [cur=1.33%, avg=2.53%, GC=0%]
    ^-- PageMemory [pages=4301]
    ^-- Heap [used=28MB, free=88.86%, comm=134MB]
    ^-- Non heap [used=63MB, free=-1%, comm=64MB]
    ^-- Public thread pool [active=0, idle=0, qSize=0]
    ^-- System thread pool [active=0, idle=6, qSize=0]
    ^-- Outbound messages queue [size=0]
[23:40:39,114][INFO][grid-timeout-worker-#15%null%][IgniteKernal] FreeList [name=null, buckets=256, dataPages=1, reusePages=1068]
[23:41:39,127][INFO][grid-timeout-worker-#15%null%][IgniteKernal] 
Metrics for local node (to disable set 'metricsLogFrequency' to 0)
    ^-- Node [id=2e78ea3a, name=null, uptime=00:26:00:302]
    ^-- H/N/C [hosts=1, nodes=2, CPUs=1]
    ^-- CPU [cur=1%, avg=2.48%, GC=0%]
    ^-- PageMemory [pages=4301]
    ^-- Heap [used=29MB, free=88.5%, comm=134MB]
    ^-- Non heap [used=63MB, free=-1%, comm=64MB]
    ^-- Public thread pool [active=0, idle=0, qSize=0]
    ^-- System thread pool [active=0, idle=6, qSize=0]
    ^-- Outbound messages queue [size=0]
[23:41:39,127][INFO][grid-timeout-worker-#15%null%][IgniteKernal] FreeList [name=null, buckets=256, dataPages=1, reusePages=1068]
[23:42:39,124][INFO][grid-timeout-worker-#15%null%][IgniteKernal] 
Metrics for local node (to disable set 'metricsLogFrequency' to 0)
    ^-- Node [id=2e78ea3a, name=null, uptime=00:27:00:307]
    ^-- H/N/C [hosts=1, nodes=2, CPUs=1]
    ^-- CPU [cur=1%, avg=2.42%, GC=0%]
    ^-- PageMemory [pages=4301]
    ^-- Heap [used=30MB, free=88.12%, comm=134MB]
    ^-- Non heap [used=63MB, free=-1%, comm=64MB]
    ^-- Public thread pool [active=0, idle=0, qSize=0]
    ^-- System thread pool [active=0, idle=6, qSize=0]
    ^-- Outbound messages queue [size=0]
[23:42:39,124][INFO][grid-timeout-worker-#15%null%][IgniteKernal] FreeList [name=null, buckets=256, dataPages=1, reusePages=1068]
[23:43:39,148][INFO][grid-timeout-worker-#15%null%][IgniteKernal] 
Metrics for local node (to disable set 'metricsLogFrequency' to 0)
    ^-- Node [id=2e78ea3a, name=null, uptime=00:28:00:325]
    ^-- H/N/C [hosts=1, nodes=2, CPUs=1]
    ^-- CPU [cur=1.33%, avg=2.42%, GC=0%]
    ^-- PageMemory [pages=4301]
    ^-- Heap [used=45MB, free=82.17%, comm=134MB]
    ^-- Non heap [used=63MB, free=-1%, comm=64MB]
    ^-- Public thread pool [active=0, idle=0, qSize=0]
    ^-- System thread pool [active=0, idle=6, qSize=0]
    ^-- Outbound messages queue [size=0]
[23:43:39,149][INFO][grid-timeout-worker-#15%null%][IgniteKernal] FreeList [name=null, buckets=256, dataPages=1, reusePages=1068]
[23:44:39,154][INFO][grid-timeout-worker-#15%null%][IgniteKernal] 
Metrics for local node (to disable set 'metricsLogFrequency' to 0)
    ^-- Node [id=2e78ea3a, name=null, uptime=00:29:00:330]
    ^-- H/N/C [hosts=1, nodes=2, CPUs=1]
    ^-- CPU [cur=2.33%, avg=2.4%, GC=0%]
    ^-- PageMemory [pages=4301]
    ^-- Heap [used=51MB, free=79.83%, comm=134MB]
    ^-- Non heap [used=63MB, free=-1%, comm=64MB]
    ^-- Public thread pool [active=0, idle=0, qSize=0]
    ^-- System thread pool [active=0, idle=6, qSize=0]
    ^-- Outbound messages queue [size=0]
[23:44:39,154][INFO][grid-timeout-worker-#15%null%][IgniteKernal] FreeList [name=null, buckets=256, dataPages=1, reusePages=1068]
[23:45:39,151][INFO][grid-timeout-worker-#15%null%][IgniteKernal] 
Metrics for local node (to disable set 'metricsLogFrequency' to 0)
    ^-- Node [id=2e78ea3a, name=null, uptime=00:30:00:334]
    ^-- H/N/C [hosts=1, nodes=2, CPUs=1]
    ^-- CPU [cur=1%, avg=2.37%, GC=0%]
    ^-- PageMemory [pages=4301]
    ^-- Heap [used=58MB, free=77.09%, comm=134MB]
    ^-- Non heap [used=63MB, free=-1%, comm=64MB]
    ^-- Public thread pool [active=0, idle=0, qSize=0]
    ^-- System thread pool [active=0, idle=6, qSize=0]
    ^-- Outbound messages queue [size=0]
[23:45:39,152][INFO][grid-timeout-worker-#15%null%][IgniteKernal] FreeList [name=null, buckets=256, dataPages=1, reusePages=1068]
[23:46:39,153][INFO][grid-timeout-worker-#15%null%][IgniteKernal] 
Metrics for local node (to disable set 'metricsLogFrequency' to 0)
    ^-- Node [id=2e78ea3a, name=null, uptime=00:31:00:336]
    ^-- H/N/C [hosts=1, nodes=2, CPUs=1]
    ^-- CPU [cur=0.67%, avg=2.34%, GC=0%]
    ^-- PageMemory [pages=4301]
    ^-- Heap [used=27MB, free=89.14%, comm=134MB]
    ^-- Non heap [used=63MB, free=-1%, comm=64MB]
    ^-- Public thread pool [active=0, idle=0, qSize=0]
    ^-- System thread pool [active=0, idle=6, qSize=0]
    ^-- Outbound messages queue [size=0]
[23:46:39,153][INFO][grid-timeout-worker-#15%null%][IgniteKernal] FreeList [name=null, buckets=256, dataPages=1, reusePages=1068]
[23:47:39,161][INFO][grid-timeout-worker-#15%null%][IgniteKernal] 
Metrics for local node (to disable set 'metricsLogFrequency' to 0)
    ^-- Node [id=2e78ea3a, name=null, uptime=00:32:00:345]
    ^-- H/N/C [hosts=1, nodes=2, CPUs=1]
    ^-- CPU [cur=1%, avg=2.3%, GC=0%]
    ^-- PageMemory [pages=4301]
    ^-- Heap [used=28MB, free=88.77%, comm=134MB]
    ^-- Non heap [used=63MB, free=-1%, comm=64MB]
    ^-- Public thread pool [active=0, idle=0, qSize=0]
    ^-- System thread pool [active=0, idle=6, qSize=0]
    ^-- Outbound messages queue [size=0]
[23:47:39,162][INFO][grid-timeout-worker-#15%null%][IgniteKernal] FreeList [name=null, buckets=256, dataPages=1, reusePages=1068]
[23:48:39,171][INFO][grid-timeout-worker-#15%null%][IgniteKernal] 
Metrics for local node (to disable set 'metricsLogFrequency' to 0)
    ^-- Node [id=2e78ea3a, name=null, uptime=00:33:00:354]
    ^-- H/N/C [hosts=1, nodes=2, CPUs=1]
    ^-- CPU [cur=1%, avg=2.27%, GC=0%]
    ^-- PageMemory [pages=4301]
    ^-- Heap [used=34MB, free=86.42%, comm=134MB]
    ^-- Non heap [used=63MB, free=-1%, comm=64MB]
    ^-- Public thread pool [active=0, idle=0, qSize=0]
    ^-- System thread pool [active=0, idle=6, qSize=0]
    ^-- Outbound messages queue [size=0]
[23:48:39,171][INFO][grid-timeout-worker-#15%null%][IgniteKernal] FreeList [name=null, buckets=256, dataPages=1, reusePages=1068]
[23:49:39,179][INFO][grid-timeout-worker-#15%null%][IgniteKernal] 
Metrics for local node (to disable set 'metricsLogFrequency' to 0)
    ^-- Node [id=2e78ea3a, name=null, uptime=00:34:00:358]
    ^-- H/N/C [hosts=1, nodes=2, CPUs=1]
    ^-- CPU [cur=1.33%, avg=2.24%, GC=0.3%]
    ^-- PageMemory [pages=4301]
    ^-- Heap [used=27MB, free=89.23%, comm=134MB]
    ^-- Non heap [used=63MB, free=-1%, comm=64MB]
    ^-- Public thread pool [active=0, idle=0, qSize=0]
    ^-- System thread pool [active=0, idle=6, qSize=0]
    ^-- Outbound messages queue [size=0]
[23:49:39,180][INFO][grid-timeout-worker-#15%null%][IgniteKernal] FreeList [name=null, buckets=256, dataPages=1, reusePages=1068]
[23:50:39,183][INFO][grid-timeout-worker-#15%null%][IgniteKernal] 
Metrics for local node (to disable set 'metricsLogFrequency' to 0)
    ^-- Node [id=2e78ea3a, name=null, uptime=00:35:00:365]
    ^-- H/N/C [hosts=1, nodes=2, CPUs=1]
    ^-- CPU [cur=1.33%, avg=2.22%, GC=0%]
    ^-- PageMemory [pages=4301]
    ^-- Heap [used=33MB, free=86.88%, comm=134MB]
    ^-- Non heap [used=63MB, free=-1%, comm=64MB]
    ^-- Public thread pool [active=0, idle=0, qSize=0]
    ^-- System thread pool [active=0, idle=6, qSize=0]
    ^-- Outbound messages queue [size=0]
[23:50:39,183][INFO][grid-timeout-worker-#15%null%][IgniteKernal] FreeList [name=null, buckets=256, dataPages=1, reusePages=1068]
[23:51:39,187][INFO][grid-timeout-worker-#15%null%][IgniteKernal] 
Metrics for local node (to disable set 'metricsLogFrequency' to 0)
    ^-- Node [id=2e78ea3a, name=null, uptime=00:36:00:366]
    ^-- H/N/C [hosts=1, nodes=2, CPUs=1]
    ^-- CPU [cur=1.33%, avg=2.19%, GC=0%]
    ^-- PageMemory [pages=4301]
    ^-- Heap [used=39MB, free=84.54%, comm=134MB]
    ^-- Non heap [used=63MB, free=-1%, comm=64MB]
    ^-- Public thread pool [active=0, idle=0, qSize=0]
    ^-- System thread pool [active=0, idle=6, qSize=0]
    ^-- Outbound messages queue [size=0]
[23:51:39,187][INFO][grid-timeout-worker-#15%null%][IgniteKernal] FreeList [name=null, buckets=256, dataPages=1, reusePages=1068]
[23:52:39,192][INFO][grid-timeout-worker-#15%null%][IgniteKernal] 
Metrics for local node (to disable set 'metricsLogFrequency' to 0)
    ^-- Node [id=2e78ea3a, name=null, uptime=00:37:00:372]
    ^-- H/N/C [hosts=1, nodes=2, CPUs=1]
    ^-- CPU [cur=1%, avg=2.17%, GC=0%]
    ^-- PageMemory [pages=4301]
    ^-- Heap [used=45MB, free=82.2%, comm=134MB]
    ^-- Non heap [used=63MB, free=-1%, comm=64MB]
    ^-- Public thread pool [active=0, idle=0, qSize=0]
    ^-- System thread pool [active=0, idle=6, qSize=0]
    ^-- Outbound messages queue [size=0]
[23:52:39,192][INFO][grid-timeout-worker-#15%null%][IgniteKernal] FreeList [name=null, buckets=256, dataPages=1, reusePages=1068]
[23:53:39,193][INFO][grid-timeout-worker-#15%null%][IgniteKernal] 
Metrics for local node (to disable set 'metricsLogFrequency' to 0)
    ^-- Node [id=2e78ea3a, name=null, uptime=00:38:00:377]
    ^-- H/N/C [hosts=1, nodes=2, CPUs=1]
    ^-- CPU [cur=1.67%, avg=2.15%, GC=0%]
    ^-- PageMemory [pages=4301]
    ^-- Heap [used=50MB, free=80.24%, comm=134MB]
    ^-- Non heap [used=63MB, free=-1%, comm=64MB]
    ^-- Public thread pool [active=0, idle=0, qSize=0]
    ^-- System thread pool [active=0, idle=6, qSize=0]
    ^-- Outbound messages queue [size=0]
[23:53:39,193][INFO][grid-timeout-worker-#15%null%][IgniteKernal] FreeList [name=null, buckets=256, dataPages=1, reusePages=1068]
[23:54:39,202][INFO][grid-timeout-worker-#15%null%][IgniteKernal] 
Metrics for local node (to disable set 'metricsLogFrequency' to 0)
    ^-- Node [id=2e78ea3a, name=null, uptime=00:39:00:383]
    ^-- H/N/C [hosts=1, nodes=2, CPUs=1]
    ^-- CPU [cur=1%, avg=2.14%, GC=0%]
    ^-- PageMemory [pages=4301]
    ^-- Heap [used=56MB, free=77.9%, comm=134MB]
    ^-- Non heap [used=63MB, free=-1%, comm=64MB]
    ^-- Public thread pool [active=0, idle=0, qSize=0]
    ^-- System thread pool [active=0, idle=6, qSize=0]
    ^-- Outbound messages queue [size=0]
[23:54:39,202][INFO][grid-timeout-worker-#15%null%][IgniteKernal] FreeList [name=null, buckets=256, dataPages=1, reusePages=1068]
[23:55:39,210][INFO][grid-timeout-worker-#15%null%][IgniteKernal] 
Metrics for local node (to disable set 'metricsLogFrequency' to 0)
    ^-- Node [id=2e78ea3a, name=null, uptime=00:40:00:391]
    ^-- H/N/C [hosts=1, nodes=2, CPUs=1]
    ^-- CPU [cur=1.67%, avg=2.11%, GC=0%]
    ^-- PageMemory [pages=4301]
    ^-- Heap [used=29MB, free=88.39%, comm=134MB]
    ^-- Non heap [used=63MB, free=-1%, comm=65MB]
    ^-- Public thread pool [active=0, idle=0, qSize=0]
    ^-- System thread pool [active=0, idle=6, qSize=0]
    ^-- Outbound messages queue [size=0]
[23:55:39,210][INFO][grid-timeout-worker-#15%null%][IgniteKernal] FreeList [name=null, buckets=256, dataPages=1, reusePages=1068]
[23:56:39,210][INFO][grid-timeout-worker-#15%null%][IgniteKernal] 
Metrics for local node (to disable set 'metricsLogFrequency' to 0)
    ^-- Node [id=2e78ea3a, name=null, uptime=00:41:00:391]
    ^-- H/N/C [hosts=1, nodes=2, CPUs=1]
    ^-- CPU [cur=1.33%, avg=2.09%, GC=0%]
    ^-- PageMemory [pages=4301]
    ^-- Heap [used=35MB, free=86.05%, comm=134MB]
    ^-- Non heap [used=63MB, free=-1%, comm=65MB]
    ^-- Public thread pool [active=0, idle=0, qSize=0]
    ^-- System thread pool [active=0, idle=6, qSize=0]
    ^-- Outbound messages queue [size=0]
[23:56:39,210][INFO][grid-timeout-worker-#15%null%][IgniteKernal] FreeList [name=null, buckets=256, dataPages=1, reusePages=1068]
[23:57:39,215][INFO][grid-timeout-worker-#15%null%][IgniteKernal] 
Metrics for local node (to disable set 'metricsLogFrequency' to 0)
    ^-- Node [id=2e78ea3a, name=null, uptime=00:42:00:395]
    ^-- H/N/C [hosts=1, nodes=2, CPUs=1]
    ^-- CPU [cur=1%, avg=2.07%, GC=0%]
    ^-- PageMemory [pages=4301]
    ^-- Heap [used=40MB, free=84.09%, comm=134MB]
    ^-- Non heap [used=63MB, free=-1%, comm=65MB]
    ^-- Public thread pool [active=0, idle=0, qSize=0]
    ^-- System thread pool [active=0, idle=6, qSize=0]
    ^-- Outbound messages queue [size=0]
[23:57:39,229][INFO][grid-timeout-worker-#15%null%][IgniteKernal] FreeList [name=null, buckets=256, dataPages=1, reusePages=1068]
[23:58:39,230][INFO][grid-timeout-worker-#15%null%][IgniteKernal] 
Metrics for local node (to disable set 'metricsLogFrequency' to 0)
    ^-- Node [id=2e78ea3a, name=null, uptime=00:43:00:408]
    ^-- H/N/C [hosts=1, nodes=2, CPUs=1]
    ^-- CPU [cur=1%, avg=2.06%, GC=0%]
    ^-- PageMemory [pages=4301]
    ^-- Heap [used=46MB, free=81.75%, comm=134MB]
    ^-- Non heap [used=63MB, free=-1%, comm=65MB]
    ^-- Public thread pool [active=0, idle=0, qSize=0]
    ^-- System thread pool [active=0, idle=6, qSize=0]
    ^-- Outbound messages queue [size=0]
[23:58:39,230][INFO][grid-timeout-worker-#15%null%][IgniteKernal] FreeList [name=null, buckets=256, dataPages=1, reusePages=1068]
[23:59:39,259][INFO][grid-timeout-worker-#15%null%][IgniteKernal] 
Metrics for local node (to disable set 'metricsLogFrequency' to 0)
    ^-- Node [id=2e78ea3a, name=null, uptime=00:44:00:442]
    ^-- H/N/C [hosts=1, nodes=2, CPUs=1]
    ^-- CPU [cur=1.33%, avg=2.04%, GC=0%]
    ^-- PageMemory [pages=4301]
    ^-- Heap [used=52MB, free=79.4%, comm=134MB]
    ^-- Non heap [used=63MB, free=-1%, comm=65MB]
    ^-- Public thread pool [active=0, idle=0, qSize=0]
    ^-- System thread pool [active=0, idle=6, qSize=0]
    ^-- Outbound messages queue [size=0]
[23:59:39,259][INFO][grid-timeout-worker-#15%null%][IgniteKernal] FreeList [name=null, buckets=256, dataPages=1, reusePages=1068]
[00:00:39,259][INFO][grid-timeout-worker-#15%null%][IgniteKernal] 
Metrics for local node (to disable set 'metricsLogFrequency' to 0)
    ^-- Node [id=2e78ea3a, name=null, uptime=00:45:00:442]
    ^-- H/N/C [hosts=1, nodes=2, CPUs=1]
    ^-- CPU [cur=1%, avg=2.03%, GC=0%]
    ^-- PageMemory [pages=4301]
    ^-- Heap [used=58MB, free=77.06%, comm=134MB]
    ^-- Non heap [used=63MB, free=-1%, comm=65MB]
    ^-- Public thread pool [active=0, idle=0, qSize=0]
    ^-- System thread pool [active=0, idle=6, qSize=0]
    ^-- Outbound messages queue [size=0]
[00:00:39,259][INFO][grid-timeout-worker-#15%null%][IgniteKernal] FreeList [name=null, buckets=256, dataPages=1, reusePages=1068]
[00:01:39,286][INFO][grid-timeout-worker-#15%null%][IgniteKernal] 
Metrics for local node (to disable set 'metricsLogFrequency' to 0)
    ^-- Node [id=2e78ea3a, name=null, uptime=00:46:00:471]
    ^-- H/N/C [hosts=1, nodes=2, CPUs=1]
    ^-- CPU [cur=0.67%, avg=2.02%, GC=0%]
    ^-- PageMemory [pages=4301]
    ^-- Heap [used=63MB, free=75.11%, comm=134MB]
    ^-- Non heap [used=63MB, free=-1%, comm=65MB]
    ^-- Public thread pool [active=0, idle=0, qSize=0]
    ^-- System thread pool [active=0, idle=6, qSize=0]
    ^-- Outbound messages queue [size=0]
[00:01:39,286][INFO][grid-timeout-worker-#15%null%][IgniteKernal] FreeList [name=null, buckets=256, dataPages=1, reusePages=1068]
[00:02:39,306][INFO][grid-timeout-worker-#15%null%][IgniteKernal] 
Metrics for local node (to disable set 'metricsLogFrequency' to 0)
    ^-- Node [id=2e78ea3a, name=null, uptime=00:47:00:480]
    ^-- H/N/C [hosts=1, nodes=2, CPUs=1]
    ^-- CPU [cur=1.33%, avg=2.01%, GC=0%]
    ^-- PageMemory [pages=4301]
    ^-- Heap [used=69MB, free=72.76%, comm=134MB]
    ^-- Non heap [used=63MB, free=-1%, comm=65MB]
    ^-- Public thread pool [active=0, idle=0, qSize=0]
    ^-- System thread pool [active=0, idle=6, qSize=0]
    ^-- Outbound messages queue [size=0]
[00:02:39,307][INFO][grid-timeout-worker-#15%null%][IgniteKernal] FreeList [name=null, buckets=256, dataPages=1, reusePages=1068]
[00:03:39,307][INFO][grid-timeout-worker-#15%null%][IgniteKernal] 
Metrics for local node (to disable set 'metricsLogFrequency' to 0)
    ^-- Node [id=2e78ea3a, name=null, uptime=00:48:00:490]
    ^-- H/N/C [hosts=1, nodes=2, CPUs=1]
    ^-- CPU [cur=1.67%, avg=2%, GC=0%]
    ^-- PageMemory [pages=4301]
    ^-- Heap [used=29MB, free=88.38%, comm=134MB]
    ^-- Non heap [used=63MB, free=-1%, comm=65MB]
    ^-- Public thread pool [active=0, idle=0, qSize=0]
    ^-- System thread pool [active=0, idle=6, qSize=0]
    ^-- Outbound messages queue [size=0]
[00:03:39,307][INFO][grid-timeout-worker-#15%null%][IgniteKernal] FreeList [name=null, buckets=256, dataPages=1, reusePages=1068]
[00:04:39,316][INFO][grid-timeout-worker-#15%null%][IgniteKernal] 
Metrics for local node (to disable set 'metricsLogFrequency' to 0)
    ^-- Node [id=2e78ea3a, name=null, uptime=00:49:00:494]
    ^-- H/N/C [hosts=1, nodes=2, CPUs=1]
    ^-- CPU [cur=1.67%, avg=1.99%, GC=0%]
    ^-- PageMemory [pages=4301]
    ^-- Heap [used=30MB, free=87.97%, comm=134MB]
    ^-- Non heap [used=63MB, free=-1%, comm=65MB]
    ^-- Public thread pool [active=0, idle=0, qSize=0]
    ^-- System thread pool [active=0, idle=6, qSize=0]
    ^-- Outbound messages queue [size=0]
[00:04:39,316][INFO][grid-timeout-worker-#15%null%][IgniteKernal] FreeList [name=null, buckets=256, dataPages=1, reusePages=1068]
[00:05:39,316][INFO][grid-timeout-worker-#15%null%][IgniteKernal] 
Metrics for local node (to disable set 'metricsLogFrequency' to 0)
    ^-- Node [id=2e78ea3a, name=null, uptime=00:50:00:498]
    ^-- H/N/C [hosts=1, nodes=2, CPUs=1]
    ^-- CPU [cur=2%, avg=1.99%, GC=0%]
    ^-- PageMemory [pages=4301]
    ^-- Heap [used=31MB, free=87.57%, comm=134MB]
    ^-- Non heap [used=63MB, free=-1%, comm=65MB]
    ^-- Public thread pool [active=0, idle=0, qSize=0]
    ^-- System thread pool [active=0, idle=6, qSize=0]
    ^-- Outbound messages queue [size=0]
[00:05:39,316][INFO][grid-timeout-worker-#15%null%][IgniteKernal] FreeList [name=null, buckets=256, dataPages=1, reusePages=1068]
[00:06:39,319][INFO][grid-timeout-worker-#15%null%][IgniteKernal] 
Metrics for local node (to disable set 'metricsLogFrequency' to 0)
    ^-- Node [id=2e78ea3a, name=null, uptime=00:51:00:499]
    ^-- H/N/C [hosts=1, nodes=2, CPUs=1]
    ^-- CPU [cur=1.33%, avg=1.98%, GC=0%]
    ^-- PageMemory [pages=4301]
    ^-- Heap [used=31MB, free=87.56%, comm=134MB]
    ^-- Non heap [used=63MB, free=-1%, comm=65MB]
    ^-- Public thread pool [active=0, idle=0, qSize=0]
    ^-- System thread pool [active=0, idle=6, qSize=0]
    ^-- Outbound messages queue [size=0]
[00:06:39,319][INFO][grid-timeout-worker-#15%null%][IgniteKernal] FreeList [name=null, buckets=256, dataPages=1, reusePages=1068]
[00:07:39,317][INFO][grid-timeout-worker-#15%null%][IgniteKernal] 
Metrics for local node (to disable set 'metricsLogFrequency' to 0)
    ^-- Node [id=2e78ea3a, name=null, uptime=00:52:00:501]
    ^-- H/N/C [hosts=1, nodes=2, CPUs=1]
    ^-- CPU [cur=1.33%, avg=1.97%, GC=0%]
    ^-- PageMemory [pages=4301]
    ^-- Heap [used=36MB, free=85.61%, comm=134MB]
    ^-- Non heap [used=63MB, free=-1%, comm=65MB]
    ^-- Public thread pool [active=0, idle=0, qSize=0]
    ^-- System thread pool [active=0, idle=6, qSize=0]
    ^-- Outbound messages queue [size=0]
[00:07:39,317][INFO][grid-timeout-worker-#15%null%][IgniteKernal] FreeList [name=null, buckets=256, dataPages=1, reusePages=1068]
[00:08:39,319][INFO][grid-timeout-worker-#15%null%][IgniteKernal] 
Metrics for local node (to disable set 'metricsLogFrequency' to 0)
    ^-- Node [id=2e78ea3a, name=null, uptime=00:53:00:501]
    ^-- H/N/C [hosts=1, nodes=2, CPUs=1]
    ^-- CPU [cur=1.33%, avg=1.95%, GC=0%]
    ^-- PageMemory [pages=4301]
    ^-- Heap [used=42MB, free=83.26%, comm=134MB]
    ^-- Non heap [used=63MB, free=-1%, comm=65MB]
    ^-- Public thread pool [active=0, idle=0, qSize=0]
    ^-- System thread pool [active=0, idle=6, qSize=0]
    ^-- Outbound messages queue [size=0]
[00:08:39,320][INFO][grid-timeout-worker-#15%null%][IgniteKernal] FreeList [name=null, buckets=256, dataPages=1, reusePages=1068]
[00:09:39,326][INFO][grid-timeout-worker-#15%null%][IgniteKernal] 
Metrics for local node (to disable set 'metricsLogFrequency' to 0)
    ^-- Node [id=2e78ea3a, name=null, uptime=00:54:00:503]
    ^-- H/N/C [hosts=1, nodes=2, CPUs=1]
    ^-- CPU [cur=1.33%, avg=1.94%, GC=0%]
    ^-- PageMemory [pages=4301]
    ^-- Heap [used=47MB, free=81.31%, comm=134MB]
    ^-- Non heap [used=63MB, free=-1%, comm=65MB]
    ^-- Public thread pool [active=0, idle=0, qSize=0]
    ^-- System thread pool [active=0, idle=6, qSize=0]
    ^-- Outbound messages queue [size=0]
[00:09:39,326][INFO][grid-timeout-worker-#15%null%][IgniteKernal] FreeList [name=null, buckets=256, dataPages=1, reusePages=1068]
[00:10:39,328][INFO][grid-timeout-worker-#15%null%][IgniteKernal] 
Metrics for local node (to disable set 'metricsLogFrequency' to 0)
    ^-- Node [id=2e78ea3a, name=null, uptime=00:55:00:512]
    ^-- H/N/C [hosts=1, nodes=2, CPUs=1]
    ^-- CPU [cur=1%, avg=1.93%, GC=0%]
    ^-- PageMemory [pages=4301]
    ^-- Heap [used=29MB, free=88.33%, comm=134MB]
    ^-- Non heap [used=63MB, free=-1%, comm=65MB]
    ^-- Public thread pool [active=0, idle=0, qSize=0]
    ^-- System thread pool [active=0, idle=6, qSize=0]
    ^-- Outbound messages queue [size=0]
[00:10:39,328][INFO][grid-timeout-worker-#15%null%][IgniteKernal] FreeList [name=null, buckets=256, dataPages=1, reusePages=1068]
[00:11:39,337][INFO][grid-timeout-worker-#15%null%][IgniteKernal] 
Metrics for local node (to disable set 'metricsLogFrequency' to 0)
    ^-- Node [id=2e78ea3a, name=null, uptime=00:56:00:520]
    ^-- H/N/C [hosts=1, nodes=2, CPUs=1]
    ^-- CPU [cur=1.33%, avg=1.92%, GC=0%]
    ^-- PageMemory [pages=4301]
    ^-- Heap [used=29MB, free=88.33%, comm=134MB]
    ^-- Non heap [used=64MB, free=-1%, comm=65MB]
    ^-- Public thread pool [active=0, idle=0, qSize=0]
    ^-- System thread pool [active=0, idle=6, qSize=0]
    ^-- Outbound messages queue [size=0]
[00:11:39,337][INFO][grid-timeout-worker-#15%null%][IgniteKernal] FreeList [name=null, buckets=256, dataPages=1, reusePages=1068]
[00:12:39,349][INFO][grid-timeout-worker-#15%null%][IgniteKernal] 
Metrics for local node (to disable set 'metricsLogFrequency' to 0)
    ^-- Node [id=2e78ea3a, name=null, uptime=00:57:00:525]
    ^-- H/N/C [hosts=1, nodes=2, CPUs=1]
    ^-- CPU [cur=1.33%, avg=1.9%, GC=0%]
    ^-- PageMemory [pages=4301]
    ^-- Heap [used=30MB, free=87.93%, comm=134MB]
    ^-- Non heap [used=64MB, free=-1%, comm=65MB]
    ^-- Public thread pool [active=0, idle=0, qSize=0]
    ^-- System thread pool [active=0, idle=6, qSize=0]
    ^-- Outbound messages queue [size=0]
[00:12:39,349][INFO][grid-timeout-worker-#15%null%][IgniteKernal] FreeList [name=null, buckets=256, dataPages=1, reusePages=1068]
[00:12:52,040][INFO][disco-event-worker-#25%null%][GridDiscoveryManager] Node left topology: TcpDiscoveryNode [id=c1df9b89-bf45-4c63-a75b-368d76555756, addrs=[0:0:0:0:0:0:0:1%lo, 10.0.2.15, 127.0.0.1], sockAddrs=[/10.0.2.15:47501, /0:0:0:0:0:0:0:1%lo:47501, /127.0.0.1:47501], discPort=47501, order=4, intOrder=3, lastExchangeTime=1500054978287, loc=false, ver=2.0.0#20170430-sha1:d4eef3c6, isClient=false]
[00:12:52,210][INFO][disco-event-worker-#25%null%][GridDiscoveryManager] Topology snapshot [ver=5, servers=1, clients=0, CPUs=1, heap=0.25GB]
[00:12:58,029][INFO][exchange-worker-#27%null%][GridCachePartitionExchangeManager] Skipping rebalancing (nothing scheduled) [top=AffinityTopologyVersion [topVer=5, minorTopVer=0], evt=NODE_LEFT, node=c1df9b89-bf45-4c63-a75b-368d76555756]
[00:13:13,905][WARNING][disco-event-worker-#25%null%][GridDiscoveryManager] Remote node has peer class loading enabled flag different from local [locId8=2e78ea3a, locPeerClassLoading=true, rmtId8=a8d993cc, rmtPeerClassLoading=false, rmtAddrs=[10.0.2.15/0:0:0:0:0:0:0:1%lo, /10.0.2.15, /127.0.0.1]]
[00:13:13,906][INFO][disco-event-worker-#25%null%][GridDiscoveryManager] Added new node to topology: TcpDiscoveryNode [id=a8d993cc-c4c0-42ef-b502-a4a586a489d6, addrs=[0:0:0:0:0:0:0:1%lo, 10.0.2.15, 127.0.0.1], sockAddrs=[/10.0.2.15:47501, /0:0:0:0:0:0:0:1%lo:47501, /127.0.0.1:47501], discPort=47501, order=6, intOrder=4, lastExchangeTime=1500057792753, loc=false, ver=2.0.0#20170430-sha1:d4eef3c6, isClient=false]
[00:13:13,906][INFO][disco-event-worker-#25%null%][GridDiscoveryManager] Topology snapshot [ver=6, servers=2, clients=0, CPUs=1, heap=1.3GB]
[00:13:14,055][INFO][disco-event-worker-#25%null%][GridDiscoveryManager] Node left topology: TcpDiscoveryNode [id=a8d993cc-c4c0-42ef-b502-a4a586a489d6, addrs=[0:0:0:0:0:0:0:1%lo, 10.0.2.15, 127.0.0.1], sockAddrs=[/10.0.2.15:47501, /0:0:0:0:0:0:0:1%lo:47501, /127.0.0.1:47501], discPort=47501, order=6, intOrder=4, lastExchangeTime=1500057792753, loc=false, ver=2.0.0#20170430-sha1:d4eef3c6, isClient=false]
[00:13:14,057][INFO][disco-event-worker-#25%null%][GridDiscoveryManager] Topology snapshot [ver=7, servers=1, clients=0, CPUs=1, heap=0.25GB]
[00:13:14,108][INFO][exchange-worker-#27%null%][GridCachePartitionExchangeManager] Skipping rebalancing (nothing scheduled) [top=AffinityTopologyVersion [topVer=6, minorTopVer=0], evt=NODE_JOINED, node=a8d993cc-c4c0-42ef-b502-a4a586a489d6]
[00:13:14,384][INFO][exchange-worker-#27%null%][GridCachePartitionExchangeManager] Skipping rebalancing (nothing scheduled) [top=AffinityTopologyVersion [topVer=7, minorTopVer=0], evt=NODE_LEFT, node=a8d993cc-c4c0-42ef-b502-a4a586a489d6]
[00:13:26,701][INFO][disco-event-worker-#25%null%][GridDiscoveryManager] Added new node to topology: TcpDiscoveryNode [id=691119f4-e4fb-47ed-9adc-24bf6bb67257, addrs=[0:0:0:0:0:0:0:1%lo, 10.0.2.15, 127.0.0.1], sockAddrs=[/10.0.2.15:47501, /0:0:0:0:0:0:0:1%lo:47501, /127.0.0.1:47501], discPort=47501, order=8, intOrder=5, lastExchangeTime=1500057806471, loc=false, ver=2.0.0#20170430-sha1:d4eef3c6, isClient=false]
[00:13:26,703][INFO][disco-event-worker-#25%null%][GridDiscoveryManager] Topology snapshot [ver=8, servers=2, clients=0, CPUs=1, heap=1.3GB]
[00:13:27,570][INFO][grid-nio-worker-tcp-comm-1-#18%null%][TcpCommunicationSpi] Accepted incoming communication connection [locAddr=/0:0:0:0:0:0:0:1:47100, rmtAddr=/0:0:0:0:0:0:0:1:41334]
[00:13:28,890][INFO][exchange-worker-#27%null%][GridCachePartitionExchangeManager] Skipping rebalancing (nothing scheduled) [top=AffinityTopologyVersion [topVer=8, minorTopVer=0], evt=NODE_JOINED, node=691119f4-e4fb-47ed-9adc-24bf6bb67257]
[00:13:30,889][INFO][exchange-worker-#27%null%][GridCachePartitionExchangeManager] Skipping rebalancing (nothing scheduled) [top=AffinityTopologyVersion [topVer=8, minorTopVer=1], evt=DISCOVERY_CUSTOM_EVT, node=2e78ea3a-4027-4afc-b8b7-34e41399257a]
[00:13:39,347][INFO][grid-timeout-worker-#15%null%][IgniteKernal] 
Metrics for local node (to disable set 'metricsLogFrequency' to 0)
    ^-- Node [id=2e78ea3a, name=null, uptime=00:58:00:530]
    ^-- H/N/C [hosts=1, nodes=2, CPUs=1]
    ^-- CPU [cur=1%, avg=1.94%, GC=0%]
    ^-- PageMemory [pages=4303]
    ^-- Heap [used=35MB, free=86.31%, comm=134MB]
    ^-- Non heap [used=64MB, free=-1%, comm=65MB]
    ^-- Public thread pool [active=0, idle=4, qSize=0]
    ^-- System thread pool [active=0, idle=8, qSize=0]
    ^-- Outbound messages queue [size=0]
[00:13:39,347][INFO][grid-timeout-worker-#15%null%][IgniteKernal] FreeList [name=null, buckets=256, dataPages=1, reusePages=1070]
[00:14:39,355][INFO][grid-timeout-worker-#15%null%][IgniteKernal] 
Metrics for local node (to disable set 'metricsLogFrequency' to 0)
    ^-- Node [id=2e78ea3a, name=null, uptime=00:59:00:533]
    ^-- H/N/C [hosts=1, nodes=2, CPUs=1]
    ^-- CPU [cur=2%, avg=1.93%, GC=0%]
    ^-- PageMemory [pages=4303]
    ^-- Heap [used=36MB, free=85.55%, comm=134MB]
    ^-- Non heap [used=64MB, free=-1%, comm=66MB]
    ^-- Public thread pool [active=0, idle=0, qSize=0]
    ^-- System thread pool [active=0, idle=6, qSize=0]
    ^-- Outbound messages queue [size=0]
[00:14:39,355][INFO][grid-timeout-worker-#15%null%][IgniteKernal] FreeList [name=null, buckets=256, dataPages=1, reusePages=1070]
[00:15:39,359][INFO][grid-timeout-worker-#15%null%][IgniteKernal] 
Metrics for local node (to disable set 'metricsLogFrequency' to 0)
    ^-- Node [id=2e78ea3a, name=null, uptime=01:00:00:537]
    ^-- H/N/C [hosts=1, nodes=2, CPUs=1]
    ^-- CPU [cur=1.67%, avg=1.92%, GC=0%]
    ^-- PageMemory [pages=4303]
    ^-- Heap [used=37MB, free=85.31%, comm=134MB]
    ^-- Non heap [used=64MB, free=-1%, comm=66MB]
    ^-- Public thread pool [active=0, idle=0, qSize=0]
    ^-- System thread pool [active=0, idle=6, qSize=0]
    ^-- Outbound messages queue [size=0]
[00:15:39,359][INFO][grid-timeout-worker-#15%null%][IgniteKernal] FreeList [name=null, buckets=256, dataPages=1, reusePages=1070]
[00:16:39,361][INFO][grid-timeout-worker-#15%null%][IgniteKernal] 
Metrics for local node (to disable set 'metricsLogFrequency' to 0)
    ^-- Node [id=2e78ea3a, name=null, uptime=01:01:00:541]
    ^-- H/N/C [hosts=1, nodes=2, CPUs=1]
    ^-- CPU [cur=1%, avg=1.91%, GC=0.2%]
    ^-- PageMemory [pages=4303]
    ^-- Heap [used=33MB, free=86.98%, comm=134MB]
    ^-- Non heap [used=64MB, free=-1%, comm=66MB]
    ^-- Public thread pool [active=0, idle=0, qSize=0]
    ^-- System thread pool [active=0, idle=6, qSize=0]
    ^-- Outbound messages queue [size=0]
[00:16:39,361][INFO][grid-timeout-worker-#15%null%][IgniteKernal] FreeList [name=null, buckets=256, dataPages=1, reusePages=1070]
[00:17:39,365][INFO][grid-timeout-worker-#15%null%][IgniteKernal] 
Metrics for local node (to disable set 'metricsLogFrequency' to 0)
    ^-- Node [id=2e78ea3a, name=null, uptime=01:02:00:549]
    ^-- H/N/C [hosts=1, nodes=2, CPUs=1]
    ^-- CPU [cur=1.33%, avg=1.9%, GC=0%]
    ^-- PageMemory [pages=4303]
    ^-- Heap [used=34MB, free=86.58%, comm=134MB]
    ^-- Non heap [used=64MB, free=-1%, comm=66MB]
    ^-- Public thread pool [active=0, idle=0, qSize=0]
    ^-- System thread pool [active=0, idle=6, qSize=0]
    ^-- Outbound messages queue [size=0]
[00:17:39,365][INFO][grid-timeout-worker-#15%null%][IgniteKernal] FreeList [name=null, buckets=256, dataPages=1, reusePages=1070]
[00:18:39,372][INFO][grid-timeout-worker-#15%null%][IgniteKernal] 
Metrics for local node (to disable set 'metricsLogFrequency' to 0)
    ^-- Node [id=2e78ea3a, name=null, uptime=01:03:00:554]
    ^-- H/N/C [hosts=1, nodes=2, CPUs=1]
    ^-- CPU [cur=2.33%, avg=1.89%, GC=0%]
    ^-- PageMemory [pages=4303]
    ^-- Heap [used=35MB, free=86.16%, comm=134MB]
    ^-- Non heap [used=65MB, free=-1%, comm=66MB]
    ^-- Public thread pool [active=0, idle=0, qSize=0]
    ^-- System thread pool [active=0, idle=6, qSize=0]
    ^-- Outbound messages queue [size=0]
[00:18:39,373][INFO][grid-timeout-worker-#15%null%][IgniteKernal] FreeList [name=null, buckets=256, dataPages=1, reusePages=1070]
[00:19:39,384][INFO][grid-timeout-worker-#15%null%][IgniteKernal] 
Metrics for local node (to disable set 'metricsLogFrequency' to 0)
    ^-- Node [id=2e78ea3a, name=null, uptime=01:04:00:563]
    ^-- H/N/C [hosts=1, nodes=2, CPUs=1]
    ^-- CPU [cur=1.67%, avg=1.89%, GC=0%]
    ^-- PageMemory [pages=4303]
    ^-- Heap [used=35MB, free=86.14%, comm=134MB]
    ^-- Non heap [used=65MB, free=-1%, comm=66MB]
    ^-- Public thread pool [active=0, idle=0, qSize=0]
    ^-- System thread pool [active=0, idle=6, qSize=0]
    ^-- Outbound messages queue [size=0]
[00:19:39,384][INFO][grid-timeout-worker-#15%null%][IgniteKernal] FreeList [name=null, buckets=256, dataPages=1, reusePages=1070]
[00:20:39,388][INFO][grid-timeout-worker-#15%null%][IgniteKernal] 
Metrics for local node (to disable set 'metricsLogFrequency' to 0)
    ^-- Node [id=2e78ea3a, name=null, uptime=01:05:00:568]
    ^-- H/N/C [hosts=1, nodes=2, CPUs=1]
    ^-- CPU [cur=2%, avg=1.89%, GC=0%]
    ^-- PageMemory [pages=4303]
    ^-- Heap [used=41MB, free=83.79%, comm=134MB]
    ^-- Non heap [used=65MB, free=-1%, comm=66MB]
    ^-- Public thread pool [active=0, idle=0, qSize=0]
    ^-- System thread pool [active=0, idle=6, qSize=0]
    ^-- Outbound messages queue [size=0]
[00:20:39,389][INFO][grid-timeout-worker-#15%null%][IgniteKernal] FreeList [name=null, buckets=256, dataPages=1, reusePages=1070]
[00:21:39,387][INFO][grid-timeout-worker-#15%null%][IgniteKernal] 
Metrics for local node (to disable set 'metricsLogFrequency' to 0)
    ^-- Node [id=2e78ea3a, name=null, uptime=01:06:00:568]
    ^-- H/N/C [hosts=1, nodes=2, CPUs=1]
    ^-- CPU [cur=1.67%, avg=1.89%, GC=0%]
    ^-- PageMemory [pages=4303]
    ^-- Heap [used=47MB, free=81.45%, comm=134MB]
    ^-- Non heap [used=65MB, free=-1%, comm=66MB]
    ^-- Public thread pool [active=0, idle=0, qSize=0]
    ^-- System thread pool [active=0, idle=6, qSize=0]
    ^-- Outbound messages queue [size=0]
[00:21:39,387][INFO][grid-timeout-worker-#15%null%][IgniteKernal] FreeList [name=null, buckets=256, dataPages=1, reusePages=1070]
[00:22:39,395][INFO][grid-timeout-worker-#15%null%][IgniteKernal] 
Metrics for local node (to disable set 'metricsLogFrequency' to 0)
    ^-- Node [id=2e78ea3a, name=null, uptime=01:07:00:575]
    ^-- H/N/C [hosts=1, nodes=2, CPUs=1]
    ^-- CPU [cur=2.67%, avg=1.92%, GC=0%]
    ^-- PageMemory [pages=4303]
    ^-- Heap [used=34MB, free=86.54%, comm=134MB]
    ^-- Non heap [used=65MB, free=-1%, comm=66MB]
    ^-- Public thread pool [active=0, idle=0, qSize=0]
    ^-- System thread pool [active=0, idle=6, qSize=0]
    ^-- Outbound messages queue [size=0]
[00:22:39,397][INFO][grid-timeout-worker-#15%null%][IgniteKernal] FreeList [name=null, buckets=256, dataPages=1, reusePages=1070]
[00:23:39,406][INFO][grid-timeout-worker-#15%null%][IgniteKernal] 
Metrics for local node (to disable set 'metricsLogFrequency' to 0)
    ^-- Node [id=2e78ea3a, name=null, uptime=01:08:00:580]
    ^-- H/N/C [hosts=1, nodes=2, CPUs=1]
    ^-- CPU [cur=2.33%, avg=1.98%, GC=0%]
    ^-- PageMemory [pages=4303]
    ^-- Heap [used=34MB, free=86.56%, comm=134MB]
    ^-- Non heap [used=65MB, free=-1%, comm=66MB]
    ^-- Public thread pool [active=0, idle=0, qSize=0]
    ^-- System thread pool [active=0, idle=6, qSize=0]
    ^-- Outbound messages queue [size=0]
[00:23:39,407][INFO][grid-timeout-worker-#15%null%][IgniteKernal] FreeList [name=null, buckets=256, dataPages=1, reusePages=1070]
[00:24:39,434][INFO][grid-timeout-worker-#15%null%][IgniteKernal] 
Metrics for local node (to disable set 'metricsLogFrequency' to 0)
    ^-- Node [id=2e78ea3a, name=null, uptime=01:09:00:616]
    ^-- H/N/C [hosts=1, nodes=2, CPUs=1]
    ^-- CPU [cur=2%, avg=1.98%, GC=0%]
    ^-- PageMemory [pages=4303]
    ^-- Heap [used=35MB, free=86.18%, comm=134MB]
    ^-- Non heap [used=64MB, free=-1%, comm=66MB]
    ^-- Public thread pool [active=0, idle=0, qSize=0]
    ^-- System thread pool [active=0, idle=6, qSize=0]
    ^-- Outbound messages queue [size=0]
[00:24:39,434][INFO][grid-timeout-worker-#15%null%][IgniteKernal] FreeList [name=null, buckets=256, dataPages=1, reusePages=1070]
[00:25:39,444][INFO][grid-timeout-worker-#15%null%][IgniteKernal] 
Metrics for local node (to disable set 'metricsLogFrequency' to 0)
    ^-- Node [id=2e78ea3a, name=null, uptime=01:10:00:617]
    ^-- H/N/C [hosts=1, nodes=2, CPUs=1]
    ^-- CPU [cur=2.67%, avg=1.99%, GC=0%]
    ^-- PageMemory [pages=4303]
    ^-- Heap [used=36MB, free=85.68%, comm=134MB]
    ^-- Non heap [used=64MB, free=-1%, comm=66MB]
    ^-- Public thread pool [active=0, idle=0, qSize=0]
    ^-- System thread pool [active=0, idle=6, qSize=0]
    ^-- Outbound messages queue [size=0]
[00:25:39,444][INFO][grid-timeout-worker-#15%null%][IgniteKernal] FreeList [name=null, buckets=256, dataPages=1, reusePages=1070]
[00:26:39,467][INFO][grid-timeout-worker-#15%null%][IgniteKernal] 
Metrics for local node (to disable set 'metricsLogFrequency' to 0)
    ^-- Node [id=2e78ea3a, name=null, uptime=01:11:00:635]
    ^-- H/N/C [hosts=1, nodes=2, CPUs=1]
    ^-- CPU [cur=2.33%, avg=1.99%, GC=0%]
    ^-- PageMemory [pages=4303]
    ^-- Heap [used=37MB, free=85.41%, comm=134MB]
    ^-- Non heap [used=64MB, free=-1%, comm=66MB]
    ^-- Public thread pool [active=0, idle=0, qSize=0]
    ^-- System thread pool [active=0, idle=6, qSize=0]
    ^-- Outbound messages queue [size=0]
[00:26:39,467][INFO][grid-timeout-worker-#15%null%][IgniteKernal] FreeList [name=null, buckets=256, dataPages=1, reusePages=1070]
[00:27:39,473][INFO][grid-timeout-worker-#15%null%][IgniteKernal] 
Metrics for local node (to disable set 'metricsLogFrequency' to 0)
    ^-- Node [id=2e78ea3a, name=null, uptime=01:12:00:653]
    ^-- H/N/C [hosts=1, nodes=2, CPUs=1]
    ^-- CPU [cur=2.33%, avg=2%, GC=0%]
    ^-- PageMemory [pages=4303]
    ^-- Heap [used=42MB, free=83.46%, comm=134MB]
    ^-- Non heap [used=64MB, free=-1%, comm=66MB]
    ^-- Public thread pool [active=0, idle=0, qSize=0]
    ^-- System thread pool [active=0, idle=6, qSize=0]
    ^-- Outbound messages queue [size=0]
[00:27:39,473][INFO][grid-timeout-worker-#15%null%][IgniteKernal] FreeList [name=null, buckets=256, dataPages=1, reusePages=1070]
[00:28:39,479][INFO][grid-timeout-worker-#15%null%][IgniteKernal] 
Metrics for local node (to disable set 'metricsLogFrequency' to 0)
    ^-- Node [id=2e78ea3a, name=null, uptime=01:13:00:661]
    ^-- H/N/C [hosts=1, nodes=2, CPUs=1]
    ^-- CPU [cur=2%, avg=2.03%, GC=0%]
    ^-- PageMemory [pages=4303]
    ^-- Heap [used=48MB, free=81.11%, comm=134MB]
    ^-- Non heap [used=65MB, free=-1%, comm=66MB]
    ^-- Public thread pool [active=0, idle=0, qSize=0]
    ^-- System thread pool [active=0, idle=6, qSize=0]
    ^-- Outbound messages queue [size=0]
[00:28:39,479][INFO][grid-timeout-worker-#15%null%][IgniteKernal] FreeList [name=null, buckets=256, dataPages=1, reusePages=1070]
[00:29:39,487][INFO][grid-timeout-worker-#15%null%][IgniteKernal] 
Metrics for local node (to disable set 'metricsLogFrequency' to 0)
    ^-- Node [id=2e78ea3a, name=null, uptime=01:14:00:669]
    ^-- H/N/C [hosts=1, nodes=2, CPUs=1]
    ^-- CPU [cur=2.67%, avg=2.04%, GC=0%]
    ^-- PageMemory [pages=4303]
    ^-- Heap [used=54MB, free=78.77%, comm=134MB]
    ^-- Non heap [used=64MB, free=-1%, comm=66MB]
    ^-- Public thread pool [active=0, idle=0, qSize=0]
    ^-- System thread pool [active=0, idle=6, qSize=0]
    ^-- Outbound messages queue [size=0]
[00:29:39,487][INFO][grid-timeout-worker-#15%null%][IgniteKernal] FreeList [name=null, buckets=256, dataPages=1, reusePages=1070]
[00:30:39,491][INFO][grid-timeout-worker-#15%null%][IgniteKernal] 
Metrics for local node (to disable set 'metricsLogFrequency' to 0)
    ^-- Node [id=2e78ea3a, name=null, uptime=01:15:00:672]
    ^-- H/N/C [hosts=1, nodes=2, CPUs=1]
    ^-- CPU [cur=2.33%, avg=2.04%, GC=0%]
    ^-- PageMemory [pages=4303]
    ^-- Heap [used=34MB, free=86.45%, comm=134MB]
    ^-- Non heap [used=64MB, free=-1%, comm=66MB]
    ^-- Public thread pool [active=0, idle=0, qSize=0]
    ^-- System thread pool [active=0, idle=6, qSize=0]
    ^-- Outbound messages queue [size=0]
[00:30:39,491][INFO][grid-timeout-worker-#15%null%][IgniteKernal] FreeList [name=null, buckets=256, dataPages=1, reusePages=1070]
[00:31:39,498][INFO][grid-timeout-worker-#15%null%][IgniteKernal] 
Metrics for local node (to disable set 'metricsLogFrequency' to 0)
    ^-- Node [id=2e78ea3a, name=null, uptime=01:16:00:680]
    ^-- H/N/C [hosts=1, nodes=2, CPUs=1]
    ^-- CPU [cur=7%, avg=2.06%, GC=0%]
    ^-- PageMemory [pages=4303]
    ^-- Heap [used=35MB, free=86.12%, comm=134MB]
    ^-- Non heap [used=64MB, free=-1%, comm=66MB]
    ^-- Public thread pool [active=0, idle=0, qSize=0]
    ^-- System thread pool [active=0, idle=6, qSize=0]
    ^-- Outbound messages queue [size=0]
[00:31:39,500][INFO][grid-timeout-worker-#15%null%][IgniteKernal] FreeList [name=null, buckets=256, dataPages=1, reusePages=1070]
[00:32:39,509][INFO][grid-timeout-worker-#15%null%][IgniteKernal] 
Metrics for local node (to disable set 'metricsLogFrequency' to 0)
    ^-- Node [id=2e78ea3a, name=null, uptime=01:17:00:688]
    ^-- H/N/C [hosts=1, nodes=2, CPUs=1]
    ^-- CPU [cur=3%, avg=2.11%, GC=0%]
    ^-- PageMemory [pages=4303]
    ^-- Heap [used=41MB, free=83.78%, comm=134MB]
    ^-- Non heap [used=65MB, free=-1%, comm=66MB]
    ^-- Public thread pool [active=0, idle=0, qSize=0]
    ^-- System thread pool [active=0, idle=6, qSize=0]
    ^-- Outbound messages queue [size=0]
[00:32:39,510][INFO][grid-timeout-worker-#15%null%][IgniteKernal] FreeList [name=null, buckets=256, dataPages=1, reusePages=1070]
[00:33:39,514][INFO][grid-timeout-worker-#15%null%][IgniteKernal] 
Metrics for local node (to disable set 'metricsLogFrequency' to 0)
    ^-- Node [id=2e78ea3a, name=null, uptime=01:18:00:692]
    ^-- H/N/C [hosts=1, nodes=2, CPUs=1]
    ^-- CPU [cur=2%, avg=2.11%, GC=0%]
    ^-- PageMemory [pages=4303]
    ^-- Heap [used=46MB, free=81.83%, comm=134MB]
    ^-- Non heap [used=65MB, free=-1%, comm=66MB]
    ^-- Public thread pool [active=0, idle=0, qSize=0]
    ^-- System thread pool [active=0, idle=6, qSize=0]
    ^-- Outbound messages queue [size=0]
[00:33:39,515][INFO][grid-timeout-worker-#15%null%][IgniteKernal] FreeList [name=null, buckets=256, dataPages=1, reusePages=1070]
[00:34:39,517][INFO][grid-timeout-worker-#15%null%][IgniteKernal] 
Metrics for local node (to disable set 'metricsLogFrequency' to 0)
    ^-- Node [id=2e78ea3a, name=null, uptime=01:19:00:699]
    ^-- H/N/C [hosts=1, nodes=2, CPUs=1]
    ^-- CPU [cur=1.67%, avg=2.11%, GC=0%]
    ^-- PageMemory [pages=4303]
    ^-- Heap [used=52MB, free=79.48%, comm=134MB]
    ^-- Non heap [used=65MB, free=-1%, comm=66MB]
    ^-- Public thread pool [active=0, idle=0, qSize=0]
    ^-- System thread pool [active=0, idle=6, qSize=0]
    ^-- Outbound messages queue [size=0]
[00:34:39,517][INFO][grid-timeout-worker-#15%null%][IgniteKernal] FreeList [name=null, buckets=256, dataPages=1, reusePages=1070]
[00:35:39,523][INFO][grid-timeout-worker-#15%null%][IgniteKernal] 
Metrics for local node (to disable set 'metricsLogFrequency' to 0)
    ^-- Node [id=2e78ea3a, name=null, uptime=01:20:00:706]
    ^-- H/N/C [hosts=1, nodes=2, CPUs=1]
    ^-- CPU [cur=15.67%, avg=2.12%, GC=0%]
    ^-- PageMemory [pages=4303]
    ^-- Heap [used=34MB, free=86.47%, comm=134MB]
    ^-- Non heap [used=65MB, free=-1%, comm=66MB]
    ^-- Public thread pool [active=0, idle=0, qSize=0]
    ^-- System thread pool [active=0, idle=6, qSize=0]
    ^-- Outbound messages queue [size=0]
[00:35:39,524][INFO][grid-timeout-worker-#15%null%][IgniteKernal] FreeList [name=null, buckets=256, dataPages=1, reusePages=1070]
[00:36:39,532][INFO][grid-timeout-worker-#15%null%][IgniteKernal] 
Metrics for local node (to disable set 'metricsLogFrequency' to 0)
    ^-- Node [id=2e78ea3a, name=null, uptime=01:21:00:714]
    ^-- H/N/C [hosts=1, nodes=2, CPUs=1]
    ^-- CPU [cur=1.67%, avg=2.12%, GC=0%]
    ^-- PageMemory [pages=4303]
    ^-- Heap [used=40MB, free=84.12%, comm=134MB]
    ^-- Non heap [used=65MB, free=-1%, comm=66MB]
    ^-- Public thread pool [active=0, idle=0, qSize=0]
    ^-- System thread pool [active=0, idle=6, qSize=0]
    ^-- Outbound messages queue [size=0]
[00:36:39,532][INFO][grid-timeout-worker-#15%null%][IgniteKernal] FreeList [name=null, buckets=256, dataPages=1, reusePages=1070]
[00:37:39,538][INFO][grid-timeout-worker-#15%null%][IgniteKernal] 
Metrics for local node (to disable set 'metricsLogFrequency' to 0)
    ^-- Node [id=2e78ea3a, name=null, uptime=01:22:00:716]
    ^-- H/N/C [hosts=1, nodes=2, CPUs=1]
    ^-- CPU [cur=1%, avg=2.11%, GC=0%]
    ^-- PageMemory [pages=4303]
    ^-- Heap [used=46MB, free=81.78%, comm=134MB]
    ^-- Non heap [used=65MB, free=-1%, comm=66MB]
    ^-- Public thread pool [active=0, idle=0, qSize=0]
    ^-- System thread pool [active=0, idle=6, qSize=0]
    ^-- Outbound messages queue [size=0]
[00:37:39,538][INFO][grid-timeout-worker-#15%null%][IgniteKernal] FreeList [name=null, buckets=256, dataPages=1, reusePages=1070]
[00:38:39,545][INFO][grid-timeout-worker-#15%null%][IgniteKernal] 
Metrics for local node (to disable set 'metricsLogFrequency' to 0)
    ^-- Node [id=2e78ea3a, name=null, uptime=01:23:00:724]
    ^-- H/N/C [hosts=1, nodes=2, CPUs=1]
    ^-- CPU [cur=1.33%, avg=2.1%, GC=0%]
    ^-- PageMemory [pages=4303]
    ^-- Heap [used=51MB, free=79.83%, comm=134MB]
    ^-- Non heap [used=65MB, free=-1%, comm=66MB]
    ^-- Public thread pool [active=0, idle=0, qSize=0]
    ^-- System thread pool [active=0, idle=6, qSize=0]
    ^-- Outbound messages queue [size=0]
[00:38:39,545][INFO][grid-timeout-worker-#15%null%][IgniteKernal] FreeList [name=null, buckets=256, dataPages=1, reusePages=1070]
[00:39:31,275][INFO][grid-nio-worker-tcp-comm-2-#19%null%][TcpCommunicationSpi] Accepted incoming communication connection [locAddr=/0:0:0:0:0:0:0:1:47100, rmtAddr=/0:0:0:0:0:0:0:1:41366]
[00:39:39,559][INFO][grid-timeout-worker-#15%null%][IgniteKernal] 
Metrics for local node (to disable set 'metricsLogFrequency' to 0)
    ^-- Node [id=2e78ea3a, name=null, uptime=01:24:00:743]
    ^-- H/N/C [hosts=1, nodes=2, CPUs=1]
    ^-- CPU [cur=2.33%, avg=2.1%, GC=0%]
    ^-- PageMemory [pages=4303]
    ^-- Heap [used=57MB, free=77.48%, comm=134MB]
    ^-- Non heap [used=65MB, free=-1%, comm=66MB]
    ^-- Public thread pool [active=0, idle=0, qSize=0]
    ^-- System thread pool [active=0, idle=6, qSize=0]
    ^-- Outbound messages queue [size=0]
[00:39:39,559][INFO][grid-timeout-worker-#15%null%][IgniteKernal] FreeList [name=null, buckets=256, dataPages=1, reusePages=1070]
[00:40:39,591][INFO][grid-timeout-worker-#15%null%][IgniteKernal] 
Metrics for local node (to disable set 'metricsLogFrequency' to 0)
    ^-- Node [id=2e78ea3a, name=null, uptime=01:25:00:767]
    ^-- H/N/C [hosts=1, nodes=2, CPUs=1]
    ^-- CPU [cur=1.33%, avg=2.09%, GC=0%]
    ^-- PageMemory [pages=4303]
    ^-- Heap [used=63MB, free=75.14%, comm=134MB]
    ^-- Non heap [used=65MB, free=-1%, comm=66MB]
    ^-- Public thread pool [active=0, idle=0, qSize=0]
    ^-- System thread pool [active=0, idle=6, qSize=0]
    ^-- Outbound messages queue [size=0]
[00:40:39,591][INFO][grid-timeout-worker-#15%null%][IgniteKernal] FreeList [name=null, buckets=256, dataPages=1, reusePages=1070]
[00:41:39,592][INFO][grid-timeout-worker-#15%null%][IgniteKernal] 
Metrics for local node (to disable set 'metricsLogFrequency' to 0)
    ^-- Node [id=2e78ea3a, name=null, uptime=01:26:00:771]
    ^-- H/N/C [hosts=1, nodes=2, CPUs=1]
    ^-- CPU [cur=1.33%, avg=2.08%, GC=0%]
    ^-- PageMemory [pages=4303]
    ^-- Heap [used=68MB, free=73.19%, comm=134MB]
    ^-- Non heap [used=65MB, free=-1%, comm=66MB]
    ^-- Public thread pool [active=0, idle=0, qSize=0]
    ^-- System thread pool [active=0, idle=6, qSize=0]
    ^-- Outbound messages queue [size=0]
[00:41:39,592][INFO][grid-timeout-worker-#15%null%][IgniteKernal] FreeList [name=null, buckets=256, dataPages=1, reusePages=1070]
[00:42:39,600][INFO][grid-timeout-worker-#15%null%][IgniteKernal] 
Metrics for local node (to disable set 'metricsLogFrequency' to 0)
    ^-- Node [id=2e78ea3a, name=null, uptime=01:27:00:780]
    ^-- H/N/C [hosts=1, nodes=2, CPUs=1]
    ^-- CPU [cur=1.67%, avg=2.08%, GC=0%]
    ^-- PageMemory [pages=4303]
    ^-- Heap [used=33MB, free=86.86%, comm=134MB]
    ^-- Non heap [used=65MB, free=-1%, comm=66MB]
    ^-- Public thread pool [active=0, idle=0, qSize=0]
    ^-- System thread pool [active=0, idle=6, qSize=0]
    ^-- Outbound messages queue [size=0]
[00:42:39,600][INFO][grid-timeout-worker-#15%null%][IgniteKernal] FreeList [name=null, buckets=256, dataPages=1, reusePages=1070]
[00:43:39,598][INFO][grid-timeout-worker-#15%null%][IgniteKernal] 
Metrics for local node (to disable set 'metricsLogFrequency' to 0)
    ^-- Node [id=2e78ea3a, name=null, uptime=01:28:00:782]
    ^-- H/N/C [hosts=1, nodes=2, CPUs=1]
    ^-- CPU [cur=1.67%, avg=2.07%, GC=0%]
    ^-- PageMemory [pages=4303]
    ^-- Heap [used=34MB, free=86.45%, comm=134MB]
    ^-- Non heap [used=65MB, free=-1%, comm=66MB]
    ^-- Public thread pool [active=0, idle=0, qSize=0]
    ^-- System thread pool [active=0, idle=6, qSize=0]
    ^-- Outbound messages queue [size=0]
[00:43:39,599][INFO][grid-timeout-worker-#15%null%][IgniteKernal] FreeList [name=null, buckets=256, dataPages=1, reusePages=1070]
[00:44:39,600][INFO][grid-timeout-worker-#15%null%][IgniteKernal] 
Metrics for local node (to disable set 'metricsLogFrequency' to 0)
    ^-- Node [id=2e78ea3a, name=null, uptime=01:29:00:782]
    ^-- H/N/C [hosts=1, nodes=2, CPUs=1]
    ^-- CPU [cur=1.33%, avg=2.07%, GC=0%]
    ^-- PageMemory [pages=4303]
    ^-- Heap [used=34MB, free=86.51%, comm=134MB]
    ^-- Non heap [used=65MB, free=-1%, comm=66MB]
    ^-- Public thread pool [active=0, idle=0, qSize=0]
    ^-- System thread pool [active=0, idle=6, qSize=0]
    ^-- Outbound messages queue [size=0]
[00:44:39,600][INFO][grid-timeout-worker-#15%null%][IgniteKernal] FreeList [name=null, buckets=256, dataPages=1, reusePages=1070]
[00:45:39,608][INFO][grid-timeout-worker-#15%null%][IgniteKernal] 
Metrics for local node (to disable set 'metricsLogFrequency' to 0)
    ^-- Node [id=2e78ea3a, name=null, uptime=01:30:00:790]
    ^-- H/N/C [hosts=1, nodes=2, CPUs=1]
    ^-- CPU [cur=2%, avg=2.07%, GC=0%]
    ^-- PageMemory [pages=4303]
    ^-- Heap [used=35MB, free=85.95%, comm=134MB]
    ^-- Non heap [used=65MB, free=-1%, comm=66MB]
    ^-- Public thread pool [active=0, idle=0, qSize=0]
    ^-- System thread pool [active=0, idle=6, qSize=0]
    ^-- Outbound messages queue [size=0]
[00:45:39,608][INFO][grid-timeout-worker-#15%null%][IgniteKernal] FreeList [name=null, buckets=256, dataPages=1, reusePages=1070]
[00:46:39,612][INFO][grid-timeout-worker-#15%null%][IgniteKernal] 
Metrics for local node (to disable set 'metricsLogFrequency' to 0)
    ^-- Node [id=2e78ea3a, name=null, uptime=01:31:00:790]
    ^-- H/N/C [hosts=1, nodes=2, CPUs=1]
    ^-- CPU [cur=1.67%, avg=2.07%, GC=0%]
    ^-- PageMemory [pages=4303]
    ^-- Heap [used=36MB, free=85.63%, comm=134MB]
    ^-- Non heap [used=65MB, free=-1%, comm=66MB]
    ^-- Public thread pool [active=0, idle=0, qSize=0]
    ^-- System thread pool [active=0, idle=6, qSize=0]
    ^-- Outbound messages queue [size=0]
[00:46:39,612][INFO][grid-timeout-worker-#15%null%][IgniteKernal] FreeList [name=null, buckets=256, dataPages=1, reusePages=1070]
[00:47:39,616][INFO][grid-timeout-worker-#15%null%][IgniteKernal] 
Metrics for local node (to disable set 'metricsLogFrequency' to 0)
    ^-- Node [id=2e78ea3a, name=null, uptime=01:32:00:795]
    ^-- H/N/C [hosts=1, nodes=2, CPUs=1]
    ^-- CPU [cur=1.67%, avg=2.06%, GC=0%]
    ^-- PageMemory [pages=4303]
    ^-- Heap [used=36MB, free=85.67%, comm=134MB]
    ^-- Non heap [used=65MB, free=-1%, comm=66MB]
    ^-- Public thread pool [active=0, idle=0, qSize=0]
    ^-- System thread pool [active=0, idle=6, qSize=0]
    ^-- Outbound messages queue [size=0]
[00:47:39,616][INFO][grid-timeout-worker-#15%null%][IgniteKernal] FreeList [name=null, buckets=256, dataPages=1, reusePages=1070]
[00:48:39,619][INFO][grid-timeout-worker-#15%null%][IgniteKernal] 
Metrics for local node (to disable set 'metricsLogFrequency' to 0)
    ^-- Node [id=2e78ea3a, name=null, uptime=01:33:00:802]
    ^-- H/N/C [hosts=1, nodes=2, CPUs=1]
    ^-- CPU [cur=2.67%, avg=2.06%, GC=0%]
    ^-- PageMemory [pages=4303]
    ^-- Heap [used=37MB, free=85.16%, comm=134MB]
    ^-- Non heap [used=65MB, free=-1%, comm=66MB]
    ^-- Public thread pool [active=0, idle=0, qSize=0]
    ^-- System thread pool [active=0, idle=6, qSize=0]
    ^-- Outbound messages queue [size=0]
[00:48:39,620][INFO][grid-timeout-worker-#15%null%][IgniteKernal] FreeList [name=null, buckets=256, dataPages=1, reusePages=1070]
[00:49:39,629][INFO][grid-timeout-worker-#15%null%][IgniteKernal] 
Metrics for local node (to disable set 'metricsLogFrequency' to 0)
    ^-- Node [id=2e78ea3a, name=null, uptime=01:34:00:811]
    ^-- H/N/C [hosts=1, nodes=2, CPUs=1]
    ^-- CPU [cur=1.33%, avg=2.05%, GC=0%]
    ^-- PageMemory [pages=4303]
    ^-- Heap [used=33MB, free=86.81%, comm=134MB]
    ^-- Non heap [used=65MB, free=-1%, comm=66MB]
    ^-- Public thread pool [active=0, idle=0, qSize=0]
    ^-- System thread pool [active=0, idle=6, qSize=0]
    ^-- Outbound messages queue [size=0]
[00:49:39,630][INFO][grid-timeout-worker-#15%null%][IgniteKernal] FreeList [name=null, buckets=256, dataPages=1, reusePages=1070]
[00:50:39,639][INFO][grid-timeout-worker-#15%null%][IgniteKernal] 
Metrics for local node (to disable set 'metricsLogFrequency' to 0)
    ^-- Node [id=2e78ea3a, name=null, uptime=01:35:00:816]
    ^-- H/N/C [hosts=1, nodes=2, CPUs=1]
    ^-- CPU [cur=1.67%, avg=2.05%, GC=0%]
    ^-- PageMemory [pages=4303]
    ^-- Heap [used=34MB, free=86.7%, comm=134MB]
    ^-- Non heap [used=65MB, free=-1%, comm=66MB]
    ^-- Public thread pool [active=0, idle=0, qSize=0]
    ^-- System thread pool [active=0, idle=6, qSize=0]
    ^-- Outbound messages queue [size=0]
[00:50:39,639][INFO][grid-timeout-worker-#15%null%][IgniteKernal] FreeList [name=null, buckets=256, dataPages=1, reusePages=1070]
[00:51:39,639][INFO][grid-timeout-worker-#15%null%][IgniteKernal] 
Metrics for local node (to disable set 'metricsLogFrequency' to 0)
    ^-- Node [id=2e78ea3a, name=null, uptime=01:36:00:818]
    ^-- H/N/C [hosts=1, nodes=2, CPUs=1]
    ^-- CPU [cur=1.33%, avg=2.06%, GC=0%]
    ^-- PageMemory [pages=4303]
    ^-- Heap [used=34MB, free=86.37%, comm=134MB]
    ^-- Non heap [used=64MB, free=-1%, comm=66MB]
    ^-- Public thread pool [active=0, idle=0, qSize=0]
    ^-- System thread pool [active=0, idle=6, qSize=0]
    ^-- Outbound messages queue [size=0]
[00:51:39,639][INFO][grid-timeout-worker-#15%null%][IgniteKernal] FreeList [name=null, buckets=256, dataPages=1, reusePages=1070]
[00:52:39,646][INFO][grid-timeout-worker-#15%null%][IgniteKernal] 
Metrics for local node (to disable set 'metricsLogFrequency' to 0)
    ^-- Node [id=2e78ea3a, name=null, uptime=01:37:00:825]
    ^-- H/N/C [hosts=1, nodes=2, CPUs=1]
    ^-- CPU [cur=1.67%, avg=2.06%, GC=0%]
    ^-- PageMemory [pages=4303]
    ^-- Heap [used=35MB, free=86.02%, comm=134MB]
    ^-- Non heap [used=64MB, free=-1%, comm=66MB]
    ^-- Public thread pool [active=0, idle=0, qSize=0]
    ^-- System thread pool [active=0, idle=6, qSize=0]
    ^-- Outbound messages queue [size=0]
[00:52:39,649][INFO][grid-timeout-worker-#15%null%][IgniteKernal] FreeList [name=null, buckets=256, dataPages=1, reusePages=1070]
[00:53:39,654][INFO][grid-timeout-worker-#15%null%][IgniteKernal] 
Metrics for local node (to disable set 'metricsLogFrequency' to 0)
    ^-- Node [id=2e78ea3a, name=null, uptime=01:38:00:834]
    ^-- H/N/C [hosts=1, nodes=2, CPUs=1]
    ^-- CPU [cur=2%, avg=2.05%, GC=0%]
    ^-- PageMemory [pages=4303]
    ^-- Heap [used=35MB, free=86.01%, comm=134MB]
    ^-- Non heap [used=64MB, free=-1%, comm=66MB]
    ^-- Public thread pool [active=0, idle=0, qSize=0]
    ^-- System thread pool [active=0, idle=6, qSize=0]
    ^-- Outbound messages queue [size=0]
[00:53:39,655][INFO][grid-timeout-worker-#15%null%][IgniteKernal] FreeList [name=null, buckets=256, dataPages=1, reusePages=1070]
[00:54:39,668][INFO][grid-timeout-worker-#15%null%][IgniteKernal] 
Metrics for local node (to disable set 'metricsLogFrequency' to 0)
    ^-- Node [id=2e78ea3a, name=null, uptime=01:39:00:849]
    ^-- H/N/C [hosts=1, nodes=2, CPUs=1]
    ^-- CPU [cur=2%, avg=2.05%, GC=0%]
    ^-- PageMemory [pages=4303]
    ^-- Heap [used=36MB, free=85.63%, comm=134MB]
    ^-- Non heap [used=64MB, free=-1%, comm=66MB]
    ^-- Public thread pool [active=0, idle=0, qSize=0]
    ^-- System thread pool [active=0, idle=6, qSize=0]
    ^-- Outbound messages queue [size=0]
[00:54:39,668][INFO][grid-timeout-worker-#15%null%][IgniteKernal] FreeList [name=null, buckets=256, dataPages=1, reusePages=1070]
[00:55:39,671][INFO][grid-timeout-worker-#15%null%][IgniteKernal] 
Metrics for local node (to disable set 'metricsLogFrequency' to 0)
    ^-- Node [id=2e78ea3a, name=null, uptime=01:40:00:855]
    ^-- H/N/C [hosts=1, nodes=2, CPUs=1]
    ^-- CPU [cur=1.67%, avg=2.05%, GC=0%]
    ^-- PageMemory [pages=4303]
    ^-- Heap [used=37MB, free=85.53%, comm=134MB]
    ^-- Non heap [used=64MB, free=-1%, comm=66MB]
    ^-- Public thread pool [active=0, idle=0, qSize=0]
    ^-- System thread pool [active=0, idle=6, qSize=0]
    ^-- Outbound messages queue [size=0]
[00:55:39,671][INFO][grid-timeout-worker-#15%null%][IgniteKernal] FreeList [name=null, buckets=256, dataPages=1, reusePages=1070]
[00:56:39,684][INFO][grid-timeout-worker-#15%null%][IgniteKernal] 
Metrics for local node (to disable set 'metricsLogFrequency' to 0)
    ^-- Node [id=2e78ea3a, name=null, uptime=01:41:00:865]
    ^-- H/N/C [hosts=1, nodes=2, CPUs=1]
    ^-- CPU [cur=1.67%, avg=2.05%, GC=0%]
    ^-- PageMemory [pages=4303]
    ^-- Heap [used=37MB, free=85.21%, comm=134MB]
    ^-- Non heap [used=64MB, free=-1%, comm=66MB]
    ^-- Public thread pool [active=0, idle=0, qSize=0]
    ^-- System thread pool [active=0, idle=6, qSize=0]
    ^-- Outbound messages queue [size=0]
[00:56:39,684][INFO][grid-timeout-worker-#15%null%][IgniteKernal] FreeList [name=null, buckets=256, dataPages=1, reusePages=1070]
[00:57:39,689][INFO][grid-timeout-worker-#15%null%][IgniteKernal] 
Metrics for local node (to disable set 'metricsLogFrequency' to 0)
    ^-- Node [id=2e78ea3a, name=null, uptime=01:42:00:869]
    ^-- H/N/C [hosts=1, nodes=2, CPUs=1]
    ^-- CPU [cur=1.33%, avg=2.04%, GC=0%]
    ^-- PageMemory [pages=4303]
    ^-- Heap [used=37MB, free=85.22%, comm=134MB]
    ^-- Non heap [used=64MB, free=-1%, comm=66MB]
    ^-- Public thread pool [active=0, idle=0, qSize=0]
    ^-- System thread pool [active=0, idle=6, qSize=0]
    ^-- Outbound messages queue [size=0]
[00:57:39,689][INFO][grid-timeout-worker-#15%null%][IgniteKernal] FreeList [name=null, buckets=256, dataPages=1, reusePages=1070]
[00:58:39,701][INFO][grid-timeout-worker-#15%null%][IgniteKernal] 
Metrics for local node (to disable set 'metricsLogFrequency' to 0)
    ^-- Node [id=2e78ea3a, name=null, uptime=01:43:00:878]
    ^-- H/N/C [hosts=1, nodes=2, CPUs=1]
    ^-- CPU [cur=2%, avg=2.04%, GC=0.3%]
    ^-- PageMemory [pages=4303]
    ^-- Heap [used=33MB, free=86.77%, comm=134MB]
    ^-- Non heap [used=64MB, free=-1%, comm=66MB]
    ^-- Public thread pool [active=0, idle=0, qSize=0]
    ^-- System thread pool [active=0, idle=6, qSize=0]
    ^-- Outbound messages queue [size=0]
[00:58:39,730][INFO][grid-timeout-worker-#15%null%][IgniteKernal] FreeList [name=null, buckets=256, dataPages=1, reusePages=1070]
[00:59:39,734][INFO][grid-timeout-worker-#15%null%][IgniteKernal] 
Metrics for local node (to disable set 'metricsLogFrequency' to 0)
    ^-- Node [id=2e78ea3a, name=null, uptime=01:44:00:911]
    ^-- H/N/C [hosts=1, nodes=2, CPUs=1]
    ^-- CPU [cur=1.33%, avg=2.03%, GC=0%]
    ^-- PageMemory [pages=4303]
    ^-- Heap [used=34MB, free=86.38%, comm=134MB]
    ^-- Non heap [used=64MB, free=-1%, comm=66MB]
    ^-- Public thread pool [active=0, idle=0, qSize=0]
    ^-- System thread pool [active=0, idle=6, qSize=0]
    ^-- Outbound messages queue [size=0]
[00:59:39,734][INFO][grid-timeout-worker-#15%null%][IgniteKernal] FreeList [name=null, buckets=256, dataPages=1, reusePages=1070]
[01:00:40,102][INFO][grid-timeout-worker-#15%null%][IgniteKernal] 
Metrics for local node (to disable set 'metricsLogFrequency' to 0)
    ^-- Node [id=2e78ea3a, name=null, uptime=01:45:01:279]
    ^-- H/N/C [hosts=1, nodes=2, CPUs=1]
    ^-- CPU [cur=1.67%, avg=2.03%, GC=0%]
    ^-- PageMemory [pages=4303]
    ^-- Heap [used=39MB, free=84.43%, comm=134MB]
    ^-- Non heap [used=64MB, free=-1%, comm=66MB]
    ^-- Public thread pool [active=0, idle=0, qSize=0]
    ^-- System thread pool [active=0, idle=6, qSize=0]
    ^-- Outbound messages queue [size=0]
[01:00:40,102][INFO][grid-timeout-worker-#15%null%][IgniteKernal] FreeList [name=null, buckets=256, dataPages=1, reusePages=1070]
[01:01:40,107][INFO][grid-timeout-worker-#15%null%][IgniteKernal] 
Metrics for local node (to disable set 'metricsLogFrequency' to 0)
    ^-- Node [id=2e78ea3a, name=null, uptime=01:46:01:290]
    ^-- H/N/C [hosts=1, nodes=2, CPUs=1]
    ^-- CPU [cur=1.67%, avg=2.03%, GC=0%]
    ^-- PageMemory [pages=4303]
    ^-- Heap [used=45MB, free=82.08%, comm=134MB]
    ^-- Non heap [used=64MB, free=-1%, comm=66MB]
    ^-- Public thread pool [active=0, idle=0, qSize=0]
    ^-- System thread pool [active=0, idle=6, qSize=0]
    ^-- Outbound messages queue [size=0]
[01:01:40,108][INFO][grid-timeout-worker-#15%null%][IgniteKernal] FreeList [name=null, buckets=256, dataPages=1, reusePages=1070]
[01:02:40,116][INFO][grid-timeout-worker-#15%null%][IgniteKernal] 
Metrics for local node (to disable set 'metricsLogFrequency' to 0)
    ^-- Node [id=2e78ea3a, name=null, uptime=01:47:01:298]
    ^-- H/N/C [hosts=1, nodes=2, CPUs=1]
    ^-- CPU [cur=1.67%, avg=2.03%, GC=0%]
    ^-- PageMemory [pages=4303]
    ^-- Heap [used=51MB, free=79.74%, comm=134MB]
    ^-- Non heap [used=64MB, free=-1%, comm=66MB]
    ^-- Public thread pool [active=0, idle=0, qSize=0]
    ^-- System thread pool [active=0, idle=6, qSize=0]
    ^-- Outbound messages queue [size=0]
[01:02:40,116][INFO][grid-timeout-worker-#15%null%][IgniteKernal] FreeList [name=null, buckets=256, dataPages=1, reusePages=1070]
[01:03:40,124][INFO][grid-timeout-worker-#15%null%][IgniteKernal] 
Metrics for local node (to disable set 'metricsLogFrequency' to 0)
    ^-- Node [id=2e78ea3a, name=null, uptime=01:48:01:302]
    ^-- H/N/C [hosts=1, nodes=2, CPUs=1]
    ^-- CPU [cur=1.67%, avg=2.02%, GC=0%]
    ^-- PageMemory [pages=4303]
    ^-- Heap [used=56MB, free=77.79%, comm=134MB]
    ^-- Non heap [used=64MB, free=-1%, comm=66MB]
    ^-- Public thread pool [active=0, idle=0, qSize=0]
    ^-- System thread pool [active=0, idle=6, qSize=0]
    ^-- Outbound messages queue [size=0]
[01:03:40,125][INFO][grid-timeout-worker-#15%null%][IgniteKernal] FreeList [name=null, buckets=256, dataPages=1, reusePages=1070]
[01:04:40,200][INFO][grid-timeout-worker-#15%null%][IgniteKernal] 
Metrics for local node (to disable set 'metricsLogFrequency' to 0)
    ^-- Node [id=2e78ea3a, name=null, uptime=01:49:01:381]
    ^-- H/N/C [hosts=1, nodes=2, CPUs=1]
    ^-- CPU [cur=1.33%, avg=2.02%, GC=0%]
    ^-- PageMemory [pages=4303]
    ^-- Heap [used=62MB, free=75.44%, comm=134MB]
    ^-- Non heap [used=64MB, free=-1%, comm=66MB]
    ^-- Public thread pool [active=0, idle=0, qSize=0]
    ^-- System thread pool [active=0, idle=6, qSize=0]
    ^-- Outbound messages queue [size=0]
[01:04:40,209][INFO][grid-timeout-worker-#15%null%][IgniteKernal] FreeList [name=null, buckets=256, dataPages=1, reusePages=1070]
[01:05:40,212][INFO][grid-timeout-worker-#15%null%][IgniteKernal] 
Metrics for local node (to disable set 'metricsLogFrequency' to 0)
    ^-- Node [id=2e78ea3a, name=null, uptime=01:50:01:391]
    ^-- H/N/C [hosts=1, nodes=2, CPUs=1]
    ^-- CPU [cur=1.33%, avg=2.01%, GC=0%]
    ^-- PageMemory [pages=4303]
    ^-- Heap [used=67MB, free=73.49%, comm=134MB]
    ^-- Non heap [used=64MB, free=-1%, comm=66MB]
    ^-- Public thread pool [active=0, idle=0, qSize=0]
    ^-- System thread pool [active=0, idle=6, qSize=0]
    ^-- Outbound messages queue [size=0]
[01:05:40,213][INFO][grid-timeout-worker-#15%null%][IgniteKernal] FreeList [name=null, buckets=256, dataPages=1, reusePages=1070]
[01:06:40,213][INFO][grid-timeout-worker-#15%null%][IgniteKernal] 
Metrics for local node (to disable set 'metricsLogFrequency' to 0)
    ^-- Node [id=2e78ea3a, name=null, uptime=01:51:01:393]
    ^-- H/N/C [hosts=1, nodes=2, CPUs=1]
    ^-- CPU [cur=1.67%, avg=2.01%, GC=0%]
    ^-- PageMemory [pages=4303]
    ^-- Heap [used=34MB, free=86.72%, comm=134MB]
    ^-- Non heap [used=64MB, free=-1%, comm=66MB]
    ^-- Public thread pool [active=0, idle=0, qSize=0]
    ^-- System thread pool [active=0, idle=6, qSize=0]
    ^-- Outbound messages queue [size=0]
[01:06:40,214][INFO][grid-timeout-worker-#15%null%][IgniteKernal] FreeList [name=null, buckets=256, dataPages=1, reusePages=1070]
[01:07:40,219][INFO][grid-timeout-worker-#15%null%][IgniteKernal] 
Metrics for local node (to disable set 'metricsLogFrequency' to 0)
    ^-- Node [id=2e78ea3a, name=null, uptime=01:52:01:401]
    ^-- H/N/C [hosts=1, nodes=2, CPUs=1]
    ^-- CPU [cur=1.33%, avg=2%, GC=0%]
    ^-- PageMemory [pages=4303]
    ^-- Heap [used=34MB, free=86.34%, comm=134MB]
    ^-- Non heap [used=64MB, free=-1%, comm=66MB]
    ^-- Public thread pool [active=0, idle=0, qSize=0]
    ^-- System thread pool [active=0, idle=6, qSize=0]
    ^-- Outbound messages queue [size=0]
[01:07:40,220][INFO][grid-timeout-worker-#15%null%][IgniteKernal] FreeList [name=null, buckets=256, dataPages=1, reusePages=1070]
[01:08:40,220][INFO][grid-timeout-worker-#15%null%][IgniteKernal] 
Metrics for local node (to disable set 'metricsLogFrequency' to 0)
    ^-- Node [id=2e78ea3a, name=null, uptime=01:53:01:402]
    ^-- H/N/C [hosts=1, nodes=2, CPUs=1]
    ^-- CPU [cur=1.33%, avg=2%, GC=0%]
    ^-- PageMemory [pages=4303]
    ^-- Heap [used=34MB, free=86.35%, comm=134MB]
    ^-- Non heap [used=64MB, free=-1%, comm=66MB]
    ^-- Public thread pool [active=0, idle=0, qSize=0]
    ^-- System thread pool [active=0, idle=6, qSize=0]
    ^-- Outbound messages queue [size=0]
[01:08:40,221][INFO][grid-timeout-worker-#15%null%][IgniteKernal] FreeList [name=null, buckets=256, dataPages=1, reusePages=1070]
[01:09:40,226][INFO][grid-timeout-worker-#15%null%][IgniteKernal] 
Metrics for local node (to disable set 'metricsLogFrequency' to 0)
    ^-- Node [id=2e78ea3a, name=null, uptime=01:54:01:406]
    ^-- H/N/C [hosts=1, nodes=2, CPUs=1]
    ^-- CPU [cur=1.67%, avg=2%, GC=0%]
    ^-- PageMemory [pages=4303]
    ^-- Heap [used=36MB, free=85.89%, comm=134MB]
    ^-- Non heap [used=64MB, free=-1%, comm=66MB]
    ^-- Public thread pool [active=0, idle=0, qSize=0]
    ^-- System thread pool [active=0, idle=6, qSize=0]
    ^-- Outbound messages queue [size=0]
[01:09:40,226][INFO][grid-timeout-worker-#15%null%][IgniteKernal] FreeList [name=null, buckets=256, dataPages=1, reusePages=1070]
[01:10:40,231][INFO][grid-timeout-worker-#15%null%][IgniteKernal] 
Metrics for local node (to disable set 'metricsLogFrequency' to 0)
    ^-- Node [id=2e78ea3a, name=null, uptime=01:55:01:406]
    ^-- H/N/C [hosts=1, nodes=2, CPUs=1]
    ^-- CPU [cur=2%, avg=2%, GC=0%]
    ^-- PageMemory [pages=4303]
    ^-- Heap [used=36MB, free=85.94%, comm=134MB]
    ^-- Non heap [used=64MB, free=-1%, comm=66MB]
    ^-- Public thread pool [active=0, idle=0, qSize=0]
    ^-- System thread pool [active=0, idle=6, qSize=0]
    ^-- Outbound messages queue [size=0]
[01:10:40,232][INFO][grid-timeout-worker-#15%null%][IgniteKernal] FreeList [name=null, buckets=256, dataPages=1, reusePages=1070]
[01:11:40,242][INFO][grid-timeout-worker-#15%null%][IgniteKernal] 
Metrics for local node (to disable set 'metricsLogFrequency' to 0)
    ^-- Node [id=2e78ea3a, name=null, uptime=01:56:01:419]
    ^-- H/N/C [hosts=1, nodes=2, CPUs=1]
    ^-- CPU [cur=1%, avg=1.99%, GC=0%]
    ^-- PageMemory [pages=4303]
    ^-- Heap [used=37MB, free=85.54%, comm=134MB]
    ^-- Non heap [used=64MB, free=-1%, comm=66MB]
    ^-- Public thread pool [active=0, idle=0, qSize=0]
    ^-- System thread pool [active=0, idle=6, qSize=0]
    ^-- Outbound messages queue [size=0]
[01:11:40,242][INFO][grid-timeout-worker-#15%null%][IgniteKernal] FreeList [name=null, buckets=256, dataPages=1, reusePages=1070]
[01:12:40,238][INFO][grid-timeout-worker-#15%null%][IgniteKernal] 
Metrics for local node (to disable set 'metricsLogFrequency' to 0)
    ^-- Node [id=2e78ea3a, name=null, uptime=01:57:01:420]
    ^-- H/N/C [hosts=1, nodes=2, CPUs=1]
    ^-- CPU [cur=1.67%, avg=1.99%, GC=0%]
    ^-- PageMemory [pages=4303]
    ^-- Heap [used=37MB, free=85.17%, comm=134MB]
    ^-- Non heap [used=64MB, free=-1%, comm=66MB]
    ^-- Public thread pool [active=0, idle=0, qSize=0]
    ^-- System thread pool [active=0, idle=6, qSize=0]
    ^-- Outbound messages queue [size=0]
[01:12:40,239][INFO][grid-timeout-worker-#15%null%][IgniteKernal] FreeList [name=null, buckets=256, dataPages=1, reusePages=1070]
[01:13:40,246][INFO][grid-timeout-worker-#15%null%][IgniteKernal] 
Metrics for local node (to disable set 'metricsLogFrequency' to 0)
    ^-- Node [id=2e78ea3a, name=null, uptime=01:58:01:428]
    ^-- H/N/C [hosts=1, nodes=2, CPUs=1]
    ^-- CPU [cur=1.67%, avg=1.99%, GC=0%]
    ^-- PageMemory [pages=4303]
    ^-- Heap [used=38MB, free=85.1%, comm=134MB]
    ^-- Non heap [used=64MB, free=-1%, comm=66MB]
    ^-- Public thread pool [active=0, idle=0, qSize=0]
    ^-- System thread pool [active=0, idle=6, qSize=0]
    ^-- Outbound messages queue [size=0]
[01:13:40,246][INFO][grid-timeout-worker-#15%null%][IgniteKernal] FreeList [name=null, buckets=256, dataPages=1, reusePages=1070]
[01:14:40,252][INFO][grid-timeout-worker-#15%null%][IgniteKernal] 
Metrics for local node (to disable set 'metricsLogFrequency' to 0)
    ^-- Node [id=2e78ea3a, name=null, uptime=01:59:01:434]
    ^-- H/N/C [hosts=1, nodes=2, CPUs=1]
    ^-- CPU [cur=1.67%, avg=1.98%, GC=0%]
    ^-- PageMemory [pages=4303]
    ^-- Heap [used=34MB, free=86.7%, comm=134MB]
    ^-- Non heap [used=64MB, free=-1%, comm=66MB]
    ^-- Public thread pool [active=0, idle=0, qSize=0]
    ^-- System thread pool [active=0, idle=6, qSize=0]
    ^-- Outbound messages queue [size=0]
[01:14:40,253][INFO][grid-timeout-worker-#15%null%][IgniteKernal] FreeList [name=null, buckets=256, dataPages=1, reusePages=1070]
[01:15:40,261][INFO][grid-timeout-worker-#15%null%][IgniteKernal] 
Metrics for local node (to disable set 'metricsLogFrequency' to 0)
    ^-- Node [id=2e78ea3a, name=null, uptime=02:00:01:439]
    ^-- H/N/C [hosts=1, nodes=2, CPUs=1]
    ^-- CPU [cur=2.33%, avg=1.98%, GC=0%]
    ^-- PageMemory [pages=4303]
    ^-- Heap [used=34MB, free=86.33%, comm=134MB]
    ^-- Non heap [used=64MB, free=-1%, comm=66MB]
    ^-- Public thread pool [active=0, idle=0, qSize=0]
    ^-- System thread pool [active=0, idle=6, qSize=0]
    ^-- Outbound messages queue [size=0]
[01:15:40,262][INFO][grid-timeout-worker-#15%null%][IgniteKernal] FreeList [name=null, buckets=256, dataPages=1, reusePages=1070]
[01:16:40,263][INFO][grid-timeout-worker-#15%null%][IgniteKernal] 
Metrics for local node (to disable set 'metricsLogFrequency' to 0)
    ^-- Node [id=2e78ea3a, name=null, uptime=02:01:01:444]
    ^-- H/N/C [hosts=1, nodes=2, CPUs=1]
    ^-- CPU [cur=1.67%, avg=1.97%, GC=0%]
    ^-- PageMemory [pages=4303]
    ^-- Heap [used=40MB, free=83.99%, comm=134MB]
    ^-- Non heap [used=64MB, free=-1%, comm=66MB]
    ^-- Public thread pool [active=0, idle=0, qSize=0]
    ^-- System thread pool [active=0, idle=6, qSize=0]
    ^-- Outbound messages queue [size=0]
[01:16:40,264][INFO][grid-timeout-worker-#15%null%][IgniteKernal] FreeList [name=null, buckets=256, dataPages=1, reusePages=1070]
[01:17:40,298][INFO][grid-timeout-worker-#15%null%][IgniteKernal] 
Metrics for local node (to disable set 'metricsLogFrequency' to 0)
    ^-- Node [id=2e78ea3a, name=null, uptime=02:02:01:444]
    ^-- H/N/C [hosts=1, nodes=2, CPUs=1]
    ^-- CPU [cur=1.67%, avg=1.97%, GC=0%]
    ^-- PageMemory [pages=4303]
    ^-- Heap [used=44MB, free=82.42%, comm=134MB]
    ^-- Non heap [used=64MB, free=-1%, comm=66MB]
    ^-- Public thread pool [active=0, idle=0, qSize=0]
    ^-- System thread pool [active=0, idle=6, qSize=0]
    ^-- Outbound messages queue [size=0]
[01:17:40,300][INFO][grid-timeout-worker-#15%null%][IgniteKernal] FreeList [name=null, buckets=256, dataPages=1, reusePages=1070]
[01:18:40,296][INFO][grid-timeout-worker-#15%null%][IgniteKernal] 
Metrics for local node (to disable set 'metricsLogFrequency' to 0)
    ^-- Node [id=2e78ea3a, name=null, uptime=02:03:01:477]
    ^-- H/N/C [hosts=1, nodes=2, CPUs=1]
    ^-- CPU [cur=1%, avg=1.97%, GC=0%]
    ^-- PageMemory [pages=4303]
    ^-- Heap [used=49MB, free=80.47%, comm=134MB]
    ^-- Non heap [used=64MB, free=-1%, comm=66MB]
    ^-- Public thread pool [active=0, idle=0, qSize=0]
    ^-- System thread pool [active=0, idle=6, qSize=0]
    ^-- Outbound messages queue [size=0]
[01:18:40,296][INFO][grid-timeout-worker-#15%null%][IgniteKernal] FreeList [name=null, buckets=256, dataPages=1, reusePages=1070]
