[13:58:30,435][INFO][main][IgniteKernal] 

>>>    __________  ________________  
>>>   /  _/ ___/ |/ /  _/_  __/ __/  
>>>  _/ // (7 7    // /  / / / _/    
>>> /___/\___/_/|_/___/ /_/ /___/   
>>> 
>>> ver. 2.0.0#20170430-sha1:d4eef3c6
>>> 2017 Copyright(C) Apache Software Foundation
>>> 
>>> Ignite documentation: http://ignite.apache.org

[13:58:30,491][INFO][main][IgniteKernal] Config URL: file:/opt/apache-ignite-fabric-2.0.0-bin/examples/config/example-ignite.xml
[13:58:30,492][INFO][main][IgniteKernal] Daemon mode: off
[13:58:30,492][INFO][main][IgniteKernal] OS: Linux 4.4.0-31-generic amd64
[13:58:30,492][INFO][main][IgniteKernal] OS user: shravya
[13:58:30,493][INFO][main][IgniteKernal] PID: 6899
[13:58:30,494][INFO][main][IgniteKernal] Language runtime: Java Platform API Specification ver. 1.8
[13:58:30,494][INFO][main][IgniteKernal] VM information: Java(TM) SE Runtime Environment 1.8.0_131-b11 Oracle Corporation Java HotSpot(TM) 64-Bit Server VM 25.131-b11
[13:58:30,500][INFO][main][IgniteKernal] VM total memory: 0.97GB
[13:58:30,501][INFO][main][IgniteKernal] Remote Management [restart: on, REST: on, JMX (remote: on, port: 49118, auth: off, ssl: off)]
[13:58:30,501][INFO][main][IgniteKernal] IGNITE_HOME=/opt/apache-ignite-fabric-2.0.0-bin
[13:58:30,501][INFO][main][IgniteKernal] VM arguments: [-Xms1g, -Xmx1g, -XX:+AggressiveOpts, -XX:MaxMetaspaceSize=256m, -DIGNITE_QUIET=true, -DIGNITE_SUCCESS_FILE=/opt/apache-ignite-fabric-2.0.0-bin/work/ignite_success_59d53cc2-1b39-44c9-a39c-ba0e46d37d9d, -Dcom.sun.management.jmxremote, -Dcom.sun.management.jmxremote.port=49118, -Dcom.sun.management.jmxremote.authenticate=false, -Dcom.sun.management.jmxremote.ssl=false, -DIGNITE_HOME=/opt/apache-ignite-fabric-2.0.0-bin, -DIGNITE_PROG_NAME=bin/ignite.sh]
[13:58:30,501][INFO][main][IgniteKernal] System cache's MemoryPolicy size is configured to 40 MB. Use MemoryConfiguration.systemCacheMemorySize property to change the setting.
[13:58:30,502][INFO][main][IgniteKernal] Configured caches [in 'default' memoryPolicy: ['ignite-sys-cache', 'ignite-atomics-sys-cache']]
[13:58:30,502][WARNING][main][IgniteKernal] Peer class loading is enabled (disable it in production for performance and deployment consistency reasons)
[13:58:30,559][INFO][main][IgniteKernal] 3-rd party licenses can be found at: /opt/apache-ignite-fabric-2.0.0-bin/libs/licenses
[13:58:30,971][INFO][main][IgnitePluginProcessor] Configured plugins:
[13:58:30,972][INFO][main][IgnitePluginProcessor]   ^-- None
[13:58:30,972][INFO][main][IgnitePluginProcessor] 
[13:58:31,254][INFO][main][TcpCommunicationSpi] Successfully bound communication NIO server to TCP port [port=47101, locHost=0.0.0.0/0.0.0.0, selectorsCnt=4, selectorSpins=0, pairedConn=false]
[13:58:31,360][WARNING][main][TcpCommunicationSpi] Message queue limit is set to 0 which may lead to potential OOMEs when running cache operations in FULL_ASYNC or PRIMARY_SYNC modes due to message queues growth on sender and receiver sides.
[13:58:31,457][WARNING][main][NoopCheckpointSpi] Checkpoints are disabled (to enable configure any GridCheckpointSpi implementation)
[13:58:31,558][WARNING][main][GridCollisionManager] Collision resolution is disabled (all jobs will be activated upon arrival).
[13:58:31,564][INFO][main][IgniteKernal] Security status [authentication=off, tls/ssl=off]
[13:58:32,498][WARNING][main][IgniteCacheDatabaseSharedManager] No user-defined default MemoryPolicy found; system default of 1GB size will be used.
[13:58:32,924][WARNING][main][IgniteH2Indexing] Serialization of Java objects in H2 was enabled.
[13:58:33,144][INFO][main][GridTcpRestProtocol] Command protocol successfully started [name=TCP binary, host=0.0.0.0/0.0.0.0, port=11212]
[13:58:33,372][INFO][main][IgniteKernal] Non-loopback local IPs: 10.0.2.15, fe80:0:0:0:a00:27ff:fef7:15ba%eth0
[13:58:33,372][INFO][main][IgniteKernal] Enabled local MACs: 080027F715BA
[13:58:33,608][INFO][main][TcpDiscoverySpi] Successfully bound to TCP port [port=47501, localHost=0.0.0.0/0.0.0.0, locNodeId=d5726d94-0269-4fb3-96fa-c081db1e4591]
[13:58:37,183][INFO][main][GridCacheProcessor] Started cache [name=ignite-sys-cache, memoryPolicyName=sysMemPlc, mode=REPLICATED]
[13:58:37,215][INFO][main][GridCacheProcessor] Started cache [name=ignite-atomics-sys-cache, memoryPolicyName=sysMemPlc, mode=PARTITIONED]
[13:58:37,543][INFO][main][GridCacheProcessor] Started cache [name=msgCache, memoryPolicyName=null, mode=PARTITIONED]
[13:58:37,839][INFO][grid-nio-worker-tcp-comm-0-#17%null%][TcpCommunicationSpi] Established outgoing communication connection [locAddr=/0:0:0:0:0:0:0:1:42494, rmtAddr=/0:0:0:0:0:0:0:1%lo:47100]
[13:58:39,069][WARNING][sys-stripe-3-#4%null%][GridCacheEventManager] <msgCache> Failed to unmarshall cache object value for the event notification (all further notifications will keep binary object format).
[13:58:39,679][INFO][exchange-worker-#27%null%][GridCachePartitionExchangeManager] Rebalancing scheduled [order=[ignite-sys-cache, ignite-atomics-sys-cache, msgCache]]
[13:58:39,714][INFO][exchange-worker-#27%null%][GridCachePartitionExchangeManager] Rebalancing started [top=AffinityTopologyVersion [topVer=2, minorTopVer=0], evt=NODE_JOINED, node=d5726d94-0269-4fb3-96fa-c081db1e4591]
[13:58:39,715][INFO][exchange-worker-#27%null%][GridDhtPartitionDemander] <ignite-sys-cache> Starting rebalancing [mode=SYNC, fromNode=b5eae727-209f-4a8f-98fd-651db99bbbd6, partitionsCount=100, topology=AffinityTopologyVersion [topVer=2, minorTopVer=0], updateSeq=1]
[13:58:39,979][INFO][utility-#30%null%][GridDhtPartitionDemander] <ignite-sys-cache> Completed (final) rebalancing [fromNode=b5eae727-209f-4a8f-98fd-651db99bbbd6, topology=AffinityTopologyVersion [topVer=2, minorTopVer=0], time=272 ms]
[13:58:40,083][INFO][utility-#30%null%][GridDhtPartitionDemander] <ignite-atomics-sys-cache> Starting rebalancing [mode=SYNC, fromNode=b5eae727-209f-4a8f-98fd-651db99bbbd6, partitionsCount=535, topology=AffinityTopologyVersion [topVer=2, minorTopVer=0], updateSeq=1]
[13:58:40,635][INFO][sys-#32%null%][GridDhtPartitionDemander] <ignite-atomics-sys-cache> Completed (final) rebalancing [fromNode=b5eae727-209f-4a8f-98fd-651db99bbbd6, topology=AffinityTopologyVersion [topVer=2, minorTopVer=0], time=457 ms]
[13:58:40,636][INFO][sys-#32%null%][GridDhtPartitionDemander] <msgCache> Starting rebalancing [mode=ASYNC, fromNode=b5eae727-209f-4a8f-98fd-651db99bbbd6, partitionsCount=535, topology=AffinityTopologyVersion [topVer=2, minorTopVer=0], updateSeq=1]
[13:58:43,607][INFO][main][IgniteKernal] Performance suggestions for grid  (fix if possible)
[13:58:43,607][INFO][main][IgniteKernal] To disable, set -DIGNITE_PERFORMANCE_SUGGESTIONS_DISABLED=true
[13:58:43,607][INFO][main][IgniteKernal]   ^-- Disable grid events (remove 'includeEventTypes' from configuration)
[13:58:43,609][INFO][main][IgniteKernal]   ^-- Enable G1 Garbage Collector (add '-XX:+UseG1GC' to JVM options)
[13:58:43,609][INFO][main][IgniteKernal]   ^-- Set max direct memory size if getting 'OOME: Direct buffer memory' (add '-XX:MaxDirectMemorySize=<size>[g|G|m|M|k|K]' to JVM options)
[13:58:43,609][INFO][main][IgniteKernal]   ^-- Disable processing of calls to System.gc() (add '-XX:+DisableExplicitGC' to JVM options)
[13:58:43,609][INFO][main][IgniteKernal] Refer to this page for more performance suggestions: https://apacheignite.readme.io/docs/jvm-and-system-tuning
[13:58:43,610][INFO][main][IgniteKernal] 
[13:58:43,611][INFO][main][IgniteKernal] To start Console Management & Monitoring run ignitevisorcmd.{sh|bat}
[13:58:43,612][INFO][main][IgniteKernal] 
[13:58:43,885][INFO][main][IgniteKernal] 

>>> +----------------------------------------------------------------------+
>>> Ignite ver. 2.0.0#20170430-sha1:d4eef3c68ff116ee34bc13648cd82c640b3ea072
>>> +----------------------------------------------------------------------+
>>> OS name: Linux 4.4.0-31-generic amd64
>>> CPU(s): 1
>>> Heap: 1.0GB
>>> VM name: 6899@shravya-VirtualBox
>>> Local node [ID=D5726D94-0269-4FB3-96FA-C081DB1E4591, order=2, clientMode=false]
>>> Local node addresses: [10.0.2.15/0:0:0:0:0:0:0:1%lo, /10.0.2.15, /127.0.0.1]
>>> Local ports: TCP:11212 TCP:47101 UDP:47400 TCP:47501 

[13:58:43,971][INFO][main][GridDiscoveryManager] Topology snapshot [ver=2, servers=2, clients=0, CPUs=1, heap=1.5GB]
[13:59:39,269][INFO][sys-#38%null%][GridDhtPartitionDemander] <msgCache> Completed (final) rebalancing [fromNode=b5eae727-209f-4a8f-98fd-651db99bbbd6, topology=AffinityTopologyVersion [topVer=2, minorTopVer=0], time=58631 ms]
[13:59:43,633][INFO][grid-timeout-worker-#15%null%][IgniteKernal] 
Metrics for local node (to disable set 'metricsLogFrequency' to 0)
    ^-- Node [id=d5726d94, name=null, uptime=00:01:00:204]
    ^-- H/N/C [hosts=1, nodes=2, CPUs=1]
    ^-- CPU [cur=17%, avg=45.24%, GC=0%]
    ^-- PageMemory [pages=55862]
    ^-- Heap [used=160MB, free=83.78%, comm=989MB]
    ^-- Non heap [used=50MB, free=96.7%, comm=53MB]
    ^-- Public thread pool [active=0, idle=0, qSize=0]
    ^-- System thread pool [active=0, idle=8, qSize=0]
    ^-- Outbound messages queue [size=0]
[13:59:43,634][INFO][grid-timeout-worker-#15%null%][IgniteKernal] FreeList [name=null, buckets=256, dataPages=40053, reusePages=0]
[13:59:47,287][INFO][ignite-update-notifier-timer][GridUpdateNotifier] Update status is not available.
[13:59:52,321][WARNING][exchange-worker-#27%null%][GridCachePartitionExchangeManager] Failed to wait for partition map exchange [topVer=AffinityTopologyVersion [topVer=2, minorTopVer=1], node=d5726d94-0269-4fb3-96fa-c081db1e4591]. Dumping pending objects that might be the cause: 
[13:59:52,321][WARNING][exchange-worker-#27%null%][GridCachePartitionExchangeManager] Ready affinity version: AffinityTopologyVersion [topVer=2, minorTopVer=0]
[13:59:52,725][WARNING][exchange-worker-#27%null%][GridCachePartitionExchangeManager] Last exchange future: GridDhtPartitionsExchangeFuture [dummy=false, forcePreload=false, reassign=false, discoEvt=DiscoveryCustomEvent [customMsg=CacheAffinityChangeMessage [id=36e7aab2d51-17c0df97-9d60-41a2-ad59-ab88f8546820, topVer=AffinityTopologyVersion [topVer=2, minorTopVer=0], exchId=null, partsMsg=null, exchangeNeeded=true], affTopVer=AffinityTopologyVersion [topVer=2, minorTopVer=1], super=DiscoveryEvent [evtNode=TcpDiscoveryNode [id=b5eae727-209f-4a8f-98fd-651db99bbbd6, addrs=[0:0:0:0:0:0:0:1%lo, 10.0.2.15, 127.0.0.1], sockAddrs=[/0:0:0:0:0:0:0:1%lo:47500, /127.0.0.1:47500, /10.0.2.15:47500], discPort=47500, order=1, intOrder=1, lastExchangeTime=1499675315513, loc=false, ver=2.0.0#20170430-sha1:d4eef3c6, isClient=false], topVer=2, nodeId8=d5726d94, msg=null, type=DISCOVERY_CUSTOM_EVT, tstamp=1499675381588]], crd=TcpDiscoveryNode [id=b5eae727-209f-4a8f-98fd-651db99bbbd6, addrs=[0:0:0:0:0:0:0:1%lo, 10.0.2.15, 127.0.0.1], sockAddrs=[/0:0:0:0:0:0:0:1%lo:47500, /127.0.0.1:47500, /10.0.2.15:47500], discPort=47500, order=1, intOrder=1, lastExchangeTime=1499675315513, loc=false, ver=2.0.0#20170430-sha1:d4eef3c6, isClient=false], exchId=GridDhtPartitionExchangeId [topVer=AffinityTopologyVersion [topVer=2, minorTopVer=1], nodeId=b5eae727, evt=DISCOVERY_CUSTOM_EVT], added=true, initFut=GridFutureAdapter [ignoreInterrupts=false, state=DONE, res=true, hash=1765200723], init=true, lastVer=null, partReleaseFut=GridCompoundFuture [rdc=null, initFlag=1, lsnrCalls=4, done=true, cancelled=false, err=null, futs=[true, true, true, true]], affChangeMsg=CacheAffinityChangeMessage [id=36e7aab2d51-17c0df97-9d60-41a2-ad59-ab88f8546820, topVer=AffinityTopologyVersion [topVer=2, minorTopVer=0], exchId=null, partsMsg=null, exchangeNeeded=true], skipPreload=false, clientOnlyExchange=false, initTs=1499675381588, centralizedAff=false, changeGlobalStateE=null, exchangeOnChangeGlobalState=false, forcedRebFut=null, evtLatch=0, remaining=[b5eae727-209f-4a8f-98fd-651db99bbbd6], srvNodes=[TcpDiscoveryNode [id=b5eae727-209f-4a8f-98fd-651db99bbbd6, addrs=[0:0:0:0:0:0:0:1%lo, 10.0.2.15, 127.0.0.1], sockAddrs=[/0:0:0:0:0:0:0:1%lo:47500, /127.0.0.1:47500, /10.0.2.15:47500], discPort=47500, order=1, intOrder=1, lastExchangeTime=1499675315513, loc=false, ver=2.0.0#20170430-sha1:d4eef3c6, isClient=false], TcpDiscoveryNode [id=d5726d94-0269-4fb3-96fa-c081db1e4591, addrs=[0:0:0:0:0:0:0:1%lo, 10.0.2.15, 127.0.0.1], sockAddrs=[/10.0.2.15:47501, /0:0:0:0:0:0:0:1%lo:47501, /127.0.0.1:47501], discPort=47501, order=2, intOrder=2, lastExchangeTime=1499675390971, loc=true, ver=2.0.0#20170430-sha1:d4eef3c6, isClient=false]], super=GridFutureAdapter [ignoreInterrupts=false, state=INIT, res=null, hash=1698315709]]
[13:59:52,726][WARNING][exchange-worker-#27%null%][GridCachePartitionExchangeManager] Pending exchange futures:
[13:59:52,726][WARNING][exchange-worker-#27%null%][GridCachePartitionExchangeManager] Last 10 exchange futures (total: 2):
[13:59:52,727][WARNING][exchange-worker-#27%null%][GridCachePartitionExchangeManager] >>> GridDhtPartitionsExchangeFuture [dummy=false, forcePreload=false, reassign=false, discoEvt=DiscoveryCustomEvent [customMsg=CacheAffinityChangeMessage [id=36e7aab2d51-17c0df97-9d60-41a2-ad59-ab88f8546820, topVer=AffinityTopologyVersion [topVer=2, minorTopVer=0], exchId=null, partsMsg=null, exchangeNeeded=true], affTopVer=AffinityTopologyVersion [topVer=2, minorTopVer=1], super=DiscoveryEvent [evtNode=TcpDiscoveryNode [id=b5eae727-209f-4a8f-98fd-651db99bbbd6, addrs=[0:0:0:0:0:0:0:1%lo, 10.0.2.15, 127.0.0.1], sockAddrs=[/0:0:0:0:0:0:0:1%lo:47500, /127.0.0.1:47500, /10.0.2.15:47500], discPort=47500, order=1, intOrder=1, lastExchangeTime=1499675315513, loc=false, ver=2.0.0#20170430-sha1:d4eef3c6, isClient=false], topVer=2, nodeId8=d5726d94, msg=null, type=DISCOVERY_CUSTOM_EVT, tstamp=1499675381588]], crd=TcpDiscoveryNode [id=b5eae727-209f-4a8f-98fd-651db99bbbd6, addrs=[0:0:0:0:0:0:0:1%lo, 10.0.2.15, 127.0.0.1], sockAddrs=[/0:0:0:0:0:0:0:1%lo:47500, /127.0.0.1:47500, /10.0.2.15:47500], discPort=47500, order=1, intOrder=1, lastExchangeTime=1499675315513, loc=false, ver=2.0.0#20170430-sha1:d4eef3c6, isClient=false], exchId=GridDhtPartitionExchangeId [topVer=AffinityTopologyVersion [topVer=2, minorTopVer=1], nodeId=b5eae727, evt=DISCOVERY_CUSTOM_EVT], added=true, initFut=GridFutureAdapter [ignoreInterrupts=false, state=DONE, res=true, hash=1765200723], init=true, lastVer=null, partReleaseFut=GridCompoundFuture [rdc=null, initFlag=1, lsnrCalls=4, done=true, cancelled=false, err=null, futs=[true, true, true, true]], affChangeMsg=CacheAffinityChangeMessage [id=36e7aab2d51-17c0df97-9d60-41a2-ad59-ab88f8546820, topVer=AffinityTopologyVersion [topVer=2, minorTopVer=0], exchId=null, partsMsg=null, exchangeNeeded=true], skipPreload=false, clientOnlyExchange=false, initTs=1499675381588, centralizedAff=false, changeGlobalStateE=null, exchangeOnChangeGlobalState=false, forcedRebFut=null, evtLatch=0, remaining=[b5eae727-209f-4a8f-98fd-651db99bbbd6], srvNodes=[TcpDiscoveryNode [id=b5eae727-209f-4a8f-98fd-651db99bbbd6, addrs=[0:0:0:0:0:0:0:1%lo, 10.0.2.15, 127.0.0.1], sockAddrs=[/0:0:0:0:0:0:0:1%lo:47500, /127.0.0.1:47500, /10.0.2.15:47500], discPort=47500, order=1, intOrder=1, lastExchangeTime=1499675315513, loc=false, ver=2.0.0#20170430-sha1:d4eef3c6, isClient=false], TcpDiscoveryNode [id=d5726d94-0269-4fb3-96fa-c081db1e4591, addrs=[0:0:0:0:0:0:0:1%lo, 10.0.2.15, 127.0.0.1], sockAddrs=[/10.0.2.15:47501, /0:0:0:0:0:0:0:1%lo:47501, /127.0.0.1:47501], discPort=47501, order=2, intOrder=2, lastExchangeTime=1499675390971, loc=true, ver=2.0.0#20170430-sha1:d4eef3c6, isClient=false]], super=GridFutureAdapter [ignoreInterrupts=false, state=INIT, res=null, hash=1698315709]]
[13:59:52,728][WARNING][exchange-worker-#27%null%][GridCachePartitionExchangeManager] >>> GridDhtPartitionsExchangeFuture [dummy=false, forcePreload=false, reassign=false, discoEvt=DiscoveryEvent [evtNode=TcpDiscoveryNode [id=d5726d94-0269-4fb3-96fa-c081db1e4591, addrs=[0:0:0:0:0:0:0:1%lo, 10.0.2.15, 127.0.0.1], sockAddrs=[/10.0.2.15:47501, /0:0:0:0:0:0:0:1%lo:47501, /127.0.0.1:47501], discPort=47501, order=2, intOrder=2, lastExchangeTime=1499675390971, loc=true, ver=2.0.0#20170430-sha1:d4eef3c6, isClient=false], topVer=2, nodeId8=d5726d94, msg=null, type=NODE_JOINED, tstamp=1499675315797], crd=TcpDiscoveryNode [id=b5eae727-209f-4a8f-98fd-651db99bbbd6, addrs=[0:0:0:0:0:0:0:1%lo, 10.0.2.15, 127.0.0.1], sockAddrs=[/0:0:0:0:0:0:0:1%lo:47500, /127.0.0.1:47500, /10.0.2.15:47500], discPort=47500, order=1, intOrder=1, lastExchangeTime=1499675315513, loc=false, ver=2.0.0#20170430-sha1:d4eef3c6, isClient=false], exchId=GridDhtPartitionExchangeId [topVer=AffinityTopologyVersion [topVer=2, minorTopVer=0], nodeId=d5726d94, evt=NODE_JOINED], added=false, initFut=GridFutureAdapter [ignoreInterrupts=false, state=DONE, res=true, hash=300090335], init=true, lastVer=null, partReleaseFut=GridCompoundFuture [rdc=null, initFlag=1, lsnrCalls=4, done=true, cancelled=false, err=null, futs=[true, true, true, true]], affChangeMsg=null, skipPreload=false, clientOnlyExchange=false, initTs=1499675317584, centralizedAff=false, changeGlobalStateE=null, exchangeOnChangeGlobalState=false, forcedRebFut=null, evtLatch=0, remaining=[b5eae727-209f-4a8f-98fd-651db99bbbd6], srvNodes=[TcpDiscoveryNode [id=b5eae727-209f-4a8f-98fd-651db99bbbd6, addrs=[0:0:0:0:0:0:0:1%lo, 10.0.2.15, 127.0.0.1], sockAddrs=[/0:0:0:0:0:0:0:1%lo:47500, /127.0.0.1:47500, /10.0.2.15:47500], discPort=47500, order=1, intOrder=1, lastExchangeTime=1499675315513, loc=false, ver=2.0.0#20170430-sha1:d4eef3c6, isClient=false], TcpDiscoveryNode [id=d5726d94-0269-4fb3-96fa-c081db1e4591, addrs=[0:0:0:0:0:0:0:1%lo, 10.0.2.15, 127.0.0.1], sockAddrs=[/10.0.2.15:47501, /0:0:0:0:0:0:0:1%lo:47501, /127.0.0.1:47501], discPort=47501, order=2, intOrder=2, lastExchangeTime=1499675390971, loc=true, ver=2.0.0#20170430-sha1:d4eef3c6, isClient=false]], super=GridFutureAdapter [ignoreInterrupts=false, state=DONE, res=AffinityTopologyVersion [topVer=2, minorTopVer=0], hash=1309732101]]
[13:59:52,728][WARNING][exchange-worker-#27%null%][GridCachePartitionExchangeManager] Pending transactions:
[13:59:52,728][WARNING][exchange-worker-#27%null%][GridCachePartitionExchangeManager] Pending explicit locks:
[13:59:52,739][WARNING][exchange-worker-#27%null%][GridCachePartitionExchangeManager] Pending cache futures:
[13:59:52,739][WARNING][exchange-worker-#27%null%][GridCachePartitionExchangeManager] Pending atomic cache futures:
[13:59:52,740][WARNING][exchange-worker-#27%null%][GridCachePartitionExchangeManager] Pending data streamer futures:
[13:59:52,740][WARNING][exchange-worker-#27%null%][GridCachePartitionExchangeManager] Pending transaction deadlock detection futures:
[13:59:52,921][WARNING][exchange-worker-#27%null%][TcpCommunicationSpi] Communication SPI recovery descriptors: 
    [key=ConnectionKey [nodeId=b5eae727-209f-4a8f-98fd-651db99bbbd6, idx=0, connCnt=-1], msgsSent=991, msgsAckedByRmt=960, msgsRcvd=88146, lastAcked=88128, reserveCnt=1, descIdHash=259604851]
Communication SPI clients: 
    [node=b5eae727-209f-4a8f-98fd-651db99bbbd6, client=GridTcpNioCommunicationClient [ses=GridSelectorNioSessionImpl [worker=DirectNioClientWorker [super=AbstractNioClientWorker [selector=sun.nio.ch.EPollSelectorImpl@60142672, idx=0, bytesRcvd=78718616, bytesSent=1751240, bytesRcvd0=3601, bytesSent0=0, select=true, super=GridWorker [name=grid-nio-worker-tcp-comm-0, igniteInstanceName=null, finished=false, hashCode=1692052719, interrupted=false, runner=grid-nio-worker-tcp-comm-0-#17%null%]]], writeBuf=java.nio.DirectByteBuffer[pos=0 lim=32768 cap=32768], readBuf=java.nio.DirectByteBuffer[pos=0 lim=32768 cap=32768], inRecovery=GridNioRecoveryDescriptor [acked=960, resendCnt=0, rcvCnt=88146, sentCnt=991, reserved=true, lastAck=88128, nodeLeft=false, node=TcpDiscoveryNode [id=b5eae727-209f-4a8f-98fd-651db99bbbd6, addrs=[0:0:0:0:0:0:0:1%lo, 10.0.2.15, 127.0.0.1], sockAddrs=[/0:0:0:0:0:0:0:1%lo:47500, /127.0.0.1:47500, /10.0.2.15:47500], discPort=47500, order=1, intOrder=1, lastExchangeTime=1499675315513, loc=false, ver=2.0.0#20170430-sha1:d4eef3c6, isClient=false], connected=true, connectCnt=1, queueLimit=4096, reserveCnt=1, pairedConnections=false], outRecovery=GridNioRecoveryDescriptor [acked=960, resendCnt=0, rcvCnt=88146, sentCnt=991, reserved=true, lastAck=88128, nodeLeft=false, node=TcpDiscoveryNode [id=b5eae727-209f-4a8f-98fd-651db99bbbd6, addrs=[0:0:0:0:0:0:0:1%lo, 10.0.2.15, 127.0.0.1], sockAddrs=[/0:0:0:0:0:0:0:1%lo:47500, /127.0.0.1:47500, /10.0.2.15:47500], discPort=47500, order=1, intOrder=1, lastExchangeTime=1499675315513, loc=false, ver=2.0.0#20170430-sha1:d4eef3c6, isClient=false], connected=true, connectCnt=1, queueLimit=4096, reserveCnt=1, pairedConnections=false], super=GridNioSessionImpl [locAddr=/0:0:0:0:0:0:0:1:42494, rmtAddr=/0:0:0:0:0:0:0:1%lo:47100, createTime=1499675317833, closeTime=0, bytesSent=1751240, bytesRcvd=78718616, bytesSent0=0, bytesRcvd0=3601, sndSchedTime=1499675317833, lastSndTime=1499675382314, lastRcvTime=1499675392658, readsPaused=false, filterChain=FilterChain[filters=[GridNioCodecFilter [parser=o.a.i.i.util.nio.GridDirectParser@45450581, directMode=true], GridConnectionBytesVerifyFilter], accepted=false]], super=GridAbstractCommunicationClient [lastUsed=1499675317833, closed=false, connIdx=0]]]

[13:59:52,922][WARNING][exchange-worker-#27%null%][TcpCommunicationSpi] NIO server statistics [readerSesBalanceCnt=0, writerSesBalanceCnt=0]
[13:59:52,927][WARNING][grid-nio-worker-tcp-comm-0-#17%null%][TcpCommunicationSpi] 
>> Selector info [idx=0, keysCnt=1, bytesRcvd=78718616, bytesRcvd0=3601, bytesSent=1751240, bytesSent0=0]
    Connection info [in=false, rmtAddr=/0:0:0:0:0:0:0:1%lo:47100, locAddr=/0:0:0:0:0:0:0:1:42494, msgsSent=991, msgsAckedByRmt=960, descIdHash=259604851, msgsRcvd=88146, lastAcked=88128, descIdHash=259604851, bytesRcvd=78718616, bytesRcvd0=3601, bytesSent=1751240, bytesSent0=0, opQueueSize=0, msgWriter=DirectMessageWriter [state=DirectMessageState [pos=0, stack=[StateItem [stream=DirectByteBufferStreamImplV2 [buf=java.nio.DirectByteBuffer[pos=0 lim=32768 cap=32768], baseOff=140057274796880, arrOff=-1, tmpArrOff=0, tmpArrBytes=0, msgTypeDone=false, msg=null, mapIt=null, it=null, arrPos=-1, keyDone=false, readSize=-1, readItems=0, prim=0, primShift=0, uuidState=0, uuidMost=0, uuidLeast=0, uuidLocId=0, lastFinished=true], state=0, hdrWritten=false], StateItem [stream=DirectByteBufferStreamImplV2 [buf=java.nio.DirectByteBuffer[pos=0 lim=32768 cap=32768], baseOff=140057274796880, arrOff=-1, tmpArrOff=0, tmpArrBytes=0, msgTypeDone=false, msg=null, mapIt=null, it=null, arrPos=-1, keyDone=false, readSize=-1, readItems=0, prim=0, primShift=0, uuidState=0, uuidMost=0, uuidLeast=0, uuidLocId=0, lastFinished=true], state=0, hdrWritten=false], StateItem [stream=DirectByteBufferStreamImplV2 [buf=java.nio.DirectByteBuffer[pos=0 lim=32768 cap=32768], baseOff=140057274796880, arrOff=-1, tmpArrOff=0, tmpArrBytes=0, msgTypeDone=false, msg=null, mapIt=null, it=null, arrPos=-1, keyDone=false, readSize=-1, readItems=0, prim=0, primShift=0, uuidState=0, uuidMost=0, uuidLeast=0, uuidLocId=0, lastFinished=true], state=0, hdrWritten=false], StateItem [stream=DirectByteBufferStreamImplV2 [buf=java.nio.DirectByteBuffer[pos=0 lim=32768 cap=32768], baseOff=140057274796880, arrOff=-1, tmpArrOff=0, tmpArrBytes=0, msgTypeDone=false, msg=null, mapIt=null, it=null, arrPos=-1, keyDone=false, readSize=-1, readItems=0, prim=0, primShift=0, uuidState=0, uuidMost=0, uuidLeast=0, uuidLocId=0, lastFinished=true], state=0, hdrWritten=false], null, null, null, null, null, null]]], msgReader=DirectMessageReader [state=DirectMessageState [pos=0, stack=[StateItem [stream=DirectByteBufferStreamImplV2 [buf=java.nio.DirectByteBuffer[pos=0 lim=32768 cap=32768], baseOff=140057274440432, arrOff=-1, tmpArrOff=0, tmpArrBytes=0, msgTypeDone=false, msg=null, mapIt=null, it=null, arrPos=-1, keyDone=false, readSize=-1, readItems=0, prim=0, primShift=0, uuidState=0, uuidMost=0, uuidLeast=0, uuidLocId=0, lastFinished=true], state=0], StateItem [stream=DirectByteBufferStreamImplV2 [buf=java.nio.DirectByteBuffer[pos=0 lim=32768 cap=32768], baseOff=140057274440432, arrOff=-1, tmpArrOff=0, tmpArrBytes=0, msgTypeDone=false, msg=null, mapIt=null, it=null, arrPos=-1, keyDone=false, readSize=-1, readItems=0, prim=0, primShift=0, uuidState=0, uuidMost=0, uuidLeast=0, uuidLocId=0, lastFinished=true], state=0], StateItem [stream=DirectByteBufferStreamImplV2 [buf=java.nio.DirectByteBuffer[pos=0 lim=32768 cap=32768], baseOff=140057274440432, arrOff=-1, tmpArrOff=0, tmpArrBytes=0, msgTypeDone=false, msg=null, mapIt=null, it=null, arrPos=-1, keyDone=false, readSize=-1, readItems=0, prim=0, primShift=0, uuidState=0, uuidMost=0, uuidLeast=0, uuidLocId=0, lastFinished=true], state=0], StateItem [stream=DirectByteBufferStreamImplV2 [buf=java.nio.DirectByteBuffer[pos=0 lim=32768 cap=32768], baseOff=140057274440432, arrOff=-1, tmpArrOff=0, tmpArrBytes=0, msgTypeDone=false, msg=null, mapIt=null, it=null, arrPos=-1, keyDone=false, readSize=-1, readItems=0, prim=0, primShift=0, uuidState=0, uuidMost=0, uuidLeast=0, uuidLocId=0, lastFinished=true], state=0], StateItem [stream=DirectByteBufferStreamImplV2 [buf=java.nio.DirectByteBuffer[pos=0 lim=32768 cap=32768], baseOff=140057274440432, arrOff=-1, tmpArrOff=0, tmpArrBytes=0, msgTypeDone=false, msg=null, mapIt=null, it=null, arrPos=-1, keyDone=false, readSize=-1, readItems=0, prim=0, primShift=0, uuidState=0, uuidMost=0, uuidLeast=0, uuidLocId=0, lastFinished=true], state=0], null, null, null, null, null]], lastRead=true]]

[13:59:52,935][WARNING][grid-nio-worker-tcp-comm-1-#18%null%][TcpCommunicationSpi] 
>> Selector info [idx=1, keysCnt=0, bytesRcvd=0, bytesRcvd0=0, bytesSent=0, bytesSent0=0]

[13:59:52,936][WARNING][grid-nio-worker-tcp-comm-2-#19%null%][TcpCommunicationSpi] 
>> Selector info [idx=2, keysCnt=0, bytesRcvd=0, bytesRcvd0=0, bytesSent=0, bytesSent0=0]

[13:59:52,936][WARNING][grid-nio-worker-tcp-comm-3-#20%null%][TcpCommunicationSpi] 
>> Selector info [idx=3, keysCnt=0, bytesRcvd=0, bytesRcvd0=0, bytesSent=0, bytesSent0=0]

[13:59:59,408][INFO][exchange-worker-#27%null%][GridCachePartitionExchangeManager] Skipping rebalancing (nothing scheduled) [top=AffinityTopologyVersion [topVer=2, minorTopVer=1], evt=DISCOVERY_CUSTOM_EVT, node=b5eae727-209f-4a8f-98fd-651db99bbbd6]
[14:00:43,640][INFO][grid-timeout-worker-#15%null%][IgniteKernal] 
Metrics for local node (to disable set 'metricsLogFrequency' to 0)
    ^-- Node [id=d5726d94, name=null, uptime=00:02:00:280]
    ^-- H/N/C [hosts=1, nodes=2, CPUs=1]
    ^-- CPU [cur=1.33%, avg=26.66%, GC=0%]
    ^-- PageMemory [pages=56081]
    ^-- Heap [used=220MB, free=77.77%, comm=989MB]
    ^-- Non heap [used=52MB, free=96.57%, comm=53MB]
    ^-- Public thread pool [active=0, idle=0, qSize=0]
    ^-- System thread pool [active=0, idle=8, qSize=0]
    ^-- Outbound messages queue [size=0]
[14:00:43,640][INFO][grid-timeout-worker-#15%null%][IgniteKernal] FreeList [name=null, buckets=256, dataPages=40214, reusePages=0]
[14:01:43,643][INFO][grid-timeout-worker-#15%null%][IgniteKernal] 
Metrics for local node (to disable set 'metricsLogFrequency' to 0)
    ^-- Node [id=d5726d94, name=null, uptime=00:03:00:286]
    ^-- H/N/C [hosts=1, nodes=2, CPUs=1]
    ^-- CPU [cur=2.33%, avg=18.62%, GC=0%]
    ^-- PageMemory [pages=56081]
    ^-- Heap [used=228MB, free=76.94%, comm=989MB]
    ^-- Non heap [used=51MB, free=96.61%, comm=53MB]
    ^-- Public thread pool [active=0, idle=0, qSize=0]
    ^-- System thread pool [active=0, idle=6, qSize=0]
    ^-- Outbound messages queue [size=0]
[14:01:43,643][INFO][grid-timeout-worker-#15%null%][IgniteKernal] FreeList [name=null, buckets=256, dataPages=40214, reusePages=0]
[14:02:43,648][INFO][grid-timeout-worker-#15%null%][IgniteKernal] 
Metrics for local node (to disable set 'metricsLogFrequency' to 0)
    ^-- Node [id=d5726d94, name=null, uptime=00:04:00:296]
    ^-- H/N/C [hosts=1, nodes=2, CPUs=1]
    ^-- CPU [cur=1.33%, avg=14.63%, GC=0%]
    ^-- PageMemory [pages=56081]
    ^-- Heap [used=234MB, free=76.28%, comm=989MB]
    ^-- Non heap [used=52MB, free=96.54%, comm=54MB]
    ^-- Public thread pool [active=0, idle=0, qSize=0]
    ^-- System thread pool [active=0, idle=6, qSize=0]
    ^-- Outbound messages queue [size=0]
[14:02:43,649][INFO][grid-timeout-worker-#15%null%][IgniteKernal] FreeList [name=null, buckets=256, dataPages=40214, reusePages=0]
[14:03:43,652][INFO][grid-timeout-worker-#15%null%][IgniteKernal] 
Metrics for local node (to disable set 'metricsLogFrequency' to 0)
    ^-- Node [id=d5726d94, name=null, uptime=00:05:00:297]
    ^-- H/N/C [hosts=1, nodes=2, CPUs=1]
    ^-- CPU [cur=1%, avg=12.09%, GC=0%]
    ^-- PageMemory [pages=56081]
    ^-- Heap [used=240MB, free=75.68%, comm=989MB]
    ^-- Non heap [used=53MB, free=96.51%, comm=54MB]
    ^-- Public thread pool [active=0, idle=0, qSize=0]
    ^-- System thread pool [active=0, idle=6, qSize=0]
    ^-- Outbound messages queue [size=0]
[14:03:43,652][INFO][grid-timeout-worker-#15%null%][IgniteKernal] FreeList [name=null, buckets=256, dataPages=40214, reusePages=0]
[14:04:43,658][INFO][grid-timeout-worker-#15%null%][IgniteKernal] 
Metrics for local node (to disable set 'metricsLogFrequency' to 0)
    ^-- Node [id=d5726d94, name=null, uptime=00:06:00:299]
    ^-- H/N/C [hosts=1, nodes=2, CPUs=1]
    ^-- CPU [cur=1%, avg=10.23%, GC=0%]
    ^-- PageMemory [pages=56081]
    ^-- Heap [used=246MB, free=75.09%, comm=989MB]
    ^-- Non heap [used=52MB, free=96.53%, comm=54MB]
    ^-- Public thread pool [active=0, idle=0, qSize=0]
    ^-- System thread pool [active=0, idle=6, qSize=0]
    ^-- Outbound messages queue [size=0]
[14:04:43,658][INFO][grid-timeout-worker-#15%null%][IgniteKernal] FreeList [name=null, buckets=256, dataPages=40214, reusePages=0]
[14:05:43,661][INFO][grid-timeout-worker-#15%null%][IgniteKernal] 
Metrics for local node (to disable set 'metricsLogFrequency' to 0)
    ^-- Node [id=d5726d94, name=null, uptime=00:07:00:308]
    ^-- H/N/C [hosts=1, nodes=2, CPUs=1]
    ^-- CPU [cur=1.33%, avg=8.99%, GC=0%]
    ^-- PageMemory [pages=56081]
    ^-- Heap [used=252MB, free=74.49%, comm=989MB]
    ^-- Non heap [used=52MB, free=96.52%, comm=54MB]
    ^-- Public thread pool [active=0, idle=0, qSize=0]
    ^-- System thread pool [active=0, idle=6, qSize=0]
    ^-- Outbound messages queue [size=0]
[14:05:43,661][INFO][grid-timeout-worker-#15%null%][IgniteKernal] FreeList [name=null, buckets=256, dataPages=40214, reusePages=0]
[14:06:43,670][INFO][grid-timeout-worker-#15%null%][IgniteKernal] 
Metrics for local node (to disable set 'metricsLogFrequency' to 0)
    ^-- Node [id=d5726d94, name=null, uptime=00:08:00:311]
    ^-- H/N/C [hosts=1, nodes=2, CPUs=1]
    ^-- CPU [cur=1%, avg=8%, GC=0%]
    ^-- PageMemory [pages=56081]
    ^-- Heap [used=258MB, free=73.89%, comm=989MB]
    ^-- Non heap [used=53MB, free=96.5%, comm=54MB]
    ^-- Public thread pool [active=0, idle=0, qSize=0]
    ^-- System thread pool [active=0, idle=6, qSize=0]
    ^-- Outbound messages queue [size=0]
[14:06:43,670][INFO][grid-timeout-worker-#15%null%][IgniteKernal] FreeList [name=null, buckets=256, dataPages=40214, reusePages=0]
[14:07:43,668][INFO][grid-timeout-worker-#15%null%][IgniteKernal] 
Metrics for local node (to disable set 'metricsLogFrequency' to 0)
    ^-- Node [id=d5726d94, name=null, uptime=00:09:00:312]
    ^-- H/N/C [hosts=1, nodes=2, CPUs=1]
    ^-- CPU [cur=1%, avg=7.21%, GC=0%]
    ^-- PageMemory [pages=56081]
    ^-- Heap [used=264MB, free=73.29%, comm=989MB]
    ^-- Non heap [used=53MB, free=96.48%, comm=54MB]
    ^-- Public thread pool [active=0, idle=0, qSize=0]
    ^-- System thread pool [active=0, idle=6, qSize=0]
    ^-- Outbound messages queue [size=0]
[14:07:43,668][INFO][grid-timeout-worker-#15%null%][IgniteKernal] FreeList [name=null, buckets=256, dataPages=40214, reusePages=0]
[14:08:43,675][INFO][grid-timeout-worker-#15%null%][IgniteKernal] 
Metrics for local node (to disable set 'metricsLogFrequency' to 0)
    ^-- Node [id=d5726d94, name=null, uptime=00:10:00:321]
    ^-- H/N/C [hosts=1, nodes=2, CPUs=1]
    ^-- CPU [cur=1%, avg=6.59%, GC=0%]
    ^-- PageMemory [pages=56081]
    ^-- Heap [used=270MB, free=72.69%, comm=989MB]
    ^-- Non heap [used=53MB, free=96.47%, comm=54MB]
    ^-- Public thread pool [active=0, idle=0, qSize=0]
    ^-- System thread pool [active=0, idle=6, qSize=0]
    ^-- Outbound messages queue [size=0]
[14:08:43,675][INFO][grid-timeout-worker-#15%null%][IgniteKernal] FreeList [name=null, buckets=256, dataPages=40214, reusePages=0]
[14:09:43,684][INFO][grid-timeout-worker-#15%null%][IgniteKernal] 
Metrics for local node (to disable set 'metricsLogFrequency' to 0)
    ^-- Node [id=d5726d94, name=null, uptime=00:11:00:324]
    ^-- H/N/C [hosts=1, nodes=2, CPUs=1]
    ^-- CPU [cur=1%, avg=6.06%, GC=0%]
    ^-- PageMemory [pages=56081]
    ^-- Heap [used=276MB, free=72.1%, comm=989MB]
    ^-- Non heap [used=53MB, free=96.46%, comm=54MB]
    ^-- Public thread pool [active=0, idle=0, qSize=0]
    ^-- System thread pool [active=0, idle=6, qSize=0]
    ^-- Outbound messages queue [size=0]
[14:09:43,684][INFO][grid-timeout-worker-#15%null%][IgniteKernal] FreeList [name=null, buckets=256, dataPages=40214, reusePages=0]
[14:10:43,685][INFO][grid-timeout-worker-#15%null%][IgniteKernal] 
Metrics for local node (to disable set 'metricsLogFrequency' to 0)
    ^-- Node [id=d5726d94, name=null, uptime=00:12:00:328]
    ^-- H/N/C [hosts=1, nodes=2, CPUs=1]
    ^-- CPU [cur=1%, avg=5.72%, GC=0%]
    ^-- PageMemory [pages=56081]
    ^-- Heap [used=282MB, free=71.5%, comm=989MB]
    ^-- Non heap [used=53MB, free=96.46%, comm=54MB]
    ^-- Public thread pool [active=0, idle=0, qSize=0]
    ^-- System thread pool [active=0, idle=6, qSize=0]
    ^-- Outbound messages queue [size=0]
[14:10:43,685][INFO][grid-timeout-worker-#15%null%][IgniteKernal] FreeList [name=null, buckets=256, dataPages=40214, reusePages=0]
[14:11:43,691][INFO][grid-timeout-worker-#15%null%][IgniteKernal] 
Metrics for local node (to disable set 'metricsLogFrequency' to 0)
    ^-- Node [id=d5726d94, name=null, uptime=00:13:00:336]
    ^-- H/N/C [hosts=1, nodes=2, CPUs=1]
    ^-- CPU [cur=1%, avg=5.35%, GC=0%]
    ^-- PageMemory [pages=56081]
    ^-- Heap [used=288MB, free=70.9%, comm=989MB]
    ^-- Non heap [used=53MB, free=96.45%, comm=54MB]
    ^-- Public thread pool [active=0, idle=0, qSize=0]
    ^-- System thread pool [active=0, idle=6, qSize=0]
    ^-- Outbound messages queue [size=0]
[14:11:43,691][INFO][grid-timeout-worker-#15%null%][IgniteKernal] FreeList [name=null, buckets=256, dataPages=40214, reusePages=0]
[14:12:43,700][INFO][grid-timeout-worker-#15%null%][IgniteKernal] 
Metrics for local node (to disable set 'metricsLogFrequency' to 0)
    ^-- Node [id=d5726d94, name=null, uptime=00:14:00:339]
    ^-- H/N/C [hosts=1, nodes=2, CPUs=1]
    ^-- CPU [cur=1%, avg=5%, GC=0%]
    ^-- PageMemory [pages=56081]
    ^-- Heap [used=293MB, free=70.3%, comm=989MB]
    ^-- Non heap [used=53MB, free=96.45%, comm=54MB]
    ^-- Public thread pool [active=0, idle=0, qSize=0]
    ^-- System thread pool [active=0, idle=6, qSize=0]
    ^-- Outbound messages queue [size=0]
[14:12:43,700][INFO][grid-timeout-worker-#15%null%][IgniteKernal] FreeList [name=null, buckets=256, dataPages=40214, reusePages=0]
[14:13:43,697][INFO][grid-timeout-worker-#15%null%][IgniteKernal] 
Metrics for local node (to disable set 'metricsLogFrequency' to 0)
    ^-- Node [id=d5726d94, name=null, uptime=00:15:00:340]
    ^-- H/N/C [hosts=1, nodes=2, CPUs=1]
    ^-- CPU [cur=1%, avg=4.73%, GC=0%]
    ^-- PageMemory [pages=56081]
    ^-- Heap [used=299MB, free=69.7%, comm=989MB]
    ^-- Non heap [used=53MB, free=96.45%, comm=54MB]
    ^-- Public thread pool [active=0, idle=0, qSize=0]
    ^-- System thread pool [active=0, idle=6, qSize=0]
    ^-- Outbound messages queue [size=0]
[14:13:43,697][INFO][grid-timeout-worker-#15%null%][IgniteKernal] FreeList [name=null, buckets=256, dataPages=40214, reusePages=0]
[14:14:43,700][INFO][grid-timeout-worker-#15%null%][IgniteKernal] 
Metrics for local node (to disable set 'metricsLogFrequency' to 0)
    ^-- Node [id=d5726d94, name=null, uptime=00:16:00:340]
    ^-- H/N/C [hosts=1, nodes=2, CPUs=1]
    ^-- CPU [cur=1%, avg=4.49%, GC=0%]
    ^-- PageMemory [pages=56081]
    ^-- Heap [used=37MB, free=96.26%, comm=989MB]
    ^-- Non heap [used=53MB, free=96.45%, comm=54MB]
    ^-- Public thread pool [active=0, idle=0, qSize=0]
    ^-- System thread pool [active=0, idle=6, qSize=0]
    ^-- Outbound messages queue [size=0]
[14:14:43,700][INFO][grid-timeout-worker-#15%null%][IgniteKernal] FreeList [name=null, buckets=256, dataPages=40214, reusePages=0]
[14:15:43,702][INFO][grid-timeout-worker-#15%null%][IgniteKernal] 
Metrics for local node (to disable set 'metricsLogFrequency' to 0)
    ^-- Node [id=d5726d94, name=null, uptime=00:17:00:349]
    ^-- H/N/C [hosts=1, nodes=2, CPUs=1]
    ^-- CPU [cur=1%, avg=4.28%, GC=0%]
    ^-- PageMemory [pages=56081]
    ^-- Heap [used=42MB, free=95.69%, comm=989MB]
    ^-- Non heap [used=53MB, free=96.45%, comm=54MB]
    ^-- Public thread pool [active=0, idle=0, qSize=0]
    ^-- System thread pool [active=0, idle=6, qSize=0]
    ^-- Outbound messages queue [size=0]
[14:15:43,703][INFO][grid-timeout-worker-#15%null%][IgniteKernal] FreeList [name=null, buckets=256, dataPages=40214, reusePages=0]
[14:16:43,709][INFO][grid-timeout-worker-#15%null%][IgniteKernal] 
Metrics for local node (to disable set 'metricsLogFrequency' to 0)
    ^-- Node [id=d5726d94, name=null, uptime=00:18:00:349]
    ^-- H/N/C [hosts=1, nodes=2, CPUs=1]
    ^-- CPU [cur=1%, avg=4.07%, GC=0%]
    ^-- PageMemory [pages=56081]
    ^-- Heap [used=48MB, free=95.14%, comm=989MB]
    ^-- Non heap [used=54MB, free=96.44%, comm=54MB]
    ^-- Public thread pool [active=0, idle=0, qSize=0]
    ^-- System thread pool [active=0, idle=6, qSize=0]
    ^-- Outbound messages queue [size=0]
[14:16:43,709][INFO][grid-timeout-worker-#15%null%][IgniteKernal] FreeList [name=null, buckets=256, dataPages=40214, reusePages=0]
[14:17:43,713][INFO][grid-timeout-worker-#15%null%][IgniteKernal] 
Metrics for local node (to disable set 'metricsLogFrequency' to 0)
    ^-- Node [id=d5726d94, name=null, uptime=00:19:00:359]
    ^-- H/N/C [hosts=1, nodes=2, CPUs=1]
    ^-- CPU [cur=1%, avg=3.91%, GC=0%]
    ^-- PageMemory [pages=56081]
    ^-- Heap [used=53MB, free=94.59%, comm=989MB]
    ^-- Non heap [used=54MB, free=96.44%, comm=54MB]
    ^-- Public thread pool [active=0, idle=0, qSize=0]
    ^-- System thread pool [active=0, idle=6, qSize=0]
    ^-- Outbound messages queue [size=0]
[14:17:43,713][INFO][grid-timeout-worker-#15%null%][IgniteKernal] FreeList [name=null, buckets=256, dataPages=40214, reusePages=0]
[14:18:43,712][INFO][grid-timeout-worker-#15%null%][IgniteKernal] 
Metrics for local node (to disable set 'metricsLogFrequency' to 0)
    ^-- Node [id=d5726d94, name=null, uptime=00:20:00:359]
    ^-- H/N/C [hosts=1, nodes=2, CPUs=1]
    ^-- CPU [cur=1%, avg=3.75%, GC=0%]
    ^-- PageMemory [pages=56081]
    ^-- Heap [used=59MB, free=94.03%, comm=989MB]
    ^-- Non heap [used=54MB, free=96.44%, comm=54MB]
    ^-- Public thread pool [active=0, idle=0, qSize=0]
    ^-- System thread pool [active=0, idle=6, qSize=0]
    ^-- Outbound messages queue [size=0]
[14:18:43,713][INFO][grid-timeout-worker-#15%null%][IgniteKernal] FreeList [name=null, buckets=256, dataPages=40214, reusePages=0]
[14:19:43,719][INFO][grid-timeout-worker-#15%null%][IgniteKernal] 
Metrics for local node (to disable set 'metricsLogFrequency' to 0)
    ^-- Node [id=d5726d94, name=null, uptime=00:21:00:365]
    ^-- H/N/C [hosts=1, nodes=2, CPUs=1]
    ^-- CPU [cur=0.67%, avg=3.61%, GC=0%]
    ^-- PageMemory [pages=56081]
    ^-- Heap [used=64MB, free=93.51%, comm=989MB]
    ^-- Non heap [used=54MB, free=96.45%, comm=54MB]
    ^-- Public thread pool [active=0, idle=0, qSize=0]
    ^-- System thread pool [active=0, idle=6, qSize=0]
    ^-- Outbound messages queue [size=0]
[14:19:43,719][INFO][grid-timeout-worker-#15%null%][IgniteKernal] FreeList [name=null, buckets=256, dataPages=40214, reusePages=0]
[14:20:43,724][INFO][grid-timeout-worker-#15%null%][IgniteKernal] 
Metrics for local node (to disable set 'metricsLogFrequency' to 0)
    ^-- Node [id=d5726d94, name=null, uptime=00:22:00:371]
    ^-- H/N/C [hosts=1, nodes=2, CPUs=1]
    ^-- CPU [cur=0.67%, avg=3.48%, GC=0%]
    ^-- PageMemory [pages=56081]
    ^-- Heap [used=69MB, free=92.95%, comm=989MB]
    ^-- Non heap [used=53MB, free=96.45%, comm=54MB]
    ^-- Public thread pool [active=0, idle=0, qSize=0]
    ^-- System thread pool [active=0, idle=6, qSize=0]
    ^-- Outbound messages queue [size=0]
[14:20:43,724][INFO][grid-timeout-worker-#15%null%][IgniteKernal] FreeList [name=null, buckets=256, dataPages=40214, reusePages=0]
[14:21:43,732][INFO][grid-timeout-worker-#15%null%][IgniteKernal] 
Metrics for local node (to disable set 'metricsLogFrequency' to 0)
    ^-- Node [id=d5726d94, name=null, uptime=00:23:00:375]
    ^-- H/N/C [hosts=1, nodes=2, CPUs=1]
    ^-- CPU [cur=1%, avg=3.38%, GC=0%]
    ^-- PageMemory [pages=56081]
    ^-- Heap [used=75MB, free=92.4%, comm=989MB]
    ^-- Non heap [used=53MB, free=96.45%, comm=54MB]
    ^-- Public thread pool [active=0, idle=0, qSize=0]
    ^-- System thread pool [active=0, idle=6, qSize=0]
    ^-- Outbound messages queue [size=0]
[14:21:43,733][INFO][grid-timeout-worker-#15%null%][IgniteKernal] FreeList [name=null, buckets=256, dataPages=40214, reusePages=0]
[14:22:43,732][INFO][grid-timeout-worker-#15%null%][IgniteKernal] 
Metrics for local node (to disable set 'metricsLogFrequency' to 0)
    ^-- Node [id=d5726d94, name=null, uptime=00:24:00:377]
    ^-- H/N/C [hosts=1, nodes=2, CPUs=1]
    ^-- CPU [cur=1%, avg=3.28%, GC=0%]
    ^-- PageMemory [pages=56081]
    ^-- Heap [used=80MB, free=91.86%, comm=989MB]
    ^-- Non heap [used=53MB, free=96.45%, comm=54MB]
    ^-- Public thread pool [active=0, idle=0, qSize=0]
    ^-- System thread pool [active=0, idle=6, qSize=0]
    ^-- Outbound messages queue [size=0]
[14:22:43,732][INFO][grid-timeout-worker-#15%null%][IgniteKernal] FreeList [name=null, buckets=256, dataPages=40214, reusePages=0]
[14:23:06,512][INFO][disco-event-worker-#25%null%][GridDiscoveryManager] Added new node to topology: TcpDiscoveryNode [id=57eebf0b-4445-45af-845a-cb314aced1f8, addrs=[0:0:0:0:0:0:0:1%lo, 10.0.2.15, 127.0.0.1], sockAddrs=[/10.0.2.15:47502, /0:0:0:0:0:0:0:1%lo:47502, /127.0.0.1:47502], discPort=47502, order=3, intOrder=3, lastExchangeTime=1499676783899, loc=false, ver=2.0.0#20170430-sha1:d4eef3c6, isClient=false]
[14:23:07,070][INFO][disco-event-worker-#25%null%][GridDiscoveryManager] Topology snapshot [ver=3, servers=3, clients=0, CPUs=1, heap=1.9GB]
[14:23:19,317][INFO][grid-nio-worker-tcp-comm-1-#18%null%][TcpCommunicationSpi] Accepted incoming communication connection [locAddr=/0:0:0:0:0:0:0:1:47101, rmtAddr=/0:0:0:0:0:0:0:1:56288]
[14:23:24,440][INFO][grid-nio-worker-tcp-comm-2-#19%null%][TcpCommunicationSpi] Accepted incoming communication connection [locAddr=/0:0:0:0:0:0:0:1:47101, rmtAddr=/0:0:0:0:0:0:0:1:56328]
[14:23:27,642][INFO][exchange-worker-#27%null%][GridCachePartitionExchangeManager] Skipping rebalancing (nothing scheduled) [top=AffinityTopologyVersion [topVer=3, minorTopVer=0], evt=NODE_JOINED, node=57eebf0b-4445-45af-845a-cb314aced1f8]
[14:23:43,732][INFO][grid-timeout-worker-#15%null%][IgniteKernal] 
Metrics for local node (to disable set 'metricsLogFrequency' to 0)
    ^-- Node [id=d5726d94, name=null, uptime=00:25:00:377]
    ^-- H/N/C [hosts=1, nodes=3, CPUs=1]
    ^-- CPU [cur=18.67%, avg=3.35%, GC=0%]
    ^-- PageMemory [pages=56081]
    ^-- Heap [used=108MB, free=89.09%, comm=989MB]
    ^-- Non heap [used=55MB, free=96.37%, comm=56MB]
    ^-- Public thread pool [active=0, idle=0, qSize=0]
    ^-- System thread pool [active=1, idle=7, qSize=0]
    ^-- Outbound messages queue [size=0]
[14:23:43,732][INFO][grid-timeout-worker-#15%null%][IgniteKernal] FreeList [name=null, buckets=256, dataPages=40214, reusePages=0]
[14:23:44,808][WARNING][query-#177%null%][IgniteH2Indexing] Query execution is too long [time=3844 ms, sql='SELECT
"msgCache".__Z0._KEY __C0_0,
"msgCache".__Z0._VAL __C0_1
FROM "msgCache".MESSAGE __Z0
WHERE __Z0.MSGTYPE = 'Type00' LIMIT 10', plan=
SELECT
    "msgCache".__Z0._KEY AS __C0_0,
    "msgCache".__Z0._VAL AS __C0_1
FROM "msgCache".MESSAGE __Z0
    /* "msgCache".MESSAGE.__SCAN_ */
WHERE __Z0.MSGTYPE = 'Type00'
LIMIT 10
, parameters=[]]
[14:24:43,737][INFO][grid-timeout-worker-#15%null%][IgniteKernal] 
Metrics for local node (to disable set 'metricsLogFrequency' to 0)
    ^-- Node [id=d5726d94, name=null, uptime=00:26:00:383]
    ^-- H/N/C [hosts=1, nodes=3, CPUs=1]
    ^-- CPU [cur=1%, avg=3.4%, GC=0%]
    ^-- PageMemory [pages=56081]
    ^-- Heap [used=191MB, free=80.69%, comm=989MB]
    ^-- Non heap [used=56MB, free=96.31%, comm=57MB]
    ^-- Public thread pool [active=0, idle=0, qSize=0]
    ^-- System thread pool [active=0, idle=8, qSize=0]
    ^-- Outbound messages queue [size=0]
[14:24:43,745][INFO][grid-timeout-worker-#15%null%][IgniteKernal] FreeList [name=null, buckets=256, dataPages=40214, reusePages=0]
[14:25:43,755][INFO][grid-timeout-worker-#15%null%][IgniteKernal] 
Metrics for local node (to disable set 'metricsLogFrequency' to 0)
    ^-- Node [id=d5726d94, name=null, uptime=00:27:00:401]
    ^-- H/N/C [hosts=1, nodes=3, CPUs=1]
    ^-- CPU [cur=0.67%, avg=3.42%, GC=0%]
    ^-- PageMemory [pages=56081]
    ^-- Heap [used=195MB, free=80.22%, comm=989MB]
    ^-- Non heap [used=56MB, free=96.31%, comm=57MB]
    ^-- Public thread pool [active=0, idle=0, qSize=0]
    ^-- System thread pool [active=0, idle=6, qSize=0]
    ^-- Outbound messages queue [size=0]
[14:25:43,755][INFO][grid-timeout-worker-#15%null%][IgniteKernal] FreeList [name=null, buckets=256, dataPages=40214, reusePages=0]
[14:26:07,452][INFO][disco-event-worker-#25%null%][GridDiscoveryManager] Node left topology: TcpDiscoveryNode [id=57eebf0b-4445-45af-845a-cb314aced1f8, addrs=[0:0:0:0:0:0:0:1%lo, 10.0.2.15, 127.0.0.1], sockAddrs=[/10.0.2.15:47502, /0:0:0:0:0:0:0:1%lo:47502, /127.0.0.1:47502], discPort=47502, order=3, intOrder=3, lastExchangeTime=1499676783899, loc=false, ver=2.0.0#20170430-sha1:d4eef3c6, isClient=false]
[14:26:07,592][INFO][disco-event-worker-#25%null%][GridDiscoveryManager] Topology snapshot [ver=4, servers=2, clients=0, CPUs=1, heap=1.5GB]
