[10:54:51,186][INFO][main][IgniteKernal] 

>>>    __________  ________________  
>>>   /  _/ ___/ |/ /  _/_  __/ __/  
>>>  _/ // (7 7    // /  / / / _/    
>>> /___/\___/_/|_/___/ /_/ /___/   
>>> 
>>> ver. 2.0.0#20170430-sha1:d4eef3c6
>>> 2017 Copyright(C) Apache Software Foundation
>>> 
>>> Ignite documentation: http://ignite.apache.org

[10:54:51,188][INFO][main][IgniteKernal] Config URL: file:/opt/apache-ignite-fabric-2.0.0-bin/examples/config/example-ignite.xml
[10:54:51,189][INFO][main][IgniteKernal] Daemon mode: off
[10:54:51,189][INFO][main][IgniteKernal] OS: Linux 4.4.0-31-generic amd64
[10:54:51,189][INFO][main][IgniteKernal] OS user: shravya
[10:54:51,190][INFO][main][IgniteKernal] PID: 6397
[10:54:51,191][INFO][main][IgniteKernal] Language runtime: Java Platform API Specification ver. 1.8
[10:54:51,191][INFO][main][IgniteKernal] VM information: Java(TM) SE Runtime Environment 1.8.0_131-b11 Oracle Corporation Java HotSpot(TM) 64-Bit Server VM 25.131-b11
[10:54:51,192][INFO][main][IgniteKernal] VM total memory: 0.97GB
[10:54:51,193][INFO][main][IgniteKernal] Remote Management [restart: on, REST: on, JMX (remote: on, port: 49114, auth: off, ssl: off)]
[10:54:51,193][INFO][main][IgniteKernal] IGNITE_HOME=/opt/apache-ignite-fabric-2.0.0-bin
[10:54:51,193][INFO][main][IgniteKernal] VM arguments: [-Xms1g, -Xmx1g, -XX:+AggressiveOpts, -XX:MaxMetaspaceSize=256m, -DIGNITE_QUIET=true, -DIGNITE_SUCCESS_FILE=/opt/apache-ignite-fabric-2.0.0-bin/work/ignite_success_5f86d13e-6e67-4d16-83c7-b87da1f86afb, -Dcom.sun.management.jmxremote, -Dcom.sun.management.jmxremote.port=49114, -Dcom.sun.management.jmxremote.authenticate=false, -Dcom.sun.management.jmxremote.ssl=false, -DIGNITE_HOME=/opt/apache-ignite-fabric-2.0.0-bin, -DIGNITE_PROG_NAME=bin/ignite.sh]
[10:54:51,193][INFO][main][IgniteKernal] System cache's MemoryPolicy size is configured to 40 MB. Use MemoryConfiguration.systemCacheMemorySize property to change the setting.
[10:54:51,194][INFO][main][IgniteKernal] Configured caches [in 'default' memoryPolicy: ['ignite-sys-cache', 'ignite-atomics-sys-cache']]
[10:54:51,194][WARNING][main][IgniteKernal] Peer class loading is enabled (disable it in production for performance and deployment consistency reasons)
[10:54:51,224][INFO][main][IgniteKernal] 3-rd party licenses can be found at: /opt/apache-ignite-fabric-2.0.0-bin/libs/licenses
[10:54:51,462][INFO][main][IgnitePluginProcessor] Configured plugins:
[10:54:51,462][INFO][main][IgnitePluginProcessor]   ^-- None
[10:54:51,462][INFO][main][IgnitePluginProcessor] 
[10:54:51,677][INFO][main][TcpCommunicationSpi] Successfully bound communication NIO server to TCP port [port=47100, locHost=0.0.0.0/0.0.0.0, selectorsCnt=4, selectorSpins=0, pairedConn=false]
[10:54:51,740][WARNING][main][TcpCommunicationSpi] Message queue limit is set to 0 which may lead to potential OOMEs when running cache operations in FULL_ASYNC or PRIMARY_SYNC modes due to message queues growth on sender and receiver sides.
[10:54:51,813][WARNING][main][NoopCheckpointSpi] Checkpoints are disabled (to enable configure any GridCheckpointSpi implementation)
[10:54:51,930][WARNING][main][GridCollisionManager] Collision resolution is disabled (all jobs will be activated upon arrival).
[10:54:51,938][INFO][main][IgniteKernal] Security status [authentication=off, tls/ssl=off]
[10:54:52,302][WARNING][main][IgniteCacheDatabaseSharedManager] No user-defined default MemoryPolicy found; system default of 1GB size will be used.
[10:54:52,490][INFO][main][GridTcpRestProtocol] Command protocol successfully started [name=TCP binary, host=0.0.0.0/0.0.0.0, port=11211]
[10:54:52,606][INFO][main][IgniteKernal] Non-loopback local IPs: 10.0.2.15, fe80:0:0:0:a00:27ff:fef7:15ba%eth0
[10:54:52,606][INFO][main][IgniteKernal] Enabled local MACs: 080027F715BA
[10:54:52,672][INFO][main][TcpDiscoverySpi] Successfully bound to TCP port [port=47500, localHost=0.0.0.0/0.0.0.0, locNodeId=157d56aa-e2c3-4fe8-aad3-4022e160afaf]
[10:54:54,455][INFO][main][GridCacheProcessor] Started cache [name=ignite-sys-cache, memoryPolicyName=sysMemPlc, mode=REPLICATED]
[10:54:54,470][INFO][main][GridCacheProcessor] Started cache [name=ignite-atomics-sys-cache, memoryPolicyName=sysMemPlc, mode=PARTITIONED]
[10:54:54,735][INFO][exchange-worker-#26%null%][GridCachePartitionExchangeManager] Skipping rebalancing (nothing scheduled) [top=AffinityTopologyVersion [topVer=1, minorTopVer=0], evt=NODE_JOINED, node=157d56aa-e2c3-4fe8-aad3-4022e160afaf]
[10:54:54,836][INFO][main][IgniteKernal] Performance suggestions for grid  (fix if possible)
[10:54:54,836][INFO][main][IgniteKernal] To disable, set -DIGNITE_PERFORMANCE_SUGGESTIONS_DISABLED=true
[10:54:54,848][INFO][main][IgniteKernal]   ^-- Disable grid events (remove 'includeEventTypes' from configuration)
[10:54:54,849][INFO][main][IgniteKernal]   ^-- Enable G1 Garbage Collector (add '-XX:+UseG1GC' to JVM options)
[10:54:54,862][INFO][main][IgniteKernal]   ^-- Set max direct memory size if getting 'OOME: Direct buffer memory' (add '-XX:MaxDirectMemorySize=<size>[g|G|m|M|k|K]' to JVM options)
[10:54:54,862][INFO][main][IgniteKernal]   ^-- Disable processing of calls to System.gc() (add '-XX:+DisableExplicitGC' to JVM options)
[10:54:54,862][INFO][main][IgniteKernal] Refer to this page for more performance suggestions: https://apacheignite.readme.io/docs/jvm-and-system-tuning
[10:54:54,884][INFO][main][IgniteKernal] 
[10:54:54,885][INFO][main][IgniteKernal] To start Console Management & Monitoring run ignitevisorcmd.{sh|bat}
[10:54:54,885][INFO][main][IgniteKernal] 
[10:54:54,886][INFO][main][IgniteKernal] 

>>> +----------------------------------------------------------------------+
>>> Ignite ver. 2.0.0#20170430-sha1:d4eef3c68ff116ee34bc13648cd82c640b3ea072
>>> +----------------------------------------------------------------------+
>>> OS name: Linux 4.4.0-31-generic amd64
>>> CPU(s): 1
>>> Heap: 1.0GB
>>> VM name: 6397@shravya-VirtualBox
>>> Local node [ID=157D56AA-E2C3-4FE8-AAD3-4022E160AFAF, order=1, clientMode=false]
>>> Local node addresses: [10.0.2.15/0:0:0:0:0:0:0:1%lo, /10.0.2.15, /127.0.0.1]
>>> Local ports: TCP:11211 TCP:47100 UDP:47400 TCP:47500 

[10:54:54,894][INFO][main][GridDiscoveryManager] Topology snapshot [ver=1, servers=1, clients=0, CPUs=1, heap=1.0GB]
[10:55:09,045][INFO][Thread-2][G] Invoking shutdown hook...
