[10:53:59,329][INFO][main][IgniteKernal] 

>>>    __________  ________________  
>>>   /  _/ ___/ |/ /  _/_  __/ __/  
>>>  _/ // (7 7    // /  / / / _/    
>>> /___/\___/_/|_/___/ /_/ /___/   
>>> 
>>> ver. 2.0.0#20170430-sha1:d4eef3c6
>>> 2017 Copyright(C) Apache Software Foundation
>>> 
>>> Ignite documentation: http://ignite.apache.org

[10:53:59,344][INFO][main][IgniteKernal] Config URL: file:/opt/apache-ignite-fabric-2.0.0-bin/examples/config/example-ignite.xml
[10:53:59,344][INFO][main][IgniteKernal] Daemon mode: off
[10:53:59,344][INFO][main][IgniteKernal] OS: Linux 4.4.0-31-generic amd64
[10:53:59,344][INFO][main][IgniteKernal] OS user: shravya
[10:53:59,345][INFO][main][IgniteKernal] PID: 6267
[10:53:59,345][INFO][main][IgniteKernal] Language runtime: Java Platform API Specification ver. 1.8
[10:53:59,346][INFO][main][IgniteKernal] VM information: Java(TM) SE Runtime Environment 1.8.0_131-b11 Oracle Corporation Java HotSpot(TM) 64-Bit Server VM 25.131-b11
[10:53:59,349][INFO][main][IgniteKernal] VM total memory: 0.97GB
[10:53:59,349][INFO][main][IgniteKernal] Remote Management [restart: on, REST: on, JMX (remote: on, port: 49113, auth: off, ssl: off)]
[10:53:59,349][INFO][main][IgniteKernal] IGNITE_HOME=/opt/apache-ignite-fabric-2.0.0-bin
[10:53:59,349][INFO][main][IgniteKernal] VM arguments: [-Xms1g, -Xmx1g, -XX:+AggressiveOpts, -XX:MaxMetaspaceSize=256m, -DIGNITE_QUIET=true, -DIGNITE_SUCCESS_FILE=/opt/apache-ignite-fabric-2.0.0-bin/work/ignite_success_cdf36aca-6061-4ce9-a7a2-241eca8053df, -Dcom.sun.management.jmxremote, -Dcom.sun.management.jmxremote.port=49113, -Dcom.sun.management.jmxremote.authenticate=false, -Dcom.sun.management.jmxremote.ssl=false, -DIGNITE_HOME=/opt/apache-ignite-fabric-2.0.0-bin, -DIGNITE_PROG_NAME=bin/ignite.sh]
[10:53:59,350][INFO][main][IgniteKernal] System cache's MemoryPolicy size is configured to 40 MB. Use MemoryConfiguration.systemCacheMemorySize property to change the setting.
[10:53:59,350][INFO][main][IgniteKernal] Configured caches [in 'default' memoryPolicy: ['ignite-sys-cache', 'ignite-atomics-sys-cache']]
[10:53:59,351][WARNING][main][IgniteKernal] Peer class loading is enabled (disable it in production for performance and deployment consistency reasons)
[10:53:59,411][INFO][main][IgniteKernal] 3-rd party licenses can be found at: /opt/apache-ignite-fabric-2.0.0-bin/libs/licenses
[10:53:59,600][INFO][main][IgnitePluginProcessor] Configured plugins:
[10:53:59,600][INFO][main][IgnitePluginProcessor]   ^-- None
[10:53:59,600][INFO][main][IgnitePluginProcessor] 
[10:53:59,880][INFO][main][TcpCommunicationSpi] Successfully bound communication NIO server to TCP port [port=47101, locHost=0.0.0.0/0.0.0.0, selectorsCnt=4, selectorSpins=0, pairedConn=false]
[10:53:59,945][WARNING][main][TcpCommunicationSpi] Message queue limit is set to 0 which may lead to potential OOMEs when running cache operations in FULL_ASYNC or PRIMARY_SYNC modes due to message queues growth on sender and receiver sides.
[10:54:00,067][WARNING][main][NoopCheckpointSpi] Checkpoints are disabled (to enable configure any GridCheckpointSpi implementation)
[10:54:00,130][WARNING][main][GridCollisionManager] Collision resolution is disabled (all jobs will be activated upon arrival).
[10:54:00,134][INFO][main][IgniteKernal] Security status [authentication=off, tls/ssl=off]
[10:54:00,906][WARNING][main][IgniteCacheDatabaseSharedManager] No user-defined default MemoryPolicy found; system default of 1GB size will be used.
[10:54:01,308][INFO][main][GridTcpRestProtocol] Command protocol successfully started [name=TCP binary, host=0.0.0.0/0.0.0.0, port=11212]
[10:54:01,491][INFO][main][IgniteKernal] Non-loopback local IPs: 10.0.2.15, fe80:0:0:0:a00:27ff:fef7:15ba%eth0
[10:54:01,491][INFO][main][IgniteKernal] Enabled local MACs: 080027F715BA
[10:54:01,622][INFO][main][TcpDiscoverySpi] Successfully bound to TCP port [port=47501, localHost=0.0.0.0/0.0.0.0, locNodeId=17276cc3-7cb4-4bff-90a3-8b5a5a05d224]
[10:54:04,258][INFO][main][GridCacheProcessor] Started cache [name=ignite-sys-cache, memoryPolicyName=sysMemPlc, mode=REPLICATED]
[10:54:04,311][INFO][main][GridCacheProcessor] Started cache [name=ignite-atomics-sys-cache, memoryPolicyName=sysMemPlc, mode=PARTITIONED]
[10:54:04,453][INFO][grid-nio-worker-tcp-comm-0-#17%null%][TcpCommunicationSpi] Established outgoing communication connection [locAddr=/0:0:0:0:0:0:0:1:60038, rmtAddr=/0:0:0:0:0:0:0:1%lo:47100]
[10:54:05,050][INFO][exchange-worker-#26%null%][GridCachePartitionExchangeManager] Rebalancing scheduled [order=[ignite-sys-cache, ignite-atomics-sys-cache]]
[10:54:05,051][INFO][exchange-worker-#26%null%][GridCachePartitionExchangeManager] Rebalancing started [top=AffinityTopologyVersion [topVer=2, minorTopVer=0], evt=NODE_JOINED, node=17276cc3-7cb4-4bff-90a3-8b5a5a05d224]
[10:54:05,053][INFO][exchange-worker-#26%null%][GridDhtPartitionDemander] <ignite-sys-cache> Starting rebalancing [mode=SYNC, fromNode=efe2a297-4b39-4572-a001-9ae1f43033eb, partitionsCount=100, topology=AffinityTopologyVersion [topVer=2, minorTopVer=0], updateSeq=1]
[10:54:05,096][INFO][utility-#29%null%][GridDhtPartitionDemander] <ignite-sys-cache> Completed (final) rebalancing [fromNode=efe2a297-4b39-4572-a001-9ae1f43033eb, topology=AffinityTopologyVersion [topVer=2, minorTopVer=0], time=42 ms]
[10:54:05,097][INFO][utility-#29%null%][GridDhtPartitionDemander] <ignite-atomics-sys-cache> Starting rebalancing [mode=SYNC, fromNode=efe2a297-4b39-4572-a001-9ae1f43033eb, partitionsCount=535, topology=AffinityTopologyVersion [topVer=2, minorTopVer=0], updateSeq=1]
[10:54:05,161][INFO][sys-#30%null%][GridDhtPartitionDemander] <ignite-atomics-sys-cache> Completed (final) rebalancing [fromNode=efe2a297-4b39-4572-a001-9ae1f43033eb, topology=AffinityTopologyVersion [topVer=2, minorTopVer=0], time=67 ms]
[10:54:05,282][INFO][main][IgniteKernal] Performance suggestions for grid  (fix if possible)
[10:54:05,283][INFO][main][IgniteKernal] To disable, set -DIGNITE_PERFORMANCE_SUGGESTIONS_DISABLED=true
[10:54:05,285][INFO][main][IgniteKernal]   ^-- Disable grid events (remove 'includeEventTypes' from configuration)
[10:54:05,286][INFO][main][IgniteKernal]   ^-- Enable G1 Garbage Collector (add '-XX:+UseG1GC' to JVM options)
[10:54:05,286][INFO][main][IgniteKernal]   ^-- Set max direct memory size if getting 'OOME: Direct buffer memory' (add '-XX:MaxDirectMemorySize=<size>[g|G|m|M|k|K]' to JVM options)
[10:54:05,287][INFO][main][IgniteKernal]   ^-- Disable processing of calls to System.gc() (add '-XX:+DisableExplicitGC' to JVM options)
[10:54:05,288][INFO][main][IgniteKernal] Refer to this page for more performance suggestions: https://apacheignite.readme.io/docs/jvm-and-system-tuning
[10:54:05,290][INFO][main][IgniteKernal] 
[10:54:05,290][INFO][main][IgniteKernal] To start Console Management & Monitoring run ignitevisorcmd.{sh|bat}
[10:54:05,295][INFO][main][IgniteKernal] 
[10:54:05,296][INFO][main][IgniteKernal] 

>>> +----------------------------------------------------------------------+
>>> Ignite ver. 2.0.0#20170430-sha1:d4eef3c68ff116ee34bc13648cd82c640b3ea072
>>> +----------------------------------------------------------------------+
>>> OS name: Linux 4.4.0-31-generic amd64
>>> CPU(s): 1
>>> Heap: 1.0GB
>>> VM name: 6267@shravya-VirtualBox
>>> Local node [ID=17276CC3-7CB4-4BFF-90A3-8B5A5A05D224, order=2, clientMode=false]
>>> Local node addresses: [10.0.2.15/0:0:0:0:0:0:0:1%lo, /10.0.2.15, /127.0.0.1]
>>> Local ports: TCP:11212 TCP:47101 UDP:47400 TCP:47501 

[10:54:05,313][INFO][main][GridDiscoveryManager] Topology snapshot [ver=2, servers=2, clients=0, CPUs=1, heap=1.3GB]
[10:54:06,996][INFO][exchange-worker-#26%null%][GridCachePartitionExchangeManager] Skipping rebalancing (nothing scheduled) [top=AffinityTopologyVersion [topVer=2, minorTopVer=1], evt=DISCOVERY_CUSTOM_EVT, node=efe2a297-4b39-4572-a001-9ae1f43033eb]
[10:54:43,547][INFO][disco-event-worker-#25%null%][GridDiscoveryManager] Node left topology: TcpDiscoveryNode [id=efe2a297-4b39-4572-a001-9ae1f43033eb, addrs=[0:0:0:0:0:0:0:1%lo, 10.0.2.15, 127.0.0.1], sockAddrs=[/0:0:0:0:0:0:0:1%lo:47500, /127.0.0.1:47500, /10.0.2.15:47500], discPort=47500, order=1, intOrder=1, lastExchangeTime=1499923443277, loc=false, ver=2.0.0#20170430-sha1:d4eef3c6, isClient=false]
[10:54:43,552][INFO][disco-event-worker-#25%null%][GridDiscoveryManager] Topology snapshot [ver=3, servers=1, clients=0, CPUs=1, heap=1.0GB]
[10:54:43,888][INFO][exchange-worker-#26%null%][GridCachePartitionExchangeManager] Skipping rebalancing (nothing scheduled) [top=AffinityTopologyVersion [topVer=3, minorTopVer=0], evt=NODE_LEFT, node=efe2a297-4b39-4572-a001-9ae1f43033eb]
[10:54:46,001][INFO][Thread-2][G] Invoking shutdown hook...
