[03:52:58,907][INFO][main][IgniteKernal] 

>>>    __________  ________________  
>>>   /  _/ ___/ |/ /  _/_  __/ __/  
>>>  _/ // (7 7    // /  / / / _/    
>>> /___/\___/_/|_/___/ /_/ /___/   
>>> 
>>> ver. 2.0.0#20170430-sha1:d4eef3c6
>>> 2017 Copyright(C) Apache Software Foundation
>>> 
>>> Ignite documentation: http://ignite.apache.org

[03:52:58,909][INFO][main][IgniteKernal] Config URL: file:/opt/apache-ignite-fabric-2.0.0-bin/examples/config/example-ignite.xml
[03:52:58,909][INFO][main][IgniteKernal] Daemon mode: off
[03:52:58,910][INFO][main][IgniteKernal] OS: Linux 4.4.0-31-generic amd64
[03:52:58,910][INFO][main][IgniteKernal] OS user: shravya
[03:52:58,910][INFO][main][IgniteKernal] PID: 2492
[03:52:58,911][INFO][main][IgniteKernal] Language runtime: Java Platform API Specification ver. 1.8
[03:52:58,911][INFO][main][IgniteKernal] VM information: Java(TM) SE Runtime Environment 1.8.0_131-b11 Oracle Corporation Java HotSpot(TM) 64-Bit Server VM 25.131-b11
[03:52:58,913][INFO][main][IgniteKernal] VM total memory: 0.97GB
[03:52:58,913][INFO][main][IgniteKernal] Remote Management [restart: on, REST: on, JMX (remote: on, port: 49113, auth: off, ssl: off)]
[03:52:58,913][INFO][main][IgniteKernal] IGNITE_HOME=/opt/apache-ignite-fabric-2.0.0-bin
[03:52:58,913][INFO][main][IgniteKernal] VM arguments: [-Xms1g, -Xmx1g, -XX:+AggressiveOpts, -XX:MaxMetaspaceSize=256m, -DIGNITE_QUIET=true, -DIGNITE_SUCCESS_FILE=/opt/apache-ignite-fabric-2.0.0-bin/work/ignite_success_d42fd016-fce5-48a3-87b5-1192bb1997af, -Dcom.sun.management.jmxremote, -Dcom.sun.management.jmxremote.port=49113, -Dcom.sun.management.jmxremote.authenticate=false, -Dcom.sun.management.jmxremote.ssl=false, -DIGNITE_HOME=/opt/apache-ignite-fabric-2.0.0-bin, -DIGNITE_PROG_NAME=bin/ignite.sh]
[03:52:58,913][INFO][main][IgniteKernal] System cache's MemoryPolicy size is configured to 40 MB. Use MemoryConfiguration.systemCacheMemorySize property to change the setting.
[03:52:58,914][INFO][main][IgniteKernal] Configured caches [in 'default' memoryPolicy: ['ignite-sys-cache', 'ignite-atomics-sys-cache']]
[03:52:58,914][WARNING][main][IgniteKernal] Peer class loading is enabled (disable it in production for performance and deployment consistency reasons)
[03:52:58,936][INFO][main][IgniteKernal] 3-rd party licenses can be found at: /opt/apache-ignite-fabric-2.0.0-bin/libs/licenses
[03:52:59,191][INFO][main][IgnitePluginProcessor] Configured plugins:
[03:52:59,191][INFO][main][IgnitePluginProcessor]   ^-- None
[03:52:59,191][INFO][main][IgnitePluginProcessor] 
[03:52:59,376][INFO][main][TcpCommunicationSpi] Successfully bound communication NIO server to TCP port [port=47101, locHost=0.0.0.0/0.0.0.0, selectorsCnt=4, selectorSpins=0, pairedConn=false]
[03:52:59,394][WARNING][main][TcpCommunicationSpi] Message queue limit is set to 0 which may lead to potential OOMEs when running cache operations in FULL_ASYNC or PRIMARY_SYNC modes due to message queues growth on sender and receiver sides.
[03:52:59,500][WARNING][main][NoopCheckpointSpi] Checkpoints are disabled (to enable configure any GridCheckpointSpi implementation)
[03:52:59,552][WARNING][main][GridCollisionManager] Collision resolution is disabled (all jobs will be activated upon arrival).
[03:52:59,554][INFO][main][IgniteKernal] Security status [authentication=off, tls/ssl=off]
[03:53:00,037][WARNING][main][IgniteCacheDatabaseSharedManager] No user-defined default MemoryPolicy found; system default of 1GB size will be used.
[03:53:00,150][WARNING][main][IgniteH2Indexing] Serialization of Java objects in H2 was enabled.
[03:53:00,297][INFO][main][GridTcpRestProtocol] Command protocol successfully started [name=TCP binary, host=0.0.0.0/0.0.0.0, port=11212]
[03:53:00,454][INFO][main][IgniteKernal] Non-loopback local IPs: 10.0.2.15, fe80:0:0:0:a00:27ff:fef7:15ba%eth0
[03:53:00,454][INFO][main][IgniteKernal] Enabled local MACs: 080027F715BA
[03:53:00,513][INFO][main][TcpDiscoverySpi] Successfully bound to TCP port [port=47501, localHost=0.0.0.0/0.0.0.0, locNodeId=08b62288-2dc4-4a47-b6dc-0b52ecec0c54]
[03:53:02,711][INFO][main][GridCacheProcessor] Started cache [name=ignite-sys-cache, memoryPolicyName=sysMemPlc, mode=REPLICATED]
[03:53:02,723][INFO][main][GridCacheProcessor] Started cache [name=ignite-atomics-sys-cache, memoryPolicyName=sysMemPlc, mode=PARTITIONED]
[03:53:02,829][INFO][grid-nio-worker-tcp-comm-0-#17%null%][TcpCommunicationSpi] Established outgoing communication connection [locAddr=/0:0:0:0:0:0:0:1:59192, rmtAddr=/0:0:0:0:0:0:0:1%lo:47100]
[03:53:03,343][INFO][exchange-worker-#26%null%][GridCachePartitionExchangeManager] Rebalancing scheduled [order=[ignite-sys-cache, ignite-atomics-sys-cache]]
[03:53:03,360][INFO][exchange-worker-#26%null%][GridCachePartitionExchangeManager] Rebalancing started [top=AffinityTopologyVersion [topVer=2, minorTopVer=0], evt=NODE_JOINED, node=08b62288-2dc4-4a47-b6dc-0b52ecec0c54]
[03:53:03,363][INFO][exchange-worker-#26%null%][GridDhtPartitionDemander] <ignite-sys-cache> Starting rebalancing [mode=SYNC, fromNode=c5d2d7a1-4e7f-490e-b08e-f4447e771d75, partitionsCount=100, topology=AffinityTopologyVersion [topVer=2, minorTopVer=0], updateSeq=1]
[03:53:03,422][INFO][utility-#29%null%][GridDhtPartitionDemander] <ignite-sys-cache> Completed (final) rebalancing [fromNode=c5d2d7a1-4e7f-490e-b08e-f4447e771d75, topology=AffinityTopologyVersion [topVer=2, minorTopVer=0], time=58 ms]
[03:53:03,428][INFO][utility-#29%null%][GridDhtPartitionDemander] <ignite-atomics-sys-cache> Starting rebalancing [mode=SYNC, fromNode=c5d2d7a1-4e7f-490e-b08e-f4447e771d75, partitionsCount=535, topology=AffinityTopologyVersion [topVer=2, minorTopVer=0], updateSeq=1]
[03:53:03,500][INFO][sys-#30%null%][GridDhtPartitionDemander] <ignite-atomics-sys-cache> Completed (final) rebalancing [fromNode=c5d2d7a1-4e7f-490e-b08e-f4447e771d75, topology=AffinityTopologyVersion [topVer=2, minorTopVer=0], time=71 ms]
[03:53:03,612][INFO][main][IgniteKernal] Performance suggestions for grid  (fix if possible)
[03:53:03,612][INFO][main][IgniteKernal] To disable, set -DIGNITE_PERFORMANCE_SUGGESTIONS_DISABLED=true
[03:53:03,612][INFO][main][IgniteKernal]   ^-- Disable grid events (remove 'includeEventTypes' from configuration)
[03:53:03,612][INFO][main][IgniteKernal]   ^-- Enable G1 Garbage Collector (add '-XX:+UseG1GC' to JVM options)
[03:53:03,613][INFO][main][IgniteKernal]   ^-- Set max direct memory size if getting 'OOME: Direct buffer memory' (add '-XX:MaxDirectMemorySize=<size>[g|G|m|M|k|K]' to JVM options)
[03:53:03,613][INFO][main][IgniteKernal]   ^-- Disable processing of calls to System.gc() (add '-XX:+DisableExplicitGC' to JVM options)
[03:53:03,613][INFO][main][IgniteKernal] Refer to this page for more performance suggestions: https://apacheignite.readme.io/docs/jvm-and-system-tuning
[03:53:03,613][INFO][main][IgniteKernal] 
[03:53:03,613][INFO][main][IgniteKernal] To start Console Management & Monitoring run ignitevisorcmd.{sh|bat}
[03:53:03,614][INFO][main][IgniteKernal] 
[03:53:03,615][INFO][main][IgniteKernal] 

>>> +----------------------------------------------------------------------+
>>> Ignite ver. 2.0.0#20170430-sha1:d4eef3c68ff116ee34bc13648cd82c640b3ea072
>>> +----------------------------------------------------------------------+
>>> OS name: Linux 4.4.0-31-generic amd64
>>> CPU(s): 1
>>> Heap: 1.0GB
>>> VM name: 2492@shravya-VirtualBox
>>> Local node [ID=08B62288-2DC4-4A47-B6DC-0B52ECEC0C54, order=2, clientMode=false]
>>> Local node addresses: [10.0.2.15/0:0:0:0:0:0:0:1%lo, /10.0.2.15, /127.0.0.1]
>>> Local ports: TCP:11212 TCP:47101 UDP:47400 TCP:47501 

[03:53:03,618][INFO][main][GridDiscoveryManager] Topology snapshot [ver=2, servers=2, clients=0, CPUs=1, heap=2.0GB]
[03:53:05,240][INFO][exchange-worker-#26%null%][GridCachePartitionExchangeManager] Skipping rebalancing (nothing scheduled) [top=AffinityTopologyVersion [topVer=2, minorTopVer=1], evt=DISCOVERY_CUSTOM_EVT, node=c5d2d7a1-4e7f-490e-b08e-f4447e771d75]
[03:54:03,620][INFO][grid-timeout-worker-#15%null%][IgniteKernal] 
Metrics for local node (to disable set 'metricsLogFrequency' to 0)
    ^-- Node [id=08b62288, name=null, uptime=00:01:00:024]
    ^-- H/N/C [hosts=1, nodes=2, CPUs=1]
    ^-- CPU [cur=1.67%, avg=3.25%, GC=0%]
    ^-- PageMemory [pages=1270]
    ^-- Heap [used=121MB, free=87.75%, comm=989MB]
    ^-- Non heap [used=43MB, free=97.13%, comm=44MB]
    ^-- Public thread pool [active=0, idle=0, qSize=0]
    ^-- System thread pool [active=0, idle=8, qSize=0]
    ^-- Outbound messages queue [size=0]
[03:54:12,284][INFO][ignite-update-notifier-timer][GridUpdateNotifier] Update status is not available.
[03:55:03,642][INFO][grid-timeout-worker-#15%null%][IgniteKernal] 
Metrics for local node (to disable set 'metricsLogFrequency' to 0)
    ^-- Node [id=08b62288, name=null, uptime=00:02:00:050]
    ^-- H/N/C [hosts=1, nodes=2, CPUs=1]
    ^-- CPU [cur=1.67%, avg=2.23%, GC=0%]
    ^-- PageMemory [pages=1270]
    ^-- Heap [used=129MB, free=86.88%, comm=989MB]
    ^-- Non heap [used=43MB, free=97.11%, comm=44MB]
    ^-- Public thread pool [active=0, idle=0, qSize=0]
    ^-- System thread pool [active=0, idle=6, qSize=0]
    ^-- Outbound messages queue [size=0]
[03:56:03,669][INFO][grid-timeout-worker-#15%null%][IgniteKernal] 
Metrics for local node (to disable set 'metricsLogFrequency' to 0)
    ^-- Node [id=08b62288, name=null, uptime=00:03:00:078]
    ^-- H/N/C [hosts=1, nodes=2, CPUs=1]
    ^-- CPU [cur=2.67%, avg=1.92%, GC=0%]
    ^-- PageMemory [pages=1270]
    ^-- Heap [used=141MB, free=85.66%, comm=989MB]
    ^-- Non heap [used=44MB, free=97.09%, comm=45MB]
    ^-- Public thread pool [active=0, idle=0, qSize=0]
    ^-- System thread pool [active=0, idle=6, qSize=0]
    ^-- Outbound messages queue [size=0]
[03:56:29,341][INFO][disco-event-worker-#25%null%][GridDiscoveryManager] Added new node to topology: TcpDiscoveryNode [id=74b84233-bab4-4187-abcd-3a0ba272c8e3, addrs=[0:0:0:0:0:0:0:1%lo, 10.0.2.15, 127.0.0.1], sockAddrs=[/10.0.2.15:47502, /0:0:0:0:0:0:0:1%lo:47502, /127.0.0.1:47502], discPort=47502, order=3, intOrder=3, lastExchangeTime=1499639188808, loc=false, ver=2.0.0#20170430-sha1:d4eef3c6, isClient=false]
[03:56:29,342][INFO][disco-event-worker-#25%null%][GridDiscoveryManager] Topology snapshot [ver=3, servers=3, clients=0, CPUs=1, heap=2.5GB]
[03:56:32,704][INFO][exchange-worker-#26%null%][GridCachePartitionExchangeManager] Skipping rebalancing (nothing scheduled) [top=AffinityTopologyVersion [topVer=3, minorTopVer=0], evt=NODE_JOINED, node=74b84233-bab4-4187-abcd-3a0ba272c8e3]
[03:56:32,927][INFO][grid-nio-worker-tcp-comm-1-#18%null%][TcpCommunicationSpi] Accepted incoming communication connection [locAddr=/0:0:0:0:0:0:0:1:47101, rmtAddr=/0:0:0:0:0:0:0:1:53588]
[03:56:34,253][INFO][exchange-worker-#26%null%][GridCacheProcessor] Started cache [name=cacheName, memoryPolicyName=null, mode=PARTITIONED]
[03:56:34,834][INFO][exchange-worker-#26%null%][GridCachePartitionExchangeManager] Skipping rebalancing (nothing scheduled) [top=AffinityTopologyVersion [topVer=3, minorTopVer=1], evt=DISCOVERY_CUSTOM_EVT, node=74b84233-bab4-4187-abcd-3a0ba272c8e3]
[03:56:35,408][INFO][exchange-worker-#26%null%][GridCachePartitionExchangeManager] Skipping rebalancing (nothing scheduled) [top=AffinityTopologyVersion [topVer=3, minorTopVer=2], evt=DISCOVERY_CUSTOM_EVT, node=c5d2d7a1-4e7f-490e-b08e-f4447e771d75]
[03:56:40,861][WARNING][sys-stripe-3-#4%null%][GridCacheEventManager] <cacheName> Failed to unmarshall cache object value for the event notification (all further notifications will keep binary object format).
[03:57:03,683][INFO][grid-timeout-worker-#15%null%][IgniteKernal] 
Metrics for local node (to disable set 'metricsLogFrequency' to 0)
    ^-- Node [id=08b62288, name=null, uptime=00:04:00:086]
    ^-- H/N/C [hosts=1, nodes=3, CPUs=1]
    ^-- CPU [cur=15.33%, avg=2.44%, GC=181.7%]
    ^-- PageMemory [pages=2034]
    ^-- Heap [used=73MB, free=92.56%, comm=989MB]
    ^-- Non heap [used=49MB, free=96.76%, comm=50MB]
    ^-- Public thread pool [active=0, idle=0, qSize=0]
    ^-- System thread pool [active=0, idle=8, qSize=0]
    ^-- Outbound messages queue [size=0]
[03:57:03,684][INFO][grid-timeout-worker-#15%null%][IgniteKernal] FreeList [name=null, buckets=256, dataPages=54, reusePages=0]
[03:58:03,689][INFO][grid-timeout-worker-#15%null%][IgniteKernal] 
Metrics for local node (to disable set 'metricsLogFrequency' to 0)
    ^-- Node [id=08b62288, name=null, uptime=00:05:00:097]
    ^-- H/N/C [hosts=1, nodes=3, CPUs=1]
    ^-- CPU [cur=16.33%, avg=5.76%, GC=0%]
    ^-- PageMemory [pages=7790]
    ^-- Heap [used=204MB, free=79.33%, comm=989MB]
    ^-- Non heap [used=52MB, free=96.56%, comm=53MB]
    ^-- Public thread pool [active=0, idle=0, qSize=0]
    ^-- System thread pool [active=1, idle=5, qSize=0]
    ^-- Outbound messages queue [size=0]
[03:58:03,701][INFO][grid-timeout-worker-#15%null%][IgniteKernal] FreeList [name=null, buckets=256, dataPages=5129, reusePages=0]
[03:59:03,708][INFO][grid-timeout-worker-#15%null%][IgniteKernal] 
Metrics for local node (to disable set 'metricsLogFrequency' to 0)
    ^-- Node [id=08b62288, name=null, uptime=00:06:00:117]
    ^-- H/N/C [hosts=1, nodes=3, CPUs=1]
    ^-- CPU [cur=17.33%, avg=8.15%, GC=0%]
    ^-- PageMemory [pages=18401]
    ^-- Heap [used=180MB, free=81.8%, comm=989MB]
    ^-- Non heap [used=52MB, free=96.57%, comm=53MB]
    ^-- Public thread pool [active=0, idle=0, qSize=0]
    ^-- System thread pool [active=0, idle=5, qSize=0]
    ^-- Outbound messages queue [size=0]
[03:59:03,742][INFO][grid-timeout-worker-#15%null%][IgniteKernal] FreeList [name=null, buckets=256, dataPages=14289, reusePages=0]
[04:00:03,748][INFO][grid-timeout-worker-#15%null%][IgniteKernal] 
Metrics for local node (to disable set 'metricsLogFrequency' to 0)
    ^-- Node [id=08b62288, name=null, uptime=00:07:00:156]
    ^-- H/N/C [hosts=1, nodes=3, CPUs=1]
    ^-- CPU [cur=20.33%, avg=9.2%, GC=0%]
    ^-- PageMemory [pages=27999]
    ^-- Heap [used=130MB, free=86.82%, comm=989MB]
    ^-- Non heap [used=52MB, free=96.57%, comm=53MB]
    ^-- Public thread pool [active=0, idle=0, qSize=0]
    ^-- System thread pool [active=0, idle=6, qSize=0]
    ^-- Outbound messages queue [size=0]
[04:00:03,894][INFO][grid-timeout-worker-#15%null%][IgniteKernal] FreeList [name=null, buckets=256, dataPages=22590, reusePages=0]
[04:01:03,904][INFO][grid-timeout-worker-#15%null%][IgniteKernal] 
Metrics for local node (to disable set 'metricsLogFrequency' to 0)
    ^-- Node [id=08b62288, name=null, uptime=00:08:00:313]
    ^-- H/N/C [hosts=1, nodes=3, CPUs=1]
    ^-- CPU [cur=1.33%, avg=9.06%, GC=0%]
    ^-- PageMemory [pages=32075]
    ^-- Heap [used=226MB, free=77.1%, comm=989MB]
    ^-- Non heap [used=51MB, free=96.59%, comm=53MB]
    ^-- Public thread pool [active=0, idle=0, qSize=0]
    ^-- System thread pool [active=0, idle=5, qSize=0]
    ^-- Outbound messages queue [size=0]
[04:01:03,904][INFO][grid-timeout-worker-#15%null%][IgniteKernal] FreeList [name=null, buckets=256, dataPages=26083, reusePages=0]
[04:01:36,596][INFO][disco-event-worker-#25%null%][GridDiscoveryManager] Node left topology: TcpDiscoveryNode [id=74b84233-bab4-4187-abcd-3a0ba272c8e3, addrs=[0:0:0:0:0:0:0:1%lo, 10.0.2.15, 127.0.0.1], sockAddrs=[/10.0.2.15:47502, /0:0:0:0:0:0:0:1%lo:47502, /127.0.0.1:47502], discPort=47502, order=3, intOrder=3, lastExchangeTime=1499639188808, loc=false, ver=2.0.0#20170430-sha1:d4eef3c6, isClient=false]
[04:01:36,603][INFO][disco-event-worker-#25%null%][GridDiscoveryManager] Topology snapshot [ver=4, servers=2, clients=0, CPUs=1, heap=2.0GB]
[04:01:37,645][INFO][grid-nio-worker-tcp-comm-2-#19%null%][TcpCommunicationSpi] Established outgoing communication connection [locAddr=/0:0:0:0:0:0:0:1:59368, rmtAddr=/0:0:0:0:0:0:0:1%lo:47100]
[04:01:38,367][INFO][exchange-worker-#26%null%][GridCachePartitionExchangeManager] Skipping rebalancing (nothing scheduled) [top=AffinityTopologyVersion [topVer=4, minorTopVer=0], evt=NODE_LEFT, node=74b84233-bab4-4187-abcd-3a0ba272c8e3]
[04:01:55,778][INFO][Thread-2][G] Invoking shutdown hook...
