[10:14:01,002][INFO][pool-2-thread-1][IgniteKernal] 

>>>    __________  ________________  
>>>   /  _/ ___/ |/ /  _/_  __/ __/  
>>>  _/ // (7 7    // /  / / / _/    
>>> /___/\___/_/|_/___/ /_/ /___/   
>>> 
>>> ver. 2.0.0#20170430-sha1:d4eef3c6
>>> 2017 Copyright(C) Apache Software Foundation
>>> 
>>> Ignite documentation: http://ignite.apache.org

[10:14:01,047][INFO][pool-2-thread-1][IgniteKernal] Config URL: file:/opt/apache-ignite-fabric-2.0.0-bin/examples/config/example-ignite.xml
[10:14:01,048][INFO][pool-2-thread-1][IgniteKernal] Daemon mode: off
[10:14:01,055][INFO][pool-2-thread-1][IgniteKernal] OS: Linux 4.4.0-31-generic amd64
[10:14:01,056][INFO][pool-2-thread-1][IgniteKernal] OS user: shravya
[10:14:01,056][INFO][pool-2-thread-1][IgniteKernal] PID: 5428
[10:14:01,059][INFO][pool-2-thread-1][IgniteKernal] Language runtime: Java Platform API Specification ver. 1.8
[10:14:01,059][INFO][pool-2-thread-1][IgniteKernal] VM information: Java(TM) SE Runtime Environment 1.8.0_131-b11 Oracle Corporation Java HotSpot(TM) 64-Bit Server VM 25.131-b11
[10:14:01,061][INFO][pool-2-thread-1][IgniteKernal] VM total memory: 0.25GB
[10:14:01,061][INFO][pool-2-thread-1][IgniteKernal] Remote Management [restart: off, REST: on, JMX (remote: on, port: <n/a>, auth: off, ssl: off)]
[10:14:01,061][INFO][pool-2-thread-1][IgniteKernal] IGNITE_HOME=/opt/apache-ignite-fabric-2.0.0-bin
[10:14:01,061][INFO][pool-2-thread-1][IgniteKernal] VM arguments: [-Xmx256M, -XX:+UseG1GC, -XX:MaxGCPauseMillis=20, -XX:InitiatingHeapOccupancyPercent=35, -XX:+DisableExplicitGC, -Djava.awt.headless=true, -Dcom.sun.management.jmxremote, -Dcom.sun.management.jmxremote.authenticate=false, -Dcom.sun.management.jmxremote.ssl=false, -Dkafka.logs.dir=bin/../logs, -Dlog4j.configuration=file:bin/../config/connect-log4j.properties]
[10:14:01,061][INFO][pool-2-thread-1][IgniteKernal] System cache's MemoryPolicy size is configured to 40 MB. Use MemoryConfiguration.systemCacheMemorySize property to change the setting.
[10:14:01,062][INFO][pool-2-thread-1][IgniteKernal] Configured caches [in 'default' memoryPolicy: ['ignite-sys-cache', 'ignite-atomics-sys-cache']]
[10:14:01,062][WARNING][pool-2-thread-1][IgniteKernal] Peer class loading is enabled (disable it in production for performance and deployment consistency reasons)
[10:14:01,115][INFO][pool-2-thread-1][IgniteKernal] 3-rd party licenses can be found at: /opt/apache-ignite-fabric-2.0.0-bin/libs/licenses
[10:14:01,115][WARNING][pub-#13%null%][GridDiagnostic] JMX remote management is enabled but JMX port is either not set or invalid. Check system property 'com.sun.management.jmxremote.port' to make sure it specifies valid TCP/IP port.
[10:14:01,149][WARNING][pub-#14%null%][GridDiagnostic] Initial heap size is 32MB (should be no less than 512MB, use -Xms512m -Xmx512m).
[10:14:01,893][INFO][pool-2-thread-1][IgnitePluginProcessor] Configured plugins:
[10:14:01,895][INFO][pool-2-thread-1][IgnitePluginProcessor]   ^-- None
[10:14:01,903][INFO][pool-2-thread-1][IgnitePluginProcessor] 
[10:14:02,643][INFO][pool-2-thread-1][TcpCommunicationSpi] Successfully bound communication NIO server to TCP port [port=47100, locHost=0.0.0.0/0.0.0.0, selectorsCnt=4, selectorSpins=0, pairedConn=false]
[10:14:03,087][WARNING][pool-2-thread-1][TcpCommunicationSpi] Message queue limit is set to 0 which may lead to potential OOMEs when running cache operations in FULL_ASYNC or PRIMARY_SYNC modes due to message queues growth on sender and receiver sides.
[10:14:03,216][WARNING][pool-2-thread-1][NoopCheckpointSpi] Checkpoints are disabled (to enable configure any GridCheckpointSpi implementation)
[10:14:03,348][WARNING][pool-2-thread-1][GridCollisionManager] Collision resolution is disabled (all jobs will be activated upon arrival).
[10:14:03,353][INFO][pool-2-thread-1][IgniteKernal] Security status [authentication=off, tls/ssl=off]
[10:14:04,273][WARNING][pool-2-thread-1][IgniteCacheDatabaseSharedManager] No user-defined default MemoryPolicy found; system default of 1GB size will be used.
[10:14:04,898][INFO][pool-2-thread-1][GridTcpRestProtocol] Command protocol successfully started [name=TCP binary, host=0.0.0.0/0.0.0.0, port=11211]
[10:14:05,086][INFO][pool-2-thread-1][IgniteKernal] Non-loopback local IPs: 10.0.2.15, fe80:0:0:0:a00:27ff:fef7:15ba%eth0
[10:14:05,086][INFO][pool-2-thread-1][IgniteKernal] Enabled local MACs: 080027F715BA
[10:14:05,212][INFO][pool-2-thread-1][TcpDiscoverySpi] Successfully bound to TCP port [port=47500, localHost=0.0.0.0/0.0.0.0, locNodeId=efe2a297-4b39-4572-a001-9ae1f43033eb]
[10:14:07,046][INFO][pool-2-thread-1][GridCacheProcessor] Started cache [name=ignite-sys-cache, memoryPolicyName=sysMemPlc, mode=REPLICATED]
[10:14:07,085][INFO][pool-2-thread-1][GridCacheProcessor] Started cache [name=ignite-atomics-sys-cache, memoryPolicyName=sysMemPlc, mode=PARTITIONED]
[10:14:07,495][INFO][exchange-worker-#26%null%][GridCachePartitionExchangeManager] Skipping rebalancing (nothing scheduled) [top=AffinityTopologyVersion [topVer=1, minorTopVer=0], evt=NODE_JOINED, node=efe2a297-4b39-4572-a001-9ae1f43033eb]
[10:14:07,591][INFO][pool-2-thread-1][IgniteKernal] Performance suggestions for grid  (fix if possible)
[10:14:07,592][INFO][pool-2-thread-1][IgniteKernal] To disable, set -DIGNITE_PERFORMANCE_SUGGESTIONS_DISABLED=true
[10:14:07,592][INFO][pool-2-thread-1][IgniteKernal]   ^-- Disable grid events (remove 'includeEventTypes' from configuration)
[10:14:07,594][INFO][pool-2-thread-1][IgniteKernal]   ^-- Set max direct memory size if getting 'OOME: Direct buffer memory' (add '-XX:MaxDirectMemorySize=<size>[g|G|m|M|k|K]' to JVM options)
[10:14:07,598][INFO][pool-2-thread-1][IgniteKernal] Refer to this page for more performance suggestions: https://apacheignite.readme.io/docs/jvm-and-system-tuning
[10:14:07,598][INFO][pool-2-thread-1][IgniteKernal] 
[10:14:07,598][INFO][pool-2-thread-1][IgniteKernal] To start Console Management & Monitoring run ignitevisorcmd.{sh|bat}
[10:14:07,599][INFO][pool-2-thread-1][IgniteKernal] 
[10:14:07,600][INFO][pool-2-thread-1][IgniteKernal] 

>>> +----------------------------------------------------------------------+
>>> Ignite ver. 2.0.0#20170430-sha1:d4eef3c68ff116ee34bc13648cd82c640b3ea072
>>> +----------------------------------------------------------------------+
>>> OS name: Linux 4.4.0-31-generic amd64
>>> CPU(s): 1
>>> Heap: 0.25GB
>>> VM name: 5428@shravya-VirtualBox
>>> Local node [ID=EFE2A297-4B39-4572-A001-9AE1F43033EB, order=1, clientMode=false]
>>> Local node addresses: [10.0.2.15/0:0:0:0:0:0:0:1%lo, /10.0.2.15, /127.0.0.1]
>>> Local ports: TCP:11211 TCP:47100 UDP:47400 TCP:47500 

[10:14:07,620][INFO][pool-2-thread-1][GridDiscoveryManager] Topology snapshot [ver=1, servers=1, clients=0, CPUs=1, heap=0.25GB]
[10:15:07,650][INFO][grid-timeout-worker-#15%null%][IgniteKernal] 
Metrics for local node (to disable set 'metricsLogFrequency' to 0)
    ^-- Node [id=efe2a297, name=null, uptime=00:01:00:036]
    ^-- H/N/C [hosts=1, nodes=1, CPUs=1]
    ^-- CPU [cur=3.67%, avg=5.46%, GC=0%]
    ^-- PageMemory [pages=2248]
    ^-- Heap [used=66MB, free=74.02%, comm=256MB]
    ^-- Non heap [used=52MB, free=-1%, comm=53MB]
    ^-- Public thread pool [active=0, idle=0, qSize=0]
    ^-- System thread pool [active=0, idle=6, qSize=0]
    ^-- Outbound messages queue [size=0]
[10:15:16,738][INFO][ignite-update-notifier-timer][GridUpdateNotifier] Update status is not available.
[10:16:07,654][INFO][grid-timeout-worker-#15%null%][IgniteKernal] 
Metrics for local node (to disable set 'metricsLogFrequency' to 0)
    ^-- Node [id=efe2a297, name=null, uptime=00:02:00:066]
    ^-- H/N/C [hosts=1, nodes=1, CPUs=1]
    ^-- CPU [cur=2.67%, avg=3.99%, GC=0%]
    ^-- PageMemory [pages=2248]
    ^-- Heap [used=60MB, free=76.37%, comm=256MB]
    ^-- Non heap [used=52MB, free=-1%, comm=53MB]
    ^-- Public thread pool [active=0, idle=0, qSize=0]
    ^-- System thread pool [active=0, idle=6, qSize=0]
    ^-- Outbound messages queue [size=0]
[10:17:07,660][INFO][grid-timeout-worker-#15%null%][IgniteKernal] 
Metrics for local node (to disable set 'metricsLogFrequency' to 0)
    ^-- Node [id=efe2a297, name=null, uptime=00:03:00:075]
    ^-- H/N/C [hosts=1, nodes=1, CPUs=1]
    ^-- CPU [cur=2.33%, avg=3.3%, GC=0%]
    ^-- PageMemory [pages=2248]
    ^-- Heap [used=62MB, free=75.59%, comm=256MB]
    ^-- Non heap [used=52MB, free=-1%, comm=54MB]
    ^-- Public thread pool [active=0, idle=0, qSize=0]
    ^-- System thread pool [active=0, idle=5, qSize=0]
    ^-- Outbound messages queue [size=0]
[10:18:07,665][INFO][grid-timeout-worker-#15%null%][IgniteKernal] 
Metrics for local node (to disable set 'metricsLogFrequency' to 0)
    ^-- Node [id=efe2a297, name=null, uptime=00:04:00:077]
    ^-- H/N/C [hosts=1, nodes=1, CPUs=1]
    ^-- CPU [cur=1.67%, avg=2.87%, GC=0%]
    ^-- PageMemory [pages=2248]
    ^-- Heap [used=64MB, free=74.8%, comm=256MB]
    ^-- Non heap [used=52MB, free=-1%, comm=54MB]
    ^-- Public thread pool [active=0, idle=0, qSize=0]
    ^-- System thread pool [active=0, idle=6, qSize=0]
    ^-- Outbound messages queue [size=0]
[10:19:07,676][INFO][grid-timeout-worker-#15%null%][IgniteKernal] 
Metrics for local node (to disable set 'metricsLogFrequency' to 0)
    ^-- Node [id=efe2a297, name=null, uptime=00:05:00:093]
    ^-- H/N/C [hosts=1, nodes=1, CPUs=1]
    ^-- CPU [cur=1.33%, avg=2.62%, GC=0%]
    ^-- PageMemory [pages=2248]
    ^-- Heap [used=66MB, free=74.02%, comm=256MB]
    ^-- Non heap [used=52MB, free=-1%, comm=54MB]
    ^-- Public thread pool [active=0, idle=0, qSize=0]
    ^-- System thread pool [active=0, idle=6, qSize=0]
    ^-- Outbound messages queue [size=0]
[10:20:07,686][INFO][grid-timeout-worker-#15%null%][IgniteKernal] 
Metrics for local node (to disable set 'metricsLogFrequency' to 0)
    ^-- Node [id=efe2a297, name=null, uptime=00:06:00:098]
    ^-- H/N/C [hosts=1, nodes=1, CPUs=1]
    ^-- CPU [cur=1.67%, avg=2.53%, GC=0%]
    ^-- PageMemory [pages=2248]
    ^-- Heap [used=68MB, free=73.24%, comm=256MB]
    ^-- Non heap [used=52MB, free=-1%, comm=54MB]
    ^-- Public thread pool [active=0, idle=0, qSize=0]
    ^-- System thread pool [active=0, idle=6, qSize=0]
    ^-- Outbound messages queue [size=0]
[10:21:07,689][INFO][grid-timeout-worker-#15%null%][IgniteKernal] 
Metrics for local node (to disable set 'metricsLogFrequency' to 0)
    ^-- Node [id=efe2a297, name=null, uptime=00:07:00:107]
    ^-- H/N/C [hosts=1, nodes=1, CPUs=1]
    ^-- CPU [cur=1.67%, avg=2.43%, GC=0%]
    ^-- PageMemory [pages=2248]
    ^-- Heap [used=61MB, free=76.17%, comm=256MB]
    ^-- Non heap [used=53MB, free=-1%, comm=54MB]
    ^-- Public thread pool [active=0, idle=0, qSize=0]
    ^-- System thread pool [active=0, idle=6, qSize=0]
    ^-- Outbound messages queue [size=0]
[10:22:07,704][INFO][grid-timeout-worker-#15%null%][IgniteKernal] 
Metrics for local node (to disable set 'metricsLogFrequency' to 0)
    ^-- Node [id=efe2a297, name=null, uptime=00:08:00:120]
    ^-- H/N/C [hosts=1, nodes=1, CPUs=1]
    ^-- CPU [cur=2.67%, avg=2.37%, GC=0%]
    ^-- PageMemory [pages=2248]
    ^-- Heap [used=63MB, free=75.39%, comm=256MB]
    ^-- Non heap [used=53MB, free=-1%, comm=54MB]
    ^-- Public thread pool [active=0, idle=0, qSize=0]
    ^-- System thread pool [active=0, idle=6, qSize=0]
    ^-- Outbound messages queue [size=0]
[10:23:07,709][INFO][grid-timeout-worker-#15%null%][IgniteKernal] 
Metrics for local node (to disable set 'metricsLogFrequency' to 0)
    ^-- Node [id=efe2a297, name=null, uptime=00:09:00:125]
    ^-- H/N/C [hosts=1, nodes=1, CPUs=1]
    ^-- CPU [cur=1.33%, avg=2.27%, GC=0%]
    ^-- PageMemory [pages=2248]
    ^-- Heap [used=65MB, free=74.61%, comm=256MB]
    ^-- Non heap [used=53MB, free=-1%, comm=54MB]
    ^-- Public thread pool [active=0, idle=0, qSize=0]
    ^-- System thread pool [active=0, idle=6, qSize=0]
    ^-- Outbound messages queue [size=0]
[10:24:07,710][INFO][grid-timeout-worker-#15%null%][IgniteKernal] 
Metrics for local node (to disable set 'metricsLogFrequency' to 0)
    ^-- Node [id=efe2a297, name=null, uptime=00:10:00:128]
    ^-- H/N/C [hosts=1, nodes=1, CPUs=1]
    ^-- CPU [cur=0.67%, avg=2.13%, GC=0%]
    ^-- PageMemory [pages=2248]
    ^-- Heap [used=67MB, free=73.83%, comm=256MB]
    ^-- Non heap [used=53MB, free=-1%, comm=54MB]
    ^-- Public thread pool [active=0, idle=0, qSize=0]
    ^-- System thread pool [active=0, idle=6, qSize=0]
    ^-- Outbound messages queue [size=0]
[10:25:07,720][INFO][grid-timeout-worker-#15%null%][IgniteKernal] 
Metrics for local node (to disable set 'metricsLogFrequency' to 0)
    ^-- Node [id=efe2a297, name=null, uptime=00:11:00:132]
    ^-- H/N/C [hosts=1, nodes=1, CPUs=1]
    ^-- CPU [cur=1.67%, avg=2.09%, GC=0%]
    ^-- PageMemory [pages=2248]
    ^-- Heap [used=69MB, free=73.05%, comm=256MB]
    ^-- Non heap [used=53MB, free=-1%, comm=54MB]
    ^-- Public thread pool [active=0, idle=0, qSize=0]
    ^-- System thread pool [active=0, idle=6, qSize=0]
    ^-- Outbound messages queue [size=0]
[10:26:07,717][INFO][grid-timeout-worker-#15%null%][IgniteKernal] 
Metrics for local node (to disable set 'metricsLogFrequency' to 0)
    ^-- Node [id=efe2a297, name=null, uptime=00:12:00:133]
    ^-- H/N/C [hosts=1, nodes=1, CPUs=1]
    ^-- CPU [cur=1%, avg=2.03%, GC=0%]
    ^-- PageMemory [pages=2248]
    ^-- Heap [used=70MB, free=72.66%, comm=256MB]
    ^-- Non heap [used=53MB, free=-1%, comm=54MB]
    ^-- Public thread pool [active=0, idle=0, qSize=0]
    ^-- System thread pool [active=0, idle=6, qSize=0]
    ^-- Outbound messages queue [size=0]
[10:27:07,724][INFO][grid-timeout-worker-#15%null%][IgniteKernal] 
Metrics for local node (to disable set 'metricsLogFrequency' to 0)
    ^-- Node [id=efe2a297, name=null, uptime=00:13:00:142]
    ^-- H/N/C [hosts=1, nodes=1, CPUs=1]
    ^-- CPU [cur=1.67%, avg=2%, GC=0%]
    ^-- PageMemory [pages=2248]
    ^-- Heap [used=61MB, free=75.88%, comm=256MB]
    ^-- Non heap [used=54MB, free=-1%, comm=55MB]
    ^-- Public thread pool [active=0, idle=0, qSize=0]
    ^-- System thread pool [active=0, idle=6, qSize=0]
    ^-- Outbound messages queue [size=0]
[10:28:07,729][INFO][grid-timeout-worker-#15%null%][IgniteKernal] 
Metrics for local node (to disable set 'metricsLogFrequency' to 0)
    ^-- Node [id=efe2a297, name=null, uptime=00:14:00:143]
    ^-- H/N/C [hosts=1, nodes=1, CPUs=1]
    ^-- CPU [cur=2%, avg=1.98%, GC=0%]
    ^-- PageMemory [pages=2248]
    ^-- Heap [used=62MB, free=75.49%, comm=256MB]
    ^-- Non heap [used=54MB, free=-1%, comm=55MB]
    ^-- Public thread pool [active=0, idle=0, qSize=0]
    ^-- System thread pool [active=0, idle=6, qSize=0]
    ^-- Outbound messages queue [size=0]
[10:29:07,735][INFO][grid-timeout-worker-#15%null%][IgniteKernal] 
Metrics for local node (to disable set 'metricsLogFrequency' to 0)
    ^-- Node [id=efe2a297, name=null, uptime=00:15:00:145]
    ^-- H/N/C [hosts=1, nodes=1, CPUs=1]
    ^-- CPU [cur=1.33%, avg=1.96%, GC=0%]
    ^-- PageMemory [pages=2248]
    ^-- Heap [used=64MB, free=74.71%, comm=256MB]
    ^-- Non heap [used=54MB, free=-1%, comm=55MB]
    ^-- Public thread pool [active=0, idle=0, qSize=0]
    ^-- System thread pool [active=0, idle=6, qSize=0]
    ^-- Outbound messages queue [size=0]
[10:30:07,747][INFO][grid-timeout-worker-#15%null%][IgniteKernal] 
Metrics for local node (to disable set 'metricsLogFrequency' to 0)
    ^-- Node [id=efe2a297, name=null, uptime=00:16:00:164]
    ^-- H/N/C [hosts=1, nodes=1, CPUs=1]
    ^-- CPU [cur=1.67%, avg=1.95%, GC=0%]
    ^-- PageMemory [pages=2248]
    ^-- Heap [used=66MB, free=73.93%, comm=256MB]
    ^-- Non heap [used=54MB, free=-1%, comm=55MB]
    ^-- Public thread pool [active=0, idle=0, qSize=0]
    ^-- System thread pool [active=0, idle=6, qSize=0]
    ^-- Outbound messages queue [size=0]
[10:31:07,752][INFO][grid-timeout-worker-#15%null%][IgniteKernal] 
Metrics for local node (to disable set 'metricsLogFrequency' to 0)
    ^-- Node [id=efe2a297, name=null, uptime=00:17:00:169]
    ^-- H/N/C [hosts=1, nodes=1, CPUs=1]
    ^-- CPU [cur=1.33%, avg=1.93%, GC=0%]
    ^-- PageMemory [pages=2248]
    ^-- Heap [used=68MB, free=73.15%, comm=256MB]
    ^-- Non heap [used=54MB, free=-1%, comm=55MB]
    ^-- Public thread pool [active=0, idle=0, qSize=0]
    ^-- System thread pool [active=0, idle=6, qSize=0]
    ^-- Outbound messages queue [size=0]
[10:32:07,760][INFO][grid-timeout-worker-#15%null%][IgniteKernal] 
Metrics for local node (to disable set 'metricsLogFrequency' to 0)
    ^-- Node [id=efe2a297, name=null, uptime=00:18:00:173]
    ^-- H/N/C [hosts=1, nodes=1, CPUs=1]
    ^-- CPU [cur=1.67%, avg=1.92%, GC=0%]
    ^-- PageMemory [pages=2248]
    ^-- Heap [used=70MB, free=72.37%, comm=256MB]
    ^-- Non heap [used=54MB, free=-1%, comm=55MB]
    ^-- Public thread pool [active=0, idle=0, qSize=0]
    ^-- System thread pool [active=0, idle=6, qSize=0]
    ^-- Outbound messages queue [size=0]
[10:33:07,760][INFO][grid-timeout-worker-#15%null%][IgniteKernal] 
Metrics for local node (to disable set 'metricsLogFrequency' to 0)
    ^-- Node [id=efe2a297, name=null, uptime=00:19:00:174]
    ^-- H/N/C [hosts=1, nodes=1, CPUs=1]
    ^-- CPU [cur=1.67%, avg=1.9%, GC=0%]
    ^-- PageMemory [pages=2248]
    ^-- Heap [used=61MB, free=76.04%, comm=256MB]
    ^-- Non heap [used=54MB, free=-1%, comm=55MB]
    ^-- Public thread pool [active=0, idle=0, qSize=0]
    ^-- System thread pool [active=0, idle=6, qSize=0]
    ^-- Outbound messages queue [size=0]
[10:34:07,766][INFO][grid-timeout-worker-#15%null%][IgniteKernal] 
Metrics for local node (to disable set 'metricsLogFrequency' to 0)
    ^-- Node [id=efe2a297, name=null, uptime=00:20:00:181]
    ^-- H/N/C [hosts=1, nodes=1, CPUs=1]
    ^-- CPU [cur=1.67%, avg=1.89%, GC=0%]
    ^-- PageMemory [pages=2248]
    ^-- Heap [used=63MB, free=75.26%, comm=256MB]
    ^-- Non heap [used=54MB, free=-1%, comm=55MB]
    ^-- Public thread pool [active=0, idle=0, qSize=0]
    ^-- System thread pool [active=0, idle=6, qSize=0]
    ^-- Outbound messages queue [size=0]
[10:35:07,771][INFO][grid-timeout-worker-#15%null%][IgniteKernal] 
Metrics for local node (to disable set 'metricsLogFrequency' to 0)
    ^-- Node [id=efe2a297, name=null, uptime=00:21:00:186]
    ^-- H/N/C [hosts=1, nodes=1, CPUs=1]
    ^-- CPU [cur=1.33%, avg=1.87%, GC=0%]
    ^-- PageMemory [pages=2248]
    ^-- Heap [used=65MB, free=74.48%, comm=256MB]
    ^-- Non heap [used=54MB, free=-1%, comm=55MB]
    ^-- Public thread pool [active=0, idle=0, qSize=0]
    ^-- System thread pool [active=0, idle=6, qSize=0]
    ^-- Outbound messages queue [size=0]
[10:36:07,785][INFO][grid-timeout-worker-#15%null%][IgniteKernal] 
Metrics for local node (to disable set 'metricsLogFrequency' to 0)
    ^-- Node [id=efe2a297, name=null, uptime=00:22:00:191]
    ^-- H/N/C [hosts=1, nodes=1, CPUs=1]
    ^-- CPU [cur=1.67%, avg=1.86%, GC=0%]
    ^-- PageMemory [pages=2248]
    ^-- Heap [used=67MB, free=73.7%, comm=256MB]
    ^-- Non heap [used=55MB, free=-1%, comm=56MB]
    ^-- Public thread pool [active=0, idle=0, qSize=0]
    ^-- System thread pool [active=0, idle=6, qSize=0]
    ^-- Outbound messages queue [size=0]
[10:37:07,781][INFO][grid-timeout-worker-#15%null%][IgniteKernal] 
Metrics for local node (to disable set 'metricsLogFrequency' to 0)
    ^-- Node [id=efe2a297, name=null, uptime=00:23:00:193]
    ^-- H/N/C [hosts=1, nodes=1, CPUs=1]
    ^-- CPU [cur=1.67%, avg=1.85%, GC=0%]
    ^-- PageMemory [pages=2248]
    ^-- Heap [used=68MB, free=73.31%, comm=256MB]
    ^-- Non heap [used=55MB, free=-1%, comm=56MB]
    ^-- Public thread pool [active=0, idle=0, qSize=0]
    ^-- System thread pool [active=0, idle=6, qSize=0]
    ^-- Outbound messages queue [size=0]
[10:38:07,779][INFO][grid-timeout-worker-#15%null%][IgniteKernal] 
Metrics for local node (to disable set 'metricsLogFrequency' to 0)
    ^-- Node [id=efe2a297, name=null, uptime=00:24:00:196]
    ^-- H/N/C [hosts=1, nodes=1, CPUs=1]
    ^-- CPU [cur=1.33%, avg=1.83%, GC=0%]
    ^-- PageMemory [pages=2248]
    ^-- Heap [used=70MB, free=72.52%, comm=256MB]
    ^-- Non heap [used=55MB, free=-1%, comm=56MB]
    ^-- Public thread pool [active=0, idle=0, qSize=0]
    ^-- System thread pool [active=0, idle=6, qSize=0]
    ^-- Outbound messages queue [size=0]
[10:39:07,786][INFO][grid-timeout-worker-#15%null%][IgniteKernal] 
Metrics for local node (to disable set 'metricsLogFrequency' to 0)
    ^-- Node [id=efe2a297, name=null, uptime=00:25:00:203]
    ^-- H/N/C [hosts=1, nodes=1, CPUs=1]
    ^-- CPU [cur=1%, avg=1.81%, GC=0%]
    ^-- PageMemory [pages=2248]
    ^-- Heap [used=60MB, free=76.44%, comm=256MB]
    ^-- Non heap [used=55MB, free=-1%, comm=56MB]
    ^-- Public thread pool [active=0, idle=0, qSize=0]
    ^-- System thread pool [active=0, idle=6, qSize=0]
    ^-- Outbound messages queue [size=0]
[10:40:07,804][INFO][grid-timeout-worker-#15%null%][IgniteKernal] 
Metrics for local node (to disable set 'metricsLogFrequency' to 0)
    ^-- Node [id=efe2a297, name=null, uptime=00:26:00:203]
    ^-- H/N/C [hosts=1, nodes=1, CPUs=1]
    ^-- CPU [cur=1%, avg=1.8%, GC=0%]
    ^-- PageMemory [pages=2248]
    ^-- Heap [used=62MB, free=75.65%, comm=256MB]
    ^-- Non heap [used=55MB, free=-1%, comm=56MB]
    ^-- Public thread pool [active=0, idle=0, qSize=0]
    ^-- System thread pool [active=0, idle=6, qSize=0]
    ^-- Outbound messages queue [size=0]
[10:41:07,796][INFO][grid-timeout-worker-#15%null%][IgniteKernal] 
Metrics for local node (to disable set 'metricsLogFrequency' to 0)
    ^-- Node [id=efe2a297, name=null, uptime=00:27:00:210]
    ^-- H/N/C [hosts=1, nodes=1, CPUs=1]
    ^-- CPU [cur=1.67%, avg=1.78%, GC=0%]
    ^-- PageMemory [pages=2248]
    ^-- Heap [used=64MB, free=74.87%, comm=256MB]
    ^-- Non heap [used=55MB, free=-1%, comm=56MB]
    ^-- Public thread pool [active=0, idle=0, qSize=0]
    ^-- System thread pool [active=0, idle=6, qSize=0]
    ^-- Outbound messages queue [size=0]
[10:42:07,801][INFO][grid-timeout-worker-#15%null%][IgniteKernal] 
Metrics for local node (to disable set 'metricsLogFrequency' to 0)
    ^-- Node [id=efe2a297, name=null, uptime=00:28:00:216]
    ^-- H/N/C [hosts=1, nodes=1, CPUs=1]
    ^-- CPU [cur=1.33%, avg=1.78%, GC=0%]
    ^-- PageMemory [pages=2248]
    ^-- Heap [used=66MB, free=74.09%, comm=256MB]
    ^-- Non heap [used=55MB, free=-1%, comm=56MB]
    ^-- Public thread pool [active=0, idle=0, qSize=0]
    ^-- System thread pool [active=0, idle=6, qSize=0]
    ^-- Outbound messages queue [size=0]
[10:43:07,819][INFO][grid-timeout-worker-#15%null%][IgniteKernal] 
Metrics for local node (to disable set 'metricsLogFrequency' to 0)
    ^-- Node [id=efe2a297, name=null, uptime=00:29:00:236]
    ^-- H/N/C [hosts=1, nodes=1, CPUs=1]
    ^-- CPU [cur=1.67%, avg=1.76%, GC=0%]
    ^-- PageMemory [pages=2248]
    ^-- Heap [used=68MB, free=73.31%, comm=256MB]
    ^-- Non heap [used=55MB, free=-1%, comm=56MB]
    ^-- Public thread pool [active=0, idle=0, qSize=0]
    ^-- System thread pool [active=0, idle=6, qSize=0]
    ^-- Outbound messages queue [size=0]
[10:44:07,824][INFO][grid-timeout-worker-#15%null%][IgniteKernal] 
Metrics for local node (to disable set 'metricsLogFrequency' to 0)
    ^-- Node [id=efe2a297, name=null, uptime=00:30:00:241]
    ^-- H/N/C [hosts=1, nodes=1, CPUs=1]
    ^-- CPU [cur=1.67%, avg=1.75%, GC=0%]
    ^-- PageMemory [pages=2248]
    ^-- Heap [used=70MB, free=72.53%, comm=256MB]
    ^-- Non heap [used=55MB, free=-1%, comm=56MB]
    ^-- Public thread pool [active=0, idle=0, qSize=0]
    ^-- System thread pool [active=0, idle=6, qSize=0]
    ^-- Outbound messages queue [size=0]
[10:45:07,831][INFO][grid-timeout-worker-#15%null%][IgniteKernal] 
Metrics for local node (to disable set 'metricsLogFrequency' to 0)
    ^-- Node [id=efe2a297, name=null, uptime=00:31:00:247]
    ^-- H/N/C [hosts=1, nodes=1, CPUs=1]
    ^-- CPU [cur=1.67%, avg=1.74%, GC=0%]
    ^-- PageMemory [pages=2248]
    ^-- Heap [used=61MB, free=76.03%, comm=256MB]
    ^-- Non heap [used=55MB, free=-1%, comm=56MB]
    ^-- Public thread pool [active=0, idle=0, qSize=0]
    ^-- System thread pool [active=0, idle=6, qSize=0]
    ^-- Outbound messages queue [size=0]
[10:46:07,837][INFO][grid-timeout-worker-#15%null%][IgniteKernal] 
Metrics for local node (to disable set 'metricsLogFrequency' to 0)
    ^-- Node [id=efe2a297, name=null, uptime=00:32:00:256]
    ^-- H/N/C [hosts=1, nodes=1, CPUs=1]
    ^-- CPU [cur=1%, avg=1.73%, GC=0%]
    ^-- PageMemory [pages=2248]
    ^-- Heap [used=63MB, free=75.25%, comm=256MB]
    ^-- Non heap [used=55MB, free=-1%, comm=56MB]
    ^-- Public thread pool [active=0, idle=0, qSize=0]
    ^-- System thread pool [active=0, idle=6, qSize=0]
    ^-- Outbound messages queue [size=0]
[10:47:07,838][INFO][grid-timeout-worker-#15%null%][IgniteKernal] 
Metrics for local node (to disable set 'metricsLogFrequency' to 0)
    ^-- Node [id=efe2a297, name=null, uptime=00:33:00:256]
    ^-- H/N/C [hosts=1, nodes=1, CPUs=1]
    ^-- CPU [cur=1%, avg=1.71%, GC=0%]
    ^-- PageMemory [pages=2248]
    ^-- Heap [used=64MB, free=74.86%, comm=256MB]
    ^-- Non heap [used=55MB, free=-1%, comm=56MB]
    ^-- Public thread pool [active=0, idle=0, qSize=0]
    ^-- System thread pool [active=0, idle=6, qSize=0]
    ^-- Outbound messages queue [size=0]
[10:48:07,847][INFO][grid-timeout-worker-#15%null%][IgniteKernal] 
Metrics for local node (to disable set 'metricsLogFrequency' to 0)
    ^-- Node [id=efe2a297, name=null, uptime=00:34:00:264]
    ^-- H/N/C [hosts=1, nodes=1, CPUs=1]
    ^-- CPU [cur=1%, avg=1.69%, GC=0%]
    ^-- PageMemory [pages=2248]
    ^-- Heap [used=66MB, free=74.08%, comm=256MB]
    ^-- Non heap [used=55MB, free=-1%, comm=56MB]
    ^-- Public thread pool [active=0, idle=0, qSize=0]
    ^-- System thread pool [active=0, idle=6, qSize=0]
    ^-- Outbound messages queue [size=0]
[10:49:07,846][INFO][grid-timeout-worker-#15%null%][IgniteKernal] 
Metrics for local node (to disable set 'metricsLogFrequency' to 0)
    ^-- Node [id=efe2a297, name=null, uptime=00:35:00:264]
    ^-- H/N/C [hosts=1, nodes=1, CPUs=1]
    ^-- CPU [cur=1%, avg=1.67%, GC=0%]
    ^-- PageMemory [pages=2248]
    ^-- Heap [used=68MB, free=73.29%, comm=256MB]
    ^-- Non heap [used=55MB, free=-1%, comm=56MB]
    ^-- Public thread pool [active=0, idle=0, qSize=0]
    ^-- System thread pool [active=0, idle=6, qSize=0]
    ^-- Outbound messages queue [size=0]
[10:50:07,857][INFO][grid-timeout-worker-#15%null%][IgniteKernal] 
Metrics for local node (to disable set 'metricsLogFrequency' to 0)
    ^-- Node [id=efe2a297, name=null, uptime=00:36:00:270]
    ^-- H/N/C [hosts=1, nodes=1, CPUs=1]
    ^-- CPU [cur=1%, avg=1.66%, GC=0%]
    ^-- PageMemory [pages=2248]
    ^-- Heap [used=70MB, free=72.51%, comm=256MB]
    ^-- Non heap [used=55MB, free=-1%, comm=56MB]
    ^-- Public thread pool [active=0, idle=0, qSize=0]
    ^-- System thread pool [active=0, idle=6, qSize=0]
    ^-- Outbound messages queue [size=0]
[10:51:07,867][INFO][grid-timeout-worker-#15%null%][IgniteKernal] 
Metrics for local node (to disable set 'metricsLogFrequency' to 0)
    ^-- Node [id=efe2a297, name=null, uptime=00:37:00:279]
    ^-- H/N/C [hosts=1, nodes=1, CPUs=1]
    ^-- CPU [cur=0.67%, avg=1.64%, GC=0%]
    ^-- PageMemory [pages=2248]
    ^-- Heap [used=61MB, free=75.95%, comm=256MB]
    ^-- Non heap [used=55MB, free=-1%, comm=56MB]
    ^-- Public thread pool [active=0, idle=0, qSize=0]
    ^-- System thread pool [active=0, idle=6, qSize=0]
    ^-- Outbound messages queue [size=0]
[10:52:07,870][INFO][grid-timeout-worker-#15%null%][IgniteKernal] 
Metrics for local node (to disable set 'metricsLogFrequency' to 0)
    ^-- Node [id=efe2a297, name=null, uptime=00:38:00:286]
    ^-- H/N/C [hosts=1, nodes=1, CPUs=1]
    ^-- CPU [cur=1%, avg=1.63%, GC=0%]
    ^-- PageMemory [pages=2248]
    ^-- Heap [used=63MB, free=75.16%, comm=256MB]
    ^-- Non heap [used=55MB, free=-1%, comm=56MB]
    ^-- Public thread pool [active=0, idle=0, qSize=0]
    ^-- System thread pool [active=0, idle=6, qSize=0]
    ^-- Outbound messages queue [size=0]
[10:53:07,878][INFO][grid-timeout-worker-#15%null%][IgniteKernal] 
Metrics for local node (to disable set 'metricsLogFrequency' to 0)
    ^-- Node [id=efe2a297, name=null, uptime=00:39:00:291]
    ^-- H/N/C [hosts=1, nodes=1, CPUs=1]
    ^-- CPU [cur=1%, avg=1.62%, GC=0%]
    ^-- PageMemory [pages=2248]
    ^-- Heap [used=65MB, free=74.38%, comm=256MB]
    ^-- Non heap [used=55MB, free=-1%, comm=56MB]
    ^-- Public thread pool [active=0, idle=0, qSize=0]
    ^-- System thread pool [active=0, idle=6, qSize=0]
    ^-- Outbound messages queue [size=0]
[10:54:03,449][INFO][disco-event-worker-#25%null%][GridDiscoveryManager] Added new node to topology: TcpDiscoveryNode [id=17276cc3-7cb4-4bff-90a3-8b5a5a05d224, addrs=[0:0:0:0:0:0:0:1%lo, 10.0.2.15, 127.0.0.1], sockAddrs=[/10.0.2.15:47501, /0:0:0:0:0:0:0:1%lo:47501, /127.0.0.1:47501], discPort=47501, order=2, intOrder=2, lastExchangeTime=1499923443087, loc=false, ver=2.0.0#20170430-sha1:d4eef3c6, isClient=false]
[10:54:03,454][INFO][disco-event-worker-#25%null%][GridDiscoveryManager] Topology snapshot [ver=2, servers=2, clients=0, CPUs=1, heap=1.3GB]
[10:54:04,421][INFO][grid-nio-worker-tcp-comm-0-#17%null%][TcpCommunicationSpi] Accepted incoming communication connection [locAddr=/0:0:0:0:0:0:0:1:47100, rmtAddr=/0:0:0:0:0:0:0:1:60038]
[10:54:04,885][INFO][exchange-worker-#26%null%][GridCachePartitionExchangeManager] Skipping rebalancing (nothing scheduled) [top=AffinityTopologyVersion [topVer=2, minorTopVer=0], evt=NODE_JOINED, node=17276cc3-7cb4-4bff-90a3-8b5a5a05d224]
[10:54:06,977][INFO][exchange-worker-#26%null%][GridCachePartitionExchangeManager] Skipping rebalancing (nothing scheduled) [top=AffinityTopologyVersion [topVer=2, minorTopVer=1], evt=DISCOVERY_CUSTOM_EVT, node=efe2a297-4b39-4572-a001-9ae1f43033eb]
[10:54:07,881][INFO][grid-timeout-worker-#15%null%][IgniteKernal] 
Metrics for local node (to disable set 'metricsLogFrequency' to 0)
    ^-- Node [id=efe2a297, name=null, uptime=00:40:00:299]
    ^-- H/N/C [hosts=1, nodes=2, CPUs=1]
    ^-- CPU [cur=21.33%, avg=1.6%, GC=0%]
    ^-- PageMemory [pages=2249]
    ^-- Heap [used=64MB, free=74.89%, comm=256MB]
    ^-- Non heap [used=57MB, free=-1%, comm=59MB]
    ^-- Public thread pool [active=0, idle=0, qSize=0]
    ^-- System thread pool [active=0, idle=8, qSize=0]
    ^-- Outbound messages queue [size=0]
[10:54:43,410][INFO][Thread-13][G] Invoking shutdown hook...
