[00:13:23,401][INFO][main][IgniteKernal] 

>>>    __________  ________________  
>>>   /  _/ ___/ |/ /  _/_  __/ __/  
>>>  _/ // (7 7    // /  / / / _/    
>>> /___/\___/_/|_/___/ /_/ /___/   
>>> 
>>> ver. 2.0.0#20170430-sha1:d4eef3c6
>>> 2017 Copyright(C) Apache Software Foundation
>>> 
>>> Ignite documentation: http://ignite.apache.org

[00:13:23,404][INFO][main][IgniteKernal] Config URL: file:/opt/apache-ignite-fabric-2.0.0-bin/examples/config/example-ignite.xml
[00:13:23,404][INFO][main][IgniteKernal] Daemon mode: off
[00:13:23,408][INFO][main][IgniteKernal] OS: Linux 4.4.0-31-generic amd64
[00:13:23,409][INFO][main][IgniteKernal] OS user: shravya
[00:13:23,426][INFO][main][IgniteKernal] PID: 6967
[00:13:23,427][INFO][main][IgniteKernal] Language runtime: Java Platform API Specification ver. 1.8
[00:13:23,428][INFO][main][IgniteKernal] VM information: Java(TM) SE Runtime Environment 1.8.0_131-b11 Oracle Corporation Java HotSpot(TM) 64-Bit Server VM 25.131-b11
[00:13:23,429][INFO][main][IgniteKernal] VM total memory: 0.97GB
[00:13:23,430][INFO][main][IgniteKernal] Remote Management [restart: on, REST: on, JMX (remote: on, port: 49117, auth: off, ssl: off)]
[00:13:23,430][INFO][main][IgniteKernal] IGNITE_HOME=/opt/apache-ignite-fabric-2.0.0-bin
[00:13:23,430][INFO][main][IgniteKernal] VM arguments: [-Xms1g, -Xmx1g, -XX:+AggressiveOpts, -XX:MaxMetaspaceSize=256m, -DIGNITE_QUIET=true, -DIGNITE_SUCCESS_FILE=/opt/apache-ignite-fabric-2.0.0-bin/work/ignite_success_bbdfa7e0-e0d9-4d4a-bbfd-ef006e5e7cf8, -Dcom.sun.management.jmxremote, -Dcom.sun.management.jmxremote.port=49117, -Dcom.sun.management.jmxremote.authenticate=false, -Dcom.sun.management.jmxremote.ssl=false, -DIGNITE_HOME=/opt/apache-ignite-fabric-2.0.0-bin, -DIGNITE_PROG_NAME=bin/ignite.sh]
[00:13:23,430][INFO][main][IgniteKernal] System cache's MemoryPolicy size is configured to 40 MB. Use MemoryConfiguration.systemCacheMemorySize property to change the setting.
[00:13:23,430][INFO][main][IgniteKernal] Configured caches [in 'default' memoryPolicy: ['ignite-sys-cache', 'ignite-atomics-sys-cache']]
[00:13:23,430][WARNING][main][IgniteKernal] Peer class loading is enabled (disable it in production for performance and deployment consistency reasons)
[00:13:23,457][INFO][main][IgniteKernal] 3-rd party licenses can be found at: /opt/apache-ignite-fabric-2.0.0-bin/libs/licenses
[00:13:23,596][INFO][main][IgnitePluginProcessor] Configured plugins:
[00:13:23,596][INFO][main][IgnitePluginProcessor]   ^-- None
[00:13:23,597][INFO][main][IgnitePluginProcessor] 
[00:13:23,764][INFO][main][TcpCommunicationSpi] Successfully bound communication NIO server to TCP port [port=47101, locHost=0.0.0.0/0.0.0.0, selectorsCnt=4, selectorSpins=0, pairedConn=false]
[00:13:23,777][WARNING][main][TcpCommunicationSpi] Message queue limit is set to 0 which may lead to potential OOMEs when running cache operations in FULL_ASYNC or PRIMARY_SYNC modes due to message queues growth on sender and receiver sides.
[00:13:23,846][WARNING][main][NoopCheckpointSpi] Checkpoints are disabled (to enable configure any GridCheckpointSpi implementation)
[00:13:23,934][WARNING][main][GridCollisionManager] Collision resolution is disabled (all jobs will be activated upon arrival).
[00:13:23,939][INFO][main][IgniteKernal] Security status [authentication=off, tls/ssl=off]
[00:13:24,351][WARNING][main][IgniteCacheDatabaseSharedManager] No user-defined default MemoryPolicy found; system default of 1GB size will be used.
[00:13:24,496][WARNING][main][IgniteH2Indexing] Serialization of Java objects in H2 was enabled.
[00:13:24,566][INFO][main][GridTcpRestProtocol] Command protocol successfully started [name=TCP binary, host=0.0.0.0/0.0.0.0, port=11212]
[00:13:24,893][INFO][main][GridJettyRestProtocol] Command protocol successfully started [name=Jetty REST, host=/0.0.0.0, port=8080]
[00:13:24,975][INFO][main][IgniteKernal] Non-loopback local IPs: 10.0.2.15, fe80:0:0:0:a00:27ff:fef7:15ba%eth0
[00:13:24,975][INFO][main][IgniteKernal] Enabled local MACs: 080027F715BA
[00:13:25,079][INFO][main][TcpDiscoverySpi] Successfully bound to TCP port [port=47501, localHost=0.0.0.0/0.0.0.0, locNodeId=691119f4-e4fb-47ed-9adc-24bf6bb67257]
[00:13:27,328][INFO][main][GridCacheProcessor] Started cache [name=ignite-sys-cache, memoryPolicyName=sysMemPlc, mode=REPLICATED]
[00:13:27,345][INFO][main][GridCacheProcessor] Started cache [name=ignite-atomics-sys-cache, memoryPolicyName=sysMemPlc, mode=PARTITIONED]
[00:13:27,418][INFO][main][GridCacheProcessor] Started cache [name=connCache, memoryPolicyName=null, mode=PARTITIONED]
[00:13:27,623][INFO][grid-nio-worker-tcp-comm-0-#17%null%][TcpCommunicationSpi] Established outgoing communication connection [locAddr=/0:0:0:0:0:0:0:1:41334, rmtAddr=/0:0:0:0:0:0:0:1%lo:47100]
[00:13:29,011][INFO][exchange-worker-#27%null%][GridCachePartitionExchangeManager] Rebalancing scheduled [order=[ignite-sys-cache, ignite-atomics-sys-cache, connCache]]
[00:13:29,013][INFO][exchange-worker-#27%null%][GridCachePartitionExchangeManager] Rebalancing started [top=AffinityTopologyVersion [topVer=8, minorTopVer=0], evt=NODE_JOINED, node=691119f4-e4fb-47ed-9adc-24bf6bb67257]
[00:13:29,015][INFO][exchange-worker-#27%null%][GridDhtPartitionDemander] <ignite-sys-cache> Starting rebalancing [mode=SYNC, fromNode=2e78ea3a-4027-4afc-b8b7-34e41399257a, partitionsCount=100, topology=AffinityTopologyVersion [topVer=8, minorTopVer=0], updateSeq=1]
[00:13:29,120][INFO][utility-#30%null%][GridDhtPartitionDemander] <ignite-sys-cache> Completed (final) rebalancing [fromNode=2e78ea3a-4027-4afc-b8b7-34e41399257a, topology=AffinityTopologyVersion [topVer=8, minorTopVer=0], time=104 ms]
[00:13:29,134][INFO][utility-#30%null%][GridDhtPartitionDemander] <ignite-atomics-sys-cache> Starting rebalancing [mode=SYNC, fromNode=2e78ea3a-4027-4afc-b8b7-34e41399257a, partitionsCount=535, topology=AffinityTopologyVersion [topVer=8, minorTopVer=0], updateSeq=1]
[00:13:29,260][INFO][sys-#31%null%][GridDhtPartitionDemander] <ignite-atomics-sys-cache> Completed (final) rebalancing [fromNode=2e78ea3a-4027-4afc-b8b7-34e41399257a, topology=AffinityTopologyVersion [topVer=8, minorTopVer=0], time=123 ms]
[00:13:29,287][INFO][sys-#31%null%][GridDhtPartitionDemander] <connCache> Starting rebalancing [mode=ASYNC, fromNode=2e78ea3a-4027-4afc-b8b7-34e41399257a, partitionsCount=535, topology=AffinityTopologyVersion [topVer=8, minorTopVer=0], updateSeq=1]
[00:13:29,352][INFO][sys-#32%null%][GridDhtPartitionDemander] <connCache> Completed (final) rebalancing [fromNode=2e78ea3a-4027-4afc-b8b7-34e41399257a, topology=AffinityTopologyVersion [topVer=8, minorTopVer=0], time=71 ms]
[00:13:29,448][INFO][main][IgniteKernal] Performance suggestions for grid  (fix if possible)
[00:13:29,448][INFO][main][IgniteKernal] To disable, set -DIGNITE_PERFORMANCE_SUGGESTIONS_DISABLED=true
[00:13:29,448][INFO][main][IgniteKernal]   ^-- Disable grid events (remove 'includeEventTypes' from configuration)
[00:13:29,449][INFO][main][IgniteKernal]   ^-- Enable G1 Garbage Collector (add '-XX:+UseG1GC' to JVM options)
[00:13:29,449][INFO][main][IgniteKernal]   ^-- Set max direct memory size if getting 'OOME: Direct buffer memory' (add '-XX:MaxDirectMemorySize=<size>[g|G|m|M|k|K]' to JVM options)
[00:13:29,449][INFO][main][IgniteKernal]   ^-- Disable processing of calls to System.gc() (add '-XX:+DisableExplicitGC' to JVM options)
[00:13:29,449][INFO][main][IgniteKernal] Refer to this page for more performance suggestions: https://apacheignite.readme.io/docs/jvm-and-system-tuning
[00:13:29,449][INFO][main][IgniteKernal] 
[00:13:29,450][INFO][main][IgniteKernal] To start Console Management & Monitoring run ignitevisorcmd.{sh|bat}
[00:13:29,450][INFO][main][IgniteKernal] 
[00:13:29,453][INFO][main][IgniteKernal] 

>>> +----------------------------------------------------------------------+
>>> Ignite ver. 2.0.0#20170430-sha1:d4eef3c68ff116ee34bc13648cd82c640b3ea072
>>> +----------------------------------------------------------------------+
>>> OS name: Linux 4.4.0-31-generic amd64
>>> CPU(s): 1
>>> Heap: 1.0GB
>>> VM name: 6967@shravya-VirtualBox
>>> Local node [ID=691119F4-E4FB-47ED-9ADC-24BF6BB67257, order=8, clientMode=false]
>>> Local node addresses: [10.0.2.15/0:0:0:0:0:0:0:1%lo, /10.0.2.15, /127.0.0.1]
>>> Local ports: TCP:8080 TCP:11212 TCP:47101 UDP:47400 TCP:47501 

[00:13:29,458][INFO][main][GridDiscoveryManager] Topology snapshot [ver=8, servers=2, clients=0, CPUs=1, heap=1.3GB]
[00:13:30,910][INFO][exchange-worker-#27%null%][GridCachePartitionExchangeManager] Skipping rebalancing (nothing scheduled) [top=AffinityTopologyVersion [topVer=8, minorTopVer=1], evt=DISCOVERY_CUSTOM_EVT, node=2e78ea3a-4027-4afc-b8b7-34e41399257a]
[00:14:07,012][SEVERE][qtp1317375498-44][GridJettyRestProtocol] Failed to process HTTP request [action=/ignite, req=(GET /ignite?cmd=size)@1040609066 org.eclipse.jetty.server.Request@3e066f2a]
class org.apache.ignite.IgniteCheckedException: null
	at org.apache.ignite.internal.util.IgniteUtils.cast(IgniteUtils.java:7242)
	at org.apache.ignite.internal.processors.rest.GridRestProcessor$2.body(GridRestProcessor.java:172)
	at org.apache.ignite.internal.util.worker.GridWorker.run(GridWorker.java:110)
	at java.util.concurrent.ThreadPoolExecutor.runWorker(ThreadPoolExecutor.java:1142)
	at java.util.concurrent.ThreadPoolExecutor$Worker.run(ThreadPoolExecutor.java:617)
	at java.lang.Thread.run(Thread.java:748)
Caused by: java.lang.NullPointerException
	at java.util.concurrent.ConcurrentHashMap.get(ConcurrentHashMap.java:936)
	at org.apache.ignite.internal.processors.cache.GridCacheProcessor.cache(GridCacheProcessor.java:3439)
	at org.apache.ignite.internal.processors.rest.handlers.cache.GridCacheCommandHandler.localCache(GridCacheCommandHandler.java:752)
	at org.apache.ignite.internal.processors.rest.handlers.cache.GridCacheCommandHandler.executeCommand(GridCacheCommandHandler.java:716)
	at org.apache.ignite.internal.processors.rest.handlers.cache.GridCacheCommandHandler.handleAsync(GridCacheCommandHandler.java:588)
	at org.apache.ignite.internal.processors.rest.GridRestProcessor.handleRequest(GridRestProcessor.java:266)
	at org.apache.ignite.internal.processors.rest.GridRestProcessor.access$100(GridRestProcessor.java:89)
	at org.apache.ignite.internal.processors.rest.GridRestProcessor$2.body(GridRestProcessor.java:155)
	... 4 more
[00:14:29,453][INFO][grid-timeout-worker-#15%null%][IgniteKernal] 
Metrics for local node (to disable set 'metricsLogFrequency' to 0)
    ^-- Node [id=691119f4, name=null, uptime=00:01:00:006]
    ^-- H/N/C [hosts=1, nodes=2, CPUs=1]
    ^-- CPU [cur=2.67%, avg=7.16%, GC=0%]
    ^-- PageMemory [pages=2342]
    ^-- Heap [used=116MB, free=88.25%, comm=989MB]
    ^-- Non heap [used=49MB, free=96.72%, comm=50MB]
    ^-- Public thread pool [active=0, idle=0, qSize=0]
    ^-- System thread pool [active=0, idle=8, qSize=0]
    ^-- Outbound messages queue [size=0]
[00:14:36,860][INFO][ignite-update-notifier-timer][GridUpdateNotifier] Update status is not available.
[00:15:29,460][INFO][grid-timeout-worker-#15%null%][IgniteKernal] 
Metrics for local node (to disable set 'metricsLogFrequency' to 0)
    ^-- Node [id=691119f4, name=null, uptime=00:02:00:016]
    ^-- H/N/C [hosts=1, nodes=2, CPUs=1]
    ^-- CPU [cur=1.67%, avg=4.8%, GC=0%]
    ^-- PageMemory [pages=2342]
    ^-- Heap [used=125MB, free=87.33%, comm=989MB]
    ^-- Non heap [used=50MB, free=96.67%, comm=51MB]
    ^-- Public thread pool [active=0, idle=0, qSize=0]
    ^-- System thread pool [active=0, idle=6, qSize=0]
    ^-- Outbound messages queue [size=0]
[00:15:32,746][SEVERE][qtp1317375498-44][GridJettyRestProtocol] Failed to process HTTP request [action=/ignite, req=(GET /ignite?cmd=size)@421376550 org.eclipse.jetty.server.Request@191db226]
class org.apache.ignite.IgniteCheckedException: null
	at org.apache.ignite.internal.util.IgniteUtils.cast(IgniteUtils.java:7242)
	at org.apache.ignite.internal.processors.rest.GridRestProcessor$2.body(GridRestProcessor.java:172)
	at org.apache.ignite.internal.util.worker.GridWorker.run(GridWorker.java:110)
	at java.util.concurrent.ThreadPoolExecutor.runWorker(ThreadPoolExecutor.java:1142)
	at java.util.concurrent.ThreadPoolExecutor$Worker.run(ThreadPoolExecutor.java:617)
	at java.lang.Thread.run(Thread.java:748)
Caused by: java.lang.NullPointerException
	at java.util.concurrent.ConcurrentHashMap.get(ConcurrentHashMap.java:936)
	at org.apache.ignite.internal.processors.cache.GridCacheProcessor.cache(GridCacheProcessor.java:3439)
	at org.apache.ignite.internal.processors.rest.handlers.cache.GridCacheCommandHandler.localCache(GridCacheCommandHandler.java:752)
	at org.apache.ignite.internal.processors.rest.handlers.cache.GridCacheCommandHandler.executeCommand(GridCacheCommandHandler.java:716)
	at org.apache.ignite.internal.processors.rest.handlers.cache.GridCacheCommandHandler.handleAsync(GridCacheCommandHandler.java:588)
	at org.apache.ignite.internal.processors.rest.GridRestProcessor.handleRequest(GridRestProcessor.java:266)
	at org.apache.ignite.internal.processors.rest.GridRestProcessor.access$100(GridRestProcessor.java:89)
	at org.apache.ignite.internal.processors.rest.GridRestProcessor$2.body(GridRestProcessor.java:155)
	... 4 more
[00:16:29,468][INFO][grid-timeout-worker-#15%null%][IgniteKernal] 
Metrics for local node (to disable set 'metricsLogFrequency' to 0)
    ^-- Node [id=691119f4, name=null, uptime=00:03:00:030]
    ^-- H/N/C [hosts=1, nodes=2, CPUs=1]
    ^-- CPU [cur=1.67%, avg=3.76%, GC=0%]
    ^-- PageMemory [pages=2342]
    ^-- Heap [used=137MB, free=86.07%, comm=989MB]
    ^-- Non heap [used=50MB, free=96.66%, comm=51MB]
    ^-- Public thread pool [active=0, idle=0, qSize=0]
    ^-- System thread pool [active=0, idle=6, qSize=0]
    ^-- Outbound messages queue [size=0]
[00:17:29,472][INFO][grid-timeout-worker-#15%null%][IgniteKernal] 
Metrics for local node (to disable set 'metricsLogFrequency' to 0)
    ^-- Node [id=691119f4, name=null, uptime=00:04:00:039]
    ^-- H/N/C [hosts=1, nodes=2, CPUs=1]
    ^-- CPU [cur=1.67%, avg=3.28%, GC=0%]
    ^-- PageMemory [pages=2342]
    ^-- Heap [used=146MB, free=85.24%, comm=989MB]
    ^-- Non heap [used=51MB, free=96.59%, comm=52MB]
    ^-- Public thread pool [active=0, idle=0, qSize=0]
    ^-- System thread pool [active=0, idle=7, qSize=0]
    ^-- Outbound messages queue [size=0]
[00:18:29,483][INFO][grid-timeout-worker-#15%null%][IgniteKernal] 
Metrics for local node (to disable set 'metricsLogFrequency' to 0)
    ^-- Node [id=691119f4, name=null, uptime=00:05:00:042]
    ^-- H/N/C [hosts=1, nodes=2, CPUs=1]
    ^-- CPU [cur=2.67%, avg=2.95%, GC=0%]
    ^-- PageMemory [pages=2342]
    ^-- Heap [used=155MB, free=84.33%, comm=989MB]
    ^-- Non heap [used=52MB, free=96.55%, comm=53MB]
    ^-- Public thread pool [active=0, idle=0, qSize=0]
    ^-- System thread pool [active=0, idle=8, qSize=0]
    ^-- Outbound messages queue [size=0]
[00:19:29,480][INFO][grid-timeout-worker-#15%null%][IgniteKernal] 
Metrics for local node (to disable set 'metricsLogFrequency' to 0)
    ^-- Node [id=691119f4, name=null, uptime=00:06:00:045]
    ^-- H/N/C [hosts=1, nodes=2, CPUs=1]
    ^-- CPU [cur=2%, avg=2.96%, GC=0%]
    ^-- PageMemory [pages=2342]
    ^-- Heap [used=159MB, free=83.86%, comm=989MB]
    ^-- Non heap [used=52MB, free=96.53%, comm=53MB]
    ^-- Public thread pool [active=0, idle=0, qSize=0]
    ^-- System thread pool [active=0, idle=5, qSize=0]
    ^-- Outbound messages queue [size=0]
[00:20:29,489][INFO][grid-timeout-worker-#15%null%][IgniteKernal] 
Metrics for local node (to disable set 'metricsLogFrequency' to 0)
    ^-- Node [id=691119f4, name=null, uptime=00:07:00:049]
    ^-- H/N/C [hosts=1, nodes=2, CPUs=1]
    ^-- CPU [cur=1.33%, avg=2.8%, GC=0%]
    ^-- PageMemory [pages=2342]
    ^-- Heap [used=167MB, free=83.11%, comm=989MB]
    ^-- Non heap [used=53MB, free=96.51%, comm=53MB]
    ^-- Public thread pool [active=0, idle=0, qSize=0]
    ^-- System thread pool [active=0, idle=7, qSize=0]
    ^-- Outbound messages queue [size=0]
[00:21:29,493][INFO][grid-timeout-worker-#15%null%][IgniteKernal] 
Metrics for local node (to disable set 'metricsLogFrequency' to 0)
    ^-- Node [id=691119f4, name=null, uptime=00:08:00:057]
    ^-- H/N/C [hosts=1, nodes=2, CPUs=1]
    ^-- CPU [cur=1.33%, avg=2.78%, GC=0%]
    ^-- PageMemory [pages=2342]
    ^-- Heap [used=173MB, free=82.48%, comm=989MB]
    ^-- Non heap [used=53MB, free=96.49%, comm=54MB]
    ^-- Public thread pool [active=0, idle=0, qSize=0]
    ^-- System thread pool [active=0, idle=6, qSize=0]
    ^-- Outbound messages queue [size=0]
[00:22:29,501][INFO][grid-timeout-worker-#15%null%][IgniteKernal] 
Metrics for local node (to disable set 'metricsLogFrequency' to 0)
    ^-- Node [id=691119f4, name=null, uptime=00:09:00:063]
    ^-- H/N/C [hosts=1, nodes=2, CPUs=1]
    ^-- CPU [cur=2.33%, avg=2.71%, GC=0%]
    ^-- PageMemory [pages=2342]
    ^-- Heap [used=180MB, free=81.77%, comm=989MB]
    ^-- Non heap [used=53MB, free=96.47%, comm=54MB]
    ^-- Public thread pool [active=0, idle=0, qSize=0]
    ^-- System thread pool [active=0, idle=6, qSize=0]
    ^-- Outbound messages queue [size=0]
[00:23:29,510][INFO][grid-timeout-worker-#15%null%][IgniteKernal] 
Metrics for local node (to disable set 'metricsLogFrequency' to 0)
    ^-- Node [id=691119f4, name=null, uptime=00:10:00:072]
    ^-- H/N/C [hosts=1, nodes=2, CPUs=1]
    ^-- CPU [cur=2%, avg=2.72%, GC=0%]
    ^-- PageMemory [pages=2342]
    ^-- Heap [used=186MB, free=81.14%, comm=989MB]
    ^-- Non heap [used=53MB, free=96.46%, comm=54MB]
    ^-- Public thread pool [active=0, idle=0, qSize=0]
    ^-- System thread pool [active=0, idle=6, qSize=0]
    ^-- Outbound messages queue [size=0]
[00:24:29,508][INFO][grid-timeout-worker-#15%null%][IgniteKernal] 
Metrics for local node (to disable set 'metricsLogFrequency' to 0)
    ^-- Node [id=691119f4, name=null, uptime=00:11:00:074]
    ^-- H/N/C [hosts=1, nodes=2, CPUs=1]
    ^-- CPU [cur=1.67%, avg=2.71%, GC=0%]
    ^-- PageMemory [pages=2342]
    ^-- Heap [used=193MB, free=80.43%, comm=989MB]
    ^-- Non heap [used=53MB, free=96.46%, comm=54MB]
    ^-- Public thread pool [active=0, idle=0, qSize=0]
    ^-- System thread pool [active=0, idle=6, qSize=0]
    ^-- Outbound messages queue [size=0]
[00:25:29,518][INFO][grid-timeout-worker-#15%null%][IgniteKernal] 
Metrics for local node (to disable set 'metricsLogFrequency' to 0)
    ^-- Node [id=691119f4, name=null, uptime=00:12:00:079]
    ^-- H/N/C [hosts=1, nodes=2, CPUs=1]
    ^-- CPU [cur=1.67%, avg=2.75%, GC=0%]
    ^-- PageMemory [pages=2342]
    ^-- Heap [used=202MB, free=79.52%, comm=989MB]
    ^-- Non heap [used=53MB, free=96.45%, comm=54MB]
    ^-- Public thread pool [active=0, idle=0, qSize=0]
    ^-- System thread pool [active=0, idle=6, qSize=0]
    ^-- Outbound messages queue [size=0]
[00:26:29,521][INFO][grid-timeout-worker-#15%null%][IgniteKernal] 
Metrics for local node (to disable set 'metricsLogFrequency' to 0)
    ^-- Node [id=691119f4, name=null, uptime=00:13:00:085]
    ^-- H/N/C [hosts=1, nodes=2, CPUs=1]
    ^-- CPU [cur=1.67%, avg=2.77%, GC=0%]
    ^-- PageMemory [pages=2342]
    ^-- Heap [used=209MB, free=78.82%, comm=989MB]
    ^-- Non heap [used=54MB, free=96.44%, comm=55MB]
    ^-- Public thread pool [active=0, idle=0, qSize=0]
    ^-- System thread pool [active=0, idle=6, qSize=0]
    ^-- Outbound messages queue [size=0]
[00:27:29,522][INFO][grid-timeout-worker-#15%null%][IgniteKernal] 
Metrics for local node (to disable set 'metricsLogFrequency' to 0)
    ^-- Node [id=691119f4, name=null, uptime=00:14:00:088]
    ^-- H/N/C [hosts=1, nodes=2, CPUs=1]
    ^-- CPU [cur=2.33%, avg=2.74%, GC=0%]
    ^-- PageMemory [pages=2342]
    ^-- Heap [used=215MB, free=78.18%, comm=989MB]
    ^-- Non heap [used=54MB, free=96.44%, comm=55MB]
    ^-- Public thread pool [active=0, idle=0, qSize=0]
    ^-- System thread pool [active=0, idle=6, qSize=0]
    ^-- Outbound messages queue [size=0]
[00:28:29,532][INFO][grid-timeout-worker-#15%null%][IgniteKernal] 
Metrics for local node (to disable set 'metricsLogFrequency' to 0)
    ^-- Node [id=691119f4, name=null, uptime=00:15:00:090]
    ^-- H/N/C [hosts=1, nodes=2, CPUs=1]
    ^-- CPU [cur=2%, avg=2.71%, GC=0%]
    ^-- PageMemory [pages=2342]
    ^-- Heap [used=222MB, free=77.48%, comm=989MB]
    ^-- Non heap [used=54MB, free=96.44%, comm=55MB]
    ^-- Public thread pool [active=0, idle=0, qSize=0]
    ^-- System thread pool [active=0, idle=6, qSize=0]
    ^-- Outbound messages queue [size=0]
[00:29:29,536][INFO][grid-timeout-worker-#15%null%][IgniteKernal] 
Metrics for local node (to disable set 'metricsLogFrequency' to 0)
    ^-- Node [id=691119f4, name=null, uptime=00:16:00:099]
    ^-- H/N/C [hosts=1, nodes=2, CPUs=1]
    ^-- CPU [cur=2.67%, avg=2.71%, GC=0%]
    ^-- PageMemory [pages=2342]
    ^-- Heap [used=229MB, free=76.84%, comm=989MB]
    ^-- Non heap [used=54MB, free=96.44%, comm=55MB]
    ^-- Public thread pool [active=0, idle=0, qSize=0]
    ^-- System thread pool [active=0, idle=6, qSize=0]
    ^-- Outbound messages queue [size=0]
[00:30:29,541][INFO][grid-timeout-worker-#15%null%][IgniteKernal] 
Metrics for local node (to disable set 'metricsLogFrequency' to 0)
    ^-- Node [id=691119f4, name=null, uptime=00:17:00:103]
    ^-- H/N/C [hosts=1, nodes=2, CPUs=1]
    ^-- CPU [cur=2.67%, avg=2.7%, GC=0%]
    ^-- PageMemory [pages=2342]
    ^-- Heap [used=236MB, free=76.14%, comm=989MB]
    ^-- Non heap [used=54MB, free=96.44%, comm=55MB]
    ^-- Public thread pool [active=0, idle=0, qSize=0]
    ^-- System thread pool [active=0, idle=6, qSize=0]
    ^-- Outbound messages queue [size=0]
[00:31:29,548][INFO][grid-timeout-worker-#15%null%][IgniteKernal] 
Metrics for local node (to disable set 'metricsLogFrequency' to 0)
    ^-- Node [id=691119f4, name=null, uptime=00:18:00:113]
    ^-- H/N/C [hosts=1, nodes=2, CPUs=1]
    ^-- CPU [cur=2%, avg=2.67%, GC=0%]
    ^-- PageMemory [pages=2342]
    ^-- Heap [used=242MB, free=75.5%, comm=989MB]
    ^-- Non heap [used=54MB, free=96.44%, comm=55MB]
    ^-- Public thread pool [active=0, idle=0, qSize=0]
    ^-- System thread pool [active=0, idle=6, qSize=0]
    ^-- Outbound messages queue [size=0]
[00:32:29,555][INFO][grid-timeout-worker-#15%null%][IgniteKernal] 
Metrics for local node (to disable set 'metricsLogFrequency' to 0)
    ^-- Node [id=691119f4, name=null, uptime=00:19:00:116]
    ^-- H/N/C [hosts=1, nodes=2, CPUs=1]
    ^-- CPU [cur=4.67%, avg=2.65%, GC=0%]
    ^-- PageMemory [pages=2342]
    ^-- Heap [used=248MB, free=74.87%, comm=989MB]
    ^-- Non heap [used=54MB, free=96.44%, comm=55MB]
    ^-- Public thread pool [active=0, idle=0, qSize=0]
    ^-- System thread pool [active=0, idle=6, qSize=0]
    ^-- Outbound messages queue [size=0]
[00:33:29,563][INFO][grid-timeout-worker-#15%null%][IgniteKernal] 
Metrics for local node (to disable set 'metricsLogFrequency' to 0)
    ^-- Node [id=691119f4, name=null, uptime=00:20:00:120]
    ^-- H/N/C [hosts=1, nodes=2, CPUs=1]
    ^-- CPU [cur=2%, avg=2.63%, GC=0%]
    ^-- PageMemory [pages=2342]
    ^-- Heap [used=254MB, free=74.24%, comm=989MB]
    ^-- Non heap [used=54MB, free=96.44%, comm=55MB]
    ^-- Public thread pool [active=0, idle=0, qSize=0]
    ^-- System thread pool [active=0, idle=6, qSize=0]
    ^-- Outbound messages queue [size=0]
[00:34:29,571][INFO][grid-timeout-worker-#15%null%][IgniteKernal] 
Metrics for local node (to disable set 'metricsLogFrequency' to 0)
    ^-- Node [id=691119f4, name=null, uptime=00:21:00:129]
    ^-- H/N/C [hosts=1, nodes=2, CPUs=1]
    ^-- CPU [cur=2.67%, avg=2.61%, GC=0%]
    ^-- PageMemory [pages=2342]
    ^-- Heap [used=261MB, free=73.53%, comm=989MB]
    ^-- Non heap [used=54MB, free=96.43%, comm=55MB]
    ^-- Public thread pool [active=0, idle=0, qSize=0]
    ^-- System thread pool [active=0, idle=6, qSize=0]
    ^-- Outbound messages queue [size=0]
[00:35:29,583][INFO][grid-timeout-worker-#15%null%][IgniteKernal] 
Metrics for local node (to disable set 'metricsLogFrequency' to 0)
    ^-- Node [id=691119f4, name=null, uptime=00:22:00:149]
    ^-- H/N/C [hosts=1, nodes=2, CPUs=1]
    ^-- CPU [cur=1.67%, avg=2.58%, GC=0%]
    ^-- PageMemory [pages=2342]
    ^-- Heap [used=268MB, free=72.9%, comm=989MB]
    ^-- Non heap [used=54MB, free=96.43%, comm=55MB]
    ^-- Public thread pool [active=0, idle=0, qSize=0]
    ^-- System thread pool [active=0, idle=6, qSize=0]
    ^-- Outbound messages queue [size=0]
[00:36:29,589][INFO][grid-timeout-worker-#15%null%][IgniteKernal] 
Metrics for local node (to disable set 'metricsLogFrequency' to 0)
    ^-- Node [id=691119f4, name=null, uptime=00:23:00:150]
    ^-- H/N/C [hosts=1, nodes=2, CPUs=1]
    ^-- CPU [cur=2%, avg=2.54%, GC=0%]
    ^-- PageMemory [pages=2342]
    ^-- Heap [used=275MB, free=72.19%, comm=989MB]
    ^-- Non heap [used=54MB, free=96.43%, comm=55MB]
    ^-- Public thread pool [active=0, idle=0, qSize=0]
    ^-- System thread pool [active=0, idle=6, qSize=0]
    ^-- Outbound messages queue [size=0]
[00:37:29,591][INFO][grid-timeout-worker-#15%null%][IgniteKernal] 
Metrics for local node (to disable set 'metricsLogFrequency' to 0)
    ^-- Node [id=691119f4, name=null, uptime=00:24:00:154]
    ^-- H/N/C [hosts=1, nodes=2, CPUs=1]
    ^-- CPU [cur=1.33%, avg=2.48%, GC=0%]
    ^-- PageMemory [pages=2342]
    ^-- Heap [used=281MB, free=71.56%, comm=989MB]
    ^-- Non heap [used=54MB, free=96.43%, comm=55MB]
    ^-- Public thread pool [active=0, idle=0, qSize=0]
    ^-- System thread pool [active=0, idle=6, qSize=0]
    ^-- Outbound messages queue [size=0]
[00:38:29,590][INFO][grid-timeout-worker-#15%null%][IgniteKernal] 
Metrics for local node (to disable set 'metricsLogFrequency' to 0)
    ^-- Node [id=691119f4, name=null, uptime=00:25:00:154]
    ^-- H/N/C [hosts=1, nodes=2, CPUs=1]
    ^-- CPU [cur=1%, avg=2.43%, GC=0%]
    ^-- PageMemory [pages=2342]
    ^-- Heap [used=288MB, free=70.85%, comm=989MB]
    ^-- Non heap [used=54MB, free=96.43%, comm=55MB]
    ^-- Public thread pool [active=0, idle=0, qSize=0]
    ^-- System thread pool [active=0, idle=6, qSize=0]
    ^-- Outbound messages queue [size=0]
[00:39:29,612][INFO][grid-timeout-worker-#15%null%][IgniteKernal] 
Metrics for local node (to disable set 'metricsLogFrequency' to 0)
    ^-- Node [id=691119f4, name=null, uptime=00:26:00:174]
    ^-- H/N/C [hosts=1, nodes=2, CPUs=1]
    ^-- CPU [cur=1.33%, avg=2.4%, GC=0%]
    ^-- PageMemory [pages=2342]
    ^-- Heap [used=293MB, free=70.3%, comm=989MB]
    ^-- Non heap [used=54MB, free=96.43%, comm=55MB]
    ^-- Public thread pool [active=0, idle=0, qSize=0]
    ^-- System thread pool [active=0, idle=6, qSize=0]
    ^-- Outbound messages queue [size=0]
[00:39:31,367][INFO][grid-nio-worker-tcp-comm-1-#18%null%][TcpCommunicationSpi] Established outgoing communication connection [locAddr=/0:0:0:0:0:0:0:1:41366, rmtAddr=/0:0:0:0:0:0:0:1%lo:47100]
[00:40:29,824][INFO][grid-timeout-worker-#15%null%][IgniteKernal] 
Metrics for local node (to disable set 'metricsLogFrequency' to 0)
    ^-- Node [id=691119f4, name=null, uptime=00:27:00:391]
    ^-- H/N/C [hosts=1, nodes=2, CPUs=1]
    ^-- CPU [cur=1.33%, avg=2.37%, GC=0%]
    ^-- PageMemory [pages=2342]
    ^-- Heap [used=303MB, free=69.32%, comm=989MB]
    ^-- Non heap [used=54MB, free=96.42%, comm=55MB]
    ^-- Public thread pool [active=0, idle=0, qSize=0]
    ^-- System thread pool [active=0, idle=8, qSize=0]
    ^-- Outbound messages queue [size=0]
[00:41:29,833][INFO][grid-timeout-worker-#15%null%][IgniteKernal] 
Metrics for local node (to disable set 'metricsLogFrequency' to 0)
    ^-- Node [id=691119f4, name=null, uptime=00:28:00:396]
    ^-- H/N/C [hosts=1, nodes=2, CPUs=1]
    ^-- CPU [cur=1%, avg=2.33%, GC=0%]
    ^-- PageMemory [pages=2342]
    ^-- Heap [used=73MB, free=92.62%, comm=989MB]
    ^-- Non heap [used=54MB, free=96.41%, comm=55MB]
    ^-- Public thread pool [active=0, idle=0, qSize=0]
    ^-- System thread pool [active=0, idle=6, qSize=0]
    ^-- Outbound messages queue [size=0]
[00:42:29,872][INFO][grid-timeout-worker-#15%null%][IgniteKernal] 
Metrics for local node (to disable set 'metricsLogFrequency' to 0)
    ^-- Node [id=691119f4, name=null, uptime=00:29:00:436]
    ^-- H/N/C [hosts=1, nodes=2, CPUs=1]
    ^-- CPU [cur=0.33%, avg=2.32%, GC=0%]
    ^-- PageMemory [pages=2344]
    ^-- Heap [used=81MB, free=91.74%, comm=989MB]
    ^-- Non heap [used=54MB, free=96.39%, comm=56MB]
    ^-- Public thread pool [active=0, idle=0, qSize=0]
    ^-- System thread pool [active=0, idle=6, qSize=0]
    ^-- Outbound messages queue [size=0]
[00:42:29,872][INFO][grid-timeout-worker-#15%null%][IgniteKernal] FreeList [name=null, buckets=256, dataPages=1, reusePages=0]
[00:43:29,888][INFO][grid-timeout-worker-#15%null%][IgniteKernal] 
Metrics for local node (to disable set 'metricsLogFrequency' to 0)
    ^-- Node [id=691119f4, name=null, uptime=00:30:00:454]
    ^-- H/N/C [hosts=1, nodes=2, CPUs=1]
    ^-- CPU [cur=1.33%, avg=2.31%, GC=0%]
    ^-- PageMemory [pages=2344]
    ^-- Heap [used=87MB, free=91.13%, comm=989MB]
    ^-- Non heap [used=55MB, free=96.37%, comm=56MB]
    ^-- Public thread pool [active=0, idle=0, qSize=0]
    ^-- System thread pool [active=0, idle=6, qSize=0]
    ^-- Outbound messages queue [size=0]
[00:43:29,889][INFO][grid-timeout-worker-#15%null%][IgniteKernal] FreeList [name=null, buckets=256, dataPages=1, reusePages=0]
[00:44:29,899][INFO][grid-timeout-worker-#15%null%][IgniteKernal] 
Metrics for local node (to disable set 'metricsLogFrequency' to 0)
    ^-- Node [id=691119f4, name=null, uptime=00:31:00:457]
    ^-- H/N/C [hosts=1, nodes=2, CPUs=1]
    ^-- CPU [cur=1.67%, avg=2.27%, GC=0%]
    ^-- PageMemory [pages=2344]
    ^-- Heap [used=93MB, free=90.56%, comm=989MB]
    ^-- Non heap [used=55MB, free=96.37%, comm=56MB]
    ^-- Public thread pool [active=0, idle=0, qSize=0]
    ^-- System thread pool [active=0, idle=6, qSize=0]
    ^-- Outbound messages queue [size=0]
[00:44:29,899][INFO][grid-timeout-worker-#15%null%][IgniteKernal] FreeList [name=null, buckets=256, dataPages=1, reusePages=0]
[00:45:29,900][INFO][grid-timeout-worker-#15%null%][IgniteKernal] 
Metrics for local node (to disable set 'metricsLogFrequency' to 0)
    ^-- Node [id=691119f4, name=null, uptime=00:32:00:462]
    ^-- H/N/C [hosts=1, nodes=2, CPUs=1]
    ^-- CPU [cur=1.33%, avg=2.25%, GC=0%]
    ^-- PageMemory [pages=2344]
    ^-- Heap [used=98MB, free=90.02%, comm=989MB]
    ^-- Non heap [used=55MB, free=96.37%, comm=56MB]
    ^-- Public thread pool [active=0, idle=0, qSize=0]
    ^-- System thread pool [active=0, idle=6, qSize=0]
    ^-- Outbound messages queue [size=0]
[00:45:29,901][INFO][grid-timeout-worker-#15%null%][IgniteKernal] FreeList [name=null, buckets=256, dataPages=1, reusePages=0]
[00:46:29,900][INFO][grid-timeout-worker-#15%null%][IgniteKernal] 
Metrics for local node (to disable set 'metricsLogFrequency' to 0)
    ^-- Node [id=691119f4, name=null, uptime=00:33:00:462]
    ^-- H/N/C [hosts=1, nodes=2, CPUs=1]
    ^-- CPU [cur=1.33%, avg=2.23%, GC=0%]
    ^-- PageMemory [pages=2344]
    ^-- Heap [used=104MB, free=89.49%, comm=989MB]
    ^-- Non heap [used=55MB, free=96.37%, comm=56MB]
    ^-- Public thread pool [active=0, idle=0, qSize=0]
    ^-- System thread pool [active=0, idle=6, qSize=0]
    ^-- Outbound messages queue [size=0]
[00:46:29,900][INFO][grid-timeout-worker-#15%null%][IgniteKernal] FreeList [name=null, buckets=256, dataPages=1, reusePages=0]
[00:47:29,904][INFO][grid-timeout-worker-#15%null%][IgniteKernal] 
Metrics for local node (to disable set 'metricsLogFrequency' to 0)
    ^-- Node [id=691119f4, name=null, uptime=00:34:00:466]
    ^-- H/N/C [hosts=1, nodes=2, CPUs=1]
    ^-- CPU [cur=1.67%, avg=2.2%, GC=0%]
    ^-- PageMemory [pages=2344]
    ^-- Heap [used=108MB, free=89.02%, comm=989MB]
    ^-- Non heap [used=55MB, free=96.37%, comm=56MB]
    ^-- Public thread pool [active=0, idle=0, qSize=0]
    ^-- System thread pool [active=0, idle=6, qSize=0]
    ^-- Outbound messages queue [size=0]
[00:47:29,904][INFO][grid-timeout-worker-#15%null%][IgniteKernal] FreeList [name=null, buckets=256, dataPages=1, reusePages=0]
[00:48:29,901][INFO][grid-timeout-worker-#15%null%][IgniteKernal] 
Metrics for local node (to disable set 'metricsLogFrequency' to 0)
    ^-- Node [id=691119f4, name=null, uptime=00:35:00:467]
    ^-- H/N/C [hosts=1, nodes=2, CPUs=1]
    ^-- CPU [cur=1.33%, avg=2.18%, GC=0%]
    ^-- PageMemory [pages=2344]
    ^-- Heap [used=114MB, free=88.38%, comm=989MB]
    ^-- Non heap [used=55MB, free=96.36%, comm=56MB]
    ^-- Public thread pool [active=0, idle=0, qSize=0]
    ^-- System thread pool [active=0, idle=6, qSize=0]
    ^-- Outbound messages queue [size=0]
[00:48:29,902][INFO][grid-timeout-worker-#15%null%][IgniteKernal] FreeList [name=null, buckets=256, dataPages=1, reusePages=0]
[00:49:29,911][INFO][grid-timeout-worker-#15%null%][IgniteKernal] 
Metrics for local node (to disable set 'metricsLogFrequency' to 0)
    ^-- Node [id=691119f4, name=null, uptime=00:36:00:470]
    ^-- H/N/C [hosts=1, nodes=2, CPUs=1]
    ^-- CPU [cur=1.33%, avg=2.16%, GC=0%]
    ^-- PageMemory [pages=2344]
    ^-- Heap [used=120MB, free=87.79%, comm=989MB]
    ^-- Non heap [used=55MB, free=96.36%, comm=56MB]
    ^-- Public thread pool [active=0, idle=0, qSize=0]
    ^-- System thread pool [active=0, idle=6, qSize=0]
    ^-- Outbound messages queue [size=0]
[00:49:29,911][INFO][grid-timeout-worker-#15%null%][IgniteKernal] FreeList [name=null, buckets=256, dataPages=1, reusePages=0]
[00:50:29,913][INFO][grid-timeout-worker-#15%null%][IgniteKernal] 
Metrics for local node (to disable set 'metricsLogFrequency' to 0)
    ^-- Node [id=691119f4, name=null, uptime=00:37:00:472]
    ^-- H/N/C [hosts=1, nodes=2, CPUs=1]
    ^-- CPU [cur=2%, avg=2.15%, GC=0%]
    ^-- PageMemory [pages=2344]
    ^-- Heap [used=125MB, free=87.32%, comm=989MB]
    ^-- Non heap [used=55MB, free=96.36%, comm=56MB]
    ^-- Public thread pool [active=0, idle=0, qSize=0]
    ^-- System thread pool [active=0, idle=6, qSize=0]
    ^-- Outbound messages queue [size=0]
[00:50:29,914][INFO][grid-timeout-worker-#15%null%][IgniteKernal] FreeList [name=null, buckets=256, dataPages=1, reusePages=0]
[00:51:29,927][INFO][grid-timeout-worker-#15%null%][IgniteKernal] 
Metrics for local node (to disable set 'metricsLogFrequency' to 0)
    ^-- Node [id=691119f4, name=null, uptime=00:38:00:491]
    ^-- H/N/C [hosts=1, nodes=2, CPUs=1]
    ^-- CPU [cur=1.33%, avg=2.13%, GC=0%]
    ^-- PageMemory [pages=2344]
    ^-- Heap [used=130MB, free=86.79%, comm=989MB]
    ^-- Non heap [used=55MB, free=96.36%, comm=56MB]
    ^-- Public thread pool [active=0, idle=0, qSize=0]
    ^-- System thread pool [active=0, idle=6, qSize=0]
    ^-- Outbound messages queue [size=0]
[00:51:29,927][INFO][grid-timeout-worker-#15%null%][IgniteKernal] FreeList [name=null, buckets=256, dataPages=1, reusePages=0]
[00:52:29,930][INFO][grid-timeout-worker-#15%null%][IgniteKernal] 
Metrics for local node (to disable set 'metricsLogFrequency' to 0)
    ^-- Node [id=691119f4, name=null, uptime=00:39:00:491]
    ^-- H/N/C [hosts=1, nodes=2, CPUs=1]
    ^-- CPU [cur=1.33%, avg=2.11%, GC=0%]
    ^-- PageMemory [pages=2344]
    ^-- Heap [used=136MB, free=86.25%, comm=989MB]
    ^-- Non heap [used=55MB, free=96.36%, comm=56MB]
    ^-- Public thread pool [active=0, idle=0, qSize=0]
    ^-- System thread pool [active=0, idle=6, qSize=0]
    ^-- Outbound messages queue [size=0]
[00:52:29,930][INFO][grid-timeout-worker-#15%null%][IgniteKernal] FreeList [name=null, buckets=256, dataPages=1, reusePages=0]
[00:53:29,933][INFO][grid-timeout-worker-#15%null%][IgniteKernal] 
Metrics for local node (to disable set 'metricsLogFrequency' to 0)
    ^-- Node [id=691119f4, name=null, uptime=00:40:00:498]
    ^-- H/N/C [hosts=1, nodes=2, CPUs=1]
    ^-- CPU [cur=1.33%, avg=2.09%, GC=0%]
    ^-- PageMemory [pages=2344]
    ^-- Heap [used=141MB, free=85.68%, comm=989MB]
    ^-- Non heap [used=55MB, free=96.36%, comm=56MB]
    ^-- Public thread pool [active=0, idle=0, qSize=0]
    ^-- System thread pool [active=0, idle=6, qSize=0]
    ^-- Outbound messages queue [size=0]
[00:53:29,934][INFO][grid-timeout-worker-#15%null%][IgniteKernal] FreeList [name=null, buckets=256, dataPages=1, reusePages=0]
[00:54:29,941][INFO][grid-timeout-worker-#15%null%][IgniteKernal] 
Metrics for local node (to disable set 'metricsLogFrequency' to 0)
    ^-- Node [id=691119f4, name=null, uptime=00:41:00:507]
    ^-- H/N/C [hosts=1, nodes=2, CPUs=1]
    ^-- CPU [cur=1.33%, avg=2.08%, GC=0%]
    ^-- PageMemory [pages=2344]
    ^-- Heap [used=147MB, free=85.15%, comm=989MB]
    ^-- Non heap [used=55MB, free=96.36%, comm=56MB]
    ^-- Public thread pool [active=0, idle=0, qSize=0]
    ^-- System thread pool [active=0, idle=6, qSize=0]
    ^-- Outbound messages queue [size=0]
[00:54:29,941][INFO][grid-timeout-worker-#15%null%][IgniteKernal] FreeList [name=null, buckets=256, dataPages=1, reusePages=0]
[00:55:29,942][INFO][grid-timeout-worker-#15%null%][IgniteKernal] 
Metrics for local node (to disable set 'metricsLogFrequency' to 0)
    ^-- Node [id=691119f4, name=null, uptime=00:42:00:507]
    ^-- H/N/C [hosts=1, nodes=2, CPUs=1]
    ^-- CPU [cur=2%, avg=2.07%, GC=0%]
    ^-- PageMemory [pages=2344]
    ^-- Heap [used=151MB, free=84.68%, comm=989MB]
    ^-- Non heap [used=55MB, free=96.36%, comm=56MB]
    ^-- Public thread pool [active=0, idle=0, qSize=0]
    ^-- System thread pool [active=0, idle=6, qSize=0]
    ^-- Outbound messages queue [size=0]
[00:55:29,942][INFO][grid-timeout-worker-#15%null%][IgniteKernal] FreeList [name=null, buckets=256, dataPages=1, reusePages=0]
[00:56:29,949][INFO][grid-timeout-worker-#15%null%][IgniteKernal] 
Metrics for local node (to disable set 'metricsLogFrequency' to 0)
    ^-- Node [id=691119f4, name=null, uptime=00:43:00:512]
    ^-- H/N/C [hosts=1, nodes=2, CPUs=1]
    ^-- CPU [cur=1.67%, avg=2.05%, GC=0%]
    ^-- PageMemory [pages=2344]
    ^-- Heap [used=157MB, free=84.09%, comm=989MB]
    ^-- Non heap [used=55MB, free=96.36%, comm=56MB]
    ^-- Public thread pool [active=0, idle=0, qSize=0]
    ^-- System thread pool [active=0, idle=6, qSize=0]
    ^-- Outbound messages queue [size=0]
[00:56:29,950][INFO][grid-timeout-worker-#15%null%][IgniteKernal] FreeList [name=null, buckets=256, dataPages=1, reusePages=0]
[00:57:29,956][INFO][grid-timeout-worker-#15%null%][IgniteKernal] 
Metrics for local node (to disable set 'metricsLogFrequency' to 0)
    ^-- Node [id=691119f4, name=null, uptime=00:44:00:519]
    ^-- H/N/C [hosts=1, nodes=2, CPUs=1]
    ^-- CPU [cur=1%, avg=2.04%, GC=0%]
    ^-- PageMemory [pages=2344]
    ^-- Heap [used=163MB, free=83.45%, comm=989MB]
    ^-- Non heap [used=55MB, free=96.36%, comm=56MB]
    ^-- Public thread pool [active=0, idle=0, qSize=0]
    ^-- System thread pool [active=0, idle=6, qSize=0]
    ^-- Outbound messages queue [size=0]
[00:57:29,956][INFO][grid-timeout-worker-#15%null%][IgniteKernal] FreeList [name=null, buckets=256, dataPages=1, reusePages=0]
[00:58:29,962][INFO][grid-timeout-worker-#15%null%][IgniteKernal] 
Metrics for local node (to disable set 'metricsLogFrequency' to 0)
    ^-- Node [id=691119f4, name=null, uptime=00:45:00:525]
    ^-- H/N/C [hosts=1, nodes=2, CPUs=1]
    ^-- CPU [cur=3%, avg=2.04%, GC=0%]
    ^-- PageMemory [pages=2344]
    ^-- Heap [used=168MB, free=82.99%, comm=989MB]
    ^-- Non heap [used=55MB, free=96.35%, comm=56MB]
    ^-- Public thread pool [active=0, idle=0, qSize=0]
    ^-- System thread pool [active=0, idle=6, qSize=0]
    ^-- Outbound messages queue [size=0]
[00:58:29,962][INFO][grid-timeout-worker-#15%null%][IgniteKernal] FreeList [name=null, buckets=256, dataPages=1, reusePages=0]
[00:59:29,967][INFO][grid-timeout-worker-#15%null%][IgniteKernal] 
Metrics for local node (to disable set 'metricsLogFrequency' to 0)
    ^-- Node [id=691119f4, name=null, uptime=00:46:00:529]
    ^-- H/N/C [hosts=1, nodes=2, CPUs=1]
    ^-- CPU [cur=2%, avg=2.03%, GC=0%]
    ^-- PageMemory [pages=2344]
    ^-- Heap [used=173MB, free=82.45%, comm=989MB]
    ^-- Non heap [used=55MB, free=96.35%, comm=56MB]
    ^-- Public thread pool [active=0, idle=0, qSize=0]
    ^-- System thread pool [active=0, idle=6, qSize=0]
    ^-- Outbound messages queue [size=0]
[00:59:29,969][INFO][grid-timeout-worker-#15%null%][IgniteKernal] FreeList [name=null, buckets=256, dataPages=1, reusePages=0]
[01:00:29,962][INFO][grid-timeout-worker-#15%null%][IgniteKernal] 
Metrics for local node (to disable set 'metricsLogFrequency' to 0)
    ^-- Node [id=691119f4, name=null, uptime=00:47:00:529]
    ^-- H/N/C [hosts=1, nodes=2, CPUs=1]
    ^-- CPU [cur=1.67%, avg=2.02%, GC=0%]
    ^-- PageMemory [pages=2344]
    ^-- Heap [used=179MB, free=81.91%, comm=989MB]
    ^-- Non heap [used=55MB, free=96.35%, comm=56MB]
    ^-- Public thread pool [active=0, idle=0, qSize=0]
    ^-- System thread pool [active=0, idle=6, qSize=0]
    ^-- Outbound messages queue [size=0]
[01:00:29,963][INFO][grid-timeout-worker-#15%null%][IgniteKernal] FreeList [name=null, buckets=256, dataPages=1, reusePages=0]
[01:01:29,976][INFO][grid-timeout-worker-#15%null%][IgniteKernal] 
Metrics for local node (to disable set 'metricsLogFrequency' to 0)
    ^-- Node [id=691119f4, name=null, uptime=00:48:00:536]
    ^-- H/N/C [hosts=1, nodes=2, CPUs=1]
    ^-- CPU [cur=1.33%, avg=2.01%, GC=0%]
    ^-- PageMemory [pages=2344]
    ^-- Heap [used=183MB, free=81.45%, comm=989MB]
    ^-- Non heap [used=55MB, free=96.35%, comm=56MB]
    ^-- Public thread pool [active=0, idle=0, qSize=0]
    ^-- System thread pool [active=0, idle=6, qSize=0]
    ^-- Outbound messages queue [size=0]
[01:01:29,976][INFO][grid-timeout-worker-#15%null%][IgniteKernal] FreeList [name=null, buckets=256, dataPages=1, reusePages=0]
[01:02:29,980][INFO][grid-timeout-worker-#15%null%][IgniteKernal] 
Metrics for local node (to disable set 'metricsLogFrequency' to 0)
    ^-- Node [id=691119f4, name=null, uptime=00:49:00:540]
    ^-- H/N/C [hosts=1, nodes=2, CPUs=1]
    ^-- CPU [cur=1.33%, avg=2%, GC=0%]
    ^-- PageMemory [pages=2344]
    ^-- Heap [used=189MB, free=80.81%, comm=989MB]
    ^-- Non heap [used=55MB, free=96.36%, comm=56MB]
    ^-- Public thread pool [active=0, idle=0, qSize=0]
    ^-- System thread pool [active=0, idle=6, qSize=0]
    ^-- Outbound messages queue [size=0]
[01:02:29,981][INFO][grid-timeout-worker-#15%null%][IgniteKernal] FreeList [name=null, buckets=256, dataPages=1, reusePages=0]
[01:03:29,982][INFO][grid-timeout-worker-#15%null%][IgniteKernal] 
Metrics for local node (to disable set 'metricsLogFrequency' to 0)
    ^-- Node [id=691119f4, name=null, uptime=00:50:00:548]
    ^-- H/N/C [hosts=1, nodes=2, CPUs=1]
    ^-- CPU [cur=1.33%, avg=1.99%, GC=0%]
    ^-- PageMemory [pages=2344]
    ^-- Heap [used=195MB, free=80.29%, comm=989MB]
    ^-- Non heap [used=55MB, free=96.36%, comm=56MB]
    ^-- Public thread pool [active=0, idle=0, qSize=0]
    ^-- System thread pool [active=0, idle=6, qSize=0]
    ^-- Outbound messages queue [size=0]
[01:03:29,982][INFO][grid-timeout-worker-#15%null%][IgniteKernal] FreeList [name=null, buckets=256, dataPages=1, reusePages=0]
[01:04:29,986][INFO][grid-timeout-worker-#15%null%][IgniteKernal] 
Metrics for local node (to disable set 'metricsLogFrequency' to 0)
    ^-- Node [id=691119f4, name=null, uptime=00:51:00:549]
    ^-- H/N/C [hosts=1, nodes=2, CPUs=1]
    ^-- CPU [cur=1%, avg=1.97%, GC=0%]
    ^-- PageMemory [pages=2344]
    ^-- Heap [used=200MB, free=79.75%, comm=989MB]
    ^-- Non heap [used=55MB, free=96.36%, comm=56MB]
    ^-- Public thread pool [active=0, idle=0, qSize=0]
    ^-- System thread pool [active=0, idle=6, qSize=0]
    ^-- Outbound messages queue [size=0]
[01:04:30,073][INFO][grid-timeout-worker-#15%null%][IgniteKernal] FreeList [name=null, buckets=256, dataPages=1, reusePages=0]
[01:05:30,077][INFO][grid-timeout-worker-#15%null%][IgniteKernal] 
Metrics for local node (to disable set 'metricsLogFrequency' to 0)
    ^-- Node [id=691119f4, name=null, uptime=00:52:00:641]
    ^-- H/N/C [hosts=1, nodes=2, CPUs=1]
    ^-- CPU [cur=1.33%, avg=1.97%, GC=0%]
    ^-- PageMemory [pages=2344]
    ^-- Heap [used=205MB, free=79.22%, comm=989MB]
    ^-- Non heap [used=55MB, free=96.35%, comm=56MB]
    ^-- Public thread pool [active=0, idle=0, qSize=0]
    ^-- System thread pool [active=0, idle=6, qSize=0]
    ^-- Outbound messages queue [size=0]
[01:05:30,077][INFO][grid-timeout-worker-#15%null%][IgniteKernal] FreeList [name=null, buckets=256, dataPages=1, reusePages=0]
[01:06:30,084][INFO][grid-timeout-worker-#15%null%][IgniteKernal] 
Metrics for local node (to disable set 'metricsLogFrequency' to 0)
    ^-- Node [id=691119f4, name=null, uptime=00:53:00:649]
    ^-- H/N/C [hosts=1, nodes=2, CPUs=1]
    ^-- CPU [cur=1.67%, avg=1.96%, GC=0%]
    ^-- PageMemory [pages=2344]
    ^-- Heap [used=211MB, free=78.65%, comm=989MB]
    ^-- Non heap [used=55MB, free=96.36%, comm=56MB]
    ^-- Public thread pool [active=0, idle=0, qSize=0]
    ^-- System thread pool [active=0, idle=6, qSize=0]
    ^-- Outbound messages queue [size=0]
[01:06:30,084][INFO][grid-timeout-worker-#15%null%][IgniteKernal] FreeList [name=null, buckets=256, dataPages=1, reusePages=0]
[01:07:30,083][INFO][grid-timeout-worker-#15%null%][IgniteKernal] 
Metrics for local node (to disable set 'metricsLogFrequency' to 0)
    ^-- Node [id=691119f4, name=null, uptime=00:54:00:650]
    ^-- H/N/C [hosts=1, nodes=2, CPUs=1]
    ^-- CPU [cur=0.67%, avg=1.94%, GC=0%]
    ^-- PageMemory [pages=2344]
    ^-- Heap [used=216MB, free=78.11%, comm=989MB]
    ^-- Non heap [used=55MB, free=96.36%, comm=56MB]
    ^-- Public thread pool [active=0, idle=0, qSize=0]
    ^-- System thread pool [active=0, idle=6, qSize=0]
    ^-- Outbound messages queue [size=0]
[01:07:30,084][INFO][grid-timeout-worker-#15%null%][IgniteKernal] FreeList [name=null, buckets=256, dataPages=1, reusePages=0]
[01:08:30,093][INFO][grid-timeout-worker-#15%null%][IgniteKernal] 
Metrics for local node (to disable set 'metricsLogFrequency' to 0)
    ^-- Node [id=691119f4, name=null, uptime=00:55:00:654]
    ^-- H/N/C [hosts=1, nodes=2, CPUs=1]
    ^-- CPU [cur=1%, avg=1.93%, GC=0%]
    ^-- PageMemory [pages=2344]
    ^-- Heap [used=221MB, free=77.58%, comm=989MB]
    ^-- Non heap [used=55MB, free=96.36%, comm=56MB]
    ^-- Public thread pool [active=0, idle=0, qSize=0]
    ^-- System thread pool [active=0, idle=6, qSize=0]
    ^-- Outbound messages queue [size=0]
[01:08:30,093][INFO][grid-timeout-worker-#15%null%][IgniteKernal] FreeList [name=null, buckets=256, dataPages=1, reusePages=0]
[01:09:30,099][INFO][grid-timeout-worker-#15%null%][IgniteKernal] 
Metrics for local node (to disable set 'metricsLogFrequency' to 0)
    ^-- Node [id=691119f4, name=null, uptime=00:56:00:661]
    ^-- H/N/C [hosts=1, nodes=2, CPUs=1]
    ^-- CPU [cur=1.67%, avg=1.92%, GC=0%]
    ^-- PageMemory [pages=2344]
    ^-- Heap [used=226MB, free=77.11%, comm=989MB]
    ^-- Non heap [used=55MB, free=96.36%, comm=56MB]
    ^-- Public thread pool [active=0, idle=0, qSize=0]
    ^-- System thread pool [active=0, idle=6, qSize=0]
    ^-- Outbound messages queue [size=0]
[01:09:30,099][INFO][grid-timeout-worker-#15%null%][IgniteKernal] FreeList [name=null, buckets=256, dataPages=1, reusePages=0]
[01:10:30,103][INFO][grid-timeout-worker-#15%null%][IgniteKernal] 
Metrics for local node (to disable set 'metricsLogFrequency' to 0)
    ^-- Node [id=691119f4, name=null, uptime=00:57:00:664]
    ^-- H/N/C [hosts=1, nodes=2, CPUs=1]
    ^-- CPU [cur=1.33%, avg=1.91%, GC=0%]
    ^-- PageMemory [pages=2344]
    ^-- Heap [used=232MB, free=76.52%, comm=989MB]
    ^-- Non heap [used=55MB, free=96.36%, comm=56MB]
    ^-- Public thread pool [active=0, idle=0, qSize=0]
    ^-- System thread pool [active=0, idle=6, qSize=0]
    ^-- Outbound messages queue [size=0]
[01:10:30,103][INFO][grid-timeout-worker-#15%null%][IgniteKernal] FreeList [name=null, buckets=256, dataPages=1, reusePages=0]
[01:11:30,107][INFO][grid-timeout-worker-#15%null%][IgniteKernal] 
Metrics for local node (to disable set 'metricsLogFrequency' to 0)
    ^-- Node [id=691119f4, name=null, uptime=00:58:00:668]
    ^-- H/N/C [hosts=1, nodes=2, CPUs=1]
    ^-- CPU [cur=1%, avg=1.91%, GC=0%]
    ^-- PageMemory [pages=2344]
    ^-- Heap [used=238MB, free=75.88%, comm=989MB]
    ^-- Non heap [used=55MB, free=96.35%, comm=56MB]
    ^-- Public thread pool [active=0, idle=0, qSize=0]
    ^-- System thread pool [active=0, idle=6, qSize=0]
    ^-- Outbound messages queue [size=0]
[01:11:30,201][INFO][grid-timeout-worker-#15%null%][IgniteKernal] FreeList [name=null, buckets=256, dataPages=1, reusePages=0]
[01:12:30,202][INFO][grid-timeout-worker-#15%null%][IgniteKernal] 
Metrics for local node (to disable set 'metricsLogFrequency' to 0)
    ^-- Node [id=691119f4, name=null, uptime=00:59:00:764]
    ^-- H/N/C [hosts=1, nodes=2, CPUs=1]
    ^-- CPU [cur=1.67%, avg=1.89%, GC=0%]
    ^-- PageMemory [pages=2344]
    ^-- Heap [used=243MB, free=75.41%, comm=989MB]
    ^-- Non heap [used=55MB, free=96.35%, comm=56MB]
    ^-- Public thread pool [active=0, idle=0, qSize=0]
    ^-- System thread pool [active=0, idle=6, qSize=0]
    ^-- Outbound messages queue [size=0]
[01:12:30,203][INFO][grid-timeout-worker-#15%null%][IgniteKernal] FreeList [name=null, buckets=256, dataPages=1, reusePages=0]
[01:13:30,205][INFO][grid-timeout-worker-#15%null%][IgniteKernal] 
Metrics for local node (to disable set 'metricsLogFrequency' to 0)
    ^-- Node [id=691119f4, name=null, uptime=01:00:00:767]
    ^-- H/N/C [hosts=1, nodes=2, CPUs=1]
    ^-- CPU [cur=2%, avg=1.89%, GC=0%]
    ^-- PageMemory [pages=2344]
    ^-- Heap [used=249MB, free=74.79%, comm=989MB]
    ^-- Non heap [used=55MB, free=96.35%, comm=56MB]
    ^-- Public thread pool [active=0, idle=0, qSize=0]
    ^-- System thread pool [active=0, idle=6, qSize=0]
    ^-- Outbound messages queue [size=0]
[01:13:30,205][INFO][grid-timeout-worker-#15%null%][IgniteKernal] FreeList [name=null, buckets=256, dataPages=1, reusePages=0]
[01:14:30,209][INFO][grid-timeout-worker-#15%null%][IgniteKernal] 
Metrics for local node (to disable set 'metricsLogFrequency' to 0)
    ^-- Node [id=691119f4, name=null, uptime=01:01:00:774]
    ^-- H/N/C [hosts=1, nodes=2, CPUs=1]
    ^-- CPU [cur=1.33%, avg=1.88%, GC=0%]
    ^-- PageMemory [pages=2344]
    ^-- Heap [used=254MB, free=74.33%, comm=989MB]
    ^-- Non heap [used=55MB, free=96.35%, comm=56MB]
    ^-- Public thread pool [active=0, idle=0, qSize=0]
    ^-- System thread pool [active=0, idle=6, qSize=0]
    ^-- Outbound messages queue [size=0]
[01:14:30,210][INFO][grid-timeout-worker-#15%null%][IgniteKernal] FreeList [name=null, buckets=256, dataPages=1, reusePages=0]
[01:15:30,213][INFO][grid-timeout-worker-#15%null%][IgniteKernal] 
Metrics for local node (to disable set 'metricsLogFrequency' to 0)
    ^-- Node [id=691119f4, name=null, uptime=01:02:00:778]
    ^-- H/N/C [hosts=1, nodes=2, CPUs=1]
    ^-- CPU [cur=1.67%, avg=1.87%, GC=0%]
    ^-- PageMemory [pages=2344]
    ^-- Heap [used=260MB, free=73.69%, comm=989MB]
    ^-- Non heap [used=55MB, free=96.35%, comm=56MB]
    ^-- Public thread pool [active=0, idle=0, qSize=0]
    ^-- System thread pool [active=0, idle=6, qSize=0]
    ^-- Outbound messages queue [size=0]
[01:15:30,213][INFO][grid-timeout-worker-#15%null%][IgniteKernal] FreeList [name=null, buckets=256, dataPages=1, reusePages=0]
[01:16:30,222][INFO][grid-timeout-worker-#15%null%][IgniteKernal] 
Metrics for local node (to disable set 'metricsLogFrequency' to 0)
    ^-- Node [id=691119f4, name=null, uptime=01:03:00:782]
    ^-- H/N/C [hosts=1, nodes=2, CPUs=1]
    ^-- CPU [cur=1.67%, avg=1.87%, GC=0%]
    ^-- PageMemory [pages=2344]
    ^-- Heap [used=267MB, free=72.97%, comm=989MB]
    ^-- Non heap [used=55MB, free=96.35%, comm=56MB]
    ^-- Public thread pool [active=0, idle=0, qSize=0]
    ^-- System thread pool [active=0, idle=6, qSize=0]
    ^-- Outbound messages queue [size=0]
[01:16:30,222][INFO][grid-timeout-worker-#15%null%][IgniteKernal] FreeList [name=null, buckets=256, dataPages=1, reusePages=0]
[01:17:30,231][INFO][grid-timeout-worker-#15%null%][IgniteKernal] 
Metrics for local node (to disable set 'metricsLogFrequency' to 0)
    ^-- Node [id=691119f4, name=null, uptime=01:04:00:790]
    ^-- H/N/C [hosts=1, nodes=2, CPUs=1]
    ^-- CPU [cur=1.33%, avg=1.86%, GC=0%]
    ^-- PageMemory [pages=2344]
    ^-- Heap [used=272MB, free=72.51%, comm=989MB]
    ^-- Non heap [used=55MB, free=96.35%, comm=56MB]
    ^-- Public thread pool [active=0, idle=0, qSize=0]
    ^-- System thread pool [active=0, idle=6, qSize=0]
    ^-- Outbound messages queue [size=0]
[01:17:30,232][INFO][grid-timeout-worker-#15%null%][IgniteKernal] FreeList [name=null, buckets=256, dataPages=1, reusePages=0]
[01:18:30,227][INFO][grid-timeout-worker-#15%null%][IgniteKernal] 
Metrics for local node (to disable set 'metricsLogFrequency' to 0)
    ^-- Node [id=691119f4, name=null, uptime=01:05:00:792]
    ^-- H/N/C [hosts=1, nodes=2, CPUs=1]
    ^-- CPU [cur=1.67%, avg=1.86%, GC=0%]
    ^-- PageMemory [pages=2344]
    ^-- Heap [used=277MB, free=71.97%, comm=989MB]
    ^-- Non heap [used=55MB, free=96.35%, comm=56MB]
    ^-- Public thread pool [active=0, idle=0, qSize=0]
    ^-- System thread pool [active=0, idle=6, qSize=0]
    ^-- Outbound messages queue [size=0]
[01:18:30,228][INFO][grid-timeout-worker-#15%null%][IgniteKernal] FreeList [name=null, buckets=256, dataPages=1, reusePages=0]
[01:19:19,842][INFO][disco-event-worker-#25%null%][GridDiscoveryManager] Node left topology: TcpDiscoveryNode [id=2e78ea3a-4027-4afc-b8b7-34e41399257a, addrs=[0:0:0:0:0:0:0:1%lo, 10.0.2.15, 127.0.0.1], sockAddrs=[/0:0:0:0:0:0:0:1%lo:47500, /127.0.0.1:47500, /10.0.2.15:47500], discPort=47500, order=1, intOrder=1, lastExchangeTime=1500057806547, loc=false, ver=2.0.0#20170430-sha1:d4eef3c6, isClient=false]
[01:19:20,185][INFO][disco-event-worker-#25%null%][GridDiscoveryManager] Topology snapshot [ver=9, servers=1, clients=0, CPUs=1, heap=1.0GB]
[01:19:29,384][INFO][exchange-worker-#27%null%][GridCachePartitionExchangeManager] Skipping rebalancing (nothing scheduled) [top=AffinityTopologyVersion [topVer=9, minorTopVer=0], evt=NODE_LEFT, node=2e78ea3a-4027-4afc-b8b7-34e41399257a]
[01:19:30,269][INFO][grid-timeout-worker-#15%null%][IgniteKernal] 
Metrics for local node (to disable set 'metricsLogFrequency' to 0)
    ^-- Node [id=691119f4, name=null, uptime=01:06:00:830]
    ^-- H/N/C [hosts=1, nodes=1, CPUs=1]
    ^-- CPU [cur=6%, avg=1.87%, GC=0%]
    ^-- PageMemory [pages=4300]
    ^-- Heap [used=288MB, free=70.9%, comm=989MB]
    ^-- Non heap [used=55MB, free=96.32%, comm=56MB]
    ^-- Public thread pool [active=0, idle=2, qSize=0]
    ^-- System thread pool [active=0, idle=7, qSize=0]
    ^-- Outbound messages queue [size=0]
[01:19:30,281][INFO][grid-timeout-worker-#15%null%][IgniteKernal] FreeList [name=null, buckets=256, dataPages=1, reusePages=0]
